--------------- Build Started: 12/05/2018 02:13:26 Project: SAR Example, Configuration: ARM GCC 5.4-2016-q2-update Debug ---------------
cydsfit.exe -.appdatapath "C:\Users\shiyu\AppData\Local\Cypress Semiconductor\PSoC Creator\4.2" -.fdsnotice -.fdswarpdepfile=warp_dependencies.txt -.fdselabdepfile=elab_dependencies.txt -.fdsbldfile=generated_files.txt -.fdsreffile=referenced_files.txt -p "C:\Users\shiyu\Documents\GitHub\MUR\MCU_PSOC\Branches\NOV\PCB_CAN_ORION_Interrupt_PSOC_A_5\SAR Example.cydsn\SAR Example.cyprj" -d CY8C5888LTI-LP097 -s "C:\Users\shiyu\Documents\GitHub\MUR\MCU_PSOC\Branches\NOV\PCB_CAN_ORION_Interrupt_PSOC_A_5\SAR Example.cydsn\Generated_Source\PSoC5" -- -yv2 -q10 -ygs -o2 -v3 -.fftcfgtype=LE
Elaborating Design...
ADD: sdb.M0060: warning: Warning in component: CAN. The BUS_CLK clock accuracy should be 0.5% or better. Please, use an external XTAL or external clock source to meet the CAN accurate clocking requirements.
 * C:\Users\shiyu\Documents\GitHub\MUR\MCU_PSOC\Branches\NOV\PCB_CAN_ORION_Interrupt_PSOC_A_5\SAR Example.cydsn\TopDesign\TopDesign.cysch (Instance:CAN)
HDL Generation...
Synthesis...
Tech Mapping...
ADD: pft.M0040: information: The following 1 pin(s) will be assigned a location by the fitter: Sensor_Pin_15(0)
Analog Placement...
Log: apr.M0058: The analog placement iterative improvement is 62% done. (App=cydsfit)
Analog Routing...
Analog Code Generation...
Digital Placement...
Digital Routing...
Bitstream Generation...
Bitstream Verification...
Static timing analysis...
API Generation...
Dependency Generation...
Cleanup...
arm-none-eabi-gcc.exe -mcpu=cortex-m3 -mthumb -I. -IGenerated_Source\PSoC5 -Wa,-alh=.\CortexM3\ARM_GCC_541\Debug/cyfitter_cfg.lst -g -D DEBUG -Wall -ffunction-sections -ffat-lto-objects -Og -c Generated_Source\PSoC5\cyfitter_cfg.c -o .\CortexM3\ARM_GCC_541\Debug\cyfitter_cfg.o
arm-none-eabi-gcc.exe -mcpu=cortex-m3 -mthumb -I. -IGenerated_Source\PSoC5 -Wa,-alh=.\CortexM3\ARM_GCC_541\Debug/cymetadata.lst -g -D DEBUG -Wall -ffunction-sections -ffat-lto-objects -Og -c Generated_Source\PSoC5\cymetadata.c -o .\CortexM3\ARM_GCC_541\Debug\cymetadata.o
arm-none-eabi-ar.exe -rs ".\CortexM3\ARM_GCC_541\Debug\SAR Example.a" .\CortexM3\ARM_GCC_541\Debug\CyDmac.o .\CortexM3\ARM_GCC_541\Debug\CyFlash.o .\CortexM3\ARM_GCC_541\Debug\CyLib.o .\CortexM3\ARM_GCC_541\Debug\cyPm.o .\CortexM3\ARM_GCC_541\Debug\CySpc.o .\CortexM3\ARM_GCC_541\Debug\cyutils.o .\CortexM3\ARM_GCC_541\Debug\UART_1.o .\CortexM3\ARM_GCC_541\Debug\UART_1_PM.o .\CortexM3\ARM_GCC_541\Debug\UART_1_INT.o .\CortexM3\ARM_GCC_541\Debug\UART_1_BOOT.o .\CortexM3\ARM_GCC_541\Debug\UART_1_IntClock.o .\CortexM3\ARM_GCC_541\Debug\cy_em_eeprom.o .\CortexM3\ARM_GCC_541\Debug\Sensor_Pin_0.o .\CortexM3\ARM_GCC_541\Debug\ADC_SAR_1.o .\CortexM3\ARM_GCC_541\Debug\ADC_SAR_1_INT.o .\CortexM3\ARM_GCC_541\Debug\ADC_SAR_1_PM.o .\CortexM3\ARM_GCC_541\Debug\Sensor_Pin_1.o .\CortexM3\ARM_GCC_541\Debug\ADC_SAR_1_IRQ.o .\CortexM3\ARM_GCC_541\Debug\ADC_SAR_1_theACLK.o .\CortexM3\ARM_GCC_541\Debug\Sensor_Pin_2.o .\CortexM3\ARM_GCC_541\Debug\Sensor_Pin_3.o .\CortexM3\ARM_GCC_541\Debug\Sensor_Pin_4.o .\CortexM3\ARM_GCC_541\Debug\Sensor_Pin_5.o .\CortexM3\ARM_GCC_541\Debug\Sensor_Pin_6.o .\CortexM3\ARM_GCC_541\Debug\Sensor_Pin_7.o .\CortexM3\ARM_GCC_541\Debug\Sensor_Pin_8.o .\CortexM3\ARM_GCC_541\Debug\Sensor_Pin_9.o .\CortexM3\ARM_GCC_541\Debug\Sensor_Pin_10.o .\CortexM3\ARM_GCC_541\Debug\Sensor_Pin_11.o .\CortexM3\ARM_GCC_541\Debug\Sensor_Pin_12.o .\CortexM3\ARM_GCC_541\Debug\Sensor_Pin_13.o .\CortexM3\ARM_GCC_541\Debug\Sensor_Pin_14.o .\CortexM3\ARM_GCC_541\Debug\Sensor_Pin_15.o .\CortexM3\ARM_GCC_541\Debug\Sensor_Pin_16.o .\CortexM3\ARM_GCC_541\Debug\Sensor_Pin_17.o .\CortexM3\ARM_GCC_541\Debug\Sensor_Pin_18.o .\CortexM3\ARM_GCC_541\Debug\Sensor_Pin_19.o .\CortexM3\ARM_GCC_541\Debug\Sensor_Pin_20.o .\CortexM3\ARM_GCC_541\Debug\Sensor_Pin_21.o .\CortexM3\ARM_GCC_541\Debug\Sensor_Pin_22.o .\CortexM3\ARM_GCC_541\Debug\Sensor_Pin_23.o .\CortexM3\ARM_GCC_541\Debug\Sensor_Pin_24.o .\CortexM3\ARM_GCC_541\Debug\Sensor_Pin_25.o .\CortexM3\ARM_GCC_541\Debug\Sensor_Pin_26.o .\CortexM3\ARM_GCC_541\Debug\Sensor_Pin_27.o .\CortexM3\ARM_GCC_541\Debug\Sensor_Pin_28.o .\CortexM3\ARM_GCC_541\Debug\Sensor_Pin_29.o .\CortexM3\ARM_GCC_541\Debug\Sensor_Pin_30.o .\CortexM3\ARM_GCC_541\Debug\Sensor_Pin_31.o .\CortexM3\ARM_GCC_541\Debug\Sensor_Pin_32.o .\CortexM3\ARM_GCC_541\Debug\RX.o .\CortexM3\ARM_GCC_541\Debug\TX.o .\CortexM3\ARM_GCC_541\Debug\CAN.o .\CortexM3\ARM_GCC_541\Debug\CAN_INT.o .\CortexM3\ARM_GCC_541\Debug\CAN_PM.o .\CortexM3\ARM_GCC_541\Debug\CAN_TX_RX_func.o .\CortexM3\ARM_GCC_541\Debug\Sensor_Pin_33.o .\CortexM3\ARM_GCC_541\Debug\AMux.o .\CortexM3\ARM_GCC_541\Debug\GND_TEST.o .\CortexM3\ARM_GCC_541\Debug\timer_clock.o .\CortexM3\ARM_GCC_541\Debug\Timer_Int.o .\CortexM3\ARM_GCC_541\Debug\Timer.o .\CortexM3\ARM_GCC_541\Debug\Timer_PM.o .\CortexM3\ARM_GCC_541\Debug\CyBootAsmGnu.o
arm-none-eabi-ar.exe: creating .\CortexM3\ARM_GCC_541\Debug\SAR Example.a
arm-none-eabi-gcc.exe -Wl,--start-group -o "C:\Users\shiyu\Documents\GitHub\MUR\MCU_PSOC\Branches\NOV\PCB_CAN_ORION_Interrupt_PSOC_A_5\SAR Example.cydsn\CortexM3\ARM_GCC_541\Debug\SAR Example.elf" .\CortexM3\ARM_GCC_541\Debug\main.o .\CortexM3\ARM_GCC_541\Debug\cyfitter_cfg.o .\CortexM3\ARM_GCC_541\Debug\cymetadata.o .\CortexM3\ARM_GCC_541\Debug\Cm3Start.o ".\CortexM3\ARM_GCC_541\Debug\SAR Example.a" "C:\Program Files (x86)\Cypress\PSoC Creator\4.2\PSoC Creator\psoc\content\cycomponentlibrary\CyComponentLibrary.cylib\CortexM3\ARM_GCC_541\Debug\CyComponentLibrary.a" -mcpu=cortex-m3 -mthumb -l m -L Generated_Source\PSoC5 "-Wl,-Map,.\CortexM3\ARM_GCC_541\Debug/SAR Example.map" -T Generated_Source\PSoC5\cm3gcc.ld -u _printf_float -Wl,--gc-sections -u _printf_float -g -ffunction-sections -Og -ffat-lto-objects -Wl,--end-group
cyelftool.exe -C "C:\Users\shiyu\Documents\GitHub\MUR\MCU_PSOC\Branches\NOV\PCB_CAN_ORION_Interrupt_PSOC_A_5\SAR Example.cydsn\CortexM3\ARM_GCC_541\Debug\SAR Example.elf" --flash_row_size 256 --flash_size 262144 --flash_offset 0x00000000
No ELF section .cychecksum found, creating one
Application checksum calculated and stored in ELF section .cychecksum
Checksum calculated and stored in ELF section .cymeta
cyelftool.exe -S "C:\Users\shiyu\Documents\GitHub\MUR\MCU_PSOC\Branches\NOV\PCB_CAN_ORION_Interrupt_PSOC_A_5\SAR Example.cydsn\CortexM3\ARM_GCC_541\Debug\SAR Example.elf"
Flash used: 32880 of 262144 bytes (12.5%).
SRAM used: 23057 of 65536 bytes (35.2%). Stack: 16384 bytes. Heap: 4096 bytes.
--------------- Build Succeeded: 12/05/2018 02:15:05 ---------------
