ARM GAS  C:\Users\shiyu\AppData\Local\Temp\ccAzN8Ta.s 			page 1


   1              		.syntax unified
   2              		.cpu cortex-m3
   3              		.fpu softvfp
   4              		.eabi_attribute 20, 1
   5              		.eabi_attribute 21, 1
   6              		.eabi_attribute 23, 3
   7              		.eabi_attribute 24, 1
   8              		.eabi_attribute 25, 1
   9              		.eabi_attribute 26, 1
  10              		.eabi_attribute 30, 1
  11              		.eabi_attribute 34, 1
  12              		.eabi_attribute 18, 4
  13              		.thumb
  14              		.syntax unified
  15              		.file	"ADC_Bypass.c"
  16              		.text
  17              	.Ltext0:
  18              		.cfi_sections	.debug_frame
  19              		.section	.text.ADC_Bypass_Write,"ax",%progbits
  20              		.align	2
  21              		.global	ADC_Bypass_Write
  22              		.thumb
  23              		.thumb_func
  24              		.type	ADC_Bypass_Write, %function
  25              	ADC_Bypass_Write:
  26              	.LFB0:
  27              		.file 1 "Generated_Source\\PSoC5\\ADC_Bypass.c"
   1:Generated_Source\PSoC5/ADC_Bypass.c **** /*******************************************************************************
   2:Generated_Source\PSoC5/ADC_Bypass.c **** * File Name: ADC_Bypass.c  
   3:Generated_Source\PSoC5/ADC_Bypass.c **** * Version 1.90
   4:Generated_Source\PSoC5/ADC_Bypass.c **** *
   5:Generated_Source\PSoC5/ADC_Bypass.c **** * Description:
   6:Generated_Source\PSoC5/ADC_Bypass.c **** *  This file contains API to enable firmware control of a Pins component.
   7:Generated_Source\PSoC5/ADC_Bypass.c **** *
   8:Generated_Source\PSoC5/ADC_Bypass.c **** * Note:
   9:Generated_Source\PSoC5/ADC_Bypass.c **** *
  10:Generated_Source\PSoC5/ADC_Bypass.c **** ********************************************************************************
  11:Generated_Source\PSoC5/ADC_Bypass.c **** * Copyright 2008-2012, Cypress Semiconductor Corporation.  All rights reserved.
  12:Generated_Source\PSoC5/ADC_Bypass.c **** * You may use this file only in accordance with the license, terms, conditions, 
  13:Generated_Source\PSoC5/ADC_Bypass.c **** * disclaimers, and limitations in the end user license agreement accompanying 
  14:Generated_Source\PSoC5/ADC_Bypass.c **** * the software package with which this file was provided.
  15:Generated_Source\PSoC5/ADC_Bypass.c **** *******************************************************************************/
  16:Generated_Source\PSoC5/ADC_Bypass.c **** 
  17:Generated_Source\PSoC5/ADC_Bypass.c **** #include "cytypes.h"
  18:Generated_Source\PSoC5/ADC_Bypass.c **** #include "ADC_Bypass.h"
  19:Generated_Source\PSoC5/ADC_Bypass.c **** 
  20:Generated_Source\PSoC5/ADC_Bypass.c **** /* APIs are not generated for P15[7:6] on PSoC 5 */
  21:Generated_Source\PSoC5/ADC_Bypass.c **** #if !(CY_PSOC5A &&\
  22:Generated_Source\PSoC5/ADC_Bypass.c **** 	 ADC_Bypass__PORT == 15 && ((ADC_Bypass__MASK & 0xC0) != 0))
  23:Generated_Source\PSoC5/ADC_Bypass.c **** 
  24:Generated_Source\PSoC5/ADC_Bypass.c **** 
  25:Generated_Source\PSoC5/ADC_Bypass.c **** /*******************************************************************************
  26:Generated_Source\PSoC5/ADC_Bypass.c **** * Function Name: ADC_Bypass_Write
  27:Generated_Source\PSoC5/ADC_Bypass.c **** ********************************************************************************
  28:Generated_Source\PSoC5/ADC_Bypass.c **** *
  29:Generated_Source\PSoC5/ADC_Bypass.c **** * Summary:
  30:Generated_Source\PSoC5/ADC_Bypass.c **** *  Assign a new value to the digital port's data output register.  
ARM GAS  C:\Users\shiyu\AppData\Local\Temp\ccAzN8Ta.s 			page 2


  31:Generated_Source\PSoC5/ADC_Bypass.c **** *
  32:Generated_Source\PSoC5/ADC_Bypass.c **** * Parameters:  
  33:Generated_Source\PSoC5/ADC_Bypass.c **** *  prtValue:  The value to be assigned to the Digital Port. 
  34:Generated_Source\PSoC5/ADC_Bypass.c **** *
  35:Generated_Source\PSoC5/ADC_Bypass.c **** * Return: 
  36:Generated_Source\PSoC5/ADC_Bypass.c **** *  None
  37:Generated_Source\PSoC5/ADC_Bypass.c **** *  
  38:Generated_Source\PSoC5/ADC_Bypass.c **** *******************************************************************************/
  39:Generated_Source\PSoC5/ADC_Bypass.c **** void ADC_Bypass_Write(uint8 value) 
  40:Generated_Source\PSoC5/ADC_Bypass.c **** {
  28              		.loc 1 40 0
  29              		.cfi_startproc
  30              		@ args = 0, pretend = 0, frame = 0
  31              		@ frame_needed = 0, uses_anonymous_args = 0
  32              		@ link register save eliminated.
  33              	.LVL0:
  41:Generated_Source\PSoC5/ADC_Bypass.c ****     uint8 staticBits = (ADC_Bypass_DR & (uint8)(~ADC_Bypass_MASK));
  34              		.loc 1 41 0
  35 0000 044A     		ldr	r2, .L2
  36 0002 1378     		ldrb	r3, [r2]	@ zero_extendqisi2
  37 0004 03F0FB03 		and	r3, r3, #251
  38              	.LVL1:
  42:Generated_Source\PSoC5/ADC_Bypass.c ****     ADC_Bypass_DR = staticBits | ((uint8)(value << ADC_Bypass_SHIFT) & ADC_Bypass_MASK);
  39              		.loc 1 42 0
  40 0008 8000     		lsls	r0, r0, #2
  41              	.LVL2:
  42 000a 00F00400 		and	r0, r0, #4
  43 000e 1843     		orrs	r0, r0, r3
  44 0010 1070     		strb	r0, [r2]
  45 0012 7047     		bx	lr
  46              	.L3:
  47              		.align	2
  48              	.L2:
  49 0014 00510040 		.word	1073762560
  50              		.cfi_endproc
  51              	.LFE0:
  52              		.size	ADC_Bypass_Write, .-ADC_Bypass_Write
  53              		.section	.text.ADC_Bypass_SetDriveMode,"ax",%progbits
  54              		.align	2
  55              		.global	ADC_Bypass_SetDriveMode
  56              		.thumb
  57              		.thumb_func
  58              		.type	ADC_Bypass_SetDriveMode, %function
  59              	ADC_Bypass_SetDriveMode:
  60              	.LFB1:
  43:Generated_Source\PSoC5/ADC_Bypass.c **** }
  44:Generated_Source\PSoC5/ADC_Bypass.c **** 
  45:Generated_Source\PSoC5/ADC_Bypass.c **** 
  46:Generated_Source\PSoC5/ADC_Bypass.c **** /*******************************************************************************
  47:Generated_Source\PSoC5/ADC_Bypass.c **** * Function Name: ADC_Bypass_SetDriveMode
  48:Generated_Source\PSoC5/ADC_Bypass.c **** ********************************************************************************
  49:Generated_Source\PSoC5/ADC_Bypass.c **** *
  50:Generated_Source\PSoC5/ADC_Bypass.c **** * Summary:
  51:Generated_Source\PSoC5/ADC_Bypass.c **** *  Change the drive mode on the pins of the port.
  52:Generated_Source\PSoC5/ADC_Bypass.c **** * 
  53:Generated_Source\PSoC5/ADC_Bypass.c **** * Parameters:  
  54:Generated_Source\PSoC5/ADC_Bypass.c **** *  mode:  Change the pins to this drive mode.
ARM GAS  C:\Users\shiyu\AppData\Local\Temp\ccAzN8Ta.s 			page 3


  55:Generated_Source\PSoC5/ADC_Bypass.c **** *
  56:Generated_Source\PSoC5/ADC_Bypass.c **** * Return: 
  57:Generated_Source\PSoC5/ADC_Bypass.c **** *  None
  58:Generated_Source\PSoC5/ADC_Bypass.c **** *
  59:Generated_Source\PSoC5/ADC_Bypass.c **** *******************************************************************************/
  60:Generated_Source\PSoC5/ADC_Bypass.c **** void ADC_Bypass_SetDriveMode(uint8 mode) 
  61:Generated_Source\PSoC5/ADC_Bypass.c **** {
  61              		.loc 1 61 0
  62              		.cfi_startproc
  63              		@ args = 0, pretend = 0, frame = 0
  64              		@ frame_needed = 0, uses_anonymous_args = 0
  65              		@ link register save eliminated.
  66              	.LVL3:
  62:Generated_Source\PSoC5/ADC_Bypass.c **** 	CyPins_SetPinDriveMode(ADC_Bypass_0, mode);
  67              		.loc 1 62 0
  68 0000 044A     		ldr	r2, .L5
  69 0002 1378     		ldrb	r3, [r2]	@ zero_extendqisi2
  70 0004 03F0F103 		and	r3, r3, #241
  71 0008 00F00E00 		and	r0, r0, #14
  72              	.LVL4:
  73 000c 1843     		orrs	r0, r0, r3
  74 000e 1070     		strb	r0, [r2]
  75 0010 7047     		bx	lr
  76              	.L6:
  77 0012 00BF     		.align	2
  78              	.L5:
  79 0014 02500040 		.word	1073762306
  80              		.cfi_endproc
  81              	.LFE1:
  82              		.size	ADC_Bypass_SetDriveMode, .-ADC_Bypass_SetDriveMode
  83              		.section	.text.ADC_Bypass_Read,"ax",%progbits
  84              		.align	2
  85              		.global	ADC_Bypass_Read
  86              		.thumb
  87              		.thumb_func
  88              		.type	ADC_Bypass_Read, %function
  89              	ADC_Bypass_Read:
  90              	.LFB2:
  63:Generated_Source\PSoC5/ADC_Bypass.c **** }
  64:Generated_Source\PSoC5/ADC_Bypass.c **** 
  65:Generated_Source\PSoC5/ADC_Bypass.c **** 
  66:Generated_Source\PSoC5/ADC_Bypass.c **** /*******************************************************************************
  67:Generated_Source\PSoC5/ADC_Bypass.c **** * Function Name: ADC_Bypass_Read
  68:Generated_Source\PSoC5/ADC_Bypass.c **** ********************************************************************************
  69:Generated_Source\PSoC5/ADC_Bypass.c **** *
  70:Generated_Source\PSoC5/ADC_Bypass.c **** * Summary:
  71:Generated_Source\PSoC5/ADC_Bypass.c **** *  Read the current value on the pins of the Digital Port in right justified 
  72:Generated_Source\PSoC5/ADC_Bypass.c **** *  form.
  73:Generated_Source\PSoC5/ADC_Bypass.c **** *
  74:Generated_Source\PSoC5/ADC_Bypass.c **** * Parameters:  
  75:Generated_Source\PSoC5/ADC_Bypass.c **** *  None
  76:Generated_Source\PSoC5/ADC_Bypass.c **** *
  77:Generated_Source\PSoC5/ADC_Bypass.c **** * Return: 
  78:Generated_Source\PSoC5/ADC_Bypass.c **** *  Returns the current value of the Digital Port as a right justified number
  79:Generated_Source\PSoC5/ADC_Bypass.c **** *  
  80:Generated_Source\PSoC5/ADC_Bypass.c **** * Note:
  81:Generated_Source\PSoC5/ADC_Bypass.c **** *  Macro ADC_Bypass_ReadPS calls this function. 
ARM GAS  C:\Users\shiyu\AppData\Local\Temp\ccAzN8Ta.s 			page 4


  82:Generated_Source\PSoC5/ADC_Bypass.c **** *  
  83:Generated_Source\PSoC5/ADC_Bypass.c **** *******************************************************************************/
  84:Generated_Source\PSoC5/ADC_Bypass.c **** uint8 ADC_Bypass_Read(void) 
  85:Generated_Source\PSoC5/ADC_Bypass.c **** {
  91              		.loc 1 85 0
  92              		.cfi_startproc
  93              		@ args = 0, pretend = 0, frame = 0
  94              		@ frame_needed = 0, uses_anonymous_args = 0
  95              		@ link register save eliminated.
  86:Generated_Source\PSoC5/ADC_Bypass.c ****     return (ADC_Bypass_PS & ADC_Bypass_MASK) >> ADC_Bypass_SHIFT;
  96              		.loc 1 86 0
  97 0000 024B     		ldr	r3, .L8
  98 0002 1878     		ldrb	r0, [r3]	@ zero_extendqisi2
  87:Generated_Source\PSoC5/ADC_Bypass.c **** }
  99              		.loc 1 87 0
 100 0004 C0F38000 		ubfx	r0, r0, #2, #1
 101 0008 7047     		bx	lr
 102              	.L9:
 103 000a 00BF     		.align	2
 104              	.L8:
 105 000c 01510040 		.word	1073762561
 106              		.cfi_endproc
 107              	.LFE2:
 108              		.size	ADC_Bypass_Read, .-ADC_Bypass_Read
 109              		.section	.text.ADC_Bypass_ReadDataReg,"ax",%progbits
 110              		.align	2
 111              		.global	ADC_Bypass_ReadDataReg
 112              		.thumb
 113              		.thumb_func
 114              		.type	ADC_Bypass_ReadDataReg, %function
 115              	ADC_Bypass_ReadDataReg:
 116              	.LFB3:
  88:Generated_Source\PSoC5/ADC_Bypass.c **** 
  89:Generated_Source\PSoC5/ADC_Bypass.c **** 
  90:Generated_Source\PSoC5/ADC_Bypass.c **** /*******************************************************************************
  91:Generated_Source\PSoC5/ADC_Bypass.c **** * Function Name: ADC_Bypass_ReadDataReg
  92:Generated_Source\PSoC5/ADC_Bypass.c **** ********************************************************************************
  93:Generated_Source\PSoC5/ADC_Bypass.c **** *
  94:Generated_Source\PSoC5/ADC_Bypass.c **** * Summary:
  95:Generated_Source\PSoC5/ADC_Bypass.c **** *  Read the current value assigned to a Digital Port's data output register
  96:Generated_Source\PSoC5/ADC_Bypass.c **** *
  97:Generated_Source\PSoC5/ADC_Bypass.c **** * Parameters:  
  98:Generated_Source\PSoC5/ADC_Bypass.c **** *  None 
  99:Generated_Source\PSoC5/ADC_Bypass.c **** *
 100:Generated_Source\PSoC5/ADC_Bypass.c **** * Return: 
 101:Generated_Source\PSoC5/ADC_Bypass.c **** *  Returns the current value assigned to the Digital Port's data output register
 102:Generated_Source\PSoC5/ADC_Bypass.c **** *  
 103:Generated_Source\PSoC5/ADC_Bypass.c **** *******************************************************************************/
 104:Generated_Source\PSoC5/ADC_Bypass.c **** uint8 ADC_Bypass_ReadDataReg(void) 
 105:Generated_Source\PSoC5/ADC_Bypass.c **** {
 117              		.loc 1 105 0
 118              		.cfi_startproc
 119              		@ args = 0, pretend = 0, frame = 0
 120              		@ frame_needed = 0, uses_anonymous_args = 0
 121              		@ link register save eliminated.
 106:Generated_Source\PSoC5/ADC_Bypass.c ****     return (ADC_Bypass_DR & ADC_Bypass_MASK) >> ADC_Bypass_SHIFT;
 122              		.loc 1 106 0
ARM GAS  C:\Users\shiyu\AppData\Local\Temp\ccAzN8Ta.s 			page 5


 123 0000 024B     		ldr	r3, .L11
 124 0002 1878     		ldrb	r0, [r3]	@ zero_extendqisi2
 107:Generated_Source\PSoC5/ADC_Bypass.c **** }
 125              		.loc 1 107 0
 126 0004 C0F38000 		ubfx	r0, r0, #2, #1
 127 0008 7047     		bx	lr
 128              	.L12:
 129 000a 00BF     		.align	2
 130              	.L11:
 131 000c 00510040 		.word	1073762560
 132              		.cfi_endproc
 133              	.LFE3:
 134              		.size	ADC_Bypass_ReadDataReg, .-ADC_Bypass_ReadDataReg
 135              		.text
 136              	.Letext0:
 137              		.file 2 "Generated_Source\\PSoC5\\cytypes.h"
 138              		.section	.debug_info,"",%progbits
 139              	.Ldebug_info0:
 140 0000 1A010000 		.4byte	0x11a
 141 0004 0400     		.2byte	0x4
 142 0006 00000000 		.4byte	.Ldebug_abbrev0
 143 000a 04       		.byte	0x4
 144 000b 01       		.uleb128 0x1
 145 000c 66000000 		.4byte	.LASF20
 146 0010 0C       		.byte	0xc
 147 0011 DC010000 		.4byte	.LASF21
 148 0015 8C010000 		.4byte	.LASF22
 149 0019 00000000 		.4byte	.Ldebug_ranges0+0
 150 001d 00000000 		.4byte	0
 151 0021 00000000 		.4byte	.Ldebug_line0
 152 0025 02       		.uleb128 0x2
 153 0026 01       		.byte	0x1
 154 0027 06       		.byte	0x6
 155 0028 4C000000 		.4byte	.LASF0
 156 002c 02       		.uleb128 0x2
 157 002d 01       		.byte	0x1
 158 002e 08       		.byte	0x8
 159 002f 58000000 		.4byte	.LASF1
 160 0033 02       		.uleb128 0x2
 161 0034 02       		.byte	0x2
 162 0035 05       		.byte	0x5
 163 0036 7C010000 		.4byte	.LASF2
 164 003a 02       		.uleb128 0x2
 165 003b 02       		.byte	0x2
 166 003c 07       		.byte	0x7
 167 003d 16010000 		.4byte	.LASF3
 168 0041 02       		.uleb128 0x2
 169 0042 04       		.byte	0x4
 170 0043 05       		.byte	0x5
 171 0044 D3010000 		.4byte	.LASF4
 172 0048 02       		.uleb128 0x2
 173 0049 04       		.byte	0x4
 174 004a 07       		.byte	0x7
 175 004b 04010000 		.4byte	.LASF5
 176 004f 02       		.uleb128 0x2
 177 0050 08       		.byte	0x8
 178 0051 05       		.byte	0x5
ARM GAS  C:\Users\shiyu\AppData\Local\Temp\ccAzN8Ta.s 			page 6


 179 0052 69010000 		.4byte	.LASF6
 180 0056 02       		.uleb128 0x2
 181 0057 08       		.byte	0x8
 182 0058 07       		.byte	0x7
 183 0059 4D010000 		.4byte	.LASF7
 184 005d 03       		.uleb128 0x3
 185 005e 04       		.byte	0x4
 186 005f 05       		.byte	0x5
 187 0060 696E7400 		.ascii	"int\000"
 188 0064 02       		.uleb128 0x2
 189 0065 04       		.byte	0x4
 190 0066 07       		.byte	0x7
 191 0067 40010000 		.4byte	.LASF8
 192 006b 04       		.uleb128 0x4
 193 006c 86010000 		.4byte	.LASF12
 194 0070 02       		.byte	0x2
 195 0071 C2       		.byte	0xc2
 196 0072 2C000000 		.4byte	0x2c
 197 0076 02       		.uleb128 0x2
 198 0077 04       		.byte	0x4
 199 0078 04       		.byte	0x4
 200 0079 46000000 		.4byte	.LASF9
 201 007d 02       		.uleb128 0x2
 202 007e 08       		.byte	0x8
 203 007f 04       		.byte	0x4
 204 0080 29010000 		.4byte	.LASF10
 205 0084 02       		.uleb128 0x2
 206 0085 01       		.byte	0x1
 207 0086 08       		.byte	0x8
 208 0087 77010000 		.4byte	.LASF11
 209 008b 05       		.uleb128 0x5
 210 008c FF000000 		.4byte	.LASF13
 211 0090 02       		.byte	0x2
 212 0091 6C01     		.2byte	0x16c
 213 0093 97000000 		.4byte	0x97
 214 0097 06       		.uleb128 0x6
 215 0098 6B000000 		.4byte	0x6b
 216 009c 07       		.uleb128 0x7
 217 009d 06000000 		.4byte	.LASF14
 218 00a1 01       		.byte	0x1
 219 00a2 27       		.byte	0x27
 220 00a3 00000000 		.4byte	.LFB0
 221 00a7 18000000 		.4byte	.LFE0-.LFB0
 222 00ab 01       		.uleb128 0x1
 223 00ac 9C       		.byte	0x9c
 224 00ad CE000000 		.4byte	0xce
 225 00b1 08       		.uleb128 0x8
 226 00b2 00000000 		.4byte	.LASF16
 227 00b6 01       		.byte	0x1
 228 00b7 27       		.byte	0x27
 229 00b8 6B000000 		.4byte	0x6b
 230 00bc 00000000 		.4byte	.LLST0
 231 00c0 09       		.uleb128 0x9
 232 00c1 F4000000 		.4byte	.LASF23
 233 00c5 01       		.byte	0x1
 234 00c6 29       		.byte	0x29
 235 00c7 6B000000 		.4byte	0x6b
ARM GAS  C:\Users\shiyu\AppData\Local\Temp\ccAzN8Ta.s 			page 7


 236 00cb 01       		.uleb128 0x1
 237 00cc 53       		.byte	0x53
 238 00cd 00       		.byte	0
 239 00ce 07       		.uleb128 0x7
 240 00cf 2E000000 		.4byte	.LASF15
 241 00d3 01       		.byte	0x1
 242 00d4 3C       		.byte	0x3c
 243 00d5 00000000 		.4byte	.LFB1
 244 00d9 18000000 		.4byte	.LFE1-.LFB1
 245 00dd 01       		.uleb128 0x1
 246 00de 9C       		.byte	0x9c
 247 00df F3000000 		.4byte	0xf3
 248 00e3 08       		.uleb128 0x8
 249 00e4 64010000 		.4byte	.LASF17
 250 00e8 01       		.byte	0x1
 251 00e9 3C       		.byte	0x3c
 252 00ea 6B000000 		.4byte	0x6b
 253 00ee 21000000 		.4byte	.LLST1
 254 00f2 00       		.byte	0
 255 00f3 0A       		.uleb128 0xa
 256 00f4 30010000 		.4byte	.LASF18
 257 00f8 01       		.byte	0x1
 258 00f9 54       		.byte	0x54
 259 00fa 6B000000 		.4byte	0x6b
 260 00fe 00000000 		.4byte	.LFB2
 261 0102 10000000 		.4byte	.LFE2-.LFB2
 262 0106 01       		.uleb128 0x1
 263 0107 9C       		.byte	0x9c
 264 0108 0A       		.uleb128 0xa
 265 0109 17000000 		.4byte	.LASF19
 266 010d 01       		.byte	0x1
 267 010e 68       		.byte	0x68
 268 010f 6B000000 		.4byte	0x6b
 269 0113 00000000 		.4byte	.LFB3
 270 0117 10000000 		.4byte	.LFE3-.LFB3
 271 011b 01       		.uleb128 0x1
 272 011c 9C       		.byte	0x9c
 273 011d 00       		.byte	0
 274              		.section	.debug_abbrev,"",%progbits
 275              	.Ldebug_abbrev0:
 276 0000 01       		.uleb128 0x1
 277 0001 11       		.uleb128 0x11
 278 0002 01       		.byte	0x1
 279 0003 25       		.uleb128 0x25
 280 0004 0E       		.uleb128 0xe
 281 0005 13       		.uleb128 0x13
 282 0006 0B       		.uleb128 0xb
 283 0007 03       		.uleb128 0x3
 284 0008 0E       		.uleb128 0xe
 285 0009 1B       		.uleb128 0x1b
 286 000a 0E       		.uleb128 0xe
 287 000b 55       		.uleb128 0x55
 288 000c 17       		.uleb128 0x17
 289 000d 11       		.uleb128 0x11
 290 000e 01       		.uleb128 0x1
 291 000f 10       		.uleb128 0x10
 292 0010 17       		.uleb128 0x17
ARM GAS  C:\Users\shiyu\AppData\Local\Temp\ccAzN8Ta.s 			page 8


 293 0011 00       		.byte	0
 294 0012 00       		.byte	0
 295 0013 02       		.uleb128 0x2
 296 0014 24       		.uleb128 0x24
 297 0015 00       		.byte	0
 298 0016 0B       		.uleb128 0xb
 299 0017 0B       		.uleb128 0xb
 300 0018 3E       		.uleb128 0x3e
 301 0019 0B       		.uleb128 0xb
 302 001a 03       		.uleb128 0x3
 303 001b 0E       		.uleb128 0xe
 304 001c 00       		.byte	0
 305 001d 00       		.byte	0
 306 001e 03       		.uleb128 0x3
 307 001f 24       		.uleb128 0x24
 308 0020 00       		.byte	0
 309 0021 0B       		.uleb128 0xb
 310 0022 0B       		.uleb128 0xb
 311 0023 3E       		.uleb128 0x3e
 312 0024 0B       		.uleb128 0xb
 313 0025 03       		.uleb128 0x3
 314 0026 08       		.uleb128 0x8
 315 0027 00       		.byte	0
 316 0028 00       		.byte	0
 317 0029 04       		.uleb128 0x4
 318 002a 16       		.uleb128 0x16
 319 002b 00       		.byte	0
 320 002c 03       		.uleb128 0x3
 321 002d 0E       		.uleb128 0xe
 322 002e 3A       		.uleb128 0x3a
 323 002f 0B       		.uleb128 0xb
 324 0030 3B       		.uleb128 0x3b
 325 0031 0B       		.uleb128 0xb
 326 0032 49       		.uleb128 0x49
 327 0033 13       		.uleb128 0x13
 328 0034 00       		.byte	0
 329 0035 00       		.byte	0
 330 0036 05       		.uleb128 0x5
 331 0037 16       		.uleb128 0x16
 332 0038 00       		.byte	0
 333 0039 03       		.uleb128 0x3
 334 003a 0E       		.uleb128 0xe
 335 003b 3A       		.uleb128 0x3a
 336 003c 0B       		.uleb128 0xb
 337 003d 3B       		.uleb128 0x3b
 338 003e 05       		.uleb128 0x5
 339 003f 49       		.uleb128 0x49
 340 0040 13       		.uleb128 0x13
 341 0041 00       		.byte	0
 342 0042 00       		.byte	0
 343 0043 06       		.uleb128 0x6
 344 0044 35       		.uleb128 0x35
 345 0045 00       		.byte	0
 346 0046 49       		.uleb128 0x49
 347 0047 13       		.uleb128 0x13
 348 0048 00       		.byte	0
 349 0049 00       		.byte	0
ARM GAS  C:\Users\shiyu\AppData\Local\Temp\ccAzN8Ta.s 			page 9


 350 004a 07       		.uleb128 0x7
 351 004b 2E       		.uleb128 0x2e
 352 004c 01       		.byte	0x1
 353 004d 3F       		.uleb128 0x3f
 354 004e 19       		.uleb128 0x19
 355 004f 03       		.uleb128 0x3
 356 0050 0E       		.uleb128 0xe
 357 0051 3A       		.uleb128 0x3a
 358 0052 0B       		.uleb128 0xb
 359 0053 3B       		.uleb128 0x3b
 360 0054 0B       		.uleb128 0xb
 361 0055 27       		.uleb128 0x27
 362 0056 19       		.uleb128 0x19
 363 0057 11       		.uleb128 0x11
 364 0058 01       		.uleb128 0x1
 365 0059 12       		.uleb128 0x12
 366 005a 06       		.uleb128 0x6
 367 005b 40       		.uleb128 0x40
 368 005c 18       		.uleb128 0x18
 369 005d 9742     		.uleb128 0x2117
 370 005f 19       		.uleb128 0x19
 371 0060 01       		.uleb128 0x1
 372 0061 13       		.uleb128 0x13
 373 0062 00       		.byte	0
 374 0063 00       		.byte	0
 375 0064 08       		.uleb128 0x8
 376 0065 05       		.uleb128 0x5
 377 0066 00       		.byte	0
 378 0067 03       		.uleb128 0x3
 379 0068 0E       		.uleb128 0xe
 380 0069 3A       		.uleb128 0x3a
 381 006a 0B       		.uleb128 0xb
 382 006b 3B       		.uleb128 0x3b
 383 006c 0B       		.uleb128 0xb
 384 006d 49       		.uleb128 0x49
 385 006e 13       		.uleb128 0x13
 386 006f 02       		.uleb128 0x2
 387 0070 17       		.uleb128 0x17
 388 0071 00       		.byte	0
 389 0072 00       		.byte	0
 390 0073 09       		.uleb128 0x9
 391 0074 34       		.uleb128 0x34
 392 0075 00       		.byte	0
 393 0076 03       		.uleb128 0x3
 394 0077 0E       		.uleb128 0xe
 395 0078 3A       		.uleb128 0x3a
 396 0079 0B       		.uleb128 0xb
 397 007a 3B       		.uleb128 0x3b
 398 007b 0B       		.uleb128 0xb
 399 007c 49       		.uleb128 0x49
 400 007d 13       		.uleb128 0x13
 401 007e 02       		.uleb128 0x2
 402 007f 18       		.uleb128 0x18
 403 0080 00       		.byte	0
 404 0081 00       		.byte	0
 405 0082 0A       		.uleb128 0xa
 406 0083 2E       		.uleb128 0x2e
ARM GAS  C:\Users\shiyu\AppData\Local\Temp\ccAzN8Ta.s 			page 10


 407 0084 00       		.byte	0
 408 0085 3F       		.uleb128 0x3f
 409 0086 19       		.uleb128 0x19
 410 0087 03       		.uleb128 0x3
 411 0088 0E       		.uleb128 0xe
 412 0089 3A       		.uleb128 0x3a
 413 008a 0B       		.uleb128 0xb
 414 008b 3B       		.uleb128 0x3b
 415 008c 0B       		.uleb128 0xb
 416 008d 27       		.uleb128 0x27
 417 008e 19       		.uleb128 0x19
 418 008f 49       		.uleb128 0x49
 419 0090 13       		.uleb128 0x13
 420 0091 11       		.uleb128 0x11
 421 0092 01       		.uleb128 0x1
 422 0093 12       		.uleb128 0x12
 423 0094 06       		.uleb128 0x6
 424 0095 40       		.uleb128 0x40
 425 0096 18       		.uleb128 0x18
 426 0097 9742     		.uleb128 0x2117
 427 0099 19       		.uleb128 0x19
 428 009a 00       		.byte	0
 429 009b 00       		.byte	0
 430 009c 00       		.byte	0
 431              		.section	.debug_loc,"",%progbits
 432              	.Ldebug_loc0:
 433              	.LLST0:
 434 0000 00000000 		.4byte	.LVL0
 435 0004 0A000000 		.4byte	.LVL2
 436 0008 0100     		.2byte	0x1
 437 000a 50       		.byte	0x50
 438 000b 0A000000 		.4byte	.LVL2
 439 000f 18000000 		.4byte	.LFE0
 440 0013 0400     		.2byte	0x4
 441 0015 F3       		.byte	0xf3
 442 0016 01       		.uleb128 0x1
 443 0017 50       		.byte	0x50
 444 0018 9F       		.byte	0x9f
 445 0019 00000000 		.4byte	0
 446 001d 00000000 		.4byte	0
 447              	.LLST1:
 448 0021 00000000 		.4byte	.LVL3
 449 0025 0C000000 		.4byte	.LVL4
 450 0029 0100     		.2byte	0x1
 451 002b 50       		.byte	0x50
 452 002c 0C000000 		.4byte	.LVL4
 453 0030 18000000 		.4byte	.LFE1
 454 0034 0400     		.2byte	0x4
 455 0036 F3       		.byte	0xf3
 456 0037 01       		.uleb128 0x1
 457 0038 50       		.byte	0x50
 458 0039 9F       		.byte	0x9f
 459 003a 00000000 		.4byte	0
 460 003e 00000000 		.4byte	0
 461              		.section	.debug_aranges,"",%progbits
 462 0000 34000000 		.4byte	0x34
 463 0004 0200     		.2byte	0x2
ARM GAS  C:\Users\shiyu\AppData\Local\Temp\ccAzN8Ta.s 			page 11


 464 0006 00000000 		.4byte	.Ldebug_info0
 465 000a 04       		.byte	0x4
 466 000b 00       		.byte	0
 467 000c 0000     		.2byte	0
 468 000e 0000     		.2byte	0
 469 0010 00000000 		.4byte	.LFB0
 470 0014 18000000 		.4byte	.LFE0-.LFB0
 471 0018 00000000 		.4byte	.LFB1
 472 001c 18000000 		.4byte	.LFE1-.LFB1
 473 0020 00000000 		.4byte	.LFB2
 474 0024 10000000 		.4byte	.LFE2-.LFB2
 475 0028 00000000 		.4byte	.LFB3
 476 002c 10000000 		.4byte	.LFE3-.LFB3
 477 0030 00000000 		.4byte	0
 478 0034 00000000 		.4byte	0
 479              		.section	.debug_ranges,"",%progbits
 480              	.Ldebug_ranges0:
 481 0000 00000000 		.4byte	.LFB0
 482 0004 18000000 		.4byte	.LFE0
 483 0008 00000000 		.4byte	.LFB1
 484 000c 18000000 		.4byte	.LFE1
 485 0010 00000000 		.4byte	.LFB2
 486 0014 10000000 		.4byte	.LFE2
 487 0018 00000000 		.4byte	.LFB3
 488 001c 10000000 		.4byte	.LFE3
 489 0020 00000000 		.4byte	0
 490 0024 00000000 		.4byte	0
 491              		.section	.debug_line,"",%progbits
 492              	.Ldebug_line0:
 493 0000 92000000 		.section	.debug_str,"MS",%progbits,1
 493      02004700 
 493      00000201 
 493      FB0E0D00 
 493      01010101 
 494              	.LASF16:
 495 0000 76616C75 		.ascii	"value\000"
 495      6500
 496              	.LASF14:
 497 0006 4144435F 		.ascii	"ADC_Bypass_Write\000"
 497      42797061 
 497      73735F57 
 497      72697465 
 497      00
 498              	.LASF19:
 499 0017 4144435F 		.ascii	"ADC_Bypass_ReadDataReg\000"
 499      42797061 
 499      73735F52 
 499      65616444 
 499      61746152 
 500              	.LASF15:
 501 002e 4144435F 		.ascii	"ADC_Bypass_SetDriveMode\000"
 501      42797061 
 501      73735F53 
 501      65744472 
 501      6976654D 
 502              	.LASF9:
 503 0046 666C6F61 		.ascii	"float\000"
ARM GAS  C:\Users\shiyu\AppData\Local\Temp\ccAzN8Ta.s 			page 12


 503      7400
 504              	.LASF0:
 505 004c 7369676E 		.ascii	"signed char\000"
 505      65642063 
 505      68617200 
 506              	.LASF1:
 507 0058 756E7369 		.ascii	"unsigned char\000"
 507      676E6564 
 507      20636861 
 507      7200
 508              	.LASF20:
 509 0066 474E5520 		.ascii	"GNU C11 5.4.1 20160609 (release) [ARM/embedded-5-br"
 509      43313120 
 509      352E342E 
 509      31203230 
 509      31363036 
 510 0099 616E6368 		.ascii	"anch revision 237715] -mcpu=cortex-m3 -mthumb -g -O"
 510      20726576 
 510      6973696F 
 510      6E203233 
 510      37373135 
 511 00cc 67202D66 		.ascii	"g -ffunction-sections -ffat-lto-objects\000"
 511      66756E63 
 511      74696F6E 
 511      2D736563 
 511      74696F6E 
 512              	.LASF23:
 513 00f4 73746174 		.ascii	"staticBits\000"
 513      69634269 
 513      747300
 514              	.LASF13:
 515 00ff 72656738 		.ascii	"reg8\000"
 515      00
 516              	.LASF5:
 517 0104 6C6F6E67 		.ascii	"long unsigned int\000"
 517      20756E73 
 517      69676E65 
 517      6420696E 
 517      7400
 518              	.LASF3:
 519 0116 73686F72 		.ascii	"short unsigned int\000"
 519      7420756E 
 519      7369676E 
 519      65642069 
 519      6E7400
 520              	.LASF10:
 521 0129 646F7562 		.ascii	"double\000"
 521      6C6500
 522              	.LASF18:
 523 0130 4144435F 		.ascii	"ADC_Bypass_Read\000"
 523      42797061 
 523      73735F52 
 523      65616400 
 524              	.LASF8:
 525 0140 756E7369 		.ascii	"unsigned int\000"
 525      676E6564 
 525      20696E74 
ARM GAS  C:\Users\shiyu\AppData\Local\Temp\ccAzN8Ta.s 			page 13


 525      00
 526              	.LASF7:
 527 014d 6C6F6E67 		.ascii	"long long unsigned int\000"
 527      206C6F6E 
 527      6720756E 
 527      7369676E 
 527      65642069 
 528              	.LASF17:
 529 0164 6D6F6465 		.ascii	"mode\000"
 529      00
 530              	.LASF6:
 531 0169 6C6F6E67 		.ascii	"long long int\000"
 531      206C6F6E 
 531      6720696E 
 531      7400
 532              	.LASF11:
 533 0177 63686172 		.ascii	"char\000"
 533      00
 534              	.LASF2:
 535 017c 73686F72 		.ascii	"short int\000"
 535      7420696E 
 535      7400
 536              	.LASF12:
 537 0186 75696E74 		.ascii	"uint8\000"
 537      3800
 538              	.LASF22:
 539 018c 433A5C55 		.ascii	"C:\\Users\\shiyu\\Documents\\GitHub\\MUR\\MCU_PSOC\\"
 539      73657273 
 539      5C736869 
 539      79755C44 
 539      6F63756D 
 540 01b9 5472795F 		.ascii	"Try_MUX\\SAR Example.cydsn\000"
 540      4D55585C 
 540      53415220 
 540      4578616D 
 540      706C652E 
 541              	.LASF4:
 542 01d3 6C6F6E67 		.ascii	"long int\000"
 542      20696E74 
 542      00
 543              	.LASF21:
 544 01dc 47656E65 		.ascii	"Generated_Source\\PSoC5\\ADC_Bypass.c\000"
 544      72617465 
 544      645F536F 
 544      75726365 
 544      5C50536F 
 545              		.ident	"GCC: (GNU Tools for ARM Embedded Processors) 5.4.1 20160609 (release) [ARM/embedded-5-bran
