ARM GAS  C:\Users\shiyu\AppData\Local\Temp\cc7jfGlR.s 			page 1


   1              		.syntax unified
   2              		.cpu cortex-m3
   3              		.fpu softvfp
   4              		.eabi_attribute 20, 1
   5              		.eabi_attribute 21, 1
   6              		.eabi_attribute 23, 3
   7              		.eabi_attribute 24, 1
   8              		.eabi_attribute 25, 1
   9              		.eabi_attribute 26, 1
  10              		.eabi_attribute 30, 1
  11              		.eabi_attribute 34, 1
  12              		.eabi_attribute 18, 4
  13              		.thumb
  14              		.syntax unified
  15              		.file	"ADC_SAR_Seq_1_FinalBuf_dma.c"
  16              		.text
  17              	.Ltext0:
  18              		.cfi_sections	.debug_frame
  19              		.section	.text.ADC_SAR_Seq_1_FinalBuf_DmaInitialize,"ax",%progbits
  20              		.align	2
  21              		.global	ADC_SAR_Seq_1_FinalBuf_DmaInitialize
  22              		.thumb
  23              		.thumb_func
  24              		.type	ADC_SAR_Seq_1_FinalBuf_DmaInitialize, %function
  25              	ADC_SAR_Seq_1_FinalBuf_DmaInitialize:
  26              	.LFB0:
  27              		.file 1 "Generated_Source\\PSoC5\\ADC_SAR_Seq_1_FinalBuf_dma.c"
   1:Generated_Source\PSoC5/ADC_SAR_Seq_1_FinalBuf_dma.c **** /***************************************************************************
   2:Generated_Source\PSoC5/ADC_SAR_Seq_1_FinalBuf_dma.c **** * File Name: ADC_SAR_Seq_1_FinalBuf_dma.c  
   3:Generated_Source\PSoC5/ADC_SAR_Seq_1_FinalBuf_dma.c **** * Version 1.70
   4:Generated_Source\PSoC5/ADC_SAR_Seq_1_FinalBuf_dma.c **** *
   5:Generated_Source\PSoC5/ADC_SAR_Seq_1_FinalBuf_dma.c **** *  Description:
   6:Generated_Source\PSoC5/ADC_SAR_Seq_1_FinalBuf_dma.c **** *   Provides an API for the DMAC component. The API includes functions
   7:Generated_Source\PSoC5/ADC_SAR_Seq_1_FinalBuf_dma.c **** *   for the DMA controller, DMA channels and Transfer Descriptors.
   8:Generated_Source\PSoC5/ADC_SAR_Seq_1_FinalBuf_dma.c **** *
   9:Generated_Source\PSoC5/ADC_SAR_Seq_1_FinalBuf_dma.c **** *
  10:Generated_Source\PSoC5/ADC_SAR_Seq_1_FinalBuf_dma.c **** *   Note:
  11:Generated_Source\PSoC5/ADC_SAR_Seq_1_FinalBuf_dma.c **** *     This module requires the developer to finish or fill in the auto
  12:Generated_Source\PSoC5/ADC_SAR_Seq_1_FinalBuf_dma.c **** *     generated funcions and setup the dma channel and TD's.
  13:Generated_Source\PSoC5/ADC_SAR_Seq_1_FinalBuf_dma.c **** *
  14:Generated_Source\PSoC5/ADC_SAR_Seq_1_FinalBuf_dma.c **** ********************************************************************************
  15:Generated_Source\PSoC5/ADC_SAR_Seq_1_FinalBuf_dma.c **** * Copyright 2008-2010, Cypress Semiconductor Corporation.  All rights reserved.
  16:Generated_Source\PSoC5/ADC_SAR_Seq_1_FinalBuf_dma.c **** * You may use this file only in accordance with the license, terms, conditions, 
  17:Generated_Source\PSoC5/ADC_SAR_Seq_1_FinalBuf_dma.c **** * disclaimers, and limitations in the end user license agreement accompanying 
  18:Generated_Source\PSoC5/ADC_SAR_Seq_1_FinalBuf_dma.c **** * the software package with which this file was provided.
  19:Generated_Source\PSoC5/ADC_SAR_Seq_1_FinalBuf_dma.c **** ********************************************************************************/
  20:Generated_Source\PSoC5/ADC_SAR_Seq_1_FinalBuf_dma.c **** #include <CYLIB.H>
  21:Generated_Source\PSoC5/ADC_SAR_Seq_1_FinalBuf_dma.c **** #include <CYDMAC.H>
  22:Generated_Source\PSoC5/ADC_SAR_Seq_1_FinalBuf_dma.c **** #include <ADC_SAR_Seq_1_FinalBuf_dma.H>
  23:Generated_Source\PSoC5/ADC_SAR_Seq_1_FinalBuf_dma.c **** 
  24:Generated_Source\PSoC5/ADC_SAR_Seq_1_FinalBuf_dma.c **** 
  25:Generated_Source\PSoC5/ADC_SAR_Seq_1_FinalBuf_dma.c **** 
  26:Generated_Source\PSoC5/ADC_SAR_Seq_1_FinalBuf_dma.c **** /****************************************************************************
  27:Generated_Source\PSoC5/ADC_SAR_Seq_1_FinalBuf_dma.c **** * 
  28:Generated_Source\PSoC5/ADC_SAR_Seq_1_FinalBuf_dma.c **** * The following defines are available in Cyfitter.h
  29:Generated_Source\PSoC5/ADC_SAR_Seq_1_FinalBuf_dma.c **** * 
  30:Generated_Source\PSoC5/ADC_SAR_Seq_1_FinalBuf_dma.c **** * 
ARM GAS  C:\Users\shiyu\AppData\Local\Temp\cc7jfGlR.s 			page 2


  31:Generated_Source\PSoC5/ADC_SAR_Seq_1_FinalBuf_dma.c **** * 
  32:Generated_Source\PSoC5/ADC_SAR_Seq_1_FinalBuf_dma.c **** * ADC_SAR_Seq_1_FinalBuf__DRQ_CTL_REG
  33:Generated_Source\PSoC5/ADC_SAR_Seq_1_FinalBuf_dma.c **** * 
  34:Generated_Source\PSoC5/ADC_SAR_Seq_1_FinalBuf_dma.c **** * 
  35:Generated_Source\PSoC5/ADC_SAR_Seq_1_FinalBuf_dma.c **** * ADC_SAR_Seq_1_FinalBuf__DRQ_NUMBER
  36:Generated_Source\PSoC5/ADC_SAR_Seq_1_FinalBuf_dma.c **** * 
  37:Generated_Source\PSoC5/ADC_SAR_Seq_1_FinalBuf_dma.c **** * Number of TD's used by this channel.
  38:Generated_Source\PSoC5/ADC_SAR_Seq_1_FinalBuf_dma.c **** * ADC_SAR_Seq_1_FinalBuf__NUMBEROF_TDS
  39:Generated_Source\PSoC5/ADC_SAR_Seq_1_FinalBuf_dma.c **** * 
  40:Generated_Source\PSoC5/ADC_SAR_Seq_1_FinalBuf_dma.c **** * Priority of this channel.
  41:Generated_Source\PSoC5/ADC_SAR_Seq_1_FinalBuf_dma.c **** * ADC_SAR_Seq_1_FinalBuf__PRIORITY
  42:Generated_Source\PSoC5/ADC_SAR_Seq_1_FinalBuf_dma.c **** * 
  43:Generated_Source\PSoC5/ADC_SAR_Seq_1_FinalBuf_dma.c **** * True if ADC_SAR_Seq_1_FinalBuf_TERMIN_SEL is used.
  44:Generated_Source\PSoC5/ADC_SAR_Seq_1_FinalBuf_dma.c **** * ADC_SAR_Seq_1_FinalBuf__TERMIN_EN
  45:Generated_Source\PSoC5/ADC_SAR_Seq_1_FinalBuf_dma.c **** * 
  46:Generated_Source\PSoC5/ADC_SAR_Seq_1_FinalBuf_dma.c **** * TERMIN interrupt line to signal terminate.
  47:Generated_Source\PSoC5/ADC_SAR_Seq_1_FinalBuf_dma.c **** * ADC_SAR_Seq_1_FinalBuf__TERMIN_SEL
  48:Generated_Source\PSoC5/ADC_SAR_Seq_1_FinalBuf_dma.c **** * 
  49:Generated_Source\PSoC5/ADC_SAR_Seq_1_FinalBuf_dma.c **** * 
  50:Generated_Source\PSoC5/ADC_SAR_Seq_1_FinalBuf_dma.c **** * True if ADC_SAR_Seq_1_FinalBuf_TERMOUT0_SEL is used.
  51:Generated_Source\PSoC5/ADC_SAR_Seq_1_FinalBuf_dma.c **** * ADC_SAR_Seq_1_FinalBuf__TERMOUT0_EN
  52:Generated_Source\PSoC5/ADC_SAR_Seq_1_FinalBuf_dma.c **** * 
  53:Generated_Source\PSoC5/ADC_SAR_Seq_1_FinalBuf_dma.c **** * 
  54:Generated_Source\PSoC5/ADC_SAR_Seq_1_FinalBuf_dma.c **** * TERMOUT0 interrupt line to signal completion.
  55:Generated_Source\PSoC5/ADC_SAR_Seq_1_FinalBuf_dma.c **** * ADC_SAR_Seq_1_FinalBuf__TERMOUT0_SEL
  56:Generated_Source\PSoC5/ADC_SAR_Seq_1_FinalBuf_dma.c **** * 
  57:Generated_Source\PSoC5/ADC_SAR_Seq_1_FinalBuf_dma.c **** * 
  58:Generated_Source\PSoC5/ADC_SAR_Seq_1_FinalBuf_dma.c **** * True if ADC_SAR_Seq_1_FinalBuf_TERMOUT1_SEL is used.
  59:Generated_Source\PSoC5/ADC_SAR_Seq_1_FinalBuf_dma.c **** * ADC_SAR_Seq_1_FinalBuf__TERMOUT1_EN
  60:Generated_Source\PSoC5/ADC_SAR_Seq_1_FinalBuf_dma.c **** * 
  61:Generated_Source\PSoC5/ADC_SAR_Seq_1_FinalBuf_dma.c **** * 
  62:Generated_Source\PSoC5/ADC_SAR_Seq_1_FinalBuf_dma.c **** * TERMOUT1 interrupt line to signal completion.
  63:Generated_Source\PSoC5/ADC_SAR_Seq_1_FinalBuf_dma.c **** * ADC_SAR_Seq_1_FinalBuf__TERMOUT1_SEL
  64:Generated_Source\PSoC5/ADC_SAR_Seq_1_FinalBuf_dma.c **** * 
  65:Generated_Source\PSoC5/ADC_SAR_Seq_1_FinalBuf_dma.c **** ****************************************************************************/
  66:Generated_Source\PSoC5/ADC_SAR_Seq_1_FinalBuf_dma.c **** 
  67:Generated_Source\PSoC5/ADC_SAR_Seq_1_FinalBuf_dma.c **** 
  68:Generated_Source\PSoC5/ADC_SAR_Seq_1_FinalBuf_dma.c **** /* Zero based index of ADC_SAR_Seq_1_FinalBuf dma channel */
  69:Generated_Source\PSoC5/ADC_SAR_Seq_1_FinalBuf_dma.c **** uint8 ADC_SAR_Seq_1_FinalBuf_DmaHandle = DMA_INVALID_CHANNEL;
  70:Generated_Source\PSoC5/ADC_SAR_Seq_1_FinalBuf_dma.c **** 
  71:Generated_Source\PSoC5/ADC_SAR_Seq_1_FinalBuf_dma.c **** /*********************************************************************
  72:Generated_Source\PSoC5/ADC_SAR_Seq_1_FinalBuf_dma.c **** * Function Name: uint8 ADC_SAR_Seq_1_FinalBuf_DmaInitalize
  73:Generated_Source\PSoC5/ADC_SAR_Seq_1_FinalBuf_dma.c **** **********************************************************************
  74:Generated_Source\PSoC5/ADC_SAR_Seq_1_FinalBuf_dma.c **** * Summary:
  75:Generated_Source\PSoC5/ADC_SAR_Seq_1_FinalBuf_dma.c **** *   Allocates and initialises a channel of the DMAC to be used by the
  76:Generated_Source\PSoC5/ADC_SAR_Seq_1_FinalBuf_dma.c **** *   caller.
  77:Generated_Source\PSoC5/ADC_SAR_Seq_1_FinalBuf_dma.c **** *
  78:Generated_Source\PSoC5/ADC_SAR_Seq_1_FinalBuf_dma.c **** * Parameters:
  79:Generated_Source\PSoC5/ADC_SAR_Seq_1_FinalBuf_dma.c **** *   BurstCount.
  80:Generated_Source\PSoC5/ADC_SAR_Seq_1_FinalBuf_dma.c **** *       
  81:Generated_Source\PSoC5/ADC_SAR_Seq_1_FinalBuf_dma.c **** *       
  82:Generated_Source\PSoC5/ADC_SAR_Seq_1_FinalBuf_dma.c **** *   ReqestPerBurst.
  83:Generated_Source\PSoC5/ADC_SAR_Seq_1_FinalBuf_dma.c **** *       
  84:Generated_Source\PSoC5/ADC_SAR_Seq_1_FinalBuf_dma.c **** *       
  85:Generated_Source\PSoC5/ADC_SAR_Seq_1_FinalBuf_dma.c **** *   UpperSrcAddress.
  86:Generated_Source\PSoC5/ADC_SAR_Seq_1_FinalBuf_dma.c **** *       
  87:Generated_Source\PSoC5/ADC_SAR_Seq_1_FinalBuf_dma.c **** *       
ARM GAS  C:\Users\shiyu\AppData\Local\Temp\cc7jfGlR.s 			page 3


  88:Generated_Source\PSoC5/ADC_SAR_Seq_1_FinalBuf_dma.c **** *   UpperDestAddress.
  89:Generated_Source\PSoC5/ADC_SAR_Seq_1_FinalBuf_dma.c **** *       
  90:Generated_Source\PSoC5/ADC_SAR_Seq_1_FinalBuf_dma.c **** *
  91:Generated_Source\PSoC5/ADC_SAR_Seq_1_FinalBuf_dma.c **** * Return:
  92:Generated_Source\PSoC5/ADC_SAR_Seq_1_FinalBuf_dma.c **** *   The channel that can be used by the caller for DMA activity.
  93:Generated_Source\PSoC5/ADC_SAR_Seq_1_FinalBuf_dma.c **** *   DMA_INVALID_CHANNEL (0xFF) if there are no channels left. 
  94:Generated_Source\PSoC5/ADC_SAR_Seq_1_FinalBuf_dma.c **** *
  95:Generated_Source\PSoC5/ADC_SAR_Seq_1_FinalBuf_dma.c **** *
  96:Generated_Source\PSoC5/ADC_SAR_Seq_1_FinalBuf_dma.c **** *******************************************************************/
  97:Generated_Source\PSoC5/ADC_SAR_Seq_1_FinalBuf_dma.c **** uint8 ADC_SAR_Seq_1_FinalBuf_DmaInitialize(uint8 BurstCount, uint8 ReqestPerBurst, uint16 UpperSrcA
  98:Generated_Source\PSoC5/ADC_SAR_Seq_1_FinalBuf_dma.c **** {
  28              		.loc 1 98 0
  29              		.cfi_startproc
  30              		@ args = 0, pretend = 0, frame = 0
  31              		@ frame_needed = 0, uses_anonymous_args = 0
  32              	.LVL0:
  33 0000 F0B5     		push	{r4, r5, r6, r7, lr}
  34              		.cfi_def_cfa_offset 20
  35              		.cfi_offset 4, -20
  36              		.cfi_offset 5, -16
  37              		.cfi_offset 6, -12
  38              		.cfi_offset 7, -8
  39              		.cfi_offset 14, -4
  40 0002 83B0     		sub	sp, sp, #12
  41              		.cfi_def_cfa_offset 32
  42 0004 1646     		mov	r6, r2
  43 0006 1F46     		mov	r7, r3
  99:Generated_Source\PSoC5/ADC_SAR_Seq_1_FinalBuf_dma.c **** 
 100:Generated_Source\PSoC5/ADC_SAR_Seq_1_FinalBuf_dma.c ****     /* Allocate a DMA channel. */
 101:Generated_Source\PSoC5/ADC_SAR_Seq_1_FinalBuf_dma.c ****     ADC_SAR_Seq_1_FinalBuf_DmaHandle = (uint8)ADC_SAR_Seq_1_FinalBuf__DRQ_NUMBER;
  44              		.loc 1 101 0
  45 0008 0B4D     		ldr	r5, .L3
  46 000a 0024     		movs	r4, #0
  47 000c 2C70     		strb	r4, [r5]
 102:Generated_Source\PSoC5/ADC_SAR_Seq_1_FinalBuf_dma.c **** 
 103:Generated_Source\PSoC5/ADC_SAR_Seq_1_FinalBuf_dma.c ****     /* Configure the channel. */
 104:Generated_Source\PSoC5/ADC_SAR_Seq_1_FinalBuf_dma.c ****     (void)CyDmaChSetConfiguration(ADC_SAR_Seq_1_FinalBuf_DmaHandle,
  48              		.loc 1 104 0
  49 000e 0194     		str	r4, [sp, #4]
  50 0010 0094     		str	r4, [sp]
  51 0012 2346     		mov	r3, r4
  52              	.LVL1:
  53 0014 0A46     		mov	r2, r1
  54              	.LVL2:
  55 0016 0146     		mov	r1, r0
  56              	.LVL3:
  57 0018 2046     		mov	r0, r4
  58              	.LVL4:
  59 001a FFF7FEFF 		bl	CyDmaChSetConfiguration
  60              	.LVL5:
 105:Generated_Source\PSoC5/ADC_SAR_Seq_1_FinalBuf_dma.c ****                                   BurstCount,
 106:Generated_Source\PSoC5/ADC_SAR_Seq_1_FinalBuf_dma.c ****                                   ReqestPerBurst,
 107:Generated_Source\PSoC5/ADC_SAR_Seq_1_FinalBuf_dma.c ****                                   (uint8)ADC_SAR_Seq_1_FinalBuf__TERMOUT0_SEL,
 108:Generated_Source\PSoC5/ADC_SAR_Seq_1_FinalBuf_dma.c ****                                   (uint8)ADC_SAR_Seq_1_FinalBuf__TERMOUT1_SEL,
 109:Generated_Source\PSoC5/ADC_SAR_Seq_1_FinalBuf_dma.c ****                                   (uint8)ADC_SAR_Seq_1_FinalBuf__TERMIN_SEL);
 110:Generated_Source\PSoC5/ADC_SAR_Seq_1_FinalBuf_dma.c **** 
 111:Generated_Source\PSoC5/ADC_SAR_Seq_1_FinalBuf_dma.c ****     /* Set the extended address for the transfers */
ARM GAS  C:\Users\shiyu\AppData\Local\Temp\cc7jfGlR.s 			page 4


 112:Generated_Source\PSoC5/ADC_SAR_Seq_1_FinalBuf_dma.c ****     (void)CyDmaChSetExtendedAddress(ADC_SAR_Seq_1_FinalBuf_DmaHandle, UpperSrcAddress, UpperDestAdd
  61              		.loc 1 112 0
  62 001e 3A46     		mov	r2, r7
  63 0020 3146     		mov	r1, r6
  64 0022 2878     		ldrb	r0, [r5]	@ zero_extendqisi2
  65 0024 FFF7FEFF 		bl	CyDmaChSetExtendedAddress
  66              	.LVL6:
 113:Generated_Source\PSoC5/ADC_SAR_Seq_1_FinalBuf_dma.c **** 
 114:Generated_Source\PSoC5/ADC_SAR_Seq_1_FinalBuf_dma.c ****     /* Set the priority for this channel */
 115:Generated_Source\PSoC5/ADC_SAR_Seq_1_FinalBuf_dma.c ****     (void)CyDmaChPriority(ADC_SAR_Seq_1_FinalBuf_DmaHandle, (uint8)ADC_SAR_Seq_1_FinalBuf__PRIORITY
  67              		.loc 1 115 0
  68 0028 0221     		movs	r1, #2
  69 002a 2878     		ldrb	r0, [r5]	@ zero_extendqisi2
  70 002c FFF7FEFF 		bl	CyDmaChPriority
  71              	.LVL7:
 116:Generated_Source\PSoC5/ADC_SAR_Seq_1_FinalBuf_dma.c ****     
 117:Generated_Source\PSoC5/ADC_SAR_Seq_1_FinalBuf_dma.c ****     return ADC_SAR_Seq_1_FinalBuf_DmaHandle;
 118:Generated_Source\PSoC5/ADC_SAR_Seq_1_FinalBuf_dma.c **** }
  72              		.loc 1 118 0
  73 0030 2878     		ldrb	r0, [r5]	@ zero_extendqisi2
  74 0032 03B0     		add	sp, sp, #12
  75              		.cfi_def_cfa_offset 20
  76              		@ sp needed
  77 0034 F0BD     		pop	{r4, r5, r6, r7, pc}
  78              	.L4:
  79 0036 00BF     		.align	2
  80              	.L3:
  81 0038 00000000 		.word	.LANCHOR0
  82              		.cfi_endproc
  83              	.LFE0:
  84              		.size	ADC_SAR_Seq_1_FinalBuf_DmaInitialize, .-ADC_SAR_Seq_1_FinalBuf_DmaInitialize
  85              		.section	.text.ADC_SAR_Seq_1_FinalBuf_DmaRelease,"ax",%progbits
  86              		.align	2
  87              		.global	ADC_SAR_Seq_1_FinalBuf_DmaRelease
  88              		.thumb
  89              		.thumb_func
  90              		.type	ADC_SAR_Seq_1_FinalBuf_DmaRelease, %function
  91              	ADC_SAR_Seq_1_FinalBuf_DmaRelease:
  92              	.LFB1:
 119:Generated_Source\PSoC5/ADC_SAR_Seq_1_FinalBuf_dma.c **** 
 120:Generated_Source\PSoC5/ADC_SAR_Seq_1_FinalBuf_dma.c **** /*********************************************************************
 121:Generated_Source\PSoC5/ADC_SAR_Seq_1_FinalBuf_dma.c **** * Function Name: void ADC_SAR_Seq_1_FinalBuf_DmaRelease
 122:Generated_Source\PSoC5/ADC_SAR_Seq_1_FinalBuf_dma.c **** **********************************************************************
 123:Generated_Source\PSoC5/ADC_SAR_Seq_1_FinalBuf_dma.c **** * Summary:
 124:Generated_Source\PSoC5/ADC_SAR_Seq_1_FinalBuf_dma.c **** *   Frees the channel associated with ADC_SAR_Seq_1_FinalBuf.
 125:Generated_Source\PSoC5/ADC_SAR_Seq_1_FinalBuf_dma.c **** *
 126:Generated_Source\PSoC5/ADC_SAR_Seq_1_FinalBuf_dma.c **** *
 127:Generated_Source\PSoC5/ADC_SAR_Seq_1_FinalBuf_dma.c **** * Parameters:
 128:Generated_Source\PSoC5/ADC_SAR_Seq_1_FinalBuf_dma.c **** *   void.
 129:Generated_Source\PSoC5/ADC_SAR_Seq_1_FinalBuf_dma.c **** *
 130:Generated_Source\PSoC5/ADC_SAR_Seq_1_FinalBuf_dma.c **** *
 131:Generated_Source\PSoC5/ADC_SAR_Seq_1_FinalBuf_dma.c **** *
 132:Generated_Source\PSoC5/ADC_SAR_Seq_1_FinalBuf_dma.c **** * Return:
 133:Generated_Source\PSoC5/ADC_SAR_Seq_1_FinalBuf_dma.c **** *   void.
 134:Generated_Source\PSoC5/ADC_SAR_Seq_1_FinalBuf_dma.c **** *
 135:Generated_Source\PSoC5/ADC_SAR_Seq_1_FinalBuf_dma.c **** *******************************************************************/
 136:Generated_Source\PSoC5/ADC_SAR_Seq_1_FinalBuf_dma.c **** void ADC_SAR_Seq_1_FinalBuf_DmaRelease(void) 
ARM GAS  C:\Users\shiyu\AppData\Local\Temp\cc7jfGlR.s 			page 5


 137:Generated_Source\PSoC5/ADC_SAR_Seq_1_FinalBuf_dma.c **** {
  93              		.loc 1 137 0
  94              		.cfi_startproc
  95              		@ args = 0, pretend = 0, frame = 0
  96              		@ frame_needed = 0, uses_anonymous_args = 0
  97 0000 08B5     		push	{r3, lr}
  98              		.cfi_def_cfa_offset 8
  99              		.cfi_offset 3, -8
 100              		.cfi_offset 14, -4
 138:Generated_Source\PSoC5/ADC_SAR_Seq_1_FinalBuf_dma.c ****     /* Disable the channel */
 139:Generated_Source\PSoC5/ADC_SAR_Seq_1_FinalBuf_dma.c ****     (void)CyDmaChDisable(ADC_SAR_Seq_1_FinalBuf_DmaHandle);
 101              		.loc 1 139 0
 102 0002 024B     		ldr	r3, .L7
 103 0004 1878     		ldrb	r0, [r3]	@ zero_extendqisi2
 104 0006 FFF7FEFF 		bl	CyDmaChDisable
 105              	.LVL8:
 106 000a 08BD     		pop	{r3, pc}
 107              	.L8:
 108              		.align	2
 109              	.L7:
 110 000c 00000000 		.word	.LANCHOR0
 111              		.cfi_endproc
 112              	.LFE1:
 113              		.size	ADC_SAR_Seq_1_FinalBuf_DmaRelease, .-ADC_SAR_Seq_1_FinalBuf_DmaRelease
 114              		.global	ADC_SAR_Seq_1_FinalBuf_DmaHandle
 115              		.data
 116              		.set	.LANCHOR0,. + 0
 117              		.type	ADC_SAR_Seq_1_FinalBuf_DmaHandle, %object
 118              		.size	ADC_SAR_Seq_1_FinalBuf_DmaHandle, 1
 119              	ADC_SAR_Seq_1_FinalBuf_DmaHandle:
 120 0000 FF       		.byte	-1
 121              		.text
 122              	.Letext0:
 123              		.file 2 "Generated_Source\\PSoC5/cytypes.h"
 124              		.file 3 "Generated_Source\\PSoC5/CYDMAC.H"
 125              		.section	.debug_info,"",%progbits
 126              	.Ldebug_info0:
 127 0000 A4010000 		.4byte	0x1a4
 128 0004 0400     		.2byte	0x4
 129 0006 00000000 		.4byte	.Ldebug_abbrev0
 130 000a 04       		.byte	0x4
 131 000b 01       		.uleb128 0x1
 132 000c CD000000 		.4byte	.LASF24
 133 0010 0C       		.byte	0xc
 134 0011 42000000 		.4byte	.LASF25
 135 0015 99010000 		.4byte	.LASF26
 136 0019 00000000 		.4byte	.Ldebug_ranges0+0
 137 001d 00000000 		.4byte	0
 138 0021 00000000 		.4byte	.Ldebug_line0
 139 0025 02       		.uleb128 0x2
 140 0026 04       		.byte	0x4
 141 0027 05       		.byte	0x5
 142 0028 696E7400 		.ascii	"int\000"
 143 002c 03       		.uleb128 0x3
 144 002d 04       		.byte	0x4
 145 002e 07       		.byte	0x7
 146 002f 8C010000 		.4byte	.LASF0
ARM GAS  C:\Users\shiyu\AppData\Local\Temp\cc7jfGlR.s 			page 6


 147 0033 03       		.uleb128 0x3
 148 0034 08       		.byte	0x8
 149 0035 05       		.byte	0x5
 150 0036 31020000 		.4byte	.LASF1
 151 003a 03       		.uleb128 0x3
 152 003b 08       		.byte	0x8
 153 003c 04       		.byte	0x4
 154 003d 96020000 		.4byte	.LASF2
 155 0041 03       		.uleb128 0x3
 156 0042 01       		.byte	0x1
 157 0043 06       		.byte	0x6
 158 0044 A2020000 		.4byte	.LASF3
 159 0048 03       		.uleb128 0x3
 160 0049 01       		.byte	0x1
 161 004a 08       		.byte	0x8
 162 004b BF000000 		.4byte	.LASF4
 163 004f 03       		.uleb128 0x3
 164 0050 02       		.byte	0x2
 165 0051 05       		.byte	0x5
 166 0052 5E020000 		.4byte	.LASF5
 167 0056 03       		.uleb128 0x3
 168 0057 02       		.byte	0x2
 169 0058 07       		.byte	0x7
 170 0059 2F000000 		.4byte	.LASF6
 171 005d 03       		.uleb128 0x3
 172 005e 04       		.byte	0x4
 173 005f 05       		.byte	0x5
 174 0060 8D020000 		.4byte	.LASF7
 175 0064 03       		.uleb128 0x3
 176 0065 04       		.byte	0x4
 177 0066 07       		.byte	0x7
 178 0067 66010000 		.4byte	.LASF8
 179 006b 03       		.uleb128 0x3
 180 006c 08       		.byte	0x8
 181 006d 07       		.byte	0x7
 182 006e 00020000 		.4byte	.LASF9
 183 0072 03       		.uleb128 0x3
 184 0073 04       		.byte	0x4
 185 0074 07       		.byte	0x7
 186 0075 28020000 		.4byte	.LASF10
 187 0079 03       		.uleb128 0x3
 188 007a 01       		.byte	0x1
 189 007b 08       		.byte	0x8
 190 007c 59020000 		.4byte	.LASF11
 191 0080 04       		.uleb128 0x4
 192 0081 78010000 		.4byte	.LASF12
 193 0085 02       		.byte	0x2
 194 0086 C2       		.byte	0xc2
 195 0087 48000000 		.4byte	0x48
 196 008b 04       		.uleb128 0x4
 197 008c 85010000 		.4byte	.LASF13
 198 0090 02       		.byte	0x2
 199 0091 C3       		.byte	0xc3
 200 0092 56000000 		.4byte	0x56
 201 0096 03       		.uleb128 0x3
 202 0097 04       		.byte	0x4
 203 0098 04       		.byte	0x4
ARM GAS  C:\Users\shiyu\AppData\Local\Temp\cc7jfGlR.s 			page 7


 204 0099 76000000 		.4byte	.LASF14
 205 009d 03       		.uleb128 0x3
 206 009e 08       		.byte	0x8
 207 009f 04       		.byte	0x4
 208 00a0 7E010000 		.4byte	.LASF15
 209 00a4 05       		.uleb128 0x5
 210 00a5 68020000 		.4byte	.LASF27
 211 00a9 01       		.byte	0x1
 212 00aa 61       		.byte	0x61
 213 00ab 80000000 		.4byte	0x80
 214 00af 00000000 		.4byte	.LFB0
 215 00b3 3C000000 		.4byte	.LFE0-.LFB0
 216 00b7 01       		.uleb128 0x1
 217 00b8 9C       		.byte	0x9c
 218 00b9 4B010000 		.4byte	0x14b
 219 00bd 06       		.uleb128 0x6
 220 00be 5B010000 		.4byte	.LASF16
 221 00c2 01       		.byte	0x1
 222 00c3 61       		.byte	0x61
 223 00c4 80000000 		.4byte	0x80
 224 00c8 00000000 		.4byte	.LLST0
 225 00cc 06       		.uleb128 0x6
 226 00cd 20000000 		.4byte	.LASF17
 227 00d1 01       		.byte	0x1
 228 00d2 61       		.byte	0x61
 229 00d3 80000000 		.4byte	0x80
 230 00d7 21000000 		.4byte	.LLST1
 231 00db 06       		.uleb128 0x6
 232 00dc 00000000 		.4byte	.LASF18
 233 00e0 01       		.byte	0x1
 234 00e1 61       		.byte	0x61
 235 00e2 8B000000 		.4byte	0x8b
 236 00e6 42000000 		.4byte	.LLST2
 237 00ea 06       		.uleb128 0x6
 238 00eb 17020000 		.4byte	.LASF19
 239 00ef 01       		.byte	0x1
 240 00f0 61       		.byte	0x61
 241 00f1 8B000000 		.4byte	0x8b
 242 00f5 63000000 		.4byte	.LLST3
 243 00f9 07       		.uleb128 0x7
 244 00fa 1E000000 		.4byte	.LVL5
 245 00fe 7B010000 		.4byte	0x17b
 246 0102 21010000 		.4byte	0x121
 247 0106 08       		.uleb128 0x8
 248 0107 01       		.uleb128 0x1
 249 0108 50       		.byte	0x50
 250 0109 02       		.uleb128 0x2
 251 010a 74       		.byte	0x74
 252 010b 00       		.sleb128 0
 253 010c 08       		.uleb128 0x8
 254 010d 01       		.uleb128 0x1
 255 010e 53       		.byte	0x53
 256 010f 02       		.uleb128 0x2
 257 0110 74       		.byte	0x74
 258 0111 00       		.sleb128 0
 259 0112 08       		.uleb128 0x8
 260 0113 02       		.uleb128 0x2
ARM GAS  C:\Users\shiyu\AppData\Local\Temp\cc7jfGlR.s 			page 8


 261 0114 7D       		.byte	0x7d
 262 0115 00       		.sleb128 0
 263 0116 02       		.uleb128 0x2
 264 0117 74       		.byte	0x74
 265 0118 00       		.sleb128 0
 266 0119 08       		.uleb128 0x8
 267 011a 02       		.uleb128 0x2
 268 011b 7D       		.byte	0x7d
 269 011c 04       		.sleb128 4
 270 011d 02       		.uleb128 0x2
 271 011e 74       		.byte	0x74
 272 011f 00       		.sleb128 0
 273 0120 00       		.byte	0
 274 0121 07       		.uleb128 0x7
 275 0122 28000000 		.4byte	.LVL6
 276 0126 86010000 		.4byte	0x186
 277 012a 3B010000 		.4byte	0x13b
 278 012e 08       		.uleb128 0x8
 279 012f 01       		.uleb128 0x1
 280 0130 51       		.byte	0x51
 281 0131 02       		.uleb128 0x2
 282 0132 76       		.byte	0x76
 283 0133 00       		.sleb128 0
 284 0134 08       		.uleb128 0x8
 285 0135 01       		.uleb128 0x1
 286 0136 52       		.byte	0x52
 287 0137 02       		.uleb128 0x2
 288 0138 77       		.byte	0x77
 289 0139 00       		.sleb128 0
 290 013a 00       		.byte	0
 291 013b 09       		.uleb128 0x9
 292 013c 30000000 		.4byte	.LVL7
 293 0140 91010000 		.4byte	0x191
 294 0144 08       		.uleb128 0x8
 295 0145 01       		.uleb128 0x1
 296 0146 51       		.byte	0x51
 297 0147 01       		.uleb128 0x1
 298 0148 32       		.byte	0x32
 299 0149 00       		.byte	0
 300 014a 00       		.byte	0
 301 014b 0A       		.uleb128 0xa
 302 014c 9D000000 		.4byte	.LASF28
 303 0150 01       		.byte	0x1
 304 0151 88       		.byte	0x88
 305 0152 00000000 		.4byte	.LFB1
 306 0156 10000000 		.4byte	.LFE1-.LFB1
 307 015a 01       		.uleb128 0x1
 308 015b 9C       		.byte	0x9c
 309 015c 6A010000 		.4byte	0x16a
 310 0160 0B       		.uleb128 0xb
 311 0161 0A000000 		.4byte	.LVL8
 312 0165 9C010000 		.4byte	0x19c
 313 0169 00       		.byte	0
 314 016a 0C       		.uleb128 0xc
 315 016b 7C000000 		.4byte	.LASF29
 316 016f 01       		.byte	0x1
 317 0170 45       		.byte	0x45
ARM GAS  C:\Users\shiyu\AppData\Local\Temp\cc7jfGlR.s 			page 9


 318 0171 80000000 		.4byte	0x80
 319 0175 05       		.uleb128 0x5
 320 0176 03       		.byte	0x3
 321 0177 00000000 		.4byte	ADC_SAR_Seq_1_FinalBuf_DmaHandle
 322 017b 0D       		.uleb128 0xd
 323 017c BD020000 		.4byte	.LASF20
 324 0180 BD020000 		.4byte	.LASF20
 325 0184 03       		.byte	0x3
 326 0185 34       		.byte	0x34
 327 0186 0D       		.uleb128 0xd
 328 0187 3F020000 		.4byte	.LASF21
 329 018b 3F020000 		.4byte	.LASF21
 330 018f 03       		.byte	0x3
 331 0190 2E       		.byte	0x2e
 332 0191 0D       		.uleb128 0xd
 333 0192 10000000 		.4byte	.LASF22
 334 0196 10000000 		.4byte	.LASF22
 335 019a 03       		.byte	0x3
 336 019b 2D       		.byte	0x2d
 337 019c 0D       		.uleb128 0xd
 338 019d AE020000 		.4byte	.LASF23
 339 01a1 AE020000 		.4byte	.LASF23
 340 01a5 03       		.byte	0x3
 341 01a6 2B       		.byte	0x2b
 342 01a7 00       		.byte	0
 343              		.section	.debug_abbrev,"",%progbits
 344              	.Ldebug_abbrev0:
 345 0000 01       		.uleb128 0x1
 346 0001 11       		.uleb128 0x11
 347 0002 01       		.byte	0x1
 348 0003 25       		.uleb128 0x25
 349 0004 0E       		.uleb128 0xe
 350 0005 13       		.uleb128 0x13
 351 0006 0B       		.uleb128 0xb
 352 0007 03       		.uleb128 0x3
 353 0008 0E       		.uleb128 0xe
 354 0009 1B       		.uleb128 0x1b
 355 000a 0E       		.uleb128 0xe
 356 000b 55       		.uleb128 0x55
 357 000c 17       		.uleb128 0x17
 358 000d 11       		.uleb128 0x11
 359 000e 01       		.uleb128 0x1
 360 000f 10       		.uleb128 0x10
 361 0010 17       		.uleb128 0x17
 362 0011 00       		.byte	0
 363 0012 00       		.byte	0
 364 0013 02       		.uleb128 0x2
 365 0014 24       		.uleb128 0x24
 366 0015 00       		.byte	0
 367 0016 0B       		.uleb128 0xb
 368 0017 0B       		.uleb128 0xb
 369 0018 3E       		.uleb128 0x3e
 370 0019 0B       		.uleb128 0xb
 371 001a 03       		.uleb128 0x3
 372 001b 08       		.uleb128 0x8
 373 001c 00       		.byte	0
 374 001d 00       		.byte	0
ARM GAS  C:\Users\shiyu\AppData\Local\Temp\cc7jfGlR.s 			page 10


 375 001e 03       		.uleb128 0x3
 376 001f 24       		.uleb128 0x24
 377 0020 00       		.byte	0
 378 0021 0B       		.uleb128 0xb
 379 0022 0B       		.uleb128 0xb
 380 0023 3E       		.uleb128 0x3e
 381 0024 0B       		.uleb128 0xb
 382 0025 03       		.uleb128 0x3
 383 0026 0E       		.uleb128 0xe
 384 0027 00       		.byte	0
 385 0028 00       		.byte	0
 386 0029 04       		.uleb128 0x4
 387 002a 16       		.uleb128 0x16
 388 002b 00       		.byte	0
 389 002c 03       		.uleb128 0x3
 390 002d 0E       		.uleb128 0xe
 391 002e 3A       		.uleb128 0x3a
 392 002f 0B       		.uleb128 0xb
 393 0030 3B       		.uleb128 0x3b
 394 0031 0B       		.uleb128 0xb
 395 0032 49       		.uleb128 0x49
 396 0033 13       		.uleb128 0x13
 397 0034 00       		.byte	0
 398 0035 00       		.byte	0
 399 0036 05       		.uleb128 0x5
 400 0037 2E       		.uleb128 0x2e
 401 0038 01       		.byte	0x1
 402 0039 3F       		.uleb128 0x3f
 403 003a 19       		.uleb128 0x19
 404 003b 03       		.uleb128 0x3
 405 003c 0E       		.uleb128 0xe
 406 003d 3A       		.uleb128 0x3a
 407 003e 0B       		.uleb128 0xb
 408 003f 3B       		.uleb128 0x3b
 409 0040 0B       		.uleb128 0xb
 410 0041 27       		.uleb128 0x27
 411 0042 19       		.uleb128 0x19
 412 0043 49       		.uleb128 0x49
 413 0044 13       		.uleb128 0x13
 414 0045 11       		.uleb128 0x11
 415 0046 01       		.uleb128 0x1
 416 0047 12       		.uleb128 0x12
 417 0048 06       		.uleb128 0x6
 418 0049 40       		.uleb128 0x40
 419 004a 18       		.uleb128 0x18
 420 004b 9742     		.uleb128 0x2117
 421 004d 19       		.uleb128 0x19
 422 004e 01       		.uleb128 0x1
 423 004f 13       		.uleb128 0x13
 424 0050 00       		.byte	0
 425 0051 00       		.byte	0
 426 0052 06       		.uleb128 0x6
 427 0053 05       		.uleb128 0x5
 428 0054 00       		.byte	0
 429 0055 03       		.uleb128 0x3
 430 0056 0E       		.uleb128 0xe
 431 0057 3A       		.uleb128 0x3a
ARM GAS  C:\Users\shiyu\AppData\Local\Temp\cc7jfGlR.s 			page 11


 432 0058 0B       		.uleb128 0xb
 433 0059 3B       		.uleb128 0x3b
 434 005a 0B       		.uleb128 0xb
 435 005b 49       		.uleb128 0x49
 436 005c 13       		.uleb128 0x13
 437 005d 02       		.uleb128 0x2
 438 005e 17       		.uleb128 0x17
 439 005f 00       		.byte	0
 440 0060 00       		.byte	0
 441 0061 07       		.uleb128 0x7
 442 0062 898201   		.uleb128 0x4109
 443 0065 01       		.byte	0x1
 444 0066 11       		.uleb128 0x11
 445 0067 01       		.uleb128 0x1
 446 0068 31       		.uleb128 0x31
 447 0069 13       		.uleb128 0x13
 448 006a 01       		.uleb128 0x1
 449 006b 13       		.uleb128 0x13
 450 006c 00       		.byte	0
 451 006d 00       		.byte	0
 452 006e 08       		.uleb128 0x8
 453 006f 8A8201   		.uleb128 0x410a
 454 0072 00       		.byte	0
 455 0073 02       		.uleb128 0x2
 456 0074 18       		.uleb128 0x18
 457 0075 9142     		.uleb128 0x2111
 458 0077 18       		.uleb128 0x18
 459 0078 00       		.byte	0
 460 0079 00       		.byte	0
 461 007a 09       		.uleb128 0x9
 462 007b 898201   		.uleb128 0x4109
 463 007e 01       		.byte	0x1
 464 007f 11       		.uleb128 0x11
 465 0080 01       		.uleb128 0x1
 466 0081 31       		.uleb128 0x31
 467 0082 13       		.uleb128 0x13
 468 0083 00       		.byte	0
 469 0084 00       		.byte	0
 470 0085 0A       		.uleb128 0xa
 471 0086 2E       		.uleb128 0x2e
 472 0087 01       		.byte	0x1
 473 0088 3F       		.uleb128 0x3f
 474 0089 19       		.uleb128 0x19
 475 008a 03       		.uleb128 0x3
 476 008b 0E       		.uleb128 0xe
 477 008c 3A       		.uleb128 0x3a
 478 008d 0B       		.uleb128 0xb
 479 008e 3B       		.uleb128 0x3b
 480 008f 0B       		.uleb128 0xb
 481 0090 27       		.uleb128 0x27
 482 0091 19       		.uleb128 0x19
 483 0092 11       		.uleb128 0x11
 484 0093 01       		.uleb128 0x1
 485 0094 12       		.uleb128 0x12
 486 0095 06       		.uleb128 0x6
 487 0096 40       		.uleb128 0x40
 488 0097 18       		.uleb128 0x18
ARM GAS  C:\Users\shiyu\AppData\Local\Temp\cc7jfGlR.s 			page 12


 489 0098 9742     		.uleb128 0x2117
 490 009a 19       		.uleb128 0x19
 491 009b 01       		.uleb128 0x1
 492 009c 13       		.uleb128 0x13
 493 009d 00       		.byte	0
 494 009e 00       		.byte	0
 495 009f 0B       		.uleb128 0xb
 496 00a0 898201   		.uleb128 0x4109
 497 00a3 00       		.byte	0
 498 00a4 11       		.uleb128 0x11
 499 00a5 01       		.uleb128 0x1
 500 00a6 31       		.uleb128 0x31
 501 00a7 13       		.uleb128 0x13
 502 00a8 00       		.byte	0
 503 00a9 00       		.byte	0
 504 00aa 0C       		.uleb128 0xc
 505 00ab 34       		.uleb128 0x34
 506 00ac 00       		.byte	0
 507 00ad 03       		.uleb128 0x3
 508 00ae 0E       		.uleb128 0xe
 509 00af 3A       		.uleb128 0x3a
 510 00b0 0B       		.uleb128 0xb
 511 00b1 3B       		.uleb128 0x3b
 512 00b2 0B       		.uleb128 0xb
 513 00b3 49       		.uleb128 0x49
 514 00b4 13       		.uleb128 0x13
 515 00b5 3F       		.uleb128 0x3f
 516 00b6 19       		.uleb128 0x19
 517 00b7 02       		.uleb128 0x2
 518 00b8 18       		.uleb128 0x18
 519 00b9 00       		.byte	0
 520 00ba 00       		.byte	0
 521 00bb 0D       		.uleb128 0xd
 522 00bc 2E       		.uleb128 0x2e
 523 00bd 00       		.byte	0
 524 00be 3F       		.uleb128 0x3f
 525 00bf 19       		.uleb128 0x19
 526 00c0 3C       		.uleb128 0x3c
 527 00c1 19       		.uleb128 0x19
 528 00c2 6E       		.uleb128 0x6e
 529 00c3 0E       		.uleb128 0xe
 530 00c4 03       		.uleb128 0x3
 531 00c5 0E       		.uleb128 0xe
 532 00c6 3A       		.uleb128 0x3a
 533 00c7 0B       		.uleb128 0xb
 534 00c8 3B       		.uleb128 0x3b
 535 00c9 0B       		.uleb128 0xb
 536 00ca 00       		.byte	0
 537 00cb 00       		.byte	0
 538 00cc 00       		.byte	0
 539              		.section	.debug_loc,"",%progbits
 540              	.Ldebug_loc0:
 541              	.LLST0:
 542 0000 00000000 		.4byte	.LVL0
 543 0004 1A000000 		.4byte	.LVL4
 544 0008 0100     		.2byte	0x1
 545 000a 50       		.byte	0x50
ARM GAS  C:\Users\shiyu\AppData\Local\Temp\cc7jfGlR.s 			page 13


 546 000b 1A000000 		.4byte	.LVL4
 547 000f 3C000000 		.4byte	.LFE0
 548 0013 0400     		.2byte	0x4
 549 0015 F3       		.byte	0xf3
 550 0016 01       		.uleb128 0x1
 551 0017 50       		.byte	0x50
 552 0018 9F       		.byte	0x9f
 553 0019 00000000 		.4byte	0
 554 001d 00000000 		.4byte	0
 555              	.LLST1:
 556 0021 00000000 		.4byte	.LVL0
 557 0025 18000000 		.4byte	.LVL3
 558 0029 0100     		.2byte	0x1
 559 002b 51       		.byte	0x51
 560 002c 18000000 		.4byte	.LVL3
 561 0030 3C000000 		.4byte	.LFE0
 562 0034 0400     		.2byte	0x4
 563 0036 F3       		.byte	0xf3
 564 0037 01       		.uleb128 0x1
 565 0038 51       		.byte	0x51
 566 0039 9F       		.byte	0x9f
 567 003a 00000000 		.4byte	0
 568 003e 00000000 		.4byte	0
 569              	.LLST2:
 570 0042 00000000 		.4byte	.LVL0
 571 0046 16000000 		.4byte	.LVL2
 572 004a 0100     		.2byte	0x1
 573 004c 52       		.byte	0x52
 574 004d 16000000 		.4byte	.LVL2
 575 0051 3C000000 		.4byte	.LFE0
 576 0055 0400     		.2byte	0x4
 577 0057 F3       		.byte	0xf3
 578 0058 01       		.uleb128 0x1
 579 0059 52       		.byte	0x52
 580 005a 9F       		.byte	0x9f
 581 005b 00000000 		.4byte	0
 582 005f 00000000 		.4byte	0
 583              	.LLST3:
 584 0063 00000000 		.4byte	.LVL0
 585 0067 14000000 		.4byte	.LVL1
 586 006b 0100     		.2byte	0x1
 587 006d 53       		.byte	0x53
 588 006e 14000000 		.4byte	.LVL1
 589 0072 3C000000 		.4byte	.LFE0
 590 0076 0400     		.2byte	0x4
 591 0078 F3       		.byte	0xf3
 592 0079 01       		.uleb128 0x1
 593 007a 53       		.byte	0x53
 594 007b 9F       		.byte	0x9f
 595 007c 00000000 		.4byte	0
 596 0080 00000000 		.4byte	0
 597              		.section	.debug_aranges,"",%progbits
 598 0000 24000000 		.4byte	0x24
 599 0004 0200     		.2byte	0x2
 600 0006 00000000 		.4byte	.Ldebug_info0
 601 000a 04       		.byte	0x4
 602 000b 00       		.byte	0
ARM GAS  C:\Users\shiyu\AppData\Local\Temp\cc7jfGlR.s 			page 14


 603 000c 0000     		.2byte	0
 604 000e 0000     		.2byte	0
 605 0010 00000000 		.4byte	.LFB0
 606 0014 3C000000 		.4byte	.LFE0-.LFB0
 607 0018 00000000 		.4byte	.LFB1
 608 001c 10000000 		.4byte	.LFE1-.LFB1
 609 0020 00000000 		.4byte	0
 610 0024 00000000 		.4byte	0
 611              		.section	.debug_ranges,"",%progbits
 612              	.Ldebug_ranges0:
 613 0000 00000000 		.4byte	.LFB0
 614 0004 3C000000 		.4byte	.LFE0
 615 0008 00000000 		.4byte	.LFB1
 616 000c 10000000 		.4byte	.LFE1
 617 0010 00000000 		.4byte	0
 618 0014 00000000 		.4byte	0
 619              		.section	.debug_line,"",%progbits
 620              	.Ldebug_line0:
 621 0000 8F000000 		.section	.debug_str,"MS",%progbits,1
 621      02006300 
 621      00000201 
 621      FB0E0D00 
 621      01010101 
 622              	.LASF18:
 623 0000 55707065 		.ascii	"UpperSrcAddress\000"
 623      72537263 
 623      41646472 
 623      65737300 
 624              	.LASF22:
 625 0010 4379446D 		.ascii	"CyDmaChPriority\000"
 625      61436850 
 625      72696F72 
 625      69747900 
 626              	.LASF17:
 627 0020 52657165 		.ascii	"ReqestPerBurst\000"
 627      73745065 
 627      72427572 
 627      737400
 628              	.LASF6:
 629 002f 73686F72 		.ascii	"short unsigned int\000"
 629      7420756E 
 629      7369676E 
 629      65642069 
 629      6E7400
 630              	.LASF25:
 631 0042 47656E65 		.ascii	"Generated_Source\\PSoC5\\ADC_SAR_Seq_1_FinalBuf_dma"
 631      72617465 
 631      645F536F 
 631      75726365 
 631      5C50536F 
 632 0073 2E6300   		.ascii	".c\000"
 633              	.LASF14:
 634 0076 666C6F61 		.ascii	"float\000"
 634      7400
 635              	.LASF29:
 636 007c 4144435F 		.ascii	"ADC_SAR_Seq_1_FinalBuf_DmaHandle\000"
 636      5341525F 
ARM GAS  C:\Users\shiyu\AppData\Local\Temp\cc7jfGlR.s 			page 15


 636      5365715F 
 636      315F4669 
 636      6E616C42 
 637              	.LASF28:
 638 009d 4144435F 		.ascii	"ADC_SAR_Seq_1_FinalBuf_DmaRelease\000"
 638      5341525F 
 638      5365715F 
 638      315F4669 
 638      6E616C42 
 639              	.LASF4:
 640 00bf 756E7369 		.ascii	"unsigned char\000"
 640      676E6564 
 640      20636861 
 640      7200
 641              	.LASF24:
 642 00cd 474E5520 		.ascii	"GNU C11 5.4.1 20160609 (release) [ARM/embedded-5-br"
 642      43313120 
 642      352E342E 
 642      31203230 
 642      31363036 
 643 0100 616E6368 		.ascii	"anch revision 237715] -mcpu=cortex-m3 -mthumb -g -O"
 643      20726576 
 643      6973696F 
 643      6E203233 
 643      37373135 
 644 0133 67202D66 		.ascii	"g -ffunction-sections -ffat-lto-objects\000"
 644      66756E63 
 644      74696F6E 
 644      2D736563 
 644      74696F6E 
 645              	.LASF16:
 646 015b 42757273 		.ascii	"BurstCount\000"
 646      74436F75 
 646      6E7400
 647              	.LASF8:
 648 0166 6C6F6E67 		.ascii	"long unsigned int\000"
 648      20756E73 
 648      69676E65 
 648      6420696E 
 648      7400
 649              	.LASF12:
 650 0178 75696E74 		.ascii	"uint8\000"
 650      3800
 651              	.LASF15:
 652 017e 646F7562 		.ascii	"double\000"
 652      6C6500
 653              	.LASF13:
 654 0185 75696E74 		.ascii	"uint16\000"
 654      313600
 655              	.LASF0:
 656 018c 756E7369 		.ascii	"unsigned int\000"
 656      676E6564 
 656      20696E74 
 656      00
 657              	.LASF26:
 658 0199 433A5C55 		.ascii	"C:\\Users\\shiyu\\Documents\\GitHub\\MUR\\MCU_PSOC\\"
 658      73657273 
ARM GAS  C:\Users\shiyu\AppData\Local\Temp\cc7jfGlR.s 			page 16


 658      5C736869 
 658      79755C44 
 658      6F63756D 
 659 01c6 4272616E 		.ascii	"Branches\\Try_MUX_read_directly_can_test\\SAR Examp"
 659      63686573 
 659      5C547279 
 659      5F4D5558 
 659      5F726561 
 660 01f7 6C652E63 		.ascii	"le.cydsn\000"
 660      7964736E 
 660      00
 661              	.LASF9:
 662 0200 6C6F6E67 		.ascii	"long long unsigned int\000"
 662      206C6F6E 
 662      6720756E 
 662      7369676E 
 662      65642069 
 663              	.LASF19:
 664 0217 55707065 		.ascii	"UpperDestAddress\000"
 664      72446573 
 664      74416464 
 664      72657373 
 664      00
 665              	.LASF10:
 666 0228 73697A65 		.ascii	"sizetype\000"
 666      74797065 
 666      00
 667              	.LASF1:
 668 0231 6C6F6E67 		.ascii	"long long int\000"
 668      206C6F6E 
 668      6720696E 
 668      7400
 669              	.LASF21:
 670 023f 4379446D 		.ascii	"CyDmaChSetExtendedAddress\000"
 670      61436853 
 670      65744578 
 670      74656E64 
 670      65644164 
 671              	.LASF11:
 672 0259 63686172 		.ascii	"char\000"
 672      00
 673              	.LASF5:
 674 025e 73686F72 		.ascii	"short int\000"
 674      7420696E 
 674      7400
 675              	.LASF27:
 676 0268 4144435F 		.ascii	"ADC_SAR_Seq_1_FinalBuf_DmaInitialize\000"
 676      5341525F 
 676      5365715F 
 676      315F4669 
 676      6E616C42 
 677              	.LASF7:
 678 028d 6C6F6E67 		.ascii	"long int\000"
 678      20696E74 
 678      00
 679              	.LASF2:
 680 0296 6C6F6E67 		.ascii	"long double\000"
ARM GAS  C:\Users\shiyu\AppData\Local\Temp\cc7jfGlR.s 			page 17


 680      20646F75 
 680      626C6500 
 681              	.LASF3:
 682 02a2 7369676E 		.ascii	"signed char\000"
 682      65642063 
 682      68617200 
 683              	.LASF23:
 684 02ae 4379446D 		.ascii	"CyDmaChDisable\000"
 684      61436844 
 684      69736162 
 684      6C6500
 685              	.LASF20:
 686 02bd 4379446D 		.ascii	"CyDmaChSetConfiguration\000"
 686      61436853 
 686      6574436F 
 686      6E666967 
 686      75726174 
 687              		.ident	"GCC: (GNU Tools for ARM Embedded Processors) 5.4.1 20160609 (release) [ARM/embedded-5-bran
