ARM GAS  C:\Users\shiyu\AppData\Local\Temp\ccPA0x3N.s 			page 1


   1              		.syntax unified
   2              		.cpu cortex-m3
   3              		.fpu softvfp
   4              		.eabi_attribute 20, 1
   5              		.eabi_attribute 21, 1
   6              		.eabi_attribute 23, 3
   7              		.eabi_attribute 24, 1
   8              		.eabi_attribute 25, 1
   9              		.eabi_attribute 26, 1
  10              		.eabi_attribute 30, 1
  11              		.eabi_attribute 34, 1
  12              		.eabi_attribute 18, 4
  13              		.thumb
  14              		.syntax unified
  15              		.file	"cymetadata.c"
  16              		.text
  17              	.Ltext0:
  18              		.cfi_sections	.debug_frame
  19              		.global	cy_metadata
  20              		.global	cy_meta_flashprotect
  21              		.global	cy_meta_wonvl
  22              		.global	cy_meta_custnvl
  23              		.global	cy_meta_configecc
  24              		.section	.cyconfigecc,"a",%progbits
  25              		.align	2
  26              		.type	cy_meta_configecc, %object
  27              		.size	cy_meta_configecc, 888
  28              	cy_meta_configecc:
  29 0000 02       		.byte	2
  30 0001 4F       		.byte	79
  31 0002 00       		.byte	0
  32 0003 40       		.byte	64
  33 0004 03       		.byte	3
  34 0005 65       		.byte	101
  35 0006 00       		.byte	0
  36 0007 40       		.byte	64
  37 0008 04       		.byte	4
  38 0009 04       		.byte	4
  39 000a 01       		.byte	1
  40 000b 40       		.byte	64
  41 000c 02       		.byte	2
  42 000d 05       		.byte	5
  43 000e 01       		.byte	1
  44 000f 40       		.byte	64
  45 0010 02       		.byte	2
  46 0011 15       		.byte	21
  47 0012 01       		.byte	1
  48 0013 40       		.byte	64
  49 0014 01       		.byte	1
  50 0015 17       		.byte	23
  51 0016 01       		.byte	1
  52 0017 40       		.byte	64
  53 0018 0F       		.byte	15
  54 0019 18       		.byte	24
  55 001a 01       		.byte	1
  56 001b 40       		.byte	64
  57 001c 34       		.byte	52
ARM GAS  C:\Users\shiyu\AppData\Local\Temp\ccPA0x3N.s 			page 2


  58 001d 19       		.byte	25
  59 001e 01       		.byte	1
  60 001f 40       		.byte	64
  61 0020 69       		.byte	105
  62 0021 1A       		.byte	26
  63 0022 01       		.byte	1
  64 0023 40       		.byte	64
  65 0024 4F       		.byte	79
  66 0025 1B       		.byte	27
  67 0026 01       		.byte	1
  68 0027 40       		.byte	64
  69 0028 03       		.byte	3
  70 0029 40       		.byte	64
  71 002a 01       		.byte	1
  72 002b 40       		.byte	64
  73 002c 02       		.byte	2
  74 002d 41       		.byte	65
  75 002e 01       		.byte	1
  76 002f 40       		.byte	64
  77 0030 08       		.byte	8
  78 0031 42       		.byte	66
  79 0032 01       		.byte	1
  80 0033 40       		.byte	64
  81 0034 01       		.byte	1
  82 0035 43       		.byte	67
  83 0036 01       		.byte	1
  84 0037 40       		.byte	64
  85 0038 03       		.byte	3
  86 0039 48       		.byte	72
  87 003a 01       		.byte	1
  88 003b 40       		.byte	64
  89 003c 07       		.byte	7
  90 003d 49       		.byte	73
  91 003e 01       		.byte	1
  92 003f 40       		.byte	64
  93 0040 03       		.byte	3
  94 0041 4C       		.byte	76
  95 0042 01       		.byte	1
  96 0043 40       		.byte	64
  97 0044 0D       		.byte	13
  98 0045 4D       		.byte	77
  99 0046 01       		.byte	1
 100 0047 40       		.byte	64
 101 0048 02       		.byte	2
 102 0049 50       		.byte	80
 103 004a 01       		.byte	1
 104 004b 40       		.byte	64
 105 004c 01       		.byte	1
 106 004d 51       		.byte	81
 107 004e 01       		.byte	1
 108 004f 40       		.byte	64
 109 0050 01       		.byte	1
 110 0051 10       		.byte	16
 111 0052 0A       		.byte	10
 112 0053 4B       		.byte	75
 113 0054 88       		.byte	-120
 114 0055 72       		.byte	114
ARM GAS  C:\Users\shiyu\AppData\Local\Temp\ccPA0x3N.s 			page 3


 115 0056 8A       		.byte	-118
 116 0057 0F       		.byte	15
 117 0058 8B       		.byte	-117
 118 0059 38       		.byte	56
 119 005a 39       		.byte	57
 120 005b 08       		.byte	8
 121 005c 3F       		.byte	63
 122 005d 04       		.byte	4
 123 005e 59       		.byte	89
 124 005f 04       		.byte	4
 125 0060 5F       		.byte	95
 126 0061 01       		.byte	1
 127 0062 23       		.byte	35
 128 0063 10       		.byte	16
 129 0064 87       		.byte	-121
 130 0065 10       		.byte	16
 131 0066 E0       		.byte	-32
 132 0067 04       		.byte	4
 133 0068 E2       		.byte	-30
 134 0069 10       		.byte	16
 135 006a E6       		.byte	-26
 136 006b 08       		.byte	8
 137 006c 84       		.byte	-124
 138 006d 08       		.byte	8
 139 006e 86       		.byte	-122
 140 006f 02       		.byte	2
 141 0070 90       		.byte	-112
 142 0071 02       		.byte	2
 143 0072 92       		.byte	-110
 144 0073 0C       		.byte	12
 145 0074 98       		.byte	-104
 146 0075 04       		.byte	4
 147 0076 9A       		.byte	-102
 148 0077 02       		.byte	2
 149 0078 A4       		.byte	-92
 150 0079 0F       		.byte	15
 151 007a A8       		.byte	-88
 152 007b 0F       		.byte	15
 153 007c AC       		.byte	-84
 154 007d 01       		.byte	1
 155 007e B0       		.byte	-80
 156 007f 0E       		.byte	14
 157 0080 B4       		.byte	-76
 158 0081 01       		.byte	1
 159 0082 BB       		.byte	-69
 160 0083 80       		.byte	-128
 161 0084 D8       		.byte	-40
 162 0085 04       		.byte	4
 163 0086 D9       		.byte	-39
 164 0087 04       		.byte	4
 165 0088 DF       		.byte	-33
 166 0089 01       		.byte	1
 167 008a 00       		.byte	0
 168 008b 04       		.byte	4
 169 008c 04       		.byte	4
 170 008d 05       		.byte	5
 171 008e 05       		.byte	5
ARM GAS  C:\Users\shiyu\AppData\Local\Temp\ccPA0x3N.s 			page 4


 172 008f 22       		.byte	34
 173 0090 06       		.byte	6
 174 0091 41       		.byte	65
 175 0092 08       		.byte	8
 176 0093 20       		.byte	32
 177 0094 0A       		.byte	10
 178 0095 80       		.byte	-128
 179 0096 0D       		.byte	13
 180 0097 60       		.byte	96
 181 0098 0E       		.byte	14
 182 0099 60       		.byte	96
 183 009a 10       		.byte	16
 184 009b 2A       		.byte	42
 185 009c 16       		.byte	22
 186 009d 80       		.byte	-128
 187 009e 17       		.byte	23
 188 009f 24       		.byte	36
 189 00a0 19       		.byte	25
 190 00a1 20       		.byte	32
 191 00a2 1A       		.byte	26
 192 00a3 80       		.byte	-128
 193 00a4 1B       		.byte	27
 194 00a5 02       		.byte	2
 195 00a6 1D       		.byte	29
 196 00a7 08       		.byte	8
 197 00a8 1E       		.byte	30
 198 00a9 4A       		.byte	74
 199 00aa 20       		.byte	32
 200 00ab 01       		.byte	1
 201 00ac 25       		.byte	37
 202 00ad 20       		.byte	32
 203 00ae 26       		.byte	38
 204 00af 0A       		.byte	10
 205 00b0 27       		.byte	39
 206 00b1 09       		.byte	9
 207 00b2 2A       		.byte	42
 208 00b3 80       		.byte	-128
 209 00b4 2B       		.byte	43
 210 00b5 02       		.byte	2
 211 00b6 2C       		.byte	44
 212 00b7 01       		.byte	1
 213 00b8 2D       		.byte	45
 214 00b9 22       		.byte	34
 215 00ba 2F       		.byte	47
 216 00bb 20       		.byte	32
 217 00bc 36       		.byte	54
 218 00bd 92       		.byte	-110
 219 00be 37       		.byte	55
 220 00bf 08       		.byte	8
 221 00c0 3E       		.byte	62
 222 00c1 6A       		.byte	106
 223 00c2 45       		.byte	69
 224 00c3 08       		.byte	8
 225 00c4 46       		.byte	70
 226 00c5 40       		.byte	64
 227 00c6 47       		.byte	71
 228 00c7 40       		.byte	64
ARM GAS  C:\Users\shiyu\AppData\Local\Temp\ccPA0x3N.s 			page 5


 229 00c8 4D       		.byte	77
 230 00c9 24       		.byte	36
 231 00ca 4E       		.byte	78
 232 00cb 02       		.byte	2
 233 00cc 57       		.byte	87
 234 00cd 20       		.byte	32
 235 00ce 5E       		.byte	94
 236 00cf 08       		.byte	8
 237 00d0 6C       		.byte	108
 238 00d1 2A       		.byte	42
 239 00d2 6E       		.byte	110
 240 00d3 14       		.byte	20
 241 00d4 76       		.byte	118
 242 00d5 2B       		.byte	43
 243 00d6 77       		.byte	119
 244 00d7 24       		.byte	36
 245 00d8 88       		.byte	-120
 246 00d9 01       		.byte	1
 247 00da 89       		.byte	-119
 248 00db 08       		.byte	8
 249 00dc 8D       		.byte	-115
 250 00dd 48       		.byte	72
 251 00de C0       		.byte	-64
 252 00df F4       		.byte	-12
 253 00e0 C2       		.byte	-62
 254 00e1 FA       		.byte	-6
 255 00e2 C4       		.byte	-60
 256 00e3 77       		.byte	119
 257 00e4 CA       		.byte	-54
 258 00e5 F0       		.byte	-16
 259 00e6 CC       		.byte	-52
 260 00e7 F0       		.byte	-16
 261 00e8 CE       		.byte	-50
 262 00e9 F0       		.byte	-16
 263 00ea D0       		.byte	-48
 264 00eb D0       		.byte	-48
 265 00ec D2       		.byte	-46
 266 00ed 30       		.byte	48
 267 00ee D6       		.byte	-42
 268 00ef 40       		.byte	64
 269 00f0 E6       		.byte	-26
 270 00f1 08       		.byte	8
 271 00f2 00       		.byte	0
 272 00f3 0C       		.byte	12
 273 00f4 02       		.byte	2
 274 00f5 71       		.byte	113
 275 00f6 04       		.byte	4
 276 00f7 14       		.byte	20
 277 00f8 05       		.byte	5
 278 00f9 03       		.byte	3
 279 00fa 07       		.byte	7
 280 00fb 14       		.byte	20
 281 00fc 09       		.byte	9
 282 00fd 20       		.byte	32
 283 00fe 0C       		.byte	12
 284 00ff 10       		.byte	16
 285 0100 0E       		.byte	14
ARM GAS  C:\Users\shiyu\AppData\Local\Temp\ccPA0x3N.s 			page 6


 286 0101 AC       		.byte	-84
 287 0102 0F       		.byte	15
 288 0103 08       		.byte	8
 289 0104 10       		.byte	16
 290 0105 09       		.byte	9
 291 0106 11       		.byte	17
 292 0107 13       		.byte	19
 293 0108 12       		.byte	18
 294 0109 D0       		.byte	-48
 295 010a 13       		.byte	19
 296 010b 0C       		.byte	12
 297 010c 15       		.byte	21
 298 010d 0A       		.byte	10
 299 010e 16       		.byte	22
 300 010f 03       		.byte	3
 301 0110 17       		.byte	23
 302 0111 14       		.byte	20
 303 0112 18       		.byte	24
 304 0113 DC       		.byte	-36
 305 0114 1A       		.byte	26
 306 0115 22       		.byte	34
 307 0116 1B       		.byte	27
 308 0117 15       		.byte	21
 309 0118 21       		.byte	33
 310 0119 13       		.byte	19
 311 011a 23       		.byte	35
 312 011b 04       		.byte	4
 313 011c 26       		.byte	38
 314 011d 20       		.byte	32
 315 011e 29       		.byte	41
 316 011f 40       		.byte	64
 317 0120 2C       		.byte	44
 318 0121 10       		.byte	16
 319 0122 2E       		.byte	46
 320 0123 40       		.byte	64
 321 0124 31       		.byte	49
 322 0125 0F       		.byte	15
 323 0126 32       		.byte	50
 324 0127 1F       		.byte	31
 325 0128 33       		.byte	51
 326 0129 40       		.byte	64
 327 012a 35       		.byte	53
 328 012b 10       		.byte	16
 329 012c 36       		.byte	54
 330 012d E0       		.byte	-32
 331 012e 37       		.byte	55
 332 012f 20       		.byte	32
 333 0130 3A       		.byte	58
 334 0131 80       		.byte	-128
 335 0132 3B       		.byte	59
 336 0133 02       		.byte	2
 337 0134 3F       		.byte	63
 338 0135 54       		.byte	84
 339 0136 40       		.byte	64
 340 0137 52       		.byte	82
 341 0138 41       		.byte	65
 342 0139 01       		.byte	1
ARM GAS  C:\Users\shiyu\AppData\Local\Temp\ccPA0x3N.s 			page 7


 343 013a 45       		.byte	69
 344 013b 0B       		.byte	11
 345 013c 46       		.byte	70
 346 013d E0       		.byte	-32
 347 013e 47       		.byte	71
 348 013f 0C       		.byte	12
 349 0140 48       		.byte	72
 350 0141 19       		.byte	25
 351 0142 49       		.byte	73
 352 0143 FF       		.byte	-1
 353 0144 4A       		.byte	74
 354 0145 FF       		.byte	-1
 355 0146 4B       		.byte	75
 356 0147 FF       		.byte	-1
 357 0148 4E       		.byte	78
 358 0149 F0       		.byte	-16
 359 014a 4F       		.byte	79
 360 014b 44       		.byte	68
 361 014c 50       		.byte	80
 362 014d 0C       		.byte	12
 363 014e 54       		.byte	84
 364 014f 01       		.byte	1
 365 0150 58       		.byte	88
 366 0151 04       		.byte	4
 367 0152 59       		.byte	89
 368 0153 04       		.byte	4
 369 0154 5A       		.byte	90
 370 0155 04       		.byte	4
 371 0156 5B       		.byte	91
 372 0157 04       		.byte	4
 373 0158 5F       		.byte	95
 374 0159 01       		.byte	1
 375 015a 66       		.byte	102
 376 015b C0       		.byte	-64
 377 015c 6A       		.byte	106
 378 015d 40       		.byte	64
 379 015e 6B       		.byte	107
 380 015f 02       		.byte	2
 381 0160 84       		.byte	-124
 382 0161 2C       		.byte	44
 383 0162 85       		.byte	-123
 384 0163 18       		.byte	24
 385 0164 86       		.byte	-122
 386 0165 43       		.byte	67
 387 0166 89       		.byte	-119
 388 0167 18       		.byte	24
 389 0168 8C       		.byte	-116
 390 0169 71       		.byte	113
 391 016a 8E       		.byte	-114
 392 016b 0E       		.byte	14
 393 016c 92       		.byte	-110
 394 016d 0C       		.byte	12
 395 016e 93       		.byte	-109
 396 016f 20       		.byte	32
 397 0170 94       		.byte	-108
 398 0171 80       		.byte	-128
 399 0172 95       		.byte	-107
ARM GAS  C:\Users\shiyu\AppData\Local\Temp\ccPA0x3N.s 			page 8


 400 0173 10       		.byte	16
 401 0174 96       		.byte	-106
 402 0175 13       		.byte	19
 403 0176 97       		.byte	-105
 404 0177 0C       		.byte	12
 405 0178 99       		.byte	-103
 406 0179 08       		.byte	8
 407 017a 9B       		.byte	-101
 408 017b 15       		.byte	21
 409 017c A0       		.byte	-96
 410 017d 71       		.byte	113
 411 017e A2       		.byte	-94
 412 017f 06       		.byte	6
 413 0180 A7       		.byte	-89
 414 0181 20       		.byte	32
 415 0182 AE       		.byte	-82
 416 0183 08       		.byte	8
 417 0184 AF       		.byte	-81
 418 0185 02       		.byte	2
 419 0186 B0       		.byte	-80
 420 0187 C0       		.byte	-64
 421 0188 B1       		.byte	-79
 422 0189 06       		.byte	6
 423 018a B2       		.byte	-78
 424 018b 0F       		.byte	15
 425 018c B3       		.byte	-77
 426 018d 20       		.byte	32
 427 018e B4       		.byte	-76
 428 018f 30       		.byte	48
 429 0190 B5       		.byte	-75
 430 0191 18       		.byte	24
 431 0192 B7       		.byte	-73
 432 0193 01       		.byte	1
 433 0194 B8       		.byte	-72
 434 0195 22       		.byte	34
 435 0196 BA       		.byte	-70
 436 0197 08       		.byte	8
 437 0198 BE       		.byte	-66
 438 0199 10       		.byte	16
 439 019a BF       		.byte	-65
 440 019b 05       		.byte	5
 441 019c C0       		.byte	-64
 442 019d 02       		.byte	2
 443 019e C7       		.byte	-57
 444 019f 40       		.byte	64
 445 01a0 C9       		.byte	-55
 446 01a1 FF       		.byte	-1
 447 01a2 CA       		.byte	-54
 448 01a3 07       		.byte	7
 449 01a4 CB       		.byte	-53
 450 01a5 FF       		.byte	-1
 451 01a6 CC       		.byte	-52
 452 01a7 40       		.byte	64
 453 01a8 CD       		.byte	-51
 454 01a9 20       		.byte	32
 455 01aa CE       		.byte	-50
 456 01ab F0       		.byte	-16
ARM GAS  C:\Users\shiyu\AppData\Local\Temp\ccPA0x3N.s 			page 9


 457 01ac CF       		.byte	-49
 458 01ad 05       		.byte	5
 459 01ae D0       		.byte	-48
 460 01af 08       		.byte	8
 461 01b0 D4       		.byte	-44
 462 01b1 18       		.byte	24
 463 01b2 D8       		.byte	-40
 464 01b3 04       		.byte	4
 465 01b4 D9       		.byte	-39
 466 01b5 04       		.byte	4
 467 01b6 DA       		.byte	-38
 468 01b7 04       		.byte	4
 469 01b8 DB       		.byte	-37
 470 01b9 04       		.byte	4
 471 01ba DF       		.byte	-33
 472 01bb 01       		.byte	1
 473 01bc E0       		.byte	-32
 474 01bd 40       		.byte	64
 475 01be E1       		.byte	-31
 476 01bf A8       		.byte	-88
 477 01c0 E2       		.byte	-30
 478 01c1 40       		.byte	64
 479 01c2 E3       		.byte	-29
 480 01c3 20       		.byte	32
 481 01c4 02       		.byte	2
 482 01c5 22       		.byte	34
 483 01c6 03       		.byte	3
 484 01c7 80       		.byte	-128
 485 01c8 05       		.byte	5
 486 01c9 84       		.byte	-124
 487 01ca 09       		.byte	9
 488 01cb 02       		.byte	2
 489 01cc 0A       		.byte	10
 490 01cd 20       		.byte	32
 491 01ce 0B       		.byte	11
 492 01cf 08       		.byte	8
 493 01d0 0D       		.byte	13
 494 01d1 02       		.byte	2
 495 01d2 0F       		.byte	15
 496 01d3 20       		.byte	32
 497 01d4 10       		.byte	16
 498 01d5 20       		.byte	32
 499 01d6 12       		.byte	18
 500 01d7 01       		.byte	1
 501 01d8 15       		.byte	21
 502 01d9 02       		.byte	2
 503 01da 16       		.byte	22
 504 01db 01       		.byte	1
 505 01dc 18       		.byte	24
 506 01dd 20       		.byte	32
 507 01de 19       		.byte	25
 508 01df 80       		.byte	-128
 509 01e0 1A       		.byte	26
 510 01e1 20       		.byte	32
 511 01e2 1B       		.byte	27
 512 01e3 80       		.byte	-128
 513 01e4 1C       		.byte	28
ARM GAS  C:\Users\shiyu\AppData\Local\Temp\ccPA0x3N.s 			page 10


 514 01e5 40       		.byte	64
 515 01e6 1D       		.byte	29
 516 01e7 26       		.byte	38
 517 01e8 1F       		.byte	31
 518 01e9 04       		.byte	4
 519 01ea 20       		.byte	32
 520 01eb 08       		.byte	8
 521 01ec 21       		.byte	33
 522 01ed 41       		.byte	65
 523 01ee 22       		.byte	34
 524 01ef 06       		.byte	6
 525 01f0 24       		.byte	36
 526 01f1 04       		.byte	4
 527 01f2 25       		.byte	37
 528 01f3 08       		.byte	8
 529 01f4 26       		.byte	38
 530 01f5 80       		.byte	-128
 531 01f6 27       		.byte	39
 532 01f7 48       		.byte	72
 533 01f8 2A       		.byte	42
 534 01f9 10       		.byte	16
 535 01fa 2B       		.byte	43
 536 01fb 80       		.byte	-128
 537 01fc 2D       		.byte	45
 538 01fd 04       		.byte	4
 539 01fe 2F       		.byte	47
 540 01ff 02       		.byte	2
 541 0200 30       		.byte	48
 542 0201 20       		.byte	32
 543 0202 31       		.byte	49
 544 0203 04       		.byte	4
 545 0204 32       		.byte	50
 546 0205 02       		.byte	2
 547 0206 36       		.byte	54
 548 0207 10       		.byte	16
 549 0208 37       		.byte	55
 550 0209 09       		.byte	9
 551 020a 38       		.byte	56
 552 020b 68       		.byte	104
 553 020c 3E       		.byte	62
 554 020d 14       		.byte	20
 555 020e 43       		.byte	67
 556 020f A0       		.byte	-96
 557 0210 45       		.byte	69
 558 0211 28       		.byte	40
 559 0212 46       		.byte	70
 560 0213 20       		.byte	32
 561 0214 4A       		.byte	74
 562 0215 22       		.byte	34
 563 0216 4C       		.byte	76
 564 0217 04       		.byte	4
 565 0218 4D       		.byte	77
 566 0219 20       		.byte	32
 567 021a 50       		.byte	80
 568 021b 04       		.byte	4
 569 021c 52       		.byte	82
 570 021d 10       		.byte	16
ARM GAS  C:\Users\shiyu\AppData\Local\Temp\ccPA0x3N.s 			page 11


 571 021e 54       		.byte	84
 572 021f 20       		.byte	32
 573 0220 56       		.byte	86
 574 0221 01       		.byte	1
 575 0222 57       		.byte	87
 576 0223 30       		.byte	48
 577 0224 58       		.byte	88
 578 0225 81       		.byte	-127
 579 0226 59       		.byte	89
 580 0227 20       		.byte	32
 581 0228 5A       		.byte	90
 582 0229 08       		.byte	8
 583 022a 5E       		.byte	94
 584 022b 02       		.byte	2
 585 022c 66       		.byte	102
 586 022d 60       		.byte	96
 587 022e 81       		.byte	-127
 588 022f 40       		.byte	64
 589 0230 84       		.byte	-124
 590 0231 01       		.byte	1
 591 0232 86       		.byte	-122
 592 0233 58       		.byte	88
 593 0234 88       		.byte	-120
 594 0235 A4       		.byte	-92
 595 0236 8A       		.byte	-118
 596 0237 10       		.byte	16
 597 0238 91       		.byte	-111
 598 0239 04       		.byte	4
 599 023a 92       		.byte	-110
 600 023b 14       		.byte	20
 601 023c 94       		.byte	-108
 602 023d 04       		.byte	4
 603 023e 9B       		.byte	-101
 604 023f 01       		.byte	1
 605 0240 9C       		.byte	-100
 606 0241 20       		.byte	32
 607 0242 9F       		.byte	-97
 608 0243 40       		.byte	64
 609 0244 A2       		.byte	-94
 610 0245 09       		.byte	9
 611 0246 A3       		.byte	-93
 612 0247 02       		.byte	2
 613 0248 A6       		.byte	-90
 614 0249 90       		.byte	-112
 615 024a C0       		.byte	-64
 616 024b AD       		.byte	-83
 617 024c C2       		.byte	-62
 618 024d 3E       		.byte	62
 619 024e C4       		.byte	-60
 620 024f 95       		.byte	-107
 621 0250 CA       		.byte	-54
 622 0251 55       		.byte	85
 623 0252 CC       		.byte	-52
 624 0253 E7       		.byte	-25
 625 0254 CE       		.byte	-50
 626 0255 6E       		.byte	110
 627 0256 D0       		.byte	-48
ARM GAS  C:\Users\shiyu\AppData\Local\Temp\ccPA0x3N.s 			page 12


 628 0257 2C       		.byte	44
 629 0258 D2       		.byte	-46
 630 0259 08       		.byte	8
 631 025a D6       		.byte	-42
 632 025b 8F       		.byte	-113
 633 025c D8       		.byte	-40
 634 025d 30       		.byte	48
 635 025e E0       		.byte	-32
 636 025f 05       		.byte	5
 637 0260 E2       		.byte	-30
 638 0261 10       		.byte	16
 639 0262 30       		.byte	48
 640 0263 20       		.byte	32
 641 0264 36       		.byte	54
 642 0265 10       		.byte	16
 643 0266 CC       		.byte	-52
 644 0267 30       		.byte	48
 645 0268 A4       		.byte	-92
 646 0269 20       		.byte	32
 647 026a A6       		.byte	-90
 648 026b 10       		.byte	16
 649 026c 10       		.byte	16
 650 026d 20       		.byte	32
 651 026e 5B       		.byte	91
 652 026f 08       		.byte	8
 653 0270 87       		.byte	-121
 654 0271 08       		.byte	8
 655 0272 A4       		.byte	-92
 656 0273 20       		.byte	32
 657 0274 A6       		.byte	-90
 658 0275 10       		.byte	16
 659 0276 C4       		.byte	-60
 660 0277 10       		.byte	16
 661 0278 D6       		.byte	-42
 662 0279 40       		.byte	64
 663 027a E2       		.byte	-30
 664 027b 10       		.byte	16
 665 027c A6       		.byte	-90
 666 027d 10       		.byte	16
 667 027e 86       		.byte	-122
 668 027f 10       		.byte	16
 669 0280 A6       		.byte	-90
 670 0281 10       		.byte	16
 671 0282 E6       		.byte	-26
 672 0283 10       		.byte	16
 673 0284 10       		.byte	16
 674 0285 80       		.byte	-128
 675 0286 7C       		.byte	124
 676 0287 80       		.byte	-128
 677 0288 80       		.byte	-128
 678 0289 80       		.byte	-128
 679 028a 8C       		.byte	-116
 680 028b 80       		.byte	-128
 681 028c C4       		.byte	-60
 682 028d 10       		.byte	16
 683 028e DE       		.byte	-34
 684 028f 20       		.byte	32
ARM GAS  C:\Users\shiyu\AppData\Local\Temp\ccPA0x3N.s 			page 13


 685 0290 E0       		.byte	-32
 686 0291 20       		.byte	32
 687 0292 1F       		.byte	31
 688 0293 20       		.byte	32
 689 0294 87       		.byte	-121
 690 0295 20       		.byte	32
 691 0296 C6       		.byte	-58
 692 0297 01       		.byte	1
 693 0298 10       		.byte	16
 694 0299 40       		.byte	64
 695 029a 18       		.byte	24
 696 029b 10       		.byte	16
 697 029c 71       		.byte	113
 698 029d 02       		.byte	2
 699 029e 7B       		.byte	123
 700 029f 40       		.byte	64
 701 02a0 81       		.byte	-127
 702 02a1 02       		.byte	2
 703 02a2 83       		.byte	-125
 704 02a3 40       		.byte	64
 705 02a4 88       		.byte	-120
 706 02a5 40       		.byte	64
 707 02a6 8C       		.byte	-116
 708 02a7 10       		.byte	16
 709 02a8 C4       		.byte	-60
 710 02a9 08       		.byte	8
 711 02aa C6       		.byte	-58
 712 02ab 08       		.byte	8
 713 02ac DC       		.byte	-36
 714 02ad 01       		.byte	1
 715 02ae DE       		.byte	-34
 716 02af 02       		.byte	2
 717 02b0 E2       		.byte	-30
 718 02b1 09       		.byte	9
 719 02b2 10       		.byte	16
 720 02b3 01       		.byte	1
 721 02b4 1C       		.byte	28
 722 02b5 01       		.byte	1
 723 02b6 00       		.byte	0
 724 02b7 0E       		.byte	14
 725 02b8 02       		.byte	2
 726 02b9 80       		.byte	-128
 727 02ba 00       		.byte	0
 728 02bb 00       		.byte	0
 729 02bc 40       		.byte	64
 730 02bd 00       		.byte	0
 731 02be 00       		.byte	0
 732 02bf 00       		.byte	0
 733 02c0 FF       		.byte	-1
 734 02c1 10       		.byte	16
 735 02c2 00       		.byte	0
 736 02c3 00       		.byte	0
 737 02c4 82       		.byte	-126
 738 02c5 08       		.byte	8
 739 02c6 00       		.byte	0
 740 02c7 00       		.byte	0
 741 02c8 00       		.byte	0
ARM GAS  C:\Users\shiyu\AppData\Local\Temp\ccPA0x3N.s 			page 14


 742 02c9 18       		.byte	24
 743 02ca E3       		.byte	-29
 744 02cb 00       		.byte	0
 745 02cc 08       		.byte	8
 746 02cd 1C       		.byte	28
 747 02ce 00       		.byte	0
 748 02cf 61       		.byte	97
 749 02d0 1F       		.byte	31
 750 02d1 00       		.byte	0
 751 02d2 E0       		.byte	-32
 752 02d3 80       		.byte	-128
 753 02d4 41       		.byte	65
 754 02d5 3C       		.byte	60
 755 02d6 00       		.byte	0
 756 02d7 42       		.byte	66
 757 02d8 1C       		.byte	28
 758 02d9 04       		.byte	4
 759 02da E3       		.byte	-29
 760 02db 00       		.byte	0
 761 02dc F3       		.byte	-13
 762 02dd 00       		.byte	0
 763 02de 0C       		.byte	12
 764 02df 04       		.byte	4
 765 02e0 C3       		.byte	-61
 766 02e1 7F       		.byte	127
 767 02e2 00       		.byte	0
 768 02e3 00       		.byte	0
 769 02e4 04       		.byte	4
 770 02e5 00       		.byte	0
 771 02e6 00       		.byte	0
 772 02e7 80       		.byte	-128
 773 02e8 0C       		.byte	12
 774 02e9 00       		.byte	0
 775 02ea 00       		.byte	0
 776 02eb 23       		.byte	35
 777 02ec 00       		.byte	0
 778 02ed 67       		.byte	103
 779 02ee 00       		.byte	0
 780 02ef 18       		.byte	24
 781 02f0 2C       		.byte	44
 782 02f1 38       		.byte	56
 783 02f2 0F       		.byte	15
 784 02f3 80       		.byte	-128
 785 02f4 10       		.byte	16
 786 02f5 1F       		.byte	31
 787 02f6 C0       		.byte	-64
 788 02f7 40       		.byte	64
 789 02f8 00       		.byte	0
 790 02f9 80       		.byte	-128
 791 02fa 0A       		.byte	10
 792 02fb 20       		.byte	32
 793 02fc 00       		.byte	0
 794 02fd 00       		.byte	0
 795 02fe 10       		.byte	16
 796 02ff 04       		.byte	4
 797 0300 36       		.byte	54
 798 0301 04       		.byte	4
ARM GAS  C:\Users\shiyu\AppData\Local\Temp\ccPA0x3N.s 			page 15


 799 0302 05       		.byte	5
 800 0303 00       		.byte	0
 801 0304 01       		.byte	1
 802 0305 0E       		.byte	14
 803 0306 C0       		.byte	-64
 804 0307 00       		.byte	0
 805 0308 09       		.byte	9
 806 0309 FF       		.byte	-1
 807 030a FF       		.byte	-1
 808 030b FF       		.byte	-1
 809 030c 62       		.byte	98
 810 030d A0       		.byte	-96
 811 030e F0       		.byte	-16
 812 030f 41       		.byte	65
 813 0310 0C       		.byte	12
 814 0311 00       		.byte	0
 815 0312 00       		.byte	0
 816 0313 00       		.byte	0
 817 0314 00       		.byte	0
 818 0315 00       		.byte	0
 819 0316 02       		.byte	2
 820 0317 12       		.byte	18
 821 0318 04       		.byte	4
 822 0319 04       		.byte	4
 823 031a 04       		.byte	4
 824 031b 04       		.byte	4
 825 031c 00       		.byte	0
 826 031d 00       		.byte	0
 827 031e 00       		.byte	0
 828 031f 01       		.byte	1
 829 0320 00       		.byte	0
 830 0321 00       		.byte	0
 831 0322 00       		.byte	0
 832 0323 00       		.byte	0
 833 0324 00       		.byte	0
 834 0325 00       		.byte	0
 835 0326 40       		.byte	64
 836 0327 02       		.byte	2
 837 0328 00       		.byte	0
 838 0329 10       		.byte	16
 839 032a 30       		.byte	48
 840 032b 10       		.byte	16
 841 032c 00       		.byte	0
 842 032d 10       		.byte	16
 843 032e 10       		.byte	16
 844 032f 12       		.byte	18
 845 0330 00       		.byte	0
 846 0331 00       		.byte	0
 847 0332 00       		.byte	0
 848 0333 00       		.byte	0
 849 0334 00       		.byte	0
 850 0335 00       		.byte	0
 851 0336 00       		.byte	0
 852 0337 00       		.byte	0
 853 0338 00       		.byte	0
 854 0339 00       		.byte	0
 855 033a 00       		.byte	0
ARM GAS  C:\Users\shiyu\AppData\Local\Temp\ccPA0x3N.s 			page 16


 856 033b 00       		.byte	0
 857 033c 00       		.byte	0
 858 033d 00       		.byte	0
 859 033e 00       		.byte	0
 860 033f 00       		.byte	0
 861 0340 00       		.byte	0
 862 0341 00       		.byte	0
 863 0342 00       		.byte	0
 864 0343 00       		.byte	0
 865 0344 00       		.byte	0
 866 0345 00       		.byte	0
 867 0346 FF       		.byte	-1
 868 0347 00       		.byte	0
 869 0348 82       		.byte	-126
 870 0349 00       		.byte	0
 871 034a 41       		.byte	65
 872 034b 82       		.byte	-126
 873 034c 82       		.byte	-126
 874 034d 00       		.byte	0
 875 034e 82       		.byte	-126
 876 034f 00       		.byte	0
 877 0350 00       		.byte	0
 878 0351 00       		.byte	0
 879 0352 00       		.byte	0
 880 0353 00       		.byte	0
 881 0354 00       		.byte	0
 882 0355 00       		.byte	0
 883 0356 00       		.byte	0
 884 0357 00       		.byte	0
 885 0358 00       		.byte	0
 886 0359 00       		.byte	0
 887 035a 3F       		.byte	63
 888 035b 00       		.byte	0
 889 035c 00       		.byte	0
 890 035d 0B       		.byte	11
 891 035e 0B       		.byte	11
 892 035f 00       		.byte	0
 893 0360 00       		.byte	0
 894 0361 00       		.byte	0
 895 0362 F4       		.byte	-12
 896 0363 00       		.byte	0
 897 0364 00       		.byte	0
 898 0365 00       		.byte	0
 899 0366 00       		.byte	0
 900 0367 00       		.byte	0
 901 0368 00       		.byte	0
 902 0369 00       		.byte	0
 903 036a FF       		.byte	-1
 904 036b 00       		.byte	0
 905 036c 00       		.byte	0
 906 036d 00       		.byte	0
 907 036e 00       		.byte	0
 908 036f 00       		.byte	0
 909 0370 00       		.byte	0
 910 0371 00       		.byte	0
 911 0372 FF       		.byte	-1
 912 0373 00       		.byte	0
ARM GAS  C:\Users\shiyu\AppData\Local\Temp\ccPA0x3N.s 			page 17


 913 0374 0E       		.byte	14
 914 0375 00       		.byte	0
 915 0376 18       		.byte	24
 916 0377 01       		.byte	1
 917              		.section	.cywolatch,"a",%progbits
 918              		.align	2
 919              		.type	cy_meta_wonvl, %object
 920              		.size	cy_meta_wonvl, 4
 921              	cy_meta_wonvl:
 922 0000 BC       		.byte	-68
 923 0001 90       		.byte	-112
 924 0002 AC       		.byte	-84
 925 0003 AF       		.byte	-81
 926              		.section	.cycustnvl,"a",%progbits
 927              		.align	2
 928              		.type	cy_meta_custnvl, %object
 929              		.size	cy_meta_custnvl, 4
 930              	cy_meta_custnvl:
 931 0000 00       		.byte	0
 932 0001 00       		.byte	0
 933 0002 40       		.byte	64
 934 0003 05       		.byte	5
 935              		.section	.cymeta,"a",%progbits
 936              		.align	2
 937              		.type	cy_metadata, %object
 938              		.size	cy_metadata, 12
 939              	cy_metadata:
 940 0000 00       		.byte	0
 941 0001 01       		.byte	1
 942 0002 2E       		.byte	46
 943 0003 16       		.byte	22
 944 0004 10       		.byte	16
 945 0005 69       		.byte	105
 946 0006 00       		.byte	0
 947 0007 01       		.byte	1
 948 0008 00       		.byte	0
 949 0009 00       		.byte	0
 950 000a 00       		.byte	0
 951 000b 00       		.byte	0
 952              		.section	.cyflashprotect,"a",%progbits
 953              		.align	2
 954              		.type	cy_meta_flashprotect, %object
 955              		.size	cy_meta_flashprotect, 256
 956              	cy_meta_flashprotect:
 957 0000 00000000 		.space	256
 957      00000000 
 957      00000000 
 957      00000000 
 957      00000000 
 958              		.text
 959              	.Letext0:
 960              		.file 1 "c:\\program files (x86)\\cypress\\psoc creator\\4.2\\psoc creator\\import\\gnu\\arm\\5.4.
 961              		.file 2 "c:\\program files (x86)\\cypress\\psoc creator\\4.2\\psoc creator\\import\\gnu\\arm\\5.4.
 962              		.file 3 "Generated_Source\\PSoC5\\cymetadata.c"
 963              		.section	.debug_info,"",%progbits
 964              	.Ldebug_info0:
 965 0000 31010000 		.4byte	0x131
ARM GAS  C:\Users\shiyu\AppData\Local\Temp\ccPA0x3N.s 			page 18


 966 0004 0400     		.2byte	0x4
 967 0006 00000000 		.4byte	.Ldebug_abbrev0
 968 000a 04       		.byte	0x4
 969 000b 01       		.uleb128 0x1
 970 000c 24000000 		.4byte	.LASF17
 971 0010 0C       		.byte	0xc
 972 0011 EB010000 		.4byte	.LASF18
 973 0015 5F010000 		.4byte	.LASF19
 974 0019 00000000 		.4byte	.Ldebug_line0
 975 001d 02       		.uleb128 0x2
 976 001e 01       		.byte	0x1
 977 001f 06       		.byte	0x6
 978 0020 DF010000 		.4byte	.LASF0
 979 0024 03       		.uleb128 0x3
 980 0025 00000000 		.4byte	.LASF9
 981 0029 01       		.byte	0x1
 982 002a 1D       		.byte	0x1d
 983 002b 2F000000 		.4byte	0x2f
 984 002f 02       		.uleb128 0x2
 985 0030 01       		.byte	0x1
 986 0031 08       		.byte	0x8
 987 0032 16000000 		.4byte	.LASF1
 988 0036 02       		.uleb128 0x2
 989 0037 02       		.byte	0x2
 990 0038 05       		.byte	0x5
 991 0039 CC010000 		.4byte	.LASF2
 992 003d 02       		.uleb128 0x2
 993 003e 02       		.byte	0x2
 994 003f 07       		.byte	0x7
 995 0040 C4000000 		.4byte	.LASF3
 996 0044 02       		.uleb128 0x2
 997 0045 04       		.byte	0x4
 998 0046 05       		.byte	0x5
 999 0047 D6010000 		.4byte	.LASF4
 1000 004b 02       		.uleb128 0x2
 1001 004c 04       		.byte	0x4
 1002 004d 07       		.byte	0x7
 1003 004e B2000000 		.4byte	.LASF5
 1004 0052 02       		.uleb128 0x2
 1005 0053 08       		.byte	0x8
 1006 0054 05       		.byte	0x5
 1007 0055 51010000 		.4byte	.LASF6
 1008 0059 02       		.uleb128 0x2
 1009 005a 08       		.byte	0x8
 1010 005b 07       		.byte	0x7
 1011 005c 06010000 		.4byte	.LASF7
 1012 0060 04       		.uleb128 0x4
 1013 0061 04       		.byte	0x4
 1014 0062 05       		.byte	0x5
 1015 0063 696E7400 		.ascii	"int\000"
 1016 0067 02       		.uleb128 0x2
 1017 0068 04       		.byte	0x4
 1018 0069 07       		.byte	0x7
 1019 006a F9000000 		.4byte	.LASF8
 1020 006e 03       		.uleb128 0x3
 1021 006f 1D010000 		.4byte	.LASF10
 1022 0073 02       		.byte	0x2
ARM GAS  C:\Users\shiyu\AppData\Local\Temp\ccPA0x3N.s 			page 19


 1023 0074 18       		.byte	0x18
 1024 0075 24000000 		.4byte	0x24
 1025 0079 05       		.uleb128 0x5
 1026 007a 91000000 		.4byte	0x91
 1027 007e 8A000000 		.4byte	0x8a
 1028 0082 06       		.uleb128 0x6
 1029 0083 8A000000 		.4byte	0x8a
 1030 0087 7703     		.2byte	0x377
 1031 0089 00       		.byte	0
 1032 008a 02       		.uleb128 0x2
 1033 008b 04       		.byte	0x4
 1034 008c 07       		.byte	0x7
 1035 008d 48010000 		.4byte	.LASF11
 1036 0091 07       		.uleb128 0x7
 1037 0092 6E000000 		.4byte	0x6e
 1038 0096 08       		.uleb128 0x8
 1039 0097 E7000000 		.4byte	.LASF12
 1040 009b 03       		.byte	0x3
 1041 009c 1F       		.byte	0x1f
 1042 009d A7000000 		.4byte	0xa7
 1043 00a1 05       		.uleb128 0x5
 1044 00a2 03       		.byte	0x3
 1045 00a3 00000000 		.4byte	cy_meta_configecc
 1046 00a7 07       		.uleb128 0x7
 1047 00a8 79000000 		.4byte	0x79
 1048 00ac 05       		.uleb128 0x5
 1049 00ad 91000000 		.4byte	0x91
 1050 00b1 BC000000 		.4byte	0xbc
 1051 00b5 09       		.uleb128 0x9
 1052 00b6 8A000000 		.4byte	0x8a
 1053 00ba 03       		.byte	0x3
 1054 00bb 00       		.byte	0
 1055 00bc 08       		.uleb128 0x8
 1056 00bd D7000000 		.4byte	.LASF13
 1057 00c1 03       		.byte	0x3
 1058 00c2 9B       		.byte	0x9b
 1059 00c3 CD000000 		.4byte	0xcd
 1060 00c7 05       		.uleb128 0x5
 1061 00c8 03       		.byte	0x3
 1062 00c9 00000000 		.4byte	cy_meta_custnvl
 1063 00cd 07       		.uleb128 0x7
 1064 00ce AC000000 		.4byte	0xac
 1065 00d2 08       		.uleb128 0x8
 1066 00d3 3A010000 		.4byte	.LASF14
 1067 00d7 03       		.byte	0x3
 1068 00d8 A9       		.byte	0xa9
 1069 00d9 E3000000 		.4byte	0xe3
 1070 00dd 05       		.uleb128 0x5
 1071 00de 03       		.byte	0x3
 1072 00df 00000000 		.4byte	cy_meta_wonvl
 1073 00e3 07       		.uleb128 0x7
 1074 00e4 AC000000 		.4byte	0xac
 1075 00e8 05       		.uleb128 0x5
 1076 00e9 91000000 		.4byte	0x91
 1077 00ed F8000000 		.4byte	0xf8
 1078 00f1 09       		.uleb128 0x9
 1079 00f2 8A000000 		.4byte	0x8a
ARM GAS  C:\Users\shiyu\AppData\Local\Temp\ccPA0x3N.s 			page 20


 1080 00f6 FF       		.byte	0xff
 1081 00f7 00       		.byte	0
 1082 00f8 08       		.uleb128 0x8
 1083 00f9 25010000 		.4byte	.LASF15
 1084 00fd 03       		.byte	0x3
 1085 00fe B7       		.byte	0xb7
 1086 00ff 09010000 		.4byte	0x109
 1087 0103 05       		.uleb128 0x5
 1088 0104 03       		.byte	0x3
 1089 0105 00000000 		.4byte	cy_meta_flashprotect
 1090 0109 07       		.uleb128 0x7
 1091 010a E8000000 		.4byte	0xe8
 1092 010e 05       		.uleb128 0x5
 1093 010f 91000000 		.4byte	0x91
 1094 0113 1E010000 		.4byte	0x11e
 1095 0117 09       		.uleb128 0x9
 1096 0118 8A000000 		.4byte	0x8a
 1097 011c 0B       		.byte	0xb
 1098 011d 00       		.byte	0
 1099 011e 08       		.uleb128 0x8
 1100 011f 0A000000 		.4byte	.LASF16
 1101 0123 03       		.byte	0x3
 1102 0124 E4       		.byte	0xe4
 1103 0125 2F010000 		.4byte	0x12f
 1104 0129 05       		.uleb128 0x5
 1105 012a 03       		.byte	0x3
 1106 012b 00000000 		.4byte	cy_metadata
 1107 012f 07       		.uleb128 0x7
 1108 0130 0E010000 		.4byte	0x10e
 1109 0134 00       		.byte	0
 1110              		.section	.debug_abbrev,"",%progbits
 1111              	.Ldebug_abbrev0:
 1112 0000 01       		.uleb128 0x1
 1113 0001 11       		.uleb128 0x11
 1114 0002 01       		.byte	0x1
 1115 0003 25       		.uleb128 0x25
 1116 0004 0E       		.uleb128 0xe
 1117 0005 13       		.uleb128 0x13
 1118 0006 0B       		.uleb128 0xb
 1119 0007 03       		.uleb128 0x3
 1120 0008 0E       		.uleb128 0xe
 1121 0009 1B       		.uleb128 0x1b
 1122 000a 0E       		.uleb128 0xe
 1123 000b 10       		.uleb128 0x10
 1124 000c 17       		.uleb128 0x17
 1125 000d 00       		.byte	0
 1126 000e 00       		.byte	0
 1127 000f 02       		.uleb128 0x2
 1128 0010 24       		.uleb128 0x24
 1129 0011 00       		.byte	0
 1130 0012 0B       		.uleb128 0xb
 1131 0013 0B       		.uleb128 0xb
 1132 0014 3E       		.uleb128 0x3e
 1133 0015 0B       		.uleb128 0xb
 1134 0016 03       		.uleb128 0x3
 1135 0017 0E       		.uleb128 0xe
 1136 0018 00       		.byte	0
ARM GAS  C:\Users\shiyu\AppData\Local\Temp\ccPA0x3N.s 			page 21


 1137 0019 00       		.byte	0
 1138 001a 03       		.uleb128 0x3
 1139 001b 16       		.uleb128 0x16
 1140 001c 00       		.byte	0
 1141 001d 03       		.uleb128 0x3
 1142 001e 0E       		.uleb128 0xe
 1143 001f 3A       		.uleb128 0x3a
 1144 0020 0B       		.uleb128 0xb
 1145 0021 3B       		.uleb128 0x3b
 1146 0022 0B       		.uleb128 0xb
 1147 0023 49       		.uleb128 0x49
 1148 0024 13       		.uleb128 0x13
 1149 0025 00       		.byte	0
 1150 0026 00       		.byte	0
 1151 0027 04       		.uleb128 0x4
 1152 0028 24       		.uleb128 0x24
 1153 0029 00       		.byte	0
 1154 002a 0B       		.uleb128 0xb
 1155 002b 0B       		.uleb128 0xb
 1156 002c 3E       		.uleb128 0x3e
 1157 002d 0B       		.uleb128 0xb
 1158 002e 03       		.uleb128 0x3
 1159 002f 08       		.uleb128 0x8
 1160 0030 00       		.byte	0
 1161 0031 00       		.byte	0
 1162 0032 05       		.uleb128 0x5
 1163 0033 01       		.uleb128 0x1
 1164 0034 01       		.byte	0x1
 1165 0035 49       		.uleb128 0x49
 1166 0036 13       		.uleb128 0x13
 1167 0037 01       		.uleb128 0x1
 1168 0038 13       		.uleb128 0x13
 1169 0039 00       		.byte	0
 1170 003a 00       		.byte	0
 1171 003b 06       		.uleb128 0x6
 1172 003c 21       		.uleb128 0x21
 1173 003d 00       		.byte	0
 1174 003e 49       		.uleb128 0x49
 1175 003f 13       		.uleb128 0x13
 1176 0040 2F       		.uleb128 0x2f
 1177 0041 05       		.uleb128 0x5
 1178 0042 00       		.byte	0
 1179 0043 00       		.byte	0
 1180 0044 07       		.uleb128 0x7
 1181 0045 26       		.uleb128 0x26
 1182 0046 00       		.byte	0
 1183 0047 49       		.uleb128 0x49
 1184 0048 13       		.uleb128 0x13
 1185 0049 00       		.byte	0
 1186 004a 00       		.byte	0
 1187 004b 08       		.uleb128 0x8
 1188 004c 34       		.uleb128 0x34
 1189 004d 00       		.byte	0
 1190 004e 03       		.uleb128 0x3
 1191 004f 0E       		.uleb128 0xe
 1192 0050 3A       		.uleb128 0x3a
 1193 0051 0B       		.uleb128 0xb
ARM GAS  C:\Users\shiyu\AppData\Local\Temp\ccPA0x3N.s 			page 22


 1194 0052 3B       		.uleb128 0x3b
 1195 0053 0B       		.uleb128 0xb
 1196 0054 49       		.uleb128 0x49
 1197 0055 13       		.uleb128 0x13
 1198 0056 3F       		.uleb128 0x3f
 1199 0057 19       		.uleb128 0x19
 1200 0058 02       		.uleb128 0x2
 1201 0059 18       		.uleb128 0x18
 1202 005a 00       		.byte	0
 1203 005b 00       		.byte	0
 1204 005c 09       		.uleb128 0x9
 1205 005d 21       		.uleb128 0x21
 1206 005e 00       		.byte	0
 1207 005f 49       		.uleb128 0x49
 1208 0060 13       		.uleb128 0x13
 1209 0061 2F       		.uleb128 0x2f
 1210 0062 0B       		.uleb128 0xb
 1211 0063 00       		.byte	0
 1212 0064 00       		.byte	0
 1213 0065 00       		.byte	0
 1214              		.section	.debug_aranges,"",%progbits
 1215 0000 14000000 		.4byte	0x14
 1216 0004 0200     		.2byte	0x2
 1217 0006 00000000 		.4byte	.Ldebug_info0
 1218 000a 04       		.byte	0x4
 1219 000b 00       		.byte	0
 1220 000c 0000     		.2byte	0
 1221 000e 0000     		.2byte	0
 1222 0010 00000000 		.4byte	0
 1223 0014 00000000 		.4byte	0
 1224              		.section	.debug_line,"",%progbits
 1225              	.Ldebug_line0:
 1226 0000 3D010000 		.section	.debug_str,"MS",%progbits,1
 1226      02003701 
 1226      00000201 
 1226      FB0E0D00 
 1226      01010101 
 1227              	.LASF9:
 1228 0000 5F5F7569 		.ascii	"__uint8_t\000"
 1228      6E74385F 
 1228      7400
 1229              	.LASF16:
 1230 000a 63795F6D 		.ascii	"cy_metadata\000"
 1230      65746164 
 1230      61746100 
 1231              	.LASF1:
 1232 0016 756E7369 		.ascii	"unsigned char\000"
 1232      676E6564 
 1232      20636861 
 1232      7200
 1233              	.LASF17:
 1234 0024 474E5520 		.ascii	"GNU C11 5.4.1 20160609 (release) [ARM/embedded-5-br"
 1234      43313120 
 1234      352E342E 
 1234      31203230 
 1234      31363036 
 1235 0057 616E6368 		.ascii	"anch revision 237715] -mcpu=cortex-m3 -mthumb -g -O"
ARM GAS  C:\Users\shiyu\AppData\Local\Temp\ccPA0x3N.s 			page 23


 1235      20726576 
 1235      6973696F 
 1235      6E203233 
 1235      37373135 
 1236 008a 67202D66 		.ascii	"g -ffunction-sections -ffat-lto-objects\000"
 1236      66756E63 
 1236      74696F6E 
 1236      2D736563 
 1236      74696F6E 
 1237              	.LASF5:
 1238 00b2 6C6F6E67 		.ascii	"long unsigned int\000"
 1238      20756E73 
 1238      69676E65 
 1238      6420696E 
 1238      7400
 1239              	.LASF3:
 1240 00c4 73686F72 		.ascii	"short unsigned int\000"
 1240      7420756E 
 1240      7369676E 
 1240      65642069 
 1240      6E7400
 1241              	.LASF13:
 1242 00d7 63795F6D 		.ascii	"cy_meta_custnvl\000"
 1242      6574615F 
 1242      63757374 
 1242      6E766C00 
 1243              	.LASF12:
 1244 00e7 63795F6D 		.ascii	"cy_meta_configecc\000"
 1244      6574615F 
 1244      636F6E66 
 1244      69676563 
 1244      6300
 1245              	.LASF8:
 1246 00f9 756E7369 		.ascii	"unsigned int\000"
 1246      676E6564 
 1246      20696E74 
 1246      00
 1247              	.LASF7:
 1248 0106 6C6F6E67 		.ascii	"long long unsigned int\000"
 1248      206C6F6E 
 1248      6720756E 
 1248      7369676E 
 1248      65642069 
 1249              	.LASF10:
 1250 011d 75696E74 		.ascii	"uint8_t\000"
 1250      385F7400 
 1251              	.LASF15:
 1252 0125 63795F6D 		.ascii	"cy_meta_flashprotect\000"
 1252      6574615F 
 1252      666C6173 
 1252      6870726F 
 1252      74656374 
 1253              	.LASF14:
 1254 013a 63795F6D 		.ascii	"cy_meta_wonvl\000"
 1254      6574615F 
 1254      776F6E76 
 1254      6C00
ARM GAS  C:\Users\shiyu\AppData\Local\Temp\ccPA0x3N.s 			page 24


 1255              	.LASF11:
 1256 0148 73697A65 		.ascii	"sizetype\000"
 1256      74797065 
 1256      00
 1257              	.LASF6:
 1258 0151 6C6F6E67 		.ascii	"long long int\000"
 1258      206C6F6E 
 1258      6720696E 
 1258      7400
 1259              	.LASF19:
 1260 015f 433A5C55 		.ascii	"C:\\Users\\shiyu\\Documents\\GitHub\\MUR\\MCU_PSOC\\"
 1260      73657273 
 1260      5C736869 
 1260      79755C44 
 1260      6F63756D 
 1261 018c 4272616E 		.ascii	"Branches\\NOV\\PCB_CAN_ORION_Interrupt_PSOC_A_5\\SA"
 1261      63686573 
 1261      5C4E4F56 
 1261      5C504342 
 1261      5F43414E 
 1262 01bc 52204578 		.ascii	"R Example.cydsn\000"
 1262      616D706C 
 1262      652E6379 
 1262      64736E00 
 1263              	.LASF2:
 1264 01cc 73686F72 		.ascii	"short int\000"
 1264      7420696E 
 1264      7400
 1265              	.LASF4:
 1266 01d6 6C6F6E67 		.ascii	"long int\000"
 1266      20696E74 
 1266      00
 1267              	.LASF0:
 1268 01df 7369676E 		.ascii	"signed char\000"
 1268      65642063 
 1268      68617200 
 1269              	.LASF18:
 1270 01eb 47656E65 		.ascii	"Generated_Source\\PSoC5\\cymetadata.c\000"
 1270      72617465 
 1270      645F536F 
 1270      75726365 
 1270      5C50536F 
 1271              		.ident	"GCC: (GNU Tools for ARM Embedded Processors) 5.4.1 20160609 (release) [ARM/embedded-5-bran
