ARM GAS  C:\Users\shiyu\AppData\Local\Temp\ccN81Mxx.s 			page 1


   1              		.syntax unified
   2              		.cpu cortex-m3
   3              		.fpu softvfp
   4              		.eabi_attribute 20, 1
   5              		.eabi_attribute 21, 1
   6              		.eabi_attribute 23, 3
   7              		.eabi_attribute 24, 1
   8              		.eabi_attribute 25, 1
   9              		.eabi_attribute 26, 1
  10              		.eabi_attribute 30, 1
  11              		.eabi_attribute 34, 1
  12              		.eabi_attribute 18, 4
  13              		.thumb
  14              		.syntax unified
  15              		.file	"Timer.c"
  16              		.text
  17              	.Ltext0:
  18              		.cfi_sections	.debug_frame
  19              		.section	.text.Timer_Enable,"ax",%progbits
  20              		.align	2
  21              		.global	Timer_Enable
  22              		.thumb
  23              		.thumb_func
  24              		.type	Timer_Enable, %function
  25              	Timer_Enable:
  26              	.LFB1:
  27              		.file 1 "Generated_Source\\PSoC5\\Timer.c"
   1:Generated_Source\PSoC5/Timer.c **** /*******************************************************************************
   2:Generated_Source\PSoC5/Timer.c **** * File Name: Timer.c
   3:Generated_Source\PSoC5/Timer.c **** * Version 2.80
   4:Generated_Source\PSoC5/Timer.c **** *
   5:Generated_Source\PSoC5/Timer.c **** * Description:
   6:Generated_Source\PSoC5/Timer.c **** *  The Timer component consists of a 8, 16, 24 or 32-bit timer with
   7:Generated_Source\PSoC5/Timer.c **** *  a selectable period between 2 and 2^Width - 1.  The timer may free run
   8:Generated_Source\PSoC5/Timer.c **** *  or be used as a capture timer as well.  The capture can be initiated
   9:Generated_Source\PSoC5/Timer.c **** *  by a positive or negative edge signal as well as via software.
  10:Generated_Source\PSoC5/Timer.c **** *  A trigger input can be programmed to enable the timer on rising edge
  11:Generated_Source\PSoC5/Timer.c **** *  falling edge, either edge or continous run.
  12:Generated_Source\PSoC5/Timer.c **** *  Interrupts may be generated due to a terminal count condition
  13:Generated_Source\PSoC5/Timer.c **** *  or a capture event.
  14:Generated_Source\PSoC5/Timer.c **** *
  15:Generated_Source\PSoC5/Timer.c **** * Note:
  16:Generated_Source\PSoC5/Timer.c **** *
  17:Generated_Source\PSoC5/Timer.c **** ********************************************************************************
  18:Generated_Source\PSoC5/Timer.c **** * Copyright 2008-2017, Cypress Semiconductor Corporation.  All rights reserved.
  19:Generated_Source\PSoC5/Timer.c **** * You may use this file only in accordance with the license, terms, conditions,
  20:Generated_Source\PSoC5/Timer.c **** * disclaimers, and limitations in the end user license agreement accompanying
  21:Generated_Source\PSoC5/Timer.c **** * the software package with which this file was provided.
  22:Generated_Source\PSoC5/Timer.c **** ********************************************************************************/
  23:Generated_Source\PSoC5/Timer.c **** 
  24:Generated_Source\PSoC5/Timer.c **** #include "Timer.h"
  25:Generated_Source\PSoC5/Timer.c **** 
  26:Generated_Source\PSoC5/Timer.c **** uint8 Timer_initVar = 0u;
  27:Generated_Source\PSoC5/Timer.c **** 
  28:Generated_Source\PSoC5/Timer.c **** 
  29:Generated_Source\PSoC5/Timer.c **** /*******************************************************************************
  30:Generated_Source\PSoC5/Timer.c **** * Function Name: Timer_Init
ARM GAS  C:\Users\shiyu\AppData\Local\Temp\ccN81Mxx.s 			page 2


  31:Generated_Source\PSoC5/Timer.c **** ********************************************************************************
  32:Generated_Source\PSoC5/Timer.c **** *
  33:Generated_Source\PSoC5/Timer.c **** * Summary:
  34:Generated_Source\PSoC5/Timer.c **** *  Initialize to the schematic state
  35:Generated_Source\PSoC5/Timer.c **** *
  36:Generated_Source\PSoC5/Timer.c **** * Parameters:
  37:Generated_Source\PSoC5/Timer.c **** *  void
  38:Generated_Source\PSoC5/Timer.c **** *
  39:Generated_Source\PSoC5/Timer.c **** * Return:
  40:Generated_Source\PSoC5/Timer.c **** *  void
  41:Generated_Source\PSoC5/Timer.c **** *
  42:Generated_Source\PSoC5/Timer.c **** *******************************************************************************/
  43:Generated_Source\PSoC5/Timer.c **** void Timer_Init(void) 
  44:Generated_Source\PSoC5/Timer.c **** {
  45:Generated_Source\PSoC5/Timer.c ****     #if(!Timer_UsingFixedFunction)
  46:Generated_Source\PSoC5/Timer.c ****             /* Interrupt State Backup for Critical Region*/
  47:Generated_Source\PSoC5/Timer.c ****             uint8 Timer_interruptState;
  48:Generated_Source\PSoC5/Timer.c ****     #endif /* Interrupt state back up for Fixed Function only */
  49:Generated_Source\PSoC5/Timer.c **** 
  50:Generated_Source\PSoC5/Timer.c ****     #if (Timer_UsingFixedFunction)
  51:Generated_Source\PSoC5/Timer.c ****         /* Clear all bits but the enable bit (if it's already set) for Timer operation */
  52:Generated_Source\PSoC5/Timer.c ****         Timer_CONTROL &= Timer_CTRL_ENABLE;
  53:Generated_Source\PSoC5/Timer.c **** 
  54:Generated_Source\PSoC5/Timer.c ****         /* Clear the mode bits for continuous run mode */
  55:Generated_Source\PSoC5/Timer.c ****         #if (CY_PSOC5A)
  56:Generated_Source\PSoC5/Timer.c ****             Timer_CONTROL2 &= ((uint8)(~Timer_CTRL_MODE_MASK));
  57:Generated_Source\PSoC5/Timer.c ****         #endif /* Clear bits in CONTROL2 only in PSOC5A */
  58:Generated_Source\PSoC5/Timer.c **** 
  59:Generated_Source\PSoC5/Timer.c ****         #if (CY_PSOC3 || CY_PSOC5LP)
  60:Generated_Source\PSoC5/Timer.c ****             Timer_CONTROL3 &= ((uint8)(~Timer_CTRL_MODE_MASK));
  61:Generated_Source\PSoC5/Timer.c ****         #endif /* CONTROL3 register exists only in PSoC3 OR PSoC5LP */
  62:Generated_Source\PSoC5/Timer.c **** 
  63:Generated_Source\PSoC5/Timer.c ****         /* Check if One Shot mode is enabled i.e. RunMode !=0*/
  64:Generated_Source\PSoC5/Timer.c ****         #if (Timer_RunModeUsed != 0x0u)
  65:Generated_Source\PSoC5/Timer.c ****             /* Set 3rd bit of Control register to enable one shot mode */
  66:Generated_Source\PSoC5/Timer.c ****             Timer_CONTROL |= 0x04u;
  67:Generated_Source\PSoC5/Timer.c ****         #endif /* One Shot enabled only when RunModeUsed is not Continuous*/
  68:Generated_Source\PSoC5/Timer.c **** 
  69:Generated_Source\PSoC5/Timer.c ****         #if (Timer_RunModeUsed == 2)
  70:Generated_Source\PSoC5/Timer.c ****             #if (CY_PSOC5A)
  71:Generated_Source\PSoC5/Timer.c ****                 /* Set last 2 bits of control2 register if one shot(halt on
  72:Generated_Source\PSoC5/Timer.c ****                 interrupt) is enabled*/
  73:Generated_Source\PSoC5/Timer.c ****                 Timer_CONTROL2 |= 0x03u;
  74:Generated_Source\PSoC5/Timer.c ****             #endif /* Set One-Shot Halt on Interrupt bit in CONTROL2 for PSoC5A */
  75:Generated_Source\PSoC5/Timer.c **** 
  76:Generated_Source\PSoC5/Timer.c ****             #if (CY_PSOC3 || CY_PSOC5LP)
  77:Generated_Source\PSoC5/Timer.c ****                 /* Set last 2 bits of control3 register if one shot(halt on
  78:Generated_Source\PSoC5/Timer.c ****                 interrupt) is enabled*/
  79:Generated_Source\PSoC5/Timer.c ****                 Timer_CONTROL3 |= 0x03u;
  80:Generated_Source\PSoC5/Timer.c ****             #endif /* Set One-Shot Halt on Interrupt bit in CONTROL3 for PSoC3 or PSoC5LP */
  81:Generated_Source\PSoC5/Timer.c **** 
  82:Generated_Source\PSoC5/Timer.c ****         #endif /* Remove section if One Shot Halt on Interrupt is not enabled */
  83:Generated_Source\PSoC5/Timer.c **** 
  84:Generated_Source\PSoC5/Timer.c ****         #if (Timer_UsingHWEnable != 0)
  85:Generated_Source\PSoC5/Timer.c ****             #if (CY_PSOC5A)
  86:Generated_Source\PSoC5/Timer.c ****                 /* Set the default Run Mode of the Timer to Continuous */
  87:Generated_Source\PSoC5/Timer.c ****                 Timer_CONTROL2 |= Timer_CTRL_MODE_PULSEWIDTH;
ARM GAS  C:\Users\shiyu\AppData\Local\Temp\ccN81Mxx.s 			page 3


  88:Generated_Source\PSoC5/Timer.c ****             #endif /* Set Continuous Run Mode in CONTROL2 for PSoC5A */
  89:Generated_Source\PSoC5/Timer.c **** 
  90:Generated_Source\PSoC5/Timer.c ****             #if (CY_PSOC3 || CY_PSOC5LP)
  91:Generated_Source\PSoC5/Timer.c ****                 /* Clear and Set ROD and COD bits of CFG2 register */
  92:Generated_Source\PSoC5/Timer.c ****                 Timer_CONTROL3 &= ((uint8)(~Timer_CTRL_RCOD_MASK));
  93:Generated_Source\PSoC5/Timer.c ****                 Timer_CONTROL3 |= Timer_CTRL_RCOD;
  94:Generated_Source\PSoC5/Timer.c **** 
  95:Generated_Source\PSoC5/Timer.c ****                 /* Clear and Enable the HW enable bit in CFG2 register */
  96:Generated_Source\PSoC5/Timer.c ****                 Timer_CONTROL3 &= ((uint8)(~Timer_CTRL_ENBL_MASK));
  97:Generated_Source\PSoC5/Timer.c ****                 Timer_CONTROL3 |= Timer_CTRL_ENBL;
  98:Generated_Source\PSoC5/Timer.c **** 
  99:Generated_Source\PSoC5/Timer.c ****                 /* Set the default Run Mode of the Timer to Continuous */
 100:Generated_Source\PSoC5/Timer.c ****                 Timer_CONTROL3 |= Timer_CTRL_MODE_CONTINUOUS;
 101:Generated_Source\PSoC5/Timer.c ****             #endif /* Set Continuous Run Mode in CONTROL3 for PSoC3ES3 or PSoC5A */
 102:Generated_Source\PSoC5/Timer.c **** 
 103:Generated_Source\PSoC5/Timer.c ****         #endif /* Configure Run Mode with hardware enable */
 104:Generated_Source\PSoC5/Timer.c **** 
 105:Generated_Source\PSoC5/Timer.c ****         /* Clear and Set SYNCTC and SYNCCMP bits of RT1 register */
 106:Generated_Source\PSoC5/Timer.c ****         Timer_RT1 &= ((uint8)(~Timer_RT1_MASK));
 107:Generated_Source\PSoC5/Timer.c ****         Timer_RT1 |= Timer_SYNC;
 108:Generated_Source\PSoC5/Timer.c **** 
 109:Generated_Source\PSoC5/Timer.c ****         /*Enable DSI Sync all all inputs of the Timer*/
 110:Generated_Source\PSoC5/Timer.c ****         Timer_RT1 &= ((uint8)(~Timer_SYNCDSI_MASK));
 111:Generated_Source\PSoC5/Timer.c ****         Timer_RT1 |= Timer_SYNCDSI_EN;
 112:Generated_Source\PSoC5/Timer.c **** 
 113:Generated_Source\PSoC5/Timer.c ****         /* Set the IRQ to use the status register interrupts */
 114:Generated_Source\PSoC5/Timer.c ****         Timer_CONTROL2 |= Timer_CTRL2_IRQ_SEL;
 115:Generated_Source\PSoC5/Timer.c ****     #endif /* Configuring registers of fixed function implementation */
 116:Generated_Source\PSoC5/Timer.c **** 
 117:Generated_Source\PSoC5/Timer.c ****     /* Set Initial values from Configuration */
 118:Generated_Source\PSoC5/Timer.c ****     Timer_WritePeriod(Timer_INIT_PERIOD);
 119:Generated_Source\PSoC5/Timer.c ****     Timer_WriteCounter(Timer_INIT_PERIOD);
 120:Generated_Source\PSoC5/Timer.c **** 
 121:Generated_Source\PSoC5/Timer.c ****     #if (Timer_UsingHWCaptureCounter)/* Capture counter is enabled */
 122:Generated_Source\PSoC5/Timer.c ****         Timer_CAPTURE_COUNT_CTRL |= Timer_CNTR_ENABLE;
 123:Generated_Source\PSoC5/Timer.c ****         Timer_SetCaptureCount(Timer_INIT_CAPTURE_COUNT);
 124:Generated_Source\PSoC5/Timer.c ****     #endif /* Configure capture counter value */
 125:Generated_Source\PSoC5/Timer.c **** 
 126:Generated_Source\PSoC5/Timer.c ****     #if (!Timer_UsingFixedFunction)
 127:Generated_Source\PSoC5/Timer.c ****         #if (Timer_SoftwareCaptureMode)
 128:Generated_Source\PSoC5/Timer.c ****             Timer_SetCaptureMode(Timer_INIT_CAPTURE_MODE);
 129:Generated_Source\PSoC5/Timer.c ****         #endif /* Set Capture Mode for UDB implementation if capture mode is software controlled */
 130:Generated_Source\PSoC5/Timer.c **** 
 131:Generated_Source\PSoC5/Timer.c ****         #if (Timer_SoftwareTriggerMode)
 132:Generated_Source\PSoC5/Timer.c ****             #if (!Timer_UDB_CONTROL_REG_REMOVED)
 133:Generated_Source\PSoC5/Timer.c ****                 if (0u == (Timer_CONTROL & Timer__B_TIMER__TM_SOFTWARE))
 134:Generated_Source\PSoC5/Timer.c ****                 {
 135:Generated_Source\PSoC5/Timer.c ****                     Timer_SetTriggerMode(Timer_INIT_TRIGGER_MODE);
 136:Generated_Source\PSoC5/Timer.c ****                 }
 137:Generated_Source\PSoC5/Timer.c ****             #endif /* (!Timer_UDB_CONTROL_REG_REMOVED) */
 138:Generated_Source\PSoC5/Timer.c ****         #endif /* Set trigger mode for UDB Implementation if trigger mode is software controlled */
 139:Generated_Source\PSoC5/Timer.c **** 
 140:Generated_Source\PSoC5/Timer.c ****         /* CyEnterCriticalRegion and CyExitCriticalRegion are used to mark following region critica
 141:Generated_Source\PSoC5/Timer.c ****         /* Enter Critical Region*/
 142:Generated_Source\PSoC5/Timer.c ****         Timer_interruptState = CyEnterCriticalSection();
 143:Generated_Source\PSoC5/Timer.c **** 
 144:Generated_Source\PSoC5/Timer.c ****         /* Use the interrupt output of the status register for IRQ output */
ARM GAS  C:\Users\shiyu\AppData\Local\Temp\ccN81Mxx.s 			page 4


 145:Generated_Source\PSoC5/Timer.c ****         Timer_STATUS_AUX_CTRL |= Timer_STATUS_ACTL_INT_EN_MASK;
 146:Generated_Source\PSoC5/Timer.c **** 
 147:Generated_Source\PSoC5/Timer.c ****         /* Exit Critical Region*/
 148:Generated_Source\PSoC5/Timer.c ****         CyExitCriticalSection(Timer_interruptState);
 149:Generated_Source\PSoC5/Timer.c **** 
 150:Generated_Source\PSoC5/Timer.c ****         #if (Timer_EnableTriggerMode)
 151:Generated_Source\PSoC5/Timer.c ****             Timer_EnableTrigger();
 152:Generated_Source\PSoC5/Timer.c ****         #endif /* Set Trigger enable bit for UDB implementation in the control register*/
 153:Generated_Source\PSoC5/Timer.c **** 		
 154:Generated_Source\PSoC5/Timer.c **** 		
 155:Generated_Source\PSoC5/Timer.c ****         #if (Timer_InterruptOnCaptureCount && !Timer_UDB_CONTROL_REG_REMOVED)
 156:Generated_Source\PSoC5/Timer.c ****             Timer_SetInterruptCount(Timer_INIT_INT_CAPTURE_COUNT);
 157:Generated_Source\PSoC5/Timer.c ****         #endif /* Set interrupt count in UDB implementation if interrupt count feature is checked.*
 158:Generated_Source\PSoC5/Timer.c **** 
 159:Generated_Source\PSoC5/Timer.c ****         Timer_ClearFIFO();
 160:Generated_Source\PSoC5/Timer.c ****     #endif /* Configure additional features of UDB implementation */
 161:Generated_Source\PSoC5/Timer.c **** 
 162:Generated_Source\PSoC5/Timer.c ****     Timer_SetInterruptMode(Timer_INIT_INTERRUPT_MODE);
 163:Generated_Source\PSoC5/Timer.c **** }
 164:Generated_Source\PSoC5/Timer.c **** 
 165:Generated_Source\PSoC5/Timer.c **** 
 166:Generated_Source\PSoC5/Timer.c **** /*******************************************************************************
 167:Generated_Source\PSoC5/Timer.c **** * Function Name: Timer_Enable
 168:Generated_Source\PSoC5/Timer.c **** ********************************************************************************
 169:Generated_Source\PSoC5/Timer.c **** *
 170:Generated_Source\PSoC5/Timer.c **** * Summary:
 171:Generated_Source\PSoC5/Timer.c **** *  Enable the Timer
 172:Generated_Source\PSoC5/Timer.c **** *
 173:Generated_Source\PSoC5/Timer.c **** * Parameters:
 174:Generated_Source\PSoC5/Timer.c **** *  void
 175:Generated_Source\PSoC5/Timer.c **** *
 176:Generated_Source\PSoC5/Timer.c **** * Return:
 177:Generated_Source\PSoC5/Timer.c **** *  void
 178:Generated_Source\PSoC5/Timer.c **** *
 179:Generated_Source\PSoC5/Timer.c **** *******************************************************************************/
 180:Generated_Source\PSoC5/Timer.c **** void Timer_Enable(void) 
 181:Generated_Source\PSoC5/Timer.c **** {
  28              		.loc 1 181 0
  29              		.cfi_startproc
  30              		@ args = 0, pretend = 0, frame = 0
  31              		@ frame_needed = 0, uses_anonymous_args = 0
  32              		@ link register save eliminated.
 182:Generated_Source\PSoC5/Timer.c ****     /* Globally Enable the Fixed Function Block chosen */
 183:Generated_Source\PSoC5/Timer.c ****     #if (Timer_UsingFixedFunction)
 184:Generated_Source\PSoC5/Timer.c ****         Timer_GLOBAL_ENABLE |= Timer_BLOCK_EN_MASK;
  33              		.loc 1 184 0
  34 0000 084A     		ldr	r2, .L2
  35 0002 1378     		ldrb	r3, [r2]	@ zero_extendqisi2
  36 0004 43F00103 		orr	r3, r3, #1
  37 0008 1370     		strb	r3, [r2]
 185:Generated_Source\PSoC5/Timer.c ****         Timer_GLOBAL_STBY_ENABLE |= Timer_BLOCK_STBY_EN_MASK;
  38              		.loc 1 185 0
  39 000a 1032     		adds	r2, r2, #16
  40 000c 1378     		ldrb	r3, [r2]	@ zero_extendqisi2
  41 000e 43F00103 		orr	r3, r3, #1
  42 0012 1370     		strb	r3, [r2]
 186:Generated_Source\PSoC5/Timer.c ****     #endif /* Set Enable bit for enabling Fixed function timer*/
ARM GAS  C:\Users\shiyu\AppData\Local\Temp\ccN81Mxx.s 			page 5


 187:Generated_Source\PSoC5/Timer.c **** 
 188:Generated_Source\PSoC5/Timer.c ****     /* Remove assignment if control register is removed */
 189:Generated_Source\PSoC5/Timer.c ****     #if (!Timer_UDB_CONTROL_REG_REMOVED || Timer_UsingFixedFunction)
 190:Generated_Source\PSoC5/Timer.c ****         Timer_CONTROL |= Timer_CTRL_ENABLE;
  43              		.loc 1 190 0
  44 0014 02F64D32 		addw	r2, r2, #2893
  45 0018 1378     		ldrb	r3, [r2]	@ zero_extendqisi2
  46 001a 43F00103 		orr	r3, r3, #1
  47 001e 1370     		strb	r3, [r2]
  48 0020 7047     		bx	lr
  49              	.L3:
  50 0022 00BF     		.align	2
  51              	.L2:
  52 0024 A3430040 		.word	1073759139
  53              		.cfi_endproc
  54              	.LFE1:
  55              		.size	Timer_Enable, .-Timer_Enable
  56              		.section	.text.Timer_Stop,"ax",%progbits
  57              		.align	2
  58              		.global	Timer_Stop
  59              		.thumb
  60              		.thumb_func
  61              		.type	Timer_Stop, %function
  62              	Timer_Stop:
  63              	.LFB3:
 191:Generated_Source\PSoC5/Timer.c ****     #endif /* Remove assignment if control register is removed */
 192:Generated_Source\PSoC5/Timer.c **** }
 193:Generated_Source\PSoC5/Timer.c **** 
 194:Generated_Source\PSoC5/Timer.c **** 
 195:Generated_Source\PSoC5/Timer.c **** /*******************************************************************************
 196:Generated_Source\PSoC5/Timer.c **** * Function Name: Timer_Start
 197:Generated_Source\PSoC5/Timer.c **** ********************************************************************************
 198:Generated_Source\PSoC5/Timer.c **** *
 199:Generated_Source\PSoC5/Timer.c **** * Summary:
 200:Generated_Source\PSoC5/Timer.c **** *  The start function initializes the timer with the default values, the
 201:Generated_Source\PSoC5/Timer.c **** *  enables the timerto begin counting.  It does not enable interrupts,
 202:Generated_Source\PSoC5/Timer.c **** *  the EnableInt command should be called if interrupt generation is required.
 203:Generated_Source\PSoC5/Timer.c **** *
 204:Generated_Source\PSoC5/Timer.c **** * Parameters:
 205:Generated_Source\PSoC5/Timer.c **** *  void
 206:Generated_Source\PSoC5/Timer.c **** *
 207:Generated_Source\PSoC5/Timer.c **** * Return:
 208:Generated_Source\PSoC5/Timer.c **** *  void
 209:Generated_Source\PSoC5/Timer.c **** *
 210:Generated_Source\PSoC5/Timer.c **** * Global variables:
 211:Generated_Source\PSoC5/Timer.c **** *  Timer_initVar: Is modified when this function is called for the
 212:Generated_Source\PSoC5/Timer.c **** *   first time. Is used to ensure that initialization happens only once.
 213:Generated_Source\PSoC5/Timer.c **** *
 214:Generated_Source\PSoC5/Timer.c **** *******************************************************************************/
 215:Generated_Source\PSoC5/Timer.c **** void Timer_Start(void) 
 216:Generated_Source\PSoC5/Timer.c **** {
 217:Generated_Source\PSoC5/Timer.c ****     if(Timer_initVar == 0u)
 218:Generated_Source\PSoC5/Timer.c ****     {
 219:Generated_Source\PSoC5/Timer.c ****         Timer_Init();
 220:Generated_Source\PSoC5/Timer.c **** 
 221:Generated_Source\PSoC5/Timer.c ****         Timer_initVar = 1u;   /* Clear this bit for Initialization */
 222:Generated_Source\PSoC5/Timer.c ****     }
ARM GAS  C:\Users\shiyu\AppData\Local\Temp\ccN81Mxx.s 			page 6


 223:Generated_Source\PSoC5/Timer.c **** 
 224:Generated_Source\PSoC5/Timer.c ****     /* Enable the Timer */
 225:Generated_Source\PSoC5/Timer.c ****     Timer_Enable();
 226:Generated_Source\PSoC5/Timer.c **** }
 227:Generated_Source\PSoC5/Timer.c **** 
 228:Generated_Source\PSoC5/Timer.c **** 
 229:Generated_Source\PSoC5/Timer.c **** /*******************************************************************************
 230:Generated_Source\PSoC5/Timer.c **** * Function Name: Timer_Stop
 231:Generated_Source\PSoC5/Timer.c **** ********************************************************************************
 232:Generated_Source\PSoC5/Timer.c **** *
 233:Generated_Source\PSoC5/Timer.c **** * Summary:
 234:Generated_Source\PSoC5/Timer.c **** *  The stop function halts the timer, but does not change any modes or disable
 235:Generated_Source\PSoC5/Timer.c **** *  interrupts.
 236:Generated_Source\PSoC5/Timer.c **** *
 237:Generated_Source\PSoC5/Timer.c **** * Parameters:
 238:Generated_Source\PSoC5/Timer.c **** *  void
 239:Generated_Source\PSoC5/Timer.c **** *
 240:Generated_Source\PSoC5/Timer.c **** * Return:
 241:Generated_Source\PSoC5/Timer.c **** *  void
 242:Generated_Source\PSoC5/Timer.c **** *
 243:Generated_Source\PSoC5/Timer.c **** * Side Effects: If the Enable mode is set to Hardware only then this function
 244:Generated_Source\PSoC5/Timer.c **** *               has no effect on the operation of the timer.
 245:Generated_Source\PSoC5/Timer.c **** *
 246:Generated_Source\PSoC5/Timer.c **** *******************************************************************************/
 247:Generated_Source\PSoC5/Timer.c **** void Timer_Stop(void) 
 248:Generated_Source\PSoC5/Timer.c **** {
  64              		.loc 1 248 0
  65              		.cfi_startproc
  66              		@ args = 0, pretend = 0, frame = 0
  67              		@ frame_needed = 0, uses_anonymous_args = 0
  68              		@ link register save eliminated.
 249:Generated_Source\PSoC5/Timer.c ****     /* Disable Timer */
 250:Generated_Source\PSoC5/Timer.c ****     #if(!Timer_UDB_CONTROL_REG_REMOVED || Timer_UsingFixedFunction)
 251:Generated_Source\PSoC5/Timer.c ****         Timer_CONTROL &= ((uint8)(~Timer_CTRL_ENABLE));
  69              		.loc 1 251 0
  70 0000 084A     		ldr	r2, .L5
  71 0002 1378     		ldrb	r3, [r2]	@ zero_extendqisi2
  72 0004 03F0FE03 		and	r3, r3, #254
  73 0008 1370     		strb	r3, [r2]
 252:Generated_Source\PSoC5/Timer.c ****     #endif /* Remove assignment if control register is removed */
 253:Generated_Source\PSoC5/Timer.c **** 
 254:Generated_Source\PSoC5/Timer.c ****     /* Globally disable the Fixed Function Block chosen */
 255:Generated_Source\PSoC5/Timer.c ****     #if (Timer_UsingFixedFunction)
 256:Generated_Source\PSoC5/Timer.c ****         Timer_GLOBAL_ENABLE &= ((uint8)(~Timer_BLOCK_EN_MASK));
  74              		.loc 1 256 0
  75 000a A2F65D32 		subw	r2, r2, #2909
  76 000e 1378     		ldrb	r3, [r2]	@ zero_extendqisi2
  77 0010 03F0FE03 		and	r3, r3, #254
  78 0014 1370     		strb	r3, [r2]
 257:Generated_Source\PSoC5/Timer.c ****         Timer_GLOBAL_STBY_ENABLE &= ((uint8)(~Timer_BLOCK_STBY_EN_MASK));
  79              		.loc 1 257 0
  80 0016 1032     		adds	r2, r2, #16
  81 0018 1378     		ldrb	r3, [r2]	@ zero_extendqisi2
  82 001a 03F0FE03 		and	r3, r3, #254
  83 001e 1370     		strb	r3, [r2]
  84 0020 7047     		bx	lr
  85              	.L6:
ARM GAS  C:\Users\shiyu\AppData\Local\Temp\ccN81Mxx.s 			page 7


  86 0022 00BF     		.align	2
  87              	.L5:
  88 0024 004F0040 		.word	1073762048
  89              		.cfi_endproc
  90              	.LFE3:
  91              		.size	Timer_Stop, .-Timer_Stop
  92              		.section	.text.Timer_SetInterruptMode,"ax",%progbits
  93              		.align	2
  94              		.global	Timer_SetInterruptMode
  95              		.thumb
  96              		.thumb_func
  97              		.type	Timer_SetInterruptMode, %function
  98              	Timer_SetInterruptMode:
  99              	.LFB4:
 258:Generated_Source\PSoC5/Timer.c ****     #endif /* Disable global enable for the Timer Fixed function block to stop the Timer*/
 259:Generated_Source\PSoC5/Timer.c **** }
 260:Generated_Source\PSoC5/Timer.c **** 
 261:Generated_Source\PSoC5/Timer.c **** 
 262:Generated_Source\PSoC5/Timer.c **** /*******************************************************************************
 263:Generated_Source\PSoC5/Timer.c **** * Function Name: Timer_SetInterruptMode
 264:Generated_Source\PSoC5/Timer.c **** ********************************************************************************
 265:Generated_Source\PSoC5/Timer.c **** *
 266:Generated_Source\PSoC5/Timer.c **** * Summary:
 267:Generated_Source\PSoC5/Timer.c **** *  This function selects which of the interrupt inputs may cause an interrupt.
 268:Generated_Source\PSoC5/Timer.c **** *  The twosources are caputure and terminal.  One, both or neither may
 269:Generated_Source\PSoC5/Timer.c **** *  be selected.
 270:Generated_Source\PSoC5/Timer.c **** *
 271:Generated_Source\PSoC5/Timer.c **** * Parameters:
 272:Generated_Source\PSoC5/Timer.c **** *  interruptMode:   This parameter is used to enable interrups on either/or
 273:Generated_Source\PSoC5/Timer.c **** *                   terminal count or capture.
 274:Generated_Source\PSoC5/Timer.c **** *
 275:Generated_Source\PSoC5/Timer.c **** * Return:
 276:Generated_Source\PSoC5/Timer.c **** *  void
 277:Generated_Source\PSoC5/Timer.c **** *
 278:Generated_Source\PSoC5/Timer.c **** *******************************************************************************/
 279:Generated_Source\PSoC5/Timer.c **** void Timer_SetInterruptMode(uint8 interruptMode) 
 280:Generated_Source\PSoC5/Timer.c **** {
 100              		.loc 1 280 0
 101              		.cfi_startproc
 102              		@ args = 0, pretend = 0, frame = 0
 103              		@ frame_needed = 0, uses_anonymous_args = 0
 104              		@ link register save eliminated.
 105              	.LVL0:
 281:Generated_Source\PSoC5/Timer.c ****     Timer_STATUS_MASK = interruptMode;
 106              		.loc 1 281 0
 107 0000 014B     		ldr	r3, .L8
 108 0002 1870     		strb	r0, [r3]
 109 0004 7047     		bx	lr
 110              	.L9:
 111 0006 00BF     		.align	2
 112              	.L8:
 113 0008 034F0040 		.word	1073762051
 114              		.cfi_endproc
 115              	.LFE4:
 116              		.size	Timer_SetInterruptMode, .-Timer_SetInterruptMode
 117              		.section	.text.Timer_SoftwareCapture,"ax",%progbits
 118              		.align	2
ARM GAS  C:\Users\shiyu\AppData\Local\Temp\ccN81Mxx.s 			page 8


 119              		.global	Timer_SoftwareCapture
 120              		.thumb
 121              		.thumb_func
 122              		.type	Timer_SoftwareCapture, %function
 123              	Timer_SoftwareCapture:
 124              	.LFB5:
 282:Generated_Source\PSoC5/Timer.c **** }
 283:Generated_Source\PSoC5/Timer.c **** 
 284:Generated_Source\PSoC5/Timer.c **** 
 285:Generated_Source\PSoC5/Timer.c **** /*******************************************************************************
 286:Generated_Source\PSoC5/Timer.c **** * Function Name: Timer_SoftwareCapture
 287:Generated_Source\PSoC5/Timer.c **** ********************************************************************************
 288:Generated_Source\PSoC5/Timer.c **** *
 289:Generated_Source\PSoC5/Timer.c **** * Summary:
 290:Generated_Source\PSoC5/Timer.c **** *  This function forces a capture independent of the capture signal.
 291:Generated_Source\PSoC5/Timer.c **** *
 292:Generated_Source\PSoC5/Timer.c **** * Parameters:
 293:Generated_Source\PSoC5/Timer.c **** *  void
 294:Generated_Source\PSoC5/Timer.c **** *
 295:Generated_Source\PSoC5/Timer.c **** * Return:
 296:Generated_Source\PSoC5/Timer.c **** *  void
 297:Generated_Source\PSoC5/Timer.c **** *
 298:Generated_Source\PSoC5/Timer.c **** * Side Effects:
 299:Generated_Source\PSoC5/Timer.c **** *  An existing hardware capture could be overwritten.
 300:Generated_Source\PSoC5/Timer.c **** *
 301:Generated_Source\PSoC5/Timer.c **** *******************************************************************************/
 302:Generated_Source\PSoC5/Timer.c **** void Timer_SoftwareCapture(void) 
 303:Generated_Source\PSoC5/Timer.c **** {
 125              		.loc 1 303 0
 126              		.cfi_startproc
 127              		@ args = 0, pretend = 0, frame = 0
 128              		@ frame_needed = 0, uses_anonymous_args = 0
 129              		@ link register save eliminated.
 304:Generated_Source\PSoC5/Timer.c ****     /* Generate a software capture by reading the counter register */
 305:Generated_Source\PSoC5/Timer.c ****     #if(Timer_UsingFixedFunction)
 306:Generated_Source\PSoC5/Timer.c ****         (void)CY_GET_REG16(Timer_COUNTER_LSB_PTR);
 130              		.loc 1 306 0
 131 0000 014B     		ldr	r3, .L11
 132 0002 1B88     		ldrh	r3, [r3]
 133 0004 7047     		bx	lr
 134              	.L12:
 135 0006 00BF     		.align	2
 136              	.L11:
 137 0008 064F0040 		.word	1073762054
 138              		.cfi_endproc
 139              	.LFE5:
 140              		.size	Timer_SoftwareCapture, .-Timer_SoftwareCapture
 141              		.section	.text.Timer_ReadStatusRegister,"ax",%progbits
 142              		.align	2
 143              		.global	Timer_ReadStatusRegister
 144              		.thumb
 145              		.thumb_func
 146              		.type	Timer_ReadStatusRegister, %function
 147              	Timer_ReadStatusRegister:
 148              	.LFB6:
 307:Generated_Source\PSoC5/Timer.c ****     #else
 308:Generated_Source\PSoC5/Timer.c ****         (void)CY_GET_REG8(Timer_COUNTER_LSB_PTR_8BIT);
ARM GAS  C:\Users\shiyu\AppData\Local\Temp\ccN81Mxx.s 			page 9


 309:Generated_Source\PSoC5/Timer.c ****     #endif/* (Timer_UsingFixedFunction) */
 310:Generated_Source\PSoC5/Timer.c ****     /* Capture Data is now in the FIFO */
 311:Generated_Source\PSoC5/Timer.c **** }
 312:Generated_Source\PSoC5/Timer.c **** 
 313:Generated_Source\PSoC5/Timer.c **** 
 314:Generated_Source\PSoC5/Timer.c **** /*******************************************************************************
 315:Generated_Source\PSoC5/Timer.c **** * Function Name: Timer_ReadStatusRegister
 316:Generated_Source\PSoC5/Timer.c **** ********************************************************************************
 317:Generated_Source\PSoC5/Timer.c **** *
 318:Generated_Source\PSoC5/Timer.c **** * Summary:
 319:Generated_Source\PSoC5/Timer.c **** *  Reads the status register and returns it's state. This function should use
 320:Generated_Source\PSoC5/Timer.c **** *  defined types for the bit-field information as the bits in this register may
 321:Generated_Source\PSoC5/Timer.c **** *  be permuteable.
 322:Generated_Source\PSoC5/Timer.c **** *
 323:Generated_Source\PSoC5/Timer.c **** * Parameters:
 324:Generated_Source\PSoC5/Timer.c **** *  void
 325:Generated_Source\PSoC5/Timer.c **** *
 326:Generated_Source\PSoC5/Timer.c **** * Return:
 327:Generated_Source\PSoC5/Timer.c **** *  The contents of the status register
 328:Generated_Source\PSoC5/Timer.c **** *
 329:Generated_Source\PSoC5/Timer.c **** * Side Effects:
 330:Generated_Source\PSoC5/Timer.c **** *  Status register bits may be clear on read.
 331:Generated_Source\PSoC5/Timer.c **** *
 332:Generated_Source\PSoC5/Timer.c **** *******************************************************************************/
 333:Generated_Source\PSoC5/Timer.c **** uint8   Timer_ReadStatusRegister(void) 
 334:Generated_Source\PSoC5/Timer.c **** {
 149              		.loc 1 334 0
 150              		.cfi_startproc
 151              		@ args = 0, pretend = 0, frame = 0
 152              		@ frame_needed = 0, uses_anonymous_args = 0
 153              		@ link register save eliminated.
 335:Generated_Source\PSoC5/Timer.c ****     return (Timer_STATUS);
 154              		.loc 1 335 0
 155 0000 014B     		ldr	r3, .L14
 156 0002 1878     		ldrb	r0, [r3]	@ zero_extendqisi2
 336:Generated_Source\PSoC5/Timer.c **** }
 157              		.loc 1 336 0
 158 0004 7047     		bx	lr
 159              	.L15:
 160 0006 00BF     		.align	2
 161              	.L14:
 162 0008 034F0040 		.word	1073762051
 163              		.cfi_endproc
 164              	.LFE6:
 165              		.size	Timer_ReadStatusRegister, .-Timer_ReadStatusRegister
 166              		.section	.text.Timer_ReadControlRegister,"ax",%progbits
 167              		.align	2
 168              		.global	Timer_ReadControlRegister
 169              		.thumb
 170              		.thumb_func
 171              		.type	Timer_ReadControlRegister, %function
 172              	Timer_ReadControlRegister:
 173              	.LFB7:
 337:Generated_Source\PSoC5/Timer.c **** 
 338:Generated_Source\PSoC5/Timer.c **** 
 339:Generated_Source\PSoC5/Timer.c **** #if (!Timer_UDB_CONTROL_REG_REMOVED) /* Remove API if control register is unused */
 340:Generated_Source\PSoC5/Timer.c **** 
ARM GAS  C:\Users\shiyu\AppData\Local\Temp\ccN81Mxx.s 			page 10


 341:Generated_Source\PSoC5/Timer.c **** 
 342:Generated_Source\PSoC5/Timer.c **** /*******************************************************************************
 343:Generated_Source\PSoC5/Timer.c **** * Function Name: Timer_ReadControlRegister
 344:Generated_Source\PSoC5/Timer.c **** ********************************************************************************
 345:Generated_Source\PSoC5/Timer.c **** *
 346:Generated_Source\PSoC5/Timer.c **** * Summary:
 347:Generated_Source\PSoC5/Timer.c **** *  Reads the control register and returns it's value.
 348:Generated_Source\PSoC5/Timer.c **** *
 349:Generated_Source\PSoC5/Timer.c **** * Parameters:
 350:Generated_Source\PSoC5/Timer.c **** *  void
 351:Generated_Source\PSoC5/Timer.c **** *
 352:Generated_Source\PSoC5/Timer.c **** * Return:
 353:Generated_Source\PSoC5/Timer.c **** *  The contents of the control register
 354:Generated_Source\PSoC5/Timer.c **** *
 355:Generated_Source\PSoC5/Timer.c **** *******************************************************************************/
 356:Generated_Source\PSoC5/Timer.c **** uint8 Timer_ReadControlRegister(void) 
 357:Generated_Source\PSoC5/Timer.c **** {
 174              		.loc 1 357 0
 175              		.cfi_startproc
 176              		@ args = 0, pretend = 0, frame = 0
 177              		@ frame_needed = 0, uses_anonymous_args = 0
 178              		@ link register save eliminated.
 358:Generated_Source\PSoC5/Timer.c ****     #if (!Timer_UDB_CONTROL_REG_REMOVED) 
 359:Generated_Source\PSoC5/Timer.c ****         return ((uint8)Timer_CONTROL);
 179              		.loc 1 359 0
 180 0000 014B     		ldr	r3, .L17
 181 0002 1878     		ldrb	r0, [r3]	@ zero_extendqisi2
 360:Generated_Source\PSoC5/Timer.c ****     #else
 361:Generated_Source\PSoC5/Timer.c ****         return (0);
 362:Generated_Source\PSoC5/Timer.c ****     #endif /* (!Timer_UDB_CONTROL_REG_REMOVED) */
 363:Generated_Source\PSoC5/Timer.c **** }
 182              		.loc 1 363 0
 183 0004 7047     		bx	lr
 184              	.L18:
 185 0006 00BF     		.align	2
 186              	.L17:
 187 0008 004F0040 		.word	1073762048
 188              		.cfi_endproc
 189              	.LFE7:
 190              		.size	Timer_ReadControlRegister, .-Timer_ReadControlRegister
 191              		.section	.text.Timer_WriteControlRegister,"ax",%progbits
 192              		.align	2
 193              		.global	Timer_WriteControlRegister
 194              		.thumb
 195              		.thumb_func
 196              		.type	Timer_WriteControlRegister, %function
 197              	Timer_WriteControlRegister:
 198              	.LFB8:
 364:Generated_Source\PSoC5/Timer.c **** 
 365:Generated_Source\PSoC5/Timer.c **** 
 366:Generated_Source\PSoC5/Timer.c **** /*******************************************************************************
 367:Generated_Source\PSoC5/Timer.c **** * Function Name: Timer_WriteControlRegister
 368:Generated_Source\PSoC5/Timer.c **** ********************************************************************************
 369:Generated_Source\PSoC5/Timer.c **** *
 370:Generated_Source\PSoC5/Timer.c **** * Summary:
 371:Generated_Source\PSoC5/Timer.c **** *  Sets the bit-field of the control register.
 372:Generated_Source\PSoC5/Timer.c **** *
ARM GAS  C:\Users\shiyu\AppData\Local\Temp\ccN81Mxx.s 			page 11


 373:Generated_Source\PSoC5/Timer.c **** * Parameters:
 374:Generated_Source\PSoC5/Timer.c **** *  control: The contents of the control register
 375:Generated_Source\PSoC5/Timer.c **** *
 376:Generated_Source\PSoC5/Timer.c **** * Return:
 377:Generated_Source\PSoC5/Timer.c **** *
 378:Generated_Source\PSoC5/Timer.c **** *******************************************************************************/
 379:Generated_Source\PSoC5/Timer.c **** void Timer_WriteControlRegister(uint8 control) 
 380:Generated_Source\PSoC5/Timer.c **** {
 199              		.loc 1 380 0
 200              		.cfi_startproc
 201              		@ args = 0, pretend = 0, frame = 0
 202              		@ frame_needed = 0, uses_anonymous_args = 0
 203              		@ link register save eliminated.
 204              	.LVL1:
 381:Generated_Source\PSoC5/Timer.c ****     #if (!Timer_UDB_CONTROL_REG_REMOVED) 
 382:Generated_Source\PSoC5/Timer.c ****         Timer_CONTROL = control;
 205              		.loc 1 382 0
 206 0000 014B     		ldr	r3, .L20
 207 0002 1870     		strb	r0, [r3]
 208 0004 7047     		bx	lr
 209              	.L21:
 210 0006 00BF     		.align	2
 211              	.L20:
 212 0008 004F0040 		.word	1073762048
 213              		.cfi_endproc
 214              	.LFE8:
 215              		.size	Timer_WriteControlRegister, .-Timer_WriteControlRegister
 216              		.section	.text.Timer_ReadPeriod,"ax",%progbits
 217              		.align	2
 218              		.global	Timer_ReadPeriod
 219              		.thumb
 220              		.thumb_func
 221              		.type	Timer_ReadPeriod, %function
 222              	Timer_ReadPeriod:
 223              	.LFB9:
 383:Generated_Source\PSoC5/Timer.c ****     #else
 384:Generated_Source\PSoC5/Timer.c ****         control = 0u;
 385:Generated_Source\PSoC5/Timer.c ****     #endif /* (!Timer_UDB_CONTROL_REG_REMOVED) */
 386:Generated_Source\PSoC5/Timer.c **** }
 387:Generated_Source\PSoC5/Timer.c **** 
 388:Generated_Source\PSoC5/Timer.c **** #endif /* Remove API if control register is unused */
 389:Generated_Source\PSoC5/Timer.c **** 
 390:Generated_Source\PSoC5/Timer.c **** 
 391:Generated_Source\PSoC5/Timer.c **** /*******************************************************************************
 392:Generated_Source\PSoC5/Timer.c **** * Function Name: Timer_ReadPeriod
 393:Generated_Source\PSoC5/Timer.c **** ********************************************************************************
 394:Generated_Source\PSoC5/Timer.c **** *
 395:Generated_Source\PSoC5/Timer.c **** * Summary:
 396:Generated_Source\PSoC5/Timer.c **** *  This function returns the current value of the Period.
 397:Generated_Source\PSoC5/Timer.c **** *
 398:Generated_Source\PSoC5/Timer.c **** * Parameters:
 399:Generated_Source\PSoC5/Timer.c **** *  void
 400:Generated_Source\PSoC5/Timer.c **** *
 401:Generated_Source\PSoC5/Timer.c **** * Return:
 402:Generated_Source\PSoC5/Timer.c **** *  The present value of the counter.
 403:Generated_Source\PSoC5/Timer.c **** *
 404:Generated_Source\PSoC5/Timer.c **** *******************************************************************************/
ARM GAS  C:\Users\shiyu\AppData\Local\Temp\ccN81Mxx.s 			page 12


 405:Generated_Source\PSoC5/Timer.c **** uint8 Timer_ReadPeriod(void) 
 406:Generated_Source\PSoC5/Timer.c **** {
 224              		.loc 1 406 0
 225              		.cfi_startproc
 226              		@ args = 0, pretend = 0, frame = 0
 227              		@ frame_needed = 0, uses_anonymous_args = 0
 228              		@ link register save eliminated.
 407:Generated_Source\PSoC5/Timer.c ****    #if(Timer_UsingFixedFunction)
 408:Generated_Source\PSoC5/Timer.c ****        return ((uint8)CY_GET_REG16(Timer_PERIOD_LSB_PTR));
 229              		.loc 1 408 0
 230 0000 014B     		ldr	r3, .L23
 231 0002 1888     		ldrh	r0, [r3]
 409:Generated_Source\PSoC5/Timer.c ****    #else
 410:Generated_Source\PSoC5/Timer.c ****        return (CY_GET_REG8(Timer_PERIOD_LSB_PTR));
 411:Generated_Source\PSoC5/Timer.c ****    #endif /* (Timer_UsingFixedFunction) */
 412:Generated_Source\PSoC5/Timer.c **** }
 232              		.loc 1 412 0
 233 0004 C0B2     		uxtb	r0, r0
 234 0006 7047     		bx	lr
 235              	.L24:
 236              		.align	2
 237              	.L23:
 238 0008 044F0040 		.word	1073762052
 239              		.cfi_endproc
 240              	.LFE9:
 241              		.size	Timer_ReadPeriod, .-Timer_ReadPeriod
 242              		.section	.text.Timer_WritePeriod,"ax",%progbits
 243              		.align	2
 244              		.global	Timer_WritePeriod
 245              		.thumb
 246              		.thumb_func
 247              		.type	Timer_WritePeriod, %function
 248              	Timer_WritePeriod:
 249              	.LFB10:
 413:Generated_Source\PSoC5/Timer.c **** 
 414:Generated_Source\PSoC5/Timer.c **** 
 415:Generated_Source\PSoC5/Timer.c **** /*******************************************************************************
 416:Generated_Source\PSoC5/Timer.c **** * Function Name: Timer_WritePeriod
 417:Generated_Source\PSoC5/Timer.c **** ********************************************************************************
 418:Generated_Source\PSoC5/Timer.c **** *
 419:Generated_Source\PSoC5/Timer.c **** * Summary:
 420:Generated_Source\PSoC5/Timer.c **** *  This function is used to change the period of the counter.  The new period
 421:Generated_Source\PSoC5/Timer.c **** *  will be loaded the next time terminal count is detected.
 422:Generated_Source\PSoC5/Timer.c **** *
 423:Generated_Source\PSoC5/Timer.c **** * Parameters:
 424:Generated_Source\PSoC5/Timer.c **** *  period: This value may be between 1 and (2^Resolution)-1.  A value of 0 will
 425:Generated_Source\PSoC5/Timer.c **** *          result in the counter remaining at zero.
 426:Generated_Source\PSoC5/Timer.c **** *
 427:Generated_Source\PSoC5/Timer.c **** * Return:
 428:Generated_Source\PSoC5/Timer.c **** *  void
 429:Generated_Source\PSoC5/Timer.c **** *
 430:Generated_Source\PSoC5/Timer.c **** *******************************************************************************/
 431:Generated_Source\PSoC5/Timer.c **** void Timer_WritePeriod(uint8 period) 
 432:Generated_Source\PSoC5/Timer.c **** {
 250              		.loc 1 432 0
 251              		.cfi_startproc
 252              		@ args = 0, pretend = 0, frame = 0
ARM GAS  C:\Users\shiyu\AppData\Local\Temp\ccN81Mxx.s 			page 13


 253              		@ frame_needed = 0, uses_anonymous_args = 0
 254              		@ link register save eliminated.
 255              	.LVL2:
 433:Generated_Source\PSoC5/Timer.c ****     #if(Timer_UsingFixedFunction)
 434:Generated_Source\PSoC5/Timer.c ****         uint16 period_temp = (uint16)period;
 435:Generated_Source\PSoC5/Timer.c ****         CY_SET_REG16(Timer_PERIOD_LSB_PTR, period_temp);
 256              		.loc 1 435 0
 257 0000 014B     		ldr	r3, .L26
 258 0002 1880     		strh	r0, [r3]	@ movhi
 259 0004 7047     		bx	lr
 260              	.L27:
 261 0006 00BF     		.align	2
 262              	.L26:
 263 0008 044F0040 		.word	1073762052
 264              		.cfi_endproc
 265              	.LFE10:
 266              		.size	Timer_WritePeriod, .-Timer_WritePeriod
 267              		.section	.text.Timer_ReadCapture,"ax",%progbits
 268              		.align	2
 269              		.global	Timer_ReadCapture
 270              		.thumb
 271              		.thumb_func
 272              		.type	Timer_ReadCapture, %function
 273              	Timer_ReadCapture:
 274              	.LFB11:
 436:Generated_Source\PSoC5/Timer.c ****     #else
 437:Generated_Source\PSoC5/Timer.c ****         CY_SET_REG8(Timer_PERIOD_LSB_PTR, period);
 438:Generated_Source\PSoC5/Timer.c ****     #endif /*Write Period value with appropriate resolution suffix depending on UDB or fixed functi
 439:Generated_Source\PSoC5/Timer.c **** }
 440:Generated_Source\PSoC5/Timer.c **** 
 441:Generated_Source\PSoC5/Timer.c **** 
 442:Generated_Source\PSoC5/Timer.c **** /*******************************************************************************
 443:Generated_Source\PSoC5/Timer.c **** * Function Name: Timer_ReadCapture
 444:Generated_Source\PSoC5/Timer.c **** ********************************************************************************
 445:Generated_Source\PSoC5/Timer.c **** *
 446:Generated_Source\PSoC5/Timer.c **** * Summary:
 447:Generated_Source\PSoC5/Timer.c **** *  This function returns the last value captured.
 448:Generated_Source\PSoC5/Timer.c **** *
 449:Generated_Source\PSoC5/Timer.c **** * Parameters:
 450:Generated_Source\PSoC5/Timer.c **** *  void
 451:Generated_Source\PSoC5/Timer.c **** *
 452:Generated_Source\PSoC5/Timer.c **** * Return:
 453:Generated_Source\PSoC5/Timer.c **** *  Present Capture value.
 454:Generated_Source\PSoC5/Timer.c **** *
 455:Generated_Source\PSoC5/Timer.c **** *******************************************************************************/
 456:Generated_Source\PSoC5/Timer.c **** uint8 Timer_ReadCapture(void) 
 457:Generated_Source\PSoC5/Timer.c **** {
 275              		.loc 1 457 0
 276              		.cfi_startproc
 277              		@ args = 0, pretend = 0, frame = 0
 278              		@ frame_needed = 0, uses_anonymous_args = 0
 279              		@ link register save eliminated.
 458:Generated_Source\PSoC5/Timer.c ****    #if(Timer_UsingFixedFunction)
 459:Generated_Source\PSoC5/Timer.c ****        return ((uint8)CY_GET_REG16(Timer_CAPTURE_LSB_PTR));
 280              		.loc 1 459 0
 281 0000 014B     		ldr	r3, .L29
 282 0002 1888     		ldrh	r0, [r3]
ARM GAS  C:\Users\shiyu\AppData\Local\Temp\ccN81Mxx.s 			page 14


 460:Generated_Source\PSoC5/Timer.c ****    #else
 461:Generated_Source\PSoC5/Timer.c ****        return (CY_GET_REG8(Timer_CAPTURE_LSB_PTR));
 462:Generated_Source\PSoC5/Timer.c ****    #endif /* (Timer_UsingFixedFunction) */
 463:Generated_Source\PSoC5/Timer.c **** }
 283              		.loc 1 463 0
 284 0004 C0B2     		uxtb	r0, r0
 285 0006 7047     		bx	lr
 286              	.L30:
 287              		.align	2
 288              	.L29:
 289 0008 084F0040 		.word	1073762056
 290              		.cfi_endproc
 291              	.LFE11:
 292              		.size	Timer_ReadCapture, .-Timer_ReadCapture
 293              		.section	.text.Timer_WriteCounter,"ax",%progbits
 294              		.align	2
 295              		.global	Timer_WriteCounter
 296              		.thumb
 297              		.thumb_func
 298              		.type	Timer_WriteCounter, %function
 299              	Timer_WriteCounter:
 300              	.LFB12:
 464:Generated_Source\PSoC5/Timer.c **** 
 465:Generated_Source\PSoC5/Timer.c **** 
 466:Generated_Source\PSoC5/Timer.c **** /*******************************************************************************
 467:Generated_Source\PSoC5/Timer.c **** * Function Name: Timer_WriteCounter
 468:Generated_Source\PSoC5/Timer.c **** ********************************************************************************
 469:Generated_Source\PSoC5/Timer.c **** *
 470:Generated_Source\PSoC5/Timer.c **** * Summary:
 471:Generated_Source\PSoC5/Timer.c **** *  This funtion is used to set the counter to a specific value
 472:Generated_Source\PSoC5/Timer.c **** *
 473:Generated_Source\PSoC5/Timer.c **** * Parameters:
 474:Generated_Source\PSoC5/Timer.c **** *  counter:  New counter value.
 475:Generated_Source\PSoC5/Timer.c **** *
 476:Generated_Source\PSoC5/Timer.c **** * Return:
 477:Generated_Source\PSoC5/Timer.c **** *  void
 478:Generated_Source\PSoC5/Timer.c **** *
 479:Generated_Source\PSoC5/Timer.c **** *******************************************************************************/
 480:Generated_Source\PSoC5/Timer.c **** void Timer_WriteCounter(uint8 counter) 
 481:Generated_Source\PSoC5/Timer.c **** {
 301              		.loc 1 481 0
 302              		.cfi_startproc
 303              		@ args = 0, pretend = 0, frame = 0
 304              		@ frame_needed = 0, uses_anonymous_args = 0
 305              		@ link register save eliminated.
 306              	.LVL3:
 482:Generated_Source\PSoC5/Timer.c ****    #if(Timer_UsingFixedFunction)
 483:Generated_Source\PSoC5/Timer.c ****         /* This functionality is removed until a FixedFunction HW update to
 484:Generated_Source\PSoC5/Timer.c ****          * allow this register to be written
 485:Generated_Source\PSoC5/Timer.c ****          */
 486:Generated_Source\PSoC5/Timer.c ****         CY_SET_REG16(Timer_COUNTER_LSB_PTR, (uint16)counter);
 307              		.loc 1 486 0
 308 0000 014B     		ldr	r3, .L32
 309 0002 1880     		strh	r0, [r3]	@ movhi
 310 0004 7047     		bx	lr
 311              	.L33:
 312 0006 00BF     		.align	2
ARM GAS  C:\Users\shiyu\AppData\Local\Temp\ccN81Mxx.s 			page 15


 313              	.L32:
 314 0008 064F0040 		.word	1073762054
 315              		.cfi_endproc
 316              	.LFE12:
 317              		.size	Timer_WriteCounter, .-Timer_WriteCounter
 318              		.section	.text.Timer_Init,"ax",%progbits
 319              		.align	2
 320              		.global	Timer_Init
 321              		.thumb
 322              		.thumb_func
 323              		.type	Timer_Init, %function
 324              	Timer_Init:
 325              	.LFB0:
  44:Generated_Source\PSoC5/Timer.c ****     #if(!Timer_UsingFixedFunction)
 326              		.loc 1 44 0
 327              		.cfi_startproc
 328              		@ args = 0, pretend = 0, frame = 0
 329              		@ frame_needed = 0, uses_anonymous_args = 0
 330 0000 08B5     		push	{r3, lr}
 331              		.cfi_def_cfa_offset 8
 332              		.cfi_offset 3, -8
 333              		.cfi_offset 14, -4
  52:Generated_Source\PSoC5/Timer.c **** 
 334              		.loc 1 52 0
 335 0002 154A     		ldr	r2, .L36
 336 0004 1378     		ldrb	r3, [r2]	@ zero_extendqisi2
 337 0006 03F00103 		and	r3, r3, #1
 338 000a 1370     		strb	r3, [r2]
  60:Generated_Source\PSoC5/Timer.c ****         #endif /* CONTROL3 register exists only in PSoC3 OR PSoC5LP */
 339              		.loc 1 60 0
 340 000c 0232     		adds	r2, r2, #2
 341 000e 1378     		ldrb	r3, [r2]	@ zero_extendqisi2
 342 0010 03F0FC03 		and	r3, r3, #252
 343 0014 1370     		strb	r3, [r2]
 106:Generated_Source\PSoC5/Timer.c ****         Timer_RT1 |= Timer_SYNC;
 344              		.loc 1 106 0
 345 0016 114B     		ldr	r3, .L36+4
 346 0018 1A78     		ldrb	r2, [r3]	@ zero_extendqisi2
 347 001a 02F0CF02 		and	r2, r2, #207
 348 001e 1A70     		strb	r2, [r3]
 107:Generated_Source\PSoC5/Timer.c **** 
 349              		.loc 1 107 0
 350 0020 1A78     		ldrb	r2, [r3]	@ zero_extendqisi2
 351 0022 42F03002 		orr	r2, r2, #48
 352 0026 1A70     		strb	r2, [r3]
 110:Generated_Source\PSoC5/Timer.c ****         Timer_RT1 |= Timer_SYNCDSI_EN;
 353              		.loc 1 110 0
 354 0028 1A78     		ldrb	r2, [r3]	@ zero_extendqisi2
 355 002a 02F0F002 		and	r2, r2, #240
 356 002e 1A70     		strb	r2, [r3]
 111:Generated_Source\PSoC5/Timer.c **** 
 357              		.loc 1 111 0
 358 0030 1A78     		ldrb	r2, [r3]	@ zero_extendqisi2
 359 0032 42F00F02 		orr	r2, r2, #15
 360 0036 1A70     		strb	r2, [r3]
 114:Generated_Source\PSoC5/Timer.c ****     #endif /* Configuring registers of fixed function implementation */
 361              		.loc 1 114 0
ARM GAS  C:\Users\shiyu\AppData\Local\Temp\ccN81Mxx.s 			page 16


 362 0038 094A     		ldr	r2, .L36+8
 363 003a 1378     		ldrb	r3, [r2]	@ zero_extendqisi2
 364 003c 43F00103 		orr	r3, r3, #1
 365 0040 1370     		strb	r3, [r2]
 118:Generated_Source\PSoC5/Timer.c ****     Timer_WriteCounter(Timer_INIT_PERIOD);
 366              		.loc 1 118 0
 367 0042 6320     		movs	r0, #99
 368 0044 FFF7FEFF 		bl	Timer_WritePeriod
 369              	.LVL4:
 119:Generated_Source\PSoC5/Timer.c **** 
 370              		.loc 1 119 0
 371 0048 6320     		movs	r0, #99
 372 004a FFF7FEFF 		bl	Timer_WriteCounter
 373              	.LVL5:
 162:Generated_Source\PSoC5/Timer.c **** }
 374              		.loc 1 162 0
 375 004e 0020     		movs	r0, #0
 376 0050 FFF7FEFF 		bl	Timer_SetInterruptMode
 377              	.LVL6:
 378 0054 08BD     		pop	{r3, pc}
 379              	.L37:
 380 0056 00BF     		.align	2
 381              	.L36:
 382 0058 004F0040 		.word	1073762048
 383 005c 0B4F0040 		.word	1073762059
 384 0060 014F0040 		.word	1073762049
 385              		.cfi_endproc
 386              	.LFE0:
 387              		.size	Timer_Init, .-Timer_Init
 388              		.section	.text.Timer_Start,"ax",%progbits
 389              		.align	2
 390              		.global	Timer_Start
 391              		.thumb
 392              		.thumb_func
 393              		.type	Timer_Start, %function
 394              	Timer_Start:
 395              	.LFB2:
 216:Generated_Source\PSoC5/Timer.c ****     if(Timer_initVar == 0u)
 396              		.loc 1 216 0
 397              		.cfi_startproc
 398              		@ args = 0, pretend = 0, frame = 0
 399              		@ frame_needed = 0, uses_anonymous_args = 0
 400 0000 08B5     		push	{r3, lr}
 401              		.cfi_def_cfa_offset 8
 402              		.cfi_offset 3, -8
 403              		.cfi_offset 14, -4
 217:Generated_Source\PSoC5/Timer.c ****     {
 404              		.loc 1 217 0
 405 0002 054B     		ldr	r3, .L41
 406 0004 1B78     		ldrb	r3, [r3]	@ zero_extendqisi2
 407 0006 23B9     		cbnz	r3, .L39
 219:Generated_Source\PSoC5/Timer.c **** 
 408              		.loc 1 219 0
 409 0008 FFF7FEFF 		bl	Timer_Init
 410              	.LVL7:
 221:Generated_Source\PSoC5/Timer.c ****     }
 411              		.loc 1 221 0
ARM GAS  C:\Users\shiyu\AppData\Local\Temp\ccN81Mxx.s 			page 17


 412 000c 0122     		movs	r2, #1
 413 000e 024B     		ldr	r3, .L41
 414 0010 1A70     		strb	r2, [r3]
 415              	.L39:
 225:Generated_Source\PSoC5/Timer.c **** }
 416              		.loc 1 225 0
 417 0012 FFF7FEFF 		bl	Timer_Enable
 418              	.LVL8:
 419 0016 08BD     		pop	{r3, pc}
 420              	.L42:
 421              		.align	2
 422              	.L41:
 423 0018 00000000 		.word	.LANCHOR0
 424              		.cfi_endproc
 425              	.LFE2:
 426              		.size	Timer_Start, .-Timer_Start
 427              		.section	.text.Timer_ReadCounter,"ax",%progbits
 428              		.align	2
 429              		.global	Timer_ReadCounter
 430              		.thumb
 431              		.thumb_func
 432              		.type	Timer_ReadCounter, %function
 433              	Timer_ReadCounter:
 434              	.LFB13:
 487:Generated_Source\PSoC5/Timer.c ****         
 488:Generated_Source\PSoC5/Timer.c ****     #else
 489:Generated_Source\PSoC5/Timer.c ****         CY_SET_REG8(Timer_COUNTER_LSB_PTR, counter);
 490:Generated_Source\PSoC5/Timer.c ****     #endif /* Set Write Counter only for the UDB implementation (Write Counter not available in fix
 491:Generated_Source\PSoC5/Timer.c **** }
 492:Generated_Source\PSoC5/Timer.c **** 
 493:Generated_Source\PSoC5/Timer.c **** 
 494:Generated_Source\PSoC5/Timer.c **** /*******************************************************************************
 495:Generated_Source\PSoC5/Timer.c **** * Function Name: Timer_ReadCounter
 496:Generated_Source\PSoC5/Timer.c **** ********************************************************************************
 497:Generated_Source\PSoC5/Timer.c **** *
 498:Generated_Source\PSoC5/Timer.c **** * Summary:
 499:Generated_Source\PSoC5/Timer.c **** *  This function returns the current counter value.
 500:Generated_Source\PSoC5/Timer.c **** *
 501:Generated_Source\PSoC5/Timer.c **** * Parameters:
 502:Generated_Source\PSoC5/Timer.c **** *  void
 503:Generated_Source\PSoC5/Timer.c **** *
 504:Generated_Source\PSoC5/Timer.c **** * Return:
 505:Generated_Source\PSoC5/Timer.c **** *  Present compare value.
 506:Generated_Source\PSoC5/Timer.c **** *
 507:Generated_Source\PSoC5/Timer.c **** *******************************************************************************/
 508:Generated_Source\PSoC5/Timer.c **** uint8 Timer_ReadCounter(void) 
 509:Generated_Source\PSoC5/Timer.c **** {
 435              		.loc 1 509 0
 436              		.cfi_startproc
 437              		@ args = 0, pretend = 0, frame = 0
 438              		@ frame_needed = 0, uses_anonymous_args = 0
 439              		@ link register save eliminated.
 510:Generated_Source\PSoC5/Timer.c ****     /* Force capture by reading Accumulator */
 511:Generated_Source\PSoC5/Timer.c ****     /* Must first do a software capture to be able to read the counter */
 512:Generated_Source\PSoC5/Timer.c ****     /* It is up to the user code to make sure there isn't already captured data in the FIFO */
 513:Generated_Source\PSoC5/Timer.c ****     #if(Timer_UsingFixedFunction)
 514:Generated_Source\PSoC5/Timer.c ****         (void)CY_GET_REG16(Timer_COUNTER_LSB_PTR);
ARM GAS  C:\Users\shiyu\AppData\Local\Temp\ccN81Mxx.s 			page 18


 440              		.loc 1 514 0
 441 0000 024B     		ldr	r3, .L44
 442 0002 1B88     		ldrh	r3, [r3]
 515:Generated_Source\PSoC5/Timer.c ****     #else
 516:Generated_Source\PSoC5/Timer.c ****         (void)CY_GET_REG8(Timer_COUNTER_LSB_PTR_8BIT);
 517:Generated_Source\PSoC5/Timer.c ****     #endif/* (Timer_UsingFixedFunction) */
 518:Generated_Source\PSoC5/Timer.c **** 
 519:Generated_Source\PSoC5/Timer.c ****     /* Read the data from the FIFO (or capture register for Fixed Function)*/
 520:Generated_Source\PSoC5/Timer.c ****     #if(Timer_UsingFixedFunction)
 521:Generated_Source\PSoC5/Timer.c ****         return ((uint8)CY_GET_REG16(Timer_CAPTURE_LSB_PTR));
 443              		.loc 1 521 0
 444 0004 024B     		ldr	r3, .L44+4
 445 0006 1888     		ldrh	r0, [r3]
 522:Generated_Source\PSoC5/Timer.c ****     #else
 523:Generated_Source\PSoC5/Timer.c ****         return (CY_GET_REG8(Timer_CAPTURE_LSB_PTR));
 524:Generated_Source\PSoC5/Timer.c ****     #endif /* (Timer_UsingFixedFunction) */
 525:Generated_Source\PSoC5/Timer.c **** }
 446              		.loc 1 525 0
 447 0008 C0B2     		uxtb	r0, r0
 448 000a 7047     		bx	lr
 449              	.L45:
 450              		.align	2
 451              	.L44:
 452 000c 064F0040 		.word	1073762054
 453 0010 084F0040 		.word	1073762056
 454              		.cfi_endproc
 455              	.LFE13:
 456              		.size	Timer_ReadCounter, .-Timer_ReadCounter
 457              		.global	Timer_initVar
 458              		.bss
 459              		.set	.LANCHOR0,. + 0
 460              		.type	Timer_initVar, %object
 461              		.size	Timer_initVar, 1
 462              	Timer_initVar:
 463 0000 00       		.space	1
 464              		.text
 465              	.Letext0:
 466              		.file 2 "Generated_Source\\PSoC5\\cytypes.h"
 467              		.section	.debug_info,"",%progbits
 468              	.Ldebug_info0:
 469 0000 8D020000 		.4byte	0x28d
 470 0004 0400     		.2byte	0x4
 471 0006 00000000 		.4byte	.Ldebug_abbrev0
 472 000a 04       		.byte	0x4
 473 000b 01       		.uleb128 0x1
 474 000c 91000000 		.4byte	.LASF36
 475 0010 0C       		.byte	0xc
 476 0011 4B000000 		.4byte	.LASF37
 477 0015 1D020000 		.4byte	.LASF38
 478 0019 00000000 		.4byte	.Ldebug_ranges0+0
 479 001d 00000000 		.4byte	0
 480 0021 00000000 		.4byte	.Ldebug_line0
 481 0025 02       		.uleb128 0x2
 482 0026 01       		.byte	0x1
 483 0027 06       		.byte	0x6
 484 0028 F9020000 		.4byte	.LASF0
 485 002c 02       		.uleb128 0x2
ARM GAS  C:\Users\shiyu\AppData\Local\Temp\ccN81Mxx.s 			page 19


 486 002d 01       		.byte	0x1
 487 002e 08       		.byte	0x8
 488 002f 83000000 		.4byte	.LASF1
 489 0033 02       		.uleb128 0x2
 490 0034 02       		.byte	0x2
 491 0035 05       		.byte	0x5
 492 0036 8A020000 		.4byte	.LASF2
 493 003a 02       		.uleb128 0x2
 494 003b 02       		.byte	0x2
 495 003c 07       		.byte	0x7
 496 003d 38000000 		.4byte	.LASF3
 497 0041 02       		.uleb128 0x2
 498 0042 04       		.byte	0x4
 499 0043 05       		.byte	0x5
 500 0044 D4020000 		.4byte	.LASF4
 501 0048 02       		.uleb128 0x2
 502 0049 04       		.byte	0x4
 503 004a 07       		.byte	0x7
 504 004b B6010000 		.4byte	.LASF5
 505 004f 02       		.uleb128 0x2
 506 0050 08       		.byte	0x8
 507 0051 05       		.byte	0x5
 508 0052 01020000 		.4byte	.LASF6
 509 0056 02       		.uleb128 0x2
 510 0057 08       		.byte	0x8
 511 0058 07       		.byte	0x7
 512 0059 D5010000 		.4byte	.LASF7
 513 005d 03       		.uleb128 0x3
 514 005e 04       		.byte	0x4
 515 005f 05       		.byte	0x5
 516 0060 696E7400 		.ascii	"int\000"
 517 0064 02       		.uleb128 0x2
 518 0065 04       		.byte	0x4
 519 0066 07       		.byte	0x7
 520 0067 C8010000 		.4byte	.LASF8
 521 006b 04       		.uleb128 0x4
 522 006c 4D010000 		.4byte	.LASF9
 523 0070 02       		.byte	0x2
 524 0071 C2       		.byte	0xc2
 525 0072 2C000000 		.4byte	0x2c
 526 0076 04       		.uleb128 0x4
 527 0077 89010000 		.4byte	.LASF10
 528 007b 02       		.byte	0x2
 529 007c C3       		.byte	0xc3
 530 007d 3A000000 		.4byte	0x3a
 531 0081 02       		.uleb128 0x2
 532 0082 04       		.byte	0x4
 533 0083 04       		.byte	0x4
 534 0084 75000000 		.4byte	.LASF11
 535 0088 02       		.uleb128 0x2
 536 0089 08       		.byte	0x8
 537 008a 04       		.byte	0x4
 538 008b 71010000 		.4byte	.LASF12
 539 008f 02       		.uleb128 0x2
 540 0090 01       		.byte	0x1
 541 0091 08       		.byte	0x8
 542 0092 DD020000 		.4byte	.LASF13
ARM GAS  C:\Users\shiyu\AppData\Local\Temp\ccN81Mxx.s 			page 20


 543 0096 05       		.uleb128 0x5
 544 0097 31010000 		.4byte	.LASF14
 545 009b 02       		.byte	0x2
 546 009c 6C01     		.2byte	0x16c
 547 009e A2000000 		.4byte	0xa2
 548 00a2 06       		.uleb128 0x6
 549 00a3 6B000000 		.4byte	0x6b
 550 00a7 05       		.uleb128 0x5
 551 00a8 00000000 		.4byte	.LASF15
 552 00ac 02       		.byte	0x2
 553 00ad 6D01     		.2byte	0x16d
 554 00af B3000000 		.4byte	0xb3
 555 00b3 06       		.uleb128 0x6
 556 00b4 76000000 		.4byte	0x76
 557 00b8 02       		.uleb128 0x2
 558 00b9 08       		.byte	0x8
 559 00ba 04       		.byte	0x4
 560 00bb E2020000 		.4byte	.LASF16
 561 00bf 02       		.uleb128 0x2
 562 00c0 04       		.byte	0x4
 563 00c1 07       		.byte	0x7
 564 00c2 F8010000 		.4byte	.LASF17
 565 00c6 07       		.uleb128 0x7
 566 00c7 13030000 		.4byte	.LASF18
 567 00cb 01       		.byte	0x1
 568 00cc B4       		.byte	0xb4
 569 00cd 00000000 		.4byte	.LFB1
 570 00d1 28000000 		.4byte	.LFE1-.LFB1
 571 00d5 01       		.uleb128 0x1
 572 00d6 9C       		.byte	0x9c
 573 00d7 07       		.uleb128 0x7
 574 00d8 6A000000 		.4byte	.LASF19
 575 00dc 01       		.byte	0x1
 576 00dd F7       		.byte	0xf7
 577 00de 00000000 		.4byte	.LFB3
 578 00e2 28000000 		.4byte	.LFE3-.LFB3
 579 00e6 01       		.uleb128 0x1
 580 00e7 9C       		.byte	0x9c
 581 00e8 08       		.uleb128 0x8
 582 00e9 36010000 		.4byte	.LASF23
 583 00ed 01       		.byte	0x1
 584 00ee 1701     		.2byte	0x117
 585 00f0 00000000 		.4byte	.LFB4
 586 00f4 0C000000 		.4byte	.LFE4-.LFB4
 587 00f8 01       		.uleb128 0x1
 588 00f9 9C       		.byte	0x9c
 589 00fa 0D010000 		.4byte	0x10d
 590 00fe 09       		.uleb128 0x9
 591 00ff 0F020000 		.4byte	.LASF25
 592 0103 01       		.byte	0x1
 593 0104 1701     		.2byte	0x117
 594 0106 6B000000 		.4byte	0x6b
 595 010a 01       		.uleb128 0x1
 596 010b 50       		.byte	0x50
 597 010c 00       		.byte	0
 598 010d 0A       		.uleb128 0xa
 599 010e 5B010000 		.4byte	.LASF20
ARM GAS  C:\Users\shiyu\AppData\Local\Temp\ccN81Mxx.s 			page 21


 600 0112 01       		.byte	0x1
 601 0113 2E01     		.2byte	0x12e
 602 0115 00000000 		.4byte	.LFB5
 603 0119 0C000000 		.4byte	.LFE5-.LFB5
 604 011d 01       		.uleb128 0x1
 605 011e 9C       		.byte	0x9c
 606 011f 0B       		.uleb128 0xb
 607 0120 06000000 		.4byte	.LASF21
 608 0124 01       		.byte	0x1
 609 0125 4D01     		.2byte	0x14d
 610 0127 6B000000 		.4byte	0x6b
 611 012b 00000000 		.4byte	.LFB6
 612 012f 0C000000 		.4byte	.LFE6-.LFB6
 613 0133 01       		.uleb128 0x1
 614 0134 9C       		.byte	0x9c
 615 0135 0B       		.uleb128 0xb
 616 0136 90010000 		.4byte	.LASF22
 617 013a 01       		.byte	0x1
 618 013b 6401     		.2byte	0x164
 619 013d 6B000000 		.4byte	0x6b
 620 0141 00000000 		.4byte	.LFB7
 621 0145 0C000000 		.4byte	.LFE7-.LFB7
 622 0149 01       		.uleb128 0x1
 623 014a 9C       		.byte	0x9c
 624 014b 08       		.uleb128 0x8
 625 014c 94020000 		.4byte	.LASF24
 626 0150 01       		.byte	0x1
 627 0151 7B01     		.2byte	0x17b
 628 0153 00000000 		.4byte	.LFB8
 629 0157 0C000000 		.4byte	.LFE8-.LFB8
 630 015b 01       		.uleb128 0x1
 631 015c 9C       		.byte	0x9c
 632 015d 70010000 		.4byte	0x170
 633 0161 09       		.uleb128 0x9
 634 0162 53010000 		.4byte	.LASF26
 635 0166 01       		.byte	0x1
 636 0167 7B01     		.2byte	0x17b
 637 0169 6B000000 		.4byte	0x6b
 638 016d 01       		.uleb128 0x1
 639 016e 50       		.byte	0x50
 640 016f 00       		.byte	0
 641 0170 0B       		.uleb128 0xb
 642 0171 78010000 		.4byte	.LASF27
 643 0175 01       		.byte	0x1
 644 0176 9501     		.2byte	0x195
 645 0178 6B000000 		.4byte	0x6b
 646 017c 00000000 		.4byte	.LFB9
 647 0180 0C000000 		.4byte	.LFE9-.LFB9
 648 0184 01       		.uleb128 0x1
 649 0185 9C       		.byte	0x9c
 650 0186 08       		.uleb128 0x8
 651 0187 1F010000 		.4byte	.LASF28
 652 018b 01       		.byte	0x1
 653 018c AF01     		.2byte	0x1af
 654 018e 00000000 		.4byte	.LFB10
 655 0192 0C000000 		.4byte	.LFE10-.LFB10
 656 0196 01       		.uleb128 0x1
ARM GAS  C:\Users\shiyu\AppData\Local\Temp\ccN81Mxx.s 			page 22


 657 0197 9C       		.byte	0x9c
 658 0198 B9010000 		.4byte	0x1b9
 659 019c 09       		.uleb128 0x9
 660 019d 1F000000 		.4byte	.LASF29
 661 01a1 01       		.byte	0x1
 662 01a2 AF01     		.2byte	0x1af
 663 01a4 6B000000 		.4byte	0x6b
 664 01a8 01       		.uleb128 0x1
 665 01a9 50       		.byte	0x50
 666 01aa 0C       		.uleb128 0xc
 667 01ab EC010000 		.4byte	.LASF39
 668 01af 01       		.byte	0x1
 669 01b0 B201     		.2byte	0x1b2
 670 01b2 76000000 		.4byte	0x76
 671 01b6 01       		.uleb128 0x1
 672 01b7 50       		.byte	0x50
 673 01b8 00       		.byte	0
 674 01b9 0B       		.uleb128 0xb
 675 01ba AF020000 		.4byte	.LASF30
 676 01be 01       		.byte	0x1
 677 01bf C801     		.2byte	0x1c8
 678 01c1 6B000000 		.4byte	0x6b
 679 01c5 00000000 		.4byte	.LFB11
 680 01c9 0C000000 		.4byte	.LFE11-.LFB11
 681 01cd 01       		.uleb128 0x1
 682 01ce 9C       		.byte	0x9c
 683 01cf 08       		.uleb128 0x8
 684 01d0 C1020000 		.4byte	.LASF31
 685 01d4 01       		.byte	0x1
 686 01d5 E001     		.2byte	0x1e0
 687 01d7 00000000 		.4byte	.LFB12
 688 01db 0C000000 		.4byte	.LFE12-.LFB12
 689 01df 01       		.uleb128 0x1
 690 01e0 9C       		.byte	0x9c
 691 01e1 F4010000 		.4byte	0x1f4
 692 01e5 09       		.uleb128 0x9
 693 01e6 7B000000 		.4byte	.LASF32
 694 01ea 01       		.byte	0x1
 695 01eb E001     		.2byte	0x1e0
 696 01ed 6B000000 		.4byte	0x6b
 697 01f1 01       		.uleb128 0x1
 698 01f2 50       		.byte	0x50
 699 01f3 00       		.byte	0
 700 01f4 0D       		.uleb128 0xd
 701 01f5 EE020000 		.4byte	.LASF33
 702 01f9 01       		.byte	0x1
 703 01fa 2B       		.byte	0x2b
 704 01fb 00000000 		.4byte	.LFB0
 705 01ff 64000000 		.4byte	.LFE0-.LFB0
 706 0203 01       		.uleb128 0x1
 707 0204 9C       		.byte	0x9c
 708 0205 41020000 		.4byte	0x241
 709 0209 0E       		.uleb128 0xe
 710 020a 48000000 		.4byte	.LVL4
 711 020e 86010000 		.4byte	0x186
 712 0212 1D020000 		.4byte	0x21d
 713 0216 0F       		.uleb128 0xf
ARM GAS  C:\Users\shiyu\AppData\Local\Temp\ccN81Mxx.s 			page 23


 714 0217 01       		.uleb128 0x1
 715 0218 50       		.byte	0x50
 716 0219 02       		.uleb128 0x2
 717 021a 08       		.byte	0x8
 718 021b 63       		.byte	0x63
 719 021c 00       		.byte	0
 720 021d 0E       		.uleb128 0xe
 721 021e 4E000000 		.4byte	.LVL5
 722 0222 CF010000 		.4byte	0x1cf
 723 0226 31020000 		.4byte	0x231
 724 022a 0F       		.uleb128 0xf
 725 022b 01       		.uleb128 0x1
 726 022c 50       		.byte	0x50
 727 022d 02       		.uleb128 0x2
 728 022e 08       		.byte	0x8
 729 022f 63       		.byte	0x63
 730 0230 00       		.byte	0
 731 0231 10       		.uleb128 0x10
 732 0232 54000000 		.4byte	.LVL6
 733 0236 E8000000 		.4byte	0xe8
 734 023a 0F       		.uleb128 0xf
 735 023b 01       		.uleb128 0x1
 736 023c 50       		.byte	0x50
 737 023d 01       		.uleb128 0x1
 738 023e 30       		.byte	0x30
 739 023f 00       		.byte	0
 740 0240 00       		.byte	0
 741 0241 0D       		.uleb128 0xd
 742 0242 AA010000 		.4byte	.LASF34
 743 0246 01       		.byte	0x1
 744 0247 D7       		.byte	0xd7
 745 0248 00000000 		.4byte	.LFB2
 746 024c 1C000000 		.4byte	.LFE2-.LFB2
 747 0250 01       		.uleb128 0x1
 748 0251 9C       		.byte	0x9c
 749 0252 69020000 		.4byte	0x269
 750 0256 11       		.uleb128 0x11
 751 0257 0C000000 		.4byte	.LVL7
 752 025b F4010000 		.4byte	0x1f4
 753 025f 11       		.uleb128 0x11
 754 0260 16000000 		.4byte	.LVL8
 755 0264 C6000000 		.4byte	0xc6
 756 0268 00       		.byte	0
 757 0269 0B       		.uleb128 0xb
 758 026a 26000000 		.4byte	.LASF35
 759 026e 01       		.byte	0x1
 760 026f FC01     		.2byte	0x1fc
 761 0271 6B000000 		.4byte	0x6b
 762 0275 00000000 		.4byte	.LFB13
 763 0279 14000000 		.4byte	.LFE13-.LFB13
 764 027d 01       		.uleb128 0x1
 765 027e 9C       		.byte	0x9c
 766 027f 12       		.uleb128 0x12
 767 0280 05030000 		.4byte	.LASF40
 768 0284 01       		.byte	0x1
 769 0285 1A       		.byte	0x1a
 770 0286 6B000000 		.4byte	0x6b
ARM GAS  C:\Users\shiyu\AppData\Local\Temp\ccN81Mxx.s 			page 24


 771 028a 05       		.uleb128 0x5
 772 028b 03       		.byte	0x3
 773 028c 00000000 		.4byte	Timer_initVar
 774 0290 00       		.byte	0
 775              		.section	.debug_abbrev,"",%progbits
 776              	.Ldebug_abbrev0:
 777 0000 01       		.uleb128 0x1
 778 0001 11       		.uleb128 0x11
 779 0002 01       		.byte	0x1
 780 0003 25       		.uleb128 0x25
 781 0004 0E       		.uleb128 0xe
 782 0005 13       		.uleb128 0x13
 783 0006 0B       		.uleb128 0xb
 784 0007 03       		.uleb128 0x3
 785 0008 0E       		.uleb128 0xe
 786 0009 1B       		.uleb128 0x1b
 787 000a 0E       		.uleb128 0xe
 788 000b 55       		.uleb128 0x55
 789 000c 17       		.uleb128 0x17
 790 000d 11       		.uleb128 0x11
 791 000e 01       		.uleb128 0x1
 792 000f 10       		.uleb128 0x10
 793 0010 17       		.uleb128 0x17
 794 0011 00       		.byte	0
 795 0012 00       		.byte	0
 796 0013 02       		.uleb128 0x2
 797 0014 24       		.uleb128 0x24
 798 0015 00       		.byte	0
 799 0016 0B       		.uleb128 0xb
 800 0017 0B       		.uleb128 0xb
 801 0018 3E       		.uleb128 0x3e
 802 0019 0B       		.uleb128 0xb
 803 001a 03       		.uleb128 0x3
 804 001b 0E       		.uleb128 0xe
 805 001c 00       		.byte	0
 806 001d 00       		.byte	0
 807 001e 03       		.uleb128 0x3
 808 001f 24       		.uleb128 0x24
 809 0020 00       		.byte	0
 810 0021 0B       		.uleb128 0xb
 811 0022 0B       		.uleb128 0xb
 812 0023 3E       		.uleb128 0x3e
 813 0024 0B       		.uleb128 0xb
 814 0025 03       		.uleb128 0x3
 815 0026 08       		.uleb128 0x8
 816 0027 00       		.byte	0
 817 0028 00       		.byte	0
 818 0029 04       		.uleb128 0x4
 819 002a 16       		.uleb128 0x16
 820 002b 00       		.byte	0
 821 002c 03       		.uleb128 0x3
 822 002d 0E       		.uleb128 0xe
 823 002e 3A       		.uleb128 0x3a
 824 002f 0B       		.uleb128 0xb
 825 0030 3B       		.uleb128 0x3b
 826 0031 0B       		.uleb128 0xb
 827 0032 49       		.uleb128 0x49
ARM GAS  C:\Users\shiyu\AppData\Local\Temp\ccN81Mxx.s 			page 25


 828 0033 13       		.uleb128 0x13
 829 0034 00       		.byte	0
 830 0035 00       		.byte	0
 831 0036 05       		.uleb128 0x5
 832 0037 16       		.uleb128 0x16
 833 0038 00       		.byte	0
 834 0039 03       		.uleb128 0x3
 835 003a 0E       		.uleb128 0xe
 836 003b 3A       		.uleb128 0x3a
 837 003c 0B       		.uleb128 0xb
 838 003d 3B       		.uleb128 0x3b
 839 003e 05       		.uleb128 0x5
 840 003f 49       		.uleb128 0x49
 841 0040 13       		.uleb128 0x13
 842 0041 00       		.byte	0
 843 0042 00       		.byte	0
 844 0043 06       		.uleb128 0x6
 845 0044 35       		.uleb128 0x35
 846 0045 00       		.byte	0
 847 0046 49       		.uleb128 0x49
 848 0047 13       		.uleb128 0x13
 849 0048 00       		.byte	0
 850 0049 00       		.byte	0
 851 004a 07       		.uleb128 0x7
 852 004b 2E       		.uleb128 0x2e
 853 004c 00       		.byte	0
 854 004d 3F       		.uleb128 0x3f
 855 004e 19       		.uleb128 0x19
 856 004f 03       		.uleb128 0x3
 857 0050 0E       		.uleb128 0xe
 858 0051 3A       		.uleb128 0x3a
 859 0052 0B       		.uleb128 0xb
 860 0053 3B       		.uleb128 0x3b
 861 0054 0B       		.uleb128 0xb
 862 0055 27       		.uleb128 0x27
 863 0056 19       		.uleb128 0x19
 864 0057 11       		.uleb128 0x11
 865 0058 01       		.uleb128 0x1
 866 0059 12       		.uleb128 0x12
 867 005a 06       		.uleb128 0x6
 868 005b 40       		.uleb128 0x40
 869 005c 18       		.uleb128 0x18
 870 005d 9742     		.uleb128 0x2117
 871 005f 19       		.uleb128 0x19
 872 0060 00       		.byte	0
 873 0061 00       		.byte	0
 874 0062 08       		.uleb128 0x8
 875 0063 2E       		.uleb128 0x2e
 876 0064 01       		.byte	0x1
 877 0065 3F       		.uleb128 0x3f
 878 0066 19       		.uleb128 0x19
 879 0067 03       		.uleb128 0x3
 880 0068 0E       		.uleb128 0xe
 881 0069 3A       		.uleb128 0x3a
 882 006a 0B       		.uleb128 0xb
 883 006b 3B       		.uleb128 0x3b
 884 006c 05       		.uleb128 0x5
ARM GAS  C:\Users\shiyu\AppData\Local\Temp\ccN81Mxx.s 			page 26


 885 006d 27       		.uleb128 0x27
 886 006e 19       		.uleb128 0x19
 887 006f 11       		.uleb128 0x11
 888 0070 01       		.uleb128 0x1
 889 0071 12       		.uleb128 0x12
 890 0072 06       		.uleb128 0x6
 891 0073 40       		.uleb128 0x40
 892 0074 18       		.uleb128 0x18
 893 0075 9742     		.uleb128 0x2117
 894 0077 19       		.uleb128 0x19
 895 0078 01       		.uleb128 0x1
 896 0079 13       		.uleb128 0x13
 897 007a 00       		.byte	0
 898 007b 00       		.byte	0
 899 007c 09       		.uleb128 0x9
 900 007d 05       		.uleb128 0x5
 901 007e 00       		.byte	0
 902 007f 03       		.uleb128 0x3
 903 0080 0E       		.uleb128 0xe
 904 0081 3A       		.uleb128 0x3a
 905 0082 0B       		.uleb128 0xb
 906 0083 3B       		.uleb128 0x3b
 907 0084 05       		.uleb128 0x5
 908 0085 49       		.uleb128 0x49
 909 0086 13       		.uleb128 0x13
 910 0087 02       		.uleb128 0x2
 911 0088 18       		.uleb128 0x18
 912 0089 00       		.byte	0
 913 008a 00       		.byte	0
 914 008b 0A       		.uleb128 0xa
 915 008c 2E       		.uleb128 0x2e
 916 008d 00       		.byte	0
 917 008e 3F       		.uleb128 0x3f
 918 008f 19       		.uleb128 0x19
 919 0090 03       		.uleb128 0x3
 920 0091 0E       		.uleb128 0xe
 921 0092 3A       		.uleb128 0x3a
 922 0093 0B       		.uleb128 0xb
 923 0094 3B       		.uleb128 0x3b
 924 0095 05       		.uleb128 0x5
 925 0096 27       		.uleb128 0x27
 926 0097 19       		.uleb128 0x19
 927 0098 11       		.uleb128 0x11
 928 0099 01       		.uleb128 0x1
 929 009a 12       		.uleb128 0x12
 930 009b 06       		.uleb128 0x6
 931 009c 40       		.uleb128 0x40
 932 009d 18       		.uleb128 0x18
 933 009e 9742     		.uleb128 0x2117
 934 00a0 19       		.uleb128 0x19
 935 00a1 00       		.byte	0
 936 00a2 00       		.byte	0
 937 00a3 0B       		.uleb128 0xb
 938 00a4 2E       		.uleb128 0x2e
 939 00a5 00       		.byte	0
 940 00a6 3F       		.uleb128 0x3f
 941 00a7 19       		.uleb128 0x19
ARM GAS  C:\Users\shiyu\AppData\Local\Temp\ccN81Mxx.s 			page 27


 942 00a8 03       		.uleb128 0x3
 943 00a9 0E       		.uleb128 0xe
 944 00aa 3A       		.uleb128 0x3a
 945 00ab 0B       		.uleb128 0xb
 946 00ac 3B       		.uleb128 0x3b
 947 00ad 05       		.uleb128 0x5
 948 00ae 27       		.uleb128 0x27
 949 00af 19       		.uleb128 0x19
 950 00b0 49       		.uleb128 0x49
 951 00b1 13       		.uleb128 0x13
 952 00b2 11       		.uleb128 0x11
 953 00b3 01       		.uleb128 0x1
 954 00b4 12       		.uleb128 0x12
 955 00b5 06       		.uleb128 0x6
 956 00b6 40       		.uleb128 0x40
 957 00b7 18       		.uleb128 0x18
 958 00b8 9742     		.uleb128 0x2117
 959 00ba 19       		.uleb128 0x19
 960 00bb 00       		.byte	0
 961 00bc 00       		.byte	0
 962 00bd 0C       		.uleb128 0xc
 963 00be 34       		.uleb128 0x34
 964 00bf 00       		.byte	0
 965 00c0 03       		.uleb128 0x3
 966 00c1 0E       		.uleb128 0xe
 967 00c2 3A       		.uleb128 0x3a
 968 00c3 0B       		.uleb128 0xb
 969 00c4 3B       		.uleb128 0x3b
 970 00c5 05       		.uleb128 0x5
 971 00c6 49       		.uleb128 0x49
 972 00c7 13       		.uleb128 0x13
 973 00c8 02       		.uleb128 0x2
 974 00c9 18       		.uleb128 0x18
 975 00ca 00       		.byte	0
 976 00cb 00       		.byte	0
 977 00cc 0D       		.uleb128 0xd
 978 00cd 2E       		.uleb128 0x2e
 979 00ce 01       		.byte	0x1
 980 00cf 3F       		.uleb128 0x3f
 981 00d0 19       		.uleb128 0x19
 982 00d1 03       		.uleb128 0x3
 983 00d2 0E       		.uleb128 0xe
 984 00d3 3A       		.uleb128 0x3a
 985 00d4 0B       		.uleb128 0xb
 986 00d5 3B       		.uleb128 0x3b
 987 00d6 0B       		.uleb128 0xb
 988 00d7 27       		.uleb128 0x27
 989 00d8 19       		.uleb128 0x19
 990 00d9 11       		.uleb128 0x11
 991 00da 01       		.uleb128 0x1
 992 00db 12       		.uleb128 0x12
 993 00dc 06       		.uleb128 0x6
 994 00dd 40       		.uleb128 0x40
 995 00de 18       		.uleb128 0x18
 996 00df 9742     		.uleb128 0x2117
 997 00e1 19       		.uleb128 0x19
 998 00e2 01       		.uleb128 0x1
ARM GAS  C:\Users\shiyu\AppData\Local\Temp\ccN81Mxx.s 			page 28


 999 00e3 13       		.uleb128 0x13
 1000 00e4 00       		.byte	0
 1001 00e5 00       		.byte	0
 1002 00e6 0E       		.uleb128 0xe
 1003 00e7 898201   		.uleb128 0x4109
 1004 00ea 01       		.byte	0x1
 1005 00eb 11       		.uleb128 0x11
 1006 00ec 01       		.uleb128 0x1
 1007 00ed 31       		.uleb128 0x31
 1008 00ee 13       		.uleb128 0x13
 1009 00ef 01       		.uleb128 0x1
 1010 00f0 13       		.uleb128 0x13
 1011 00f1 00       		.byte	0
 1012 00f2 00       		.byte	0
 1013 00f3 0F       		.uleb128 0xf
 1014 00f4 8A8201   		.uleb128 0x410a
 1015 00f7 00       		.byte	0
 1016 00f8 02       		.uleb128 0x2
 1017 00f9 18       		.uleb128 0x18
 1018 00fa 9142     		.uleb128 0x2111
 1019 00fc 18       		.uleb128 0x18
 1020 00fd 00       		.byte	0
 1021 00fe 00       		.byte	0
 1022 00ff 10       		.uleb128 0x10
 1023 0100 898201   		.uleb128 0x4109
 1024 0103 01       		.byte	0x1
 1025 0104 11       		.uleb128 0x11
 1026 0105 01       		.uleb128 0x1
 1027 0106 31       		.uleb128 0x31
 1028 0107 13       		.uleb128 0x13
 1029 0108 00       		.byte	0
 1030 0109 00       		.byte	0
 1031 010a 11       		.uleb128 0x11
 1032 010b 898201   		.uleb128 0x4109
 1033 010e 00       		.byte	0
 1034 010f 11       		.uleb128 0x11
 1035 0110 01       		.uleb128 0x1
 1036 0111 31       		.uleb128 0x31
 1037 0112 13       		.uleb128 0x13
 1038 0113 00       		.byte	0
 1039 0114 00       		.byte	0
 1040 0115 12       		.uleb128 0x12
 1041 0116 34       		.uleb128 0x34
 1042 0117 00       		.byte	0
 1043 0118 03       		.uleb128 0x3
 1044 0119 0E       		.uleb128 0xe
 1045 011a 3A       		.uleb128 0x3a
 1046 011b 0B       		.uleb128 0xb
 1047 011c 3B       		.uleb128 0x3b
 1048 011d 0B       		.uleb128 0xb
 1049 011e 49       		.uleb128 0x49
 1050 011f 13       		.uleb128 0x13
 1051 0120 3F       		.uleb128 0x3f
 1052 0121 19       		.uleb128 0x19
 1053 0122 02       		.uleb128 0x2
 1054 0123 18       		.uleb128 0x18
 1055 0124 00       		.byte	0
ARM GAS  C:\Users\shiyu\AppData\Local\Temp\ccN81Mxx.s 			page 29


 1056 0125 00       		.byte	0
 1057 0126 00       		.byte	0
 1058              		.section	.debug_aranges,"",%progbits
 1059 0000 84000000 		.4byte	0x84
 1060 0004 0200     		.2byte	0x2
 1061 0006 00000000 		.4byte	.Ldebug_info0
 1062 000a 04       		.byte	0x4
 1063 000b 00       		.byte	0
 1064 000c 0000     		.2byte	0
 1065 000e 0000     		.2byte	0
 1066 0010 00000000 		.4byte	.LFB1
 1067 0014 28000000 		.4byte	.LFE1-.LFB1
 1068 0018 00000000 		.4byte	.LFB3
 1069 001c 28000000 		.4byte	.LFE3-.LFB3
 1070 0020 00000000 		.4byte	.LFB4
 1071 0024 0C000000 		.4byte	.LFE4-.LFB4
 1072 0028 00000000 		.4byte	.LFB5
 1073 002c 0C000000 		.4byte	.LFE5-.LFB5
 1074 0030 00000000 		.4byte	.LFB6
 1075 0034 0C000000 		.4byte	.LFE6-.LFB6
 1076 0038 00000000 		.4byte	.LFB7
 1077 003c 0C000000 		.4byte	.LFE7-.LFB7
 1078 0040 00000000 		.4byte	.LFB8
 1079 0044 0C000000 		.4byte	.LFE8-.LFB8
 1080 0048 00000000 		.4byte	.LFB9
 1081 004c 0C000000 		.4byte	.LFE9-.LFB9
 1082 0050 00000000 		.4byte	.LFB10
 1083 0054 0C000000 		.4byte	.LFE10-.LFB10
 1084 0058 00000000 		.4byte	.LFB11
 1085 005c 0C000000 		.4byte	.LFE11-.LFB11
 1086 0060 00000000 		.4byte	.LFB12
 1087 0064 0C000000 		.4byte	.LFE12-.LFB12
 1088 0068 00000000 		.4byte	.LFB0
 1089 006c 64000000 		.4byte	.LFE0-.LFB0
 1090 0070 00000000 		.4byte	.LFB2
 1091 0074 1C000000 		.4byte	.LFE2-.LFB2
 1092 0078 00000000 		.4byte	.LFB13
 1093 007c 14000000 		.4byte	.LFE13-.LFB13
 1094 0080 00000000 		.4byte	0
 1095 0084 00000000 		.4byte	0
 1096              		.section	.debug_ranges,"",%progbits
 1097              	.Ldebug_ranges0:
 1098 0000 00000000 		.4byte	.LFB1
 1099 0004 28000000 		.4byte	.LFE1
 1100 0008 00000000 		.4byte	.LFB3
 1101 000c 28000000 		.4byte	.LFE3
 1102 0010 00000000 		.4byte	.LFB4
 1103 0014 0C000000 		.4byte	.LFE4
 1104 0018 00000000 		.4byte	.LFB5
 1105 001c 0C000000 		.4byte	.LFE5
 1106 0020 00000000 		.4byte	.LFB6
 1107 0024 0C000000 		.4byte	.LFE6
 1108 0028 00000000 		.4byte	.LFB7
 1109 002c 0C000000 		.4byte	.LFE7
 1110 0030 00000000 		.4byte	.LFB8
 1111 0034 0C000000 		.4byte	.LFE8
 1112 0038 00000000 		.4byte	.LFB9
ARM GAS  C:\Users\shiyu\AppData\Local\Temp\ccN81Mxx.s 			page 30


 1113 003c 0C000000 		.4byte	.LFE9
 1114 0040 00000000 		.4byte	.LFB10
 1115 0044 0C000000 		.4byte	.LFE10
 1116 0048 00000000 		.4byte	.LFB11
 1117 004c 0C000000 		.4byte	.LFE11
 1118 0050 00000000 		.4byte	.LFB12
 1119 0054 0C000000 		.4byte	.LFE12
 1120 0058 00000000 		.4byte	.LFB0
 1121 005c 64000000 		.4byte	.LFE0
 1122 0060 00000000 		.4byte	.LFB2
 1123 0064 1C000000 		.4byte	.LFE2
 1124 0068 00000000 		.4byte	.LFB13
 1125 006c 14000000 		.4byte	.LFE13
 1126 0070 00000000 		.4byte	0
 1127 0074 00000000 		.4byte	0
 1128              		.section	.debug_line,"",%progbits
 1129              	.Ldebug_line0:
 1130 0000 4F010000 		.section	.debug_str,"MS",%progbits,1
 1130      02004200 
 1130      00000201 
 1130      FB0E0D00 
 1130      01010101 
 1131              	.LASF15:
 1132 0000 72656731 		.ascii	"reg16\000"
 1132      3600
 1133              	.LASF21:
 1134 0006 54696D65 		.ascii	"Timer_ReadStatusRegister\000"
 1134      725F5265 
 1134      61645374 
 1134      61747573 
 1134      52656769 
 1135              	.LASF29:
 1136 001f 70657269 		.ascii	"period\000"
 1136      6F6400
 1137              	.LASF35:
 1138 0026 54696D65 		.ascii	"Timer_ReadCounter\000"
 1138      725F5265 
 1138      6164436F 
 1138      756E7465 
 1138      7200
 1139              	.LASF3:
 1140 0038 73686F72 		.ascii	"short unsigned int\000"
 1140      7420756E 
 1140      7369676E 
 1140      65642069 
 1140      6E7400
 1141              	.LASF37:
 1142 004b 47656E65 		.ascii	"Generated_Source\\PSoC5\\Timer.c\000"
 1142      72617465 
 1142      645F536F 
 1142      75726365 
 1142      5C50536F 
 1143              	.LASF19:
 1144 006a 54696D65 		.ascii	"Timer_Stop\000"
 1144      725F5374 
 1144      6F7000
 1145              	.LASF11:
ARM GAS  C:\Users\shiyu\AppData\Local\Temp\ccN81Mxx.s 			page 31


 1146 0075 666C6F61 		.ascii	"float\000"
 1146      7400
 1147              	.LASF32:
 1148 007b 636F756E 		.ascii	"counter\000"
 1148      74657200 
 1149              	.LASF1:
 1150 0083 756E7369 		.ascii	"unsigned char\000"
 1150      676E6564 
 1150      20636861 
 1150      7200
 1151              	.LASF36:
 1152 0091 474E5520 		.ascii	"GNU C11 5.4.1 20160609 (release) [ARM/embedded-5-br"
 1152      43313120 
 1152      352E342E 
 1152      31203230 
 1152      31363036 
 1153 00c4 616E6368 		.ascii	"anch revision 237715] -mcpu=cortex-m3 -mthumb -g -O"
 1153      20726576 
 1153      6973696F 
 1153      6E203233 
 1153      37373135 
 1154 00f7 67202D66 		.ascii	"g -ffunction-sections -ffat-lto-objects\000"
 1154      66756E63 
 1154      74696F6E 
 1154      2D736563 
 1154      74696F6E 
 1155              	.LASF28:
 1156 011f 54696D65 		.ascii	"Timer_WritePeriod\000"
 1156      725F5772 
 1156      69746550 
 1156      6572696F 
 1156      6400
 1157              	.LASF14:
 1158 0131 72656738 		.ascii	"reg8\000"
 1158      00
 1159              	.LASF23:
 1160 0136 54696D65 		.ascii	"Timer_SetInterruptMode\000"
 1160      725F5365 
 1160      74496E74 
 1160      65727275 
 1160      70744D6F 
 1161              	.LASF9:
 1162 014d 75696E74 		.ascii	"uint8\000"
 1162      3800
 1163              	.LASF26:
 1164 0153 636F6E74 		.ascii	"control\000"
 1164      726F6C00 
 1165              	.LASF20:
 1166 015b 54696D65 		.ascii	"Timer_SoftwareCapture\000"
 1166      725F536F 
 1166      66747761 
 1166      72654361 
 1166      70747572 
 1167              	.LASF12:
 1168 0171 646F7562 		.ascii	"double\000"
 1168      6C6500
 1169              	.LASF27:
ARM GAS  C:\Users\shiyu\AppData\Local\Temp\ccN81Mxx.s 			page 32


 1170 0178 54696D65 		.ascii	"Timer_ReadPeriod\000"
 1170      725F5265 
 1170      61645065 
 1170      72696F64 
 1170      00
 1171              	.LASF10:
 1172 0189 75696E74 		.ascii	"uint16\000"
 1172      313600
 1173              	.LASF22:
 1174 0190 54696D65 		.ascii	"Timer_ReadControlRegister\000"
 1174      725F5265 
 1174      6164436F 
 1174      6E74726F 
 1174      6C526567 
 1175              	.LASF34:
 1176 01aa 54696D65 		.ascii	"Timer_Start\000"
 1176      725F5374 
 1176      61727400 
 1177              	.LASF5:
 1178 01b6 6C6F6E67 		.ascii	"long unsigned int\000"
 1178      20756E73 
 1178      69676E65 
 1178      6420696E 
 1178      7400
 1179              	.LASF8:
 1180 01c8 756E7369 		.ascii	"unsigned int\000"
 1180      676E6564 
 1180      20696E74 
 1180      00
 1181              	.LASF7:
 1182 01d5 6C6F6E67 		.ascii	"long long unsigned int\000"
 1182      206C6F6E 
 1182      6720756E 
 1182      7369676E 
 1182      65642069 
 1183              	.LASF39:
 1184 01ec 70657269 		.ascii	"period_temp\000"
 1184      6F645F74 
 1184      656D7000 
 1185              	.LASF17:
 1186 01f8 73697A65 		.ascii	"sizetype\000"
 1186      74797065 
 1186      00
 1187              	.LASF6:
 1188 0201 6C6F6E67 		.ascii	"long long int\000"
 1188      206C6F6E 
 1188      6720696E 
 1188      7400
 1189              	.LASF25:
 1190 020f 696E7465 		.ascii	"interruptMode\000"
 1190      72727570 
 1190      744D6F64 
 1190      6500
 1191              	.LASF38:
 1192 021d 433A5C55 		.ascii	"C:\\Users\\shiyu\\Documents\\GitHub\\MUR\\MCU_PSOC\\"
 1192      73657273 
 1192      5C736869 
ARM GAS  C:\Users\shiyu\AppData\Local\Temp\ccN81Mxx.s 			page 33


 1192      79755C44 
 1192      6F63756D 
 1193 024a 4272616E 		.ascii	"Branches\\NOV\\PCB_CAN_ORION_Interrupt_PSOC_A_5\\SA"
 1193      63686573 
 1193      5C4E4F56 
 1193      5C504342 
 1193      5F43414E 
 1194 027a 52204578 		.ascii	"R Example.cydsn\000"
 1194      616D706C 
 1194      652E6379 
 1194      64736E00 
 1195              	.LASF2:
 1196 028a 73686F72 		.ascii	"short int\000"
 1196      7420696E 
 1196      7400
 1197              	.LASF24:
 1198 0294 54696D65 		.ascii	"Timer_WriteControlRegister\000"
 1198      725F5772 
 1198      69746543 
 1198      6F6E7472 
 1198      6F6C5265 
 1199              	.LASF30:
 1200 02af 54696D65 		.ascii	"Timer_ReadCapture\000"
 1200      725F5265 
 1200      61644361 
 1200      70747572 
 1200      6500
 1201              	.LASF31:
 1202 02c1 54696D65 		.ascii	"Timer_WriteCounter\000"
 1202      725F5772 
 1202      69746543 
 1202      6F756E74 
 1202      657200
 1203              	.LASF4:
 1204 02d4 6C6F6E67 		.ascii	"long int\000"
 1204      20696E74 
 1204      00
 1205              	.LASF13:
 1206 02dd 63686172 		.ascii	"char\000"
 1206      00
 1207              	.LASF16:
 1208 02e2 6C6F6E67 		.ascii	"long double\000"
 1208      20646F75 
 1208      626C6500 
 1209              	.LASF33:
 1210 02ee 54696D65 		.ascii	"Timer_Init\000"
 1210      725F496E 
 1210      697400
 1211              	.LASF0:
 1212 02f9 7369676E 		.ascii	"signed char\000"
 1212      65642063 
 1212      68617200 
 1213              	.LASF40:
 1214 0305 54696D65 		.ascii	"Timer_initVar\000"
 1214      725F696E 
 1214      69745661 
 1214      7200
ARM GAS  C:\Users\shiyu\AppData\Local\Temp\ccN81Mxx.s 			page 34


 1215              	.LASF18:
 1216 0313 54696D65 		.ascii	"Timer_Enable\000"
 1216      725F456E 
 1216      61626C65 
 1216      00
 1217              		.ident	"GCC: (GNU Tools for ARM Embedded Processors) 5.4.1 20160609 (release) [ARM/embedded-5-bran
