ARM GAS  C:\Users\shiyu\AppData\Local\Temp\ccRH1cXb.s 			page 1


   1              		.syntax unified
   2              		.cpu cortex-m3
   3              		.fpu softvfp
   4              		.eabi_attribute 20, 1
   5              		.eabi_attribute 21, 1
   6              		.eabi_attribute 23, 3
   7              		.eabi_attribute 24, 1
   8              		.eabi_attribute 25, 1
   9              		.eabi_attribute 26, 1
  10              		.eabi_attribute 30, 1
  11              		.eabi_attribute 34, 1
  12              		.eabi_attribute 18, 4
  13              		.thumb
  14              		.syntax unified
  15              		.file	"VDAC8_1.c"
  16              		.text
  17              	.Ltext0:
  18              		.cfi_sections	.debug_frame
  19              		.section	.text.VDAC8_1_Enable,"ax",%progbits
  20              		.align	2
  21              		.global	VDAC8_1_Enable
  22              		.thumb
  23              		.thumb_func
  24              		.type	VDAC8_1_Enable, %function
  25              	VDAC8_1_Enable:
  26              	.LFB1:
  27              		.file 1 "Generated_Source\\PSoC5\\VDAC8_1.c"
   1:Generated_Source\PSoC5/VDAC8_1.c **** /*******************************************************************************
   2:Generated_Source\PSoC5/VDAC8_1.c **** * File Name: VDAC8_1.c  
   3:Generated_Source\PSoC5/VDAC8_1.c **** * Version 1.90
   4:Generated_Source\PSoC5/VDAC8_1.c **** *
   5:Generated_Source\PSoC5/VDAC8_1.c **** * Description:
   6:Generated_Source\PSoC5/VDAC8_1.c **** *  This file provides the source code to the API for the 8-bit Voltage DAC 
   7:Generated_Source\PSoC5/VDAC8_1.c **** *  (VDAC8) User Module.
   8:Generated_Source\PSoC5/VDAC8_1.c **** *
   9:Generated_Source\PSoC5/VDAC8_1.c **** * Note:
  10:Generated_Source\PSoC5/VDAC8_1.c **** *  Any unusual or non-standard behavior should be noted here. Other-
  11:Generated_Source\PSoC5/VDAC8_1.c **** *  wise, this section should remain blank.
  12:Generated_Source\PSoC5/VDAC8_1.c **** *
  13:Generated_Source\PSoC5/VDAC8_1.c **** ********************************************************************************
  14:Generated_Source\PSoC5/VDAC8_1.c **** * Copyright 2008-2012, Cypress Semiconductor Corporation.  All rights reserved.
  15:Generated_Source\PSoC5/VDAC8_1.c **** * You may use this file only in accordance with the license, terms, conditions, 
  16:Generated_Source\PSoC5/VDAC8_1.c **** * disclaimers, and limitations in the end user license agreement accompanying 
  17:Generated_Source\PSoC5/VDAC8_1.c **** * the software package with which this file was provided.
  18:Generated_Source\PSoC5/VDAC8_1.c **** *******************************************************************************/
  19:Generated_Source\PSoC5/VDAC8_1.c **** 
  20:Generated_Source\PSoC5/VDAC8_1.c **** #include "cytypes.h"
  21:Generated_Source\PSoC5/VDAC8_1.c **** #include "VDAC8_1.h"
  22:Generated_Source\PSoC5/VDAC8_1.c **** 
  23:Generated_Source\PSoC5/VDAC8_1.c **** #if (CY_PSOC5A)
  24:Generated_Source\PSoC5/VDAC8_1.c **** #include <CyLib.h>
  25:Generated_Source\PSoC5/VDAC8_1.c **** #endif /* CY_PSOC5A */
  26:Generated_Source\PSoC5/VDAC8_1.c **** 
  27:Generated_Source\PSoC5/VDAC8_1.c **** uint8 VDAC8_1_initVar = 0u;
  28:Generated_Source\PSoC5/VDAC8_1.c **** 
  29:Generated_Source\PSoC5/VDAC8_1.c **** #if (CY_PSOC5A)
  30:Generated_Source\PSoC5/VDAC8_1.c ****     static uint8 VDAC8_1_restoreVal = 0u;
ARM GAS  C:\Users\shiyu\AppData\Local\Temp\ccRH1cXb.s 			page 2


  31:Generated_Source\PSoC5/VDAC8_1.c **** #endif /* CY_PSOC5A */
  32:Generated_Source\PSoC5/VDAC8_1.c **** 
  33:Generated_Source\PSoC5/VDAC8_1.c **** #if (CY_PSOC5A)
  34:Generated_Source\PSoC5/VDAC8_1.c ****     static VDAC8_1_backupStruct VDAC8_1_backup;
  35:Generated_Source\PSoC5/VDAC8_1.c **** #endif /* CY_PSOC5A */
  36:Generated_Source\PSoC5/VDAC8_1.c **** 
  37:Generated_Source\PSoC5/VDAC8_1.c **** 
  38:Generated_Source\PSoC5/VDAC8_1.c **** /*******************************************************************************
  39:Generated_Source\PSoC5/VDAC8_1.c **** * Function Name: VDAC8_1_Init
  40:Generated_Source\PSoC5/VDAC8_1.c **** ********************************************************************************
  41:Generated_Source\PSoC5/VDAC8_1.c **** * Summary:
  42:Generated_Source\PSoC5/VDAC8_1.c **** *  Initialize to the schematic state.
  43:Generated_Source\PSoC5/VDAC8_1.c **** * 
  44:Generated_Source\PSoC5/VDAC8_1.c **** * Parameters:
  45:Generated_Source\PSoC5/VDAC8_1.c **** *  void:
  46:Generated_Source\PSoC5/VDAC8_1.c **** *
  47:Generated_Source\PSoC5/VDAC8_1.c **** * Return:
  48:Generated_Source\PSoC5/VDAC8_1.c **** *  void
  49:Generated_Source\PSoC5/VDAC8_1.c **** *
  50:Generated_Source\PSoC5/VDAC8_1.c **** * Theory:
  51:Generated_Source\PSoC5/VDAC8_1.c **** *
  52:Generated_Source\PSoC5/VDAC8_1.c **** * Side Effects:
  53:Generated_Source\PSoC5/VDAC8_1.c **** *
  54:Generated_Source\PSoC5/VDAC8_1.c **** *******************************************************************************/
  55:Generated_Source\PSoC5/VDAC8_1.c **** void VDAC8_1_Init(void) 
  56:Generated_Source\PSoC5/VDAC8_1.c **** {
  57:Generated_Source\PSoC5/VDAC8_1.c ****     VDAC8_1_CR0 = (VDAC8_1_MODE_V );
  58:Generated_Source\PSoC5/VDAC8_1.c **** 
  59:Generated_Source\PSoC5/VDAC8_1.c ****     /* Set default data source */
  60:Generated_Source\PSoC5/VDAC8_1.c ****     #if(VDAC8_1_DEFAULT_DATA_SRC != 0 )
  61:Generated_Source\PSoC5/VDAC8_1.c ****         VDAC8_1_CR1 = (VDAC8_1_DEFAULT_CNTL | VDAC8_1_DACBUS_ENABLE) ;
  62:Generated_Source\PSoC5/VDAC8_1.c ****     #else
  63:Generated_Source\PSoC5/VDAC8_1.c ****         VDAC8_1_CR1 = (VDAC8_1_DEFAULT_CNTL | VDAC8_1_DACBUS_DISABLE) ;
  64:Generated_Source\PSoC5/VDAC8_1.c ****     #endif /* (VDAC8_1_DEFAULT_DATA_SRC != 0 ) */
  65:Generated_Source\PSoC5/VDAC8_1.c **** 
  66:Generated_Source\PSoC5/VDAC8_1.c ****     /* Set default strobe mode */
  67:Generated_Source\PSoC5/VDAC8_1.c ****     #if(VDAC8_1_DEFAULT_STRB != 0)
  68:Generated_Source\PSoC5/VDAC8_1.c ****         VDAC8_1_Strobe |= VDAC8_1_STRB_EN ;
  69:Generated_Source\PSoC5/VDAC8_1.c ****     #endif/* (VDAC8_1_DEFAULT_STRB != 0) */
  70:Generated_Source\PSoC5/VDAC8_1.c **** 
  71:Generated_Source\PSoC5/VDAC8_1.c ****     /* Set default range */
  72:Generated_Source\PSoC5/VDAC8_1.c ****     VDAC8_1_SetRange(VDAC8_1_DEFAULT_RANGE); 
  73:Generated_Source\PSoC5/VDAC8_1.c **** 
  74:Generated_Source\PSoC5/VDAC8_1.c ****     /* Set default speed */
  75:Generated_Source\PSoC5/VDAC8_1.c ****     VDAC8_1_SetSpeed(VDAC8_1_DEFAULT_SPEED);
  76:Generated_Source\PSoC5/VDAC8_1.c **** }
  77:Generated_Source\PSoC5/VDAC8_1.c **** 
  78:Generated_Source\PSoC5/VDAC8_1.c **** 
  79:Generated_Source\PSoC5/VDAC8_1.c **** /*******************************************************************************
  80:Generated_Source\PSoC5/VDAC8_1.c **** * Function Name: VDAC8_1_Enable
  81:Generated_Source\PSoC5/VDAC8_1.c **** ********************************************************************************
  82:Generated_Source\PSoC5/VDAC8_1.c **** * Summary:
  83:Generated_Source\PSoC5/VDAC8_1.c **** *  Enable the VDAC8
  84:Generated_Source\PSoC5/VDAC8_1.c **** * 
  85:Generated_Source\PSoC5/VDAC8_1.c **** * Parameters:
  86:Generated_Source\PSoC5/VDAC8_1.c **** *  void
  87:Generated_Source\PSoC5/VDAC8_1.c **** *
ARM GAS  C:\Users\shiyu\AppData\Local\Temp\ccRH1cXb.s 			page 3


  88:Generated_Source\PSoC5/VDAC8_1.c **** * Return:
  89:Generated_Source\PSoC5/VDAC8_1.c **** *  void
  90:Generated_Source\PSoC5/VDAC8_1.c **** *
  91:Generated_Source\PSoC5/VDAC8_1.c **** * Theory:
  92:Generated_Source\PSoC5/VDAC8_1.c **** *
  93:Generated_Source\PSoC5/VDAC8_1.c **** * Side Effects:
  94:Generated_Source\PSoC5/VDAC8_1.c **** *
  95:Generated_Source\PSoC5/VDAC8_1.c **** *******************************************************************************/
  96:Generated_Source\PSoC5/VDAC8_1.c **** void VDAC8_1_Enable(void) 
  97:Generated_Source\PSoC5/VDAC8_1.c **** {
  28              		.loc 1 97 0
  29              		.cfi_startproc
  30              		@ args = 0, pretend = 0, frame = 0
  31              		@ frame_needed = 0, uses_anonymous_args = 0
  32              		@ link register save eliminated.
  98:Generated_Source\PSoC5/VDAC8_1.c ****     VDAC8_1_PWRMGR |= VDAC8_1_ACT_PWR_EN;
  33              		.loc 1 98 0
  34 0000 054A     		ldr	r2, .L2
  35 0002 1378     		ldrb	r3, [r2]	@ zero_extendqisi2
  36 0004 43F00103 		orr	r3, r3, #1
  37 0008 1370     		strb	r3, [r2]
  99:Generated_Source\PSoC5/VDAC8_1.c ****     VDAC8_1_STBY_PWRMGR |= VDAC8_1_STBY_PWR_EN;
  38              		.loc 1 99 0
  39 000a 1032     		adds	r2, r2, #16
  40 000c 1378     		ldrb	r3, [r2]	@ zero_extendqisi2
  41 000e 43F00103 		orr	r3, r3, #1
  42 0012 1370     		strb	r3, [r2]
  43 0014 7047     		bx	lr
  44              	.L3:
  45 0016 00BF     		.align	2
  46              	.L2:
  47 0018 A8430040 		.word	1073759144
  48              		.cfi_endproc
  49              	.LFE1:
  50              		.size	VDAC8_1_Enable, .-VDAC8_1_Enable
  51              		.section	.text.VDAC8_1_Stop,"ax",%progbits
  52              		.align	2
  53              		.global	VDAC8_1_Stop
  54              		.thumb
  55              		.thumb_func
  56              		.type	VDAC8_1_Stop, %function
  57              	VDAC8_1_Stop:
  58              	.LFB3:
 100:Generated_Source\PSoC5/VDAC8_1.c **** 
 101:Generated_Source\PSoC5/VDAC8_1.c ****     /*This is to restore the value of register CR0 ,
 102:Generated_Source\PSoC5/VDAC8_1.c ****     which is modified  in Stop API , this prevents misbehaviour of VDAC */
 103:Generated_Source\PSoC5/VDAC8_1.c ****     #if (CY_PSOC5A)
 104:Generated_Source\PSoC5/VDAC8_1.c ****         if(VDAC8_1_restoreVal == 1u) 
 105:Generated_Source\PSoC5/VDAC8_1.c ****         {
 106:Generated_Source\PSoC5/VDAC8_1.c ****              VDAC8_1_CR0 = VDAC8_1_backup.data_value;
 107:Generated_Source\PSoC5/VDAC8_1.c ****              VDAC8_1_restoreVal = 0u;
 108:Generated_Source\PSoC5/VDAC8_1.c ****         }
 109:Generated_Source\PSoC5/VDAC8_1.c ****     #endif /* CY_PSOC5A */
 110:Generated_Source\PSoC5/VDAC8_1.c **** }
 111:Generated_Source\PSoC5/VDAC8_1.c **** 
 112:Generated_Source\PSoC5/VDAC8_1.c **** 
 113:Generated_Source\PSoC5/VDAC8_1.c **** /*******************************************************************************
ARM GAS  C:\Users\shiyu\AppData\Local\Temp\ccRH1cXb.s 			page 4


 114:Generated_Source\PSoC5/VDAC8_1.c **** * Function Name: VDAC8_1_Start
 115:Generated_Source\PSoC5/VDAC8_1.c **** ********************************************************************************
 116:Generated_Source\PSoC5/VDAC8_1.c **** *
 117:Generated_Source\PSoC5/VDAC8_1.c **** * Summary:
 118:Generated_Source\PSoC5/VDAC8_1.c **** *  The start function initializes the voltage DAC with the default values, 
 119:Generated_Source\PSoC5/VDAC8_1.c **** *  and sets the power to the given level.  A power level of 0, is the same as
 120:Generated_Source\PSoC5/VDAC8_1.c **** *  executing the stop function.
 121:Generated_Source\PSoC5/VDAC8_1.c **** *
 122:Generated_Source\PSoC5/VDAC8_1.c **** * Parameters:
 123:Generated_Source\PSoC5/VDAC8_1.c **** *  Power: Sets power level between off (0) and (3) high power
 124:Generated_Source\PSoC5/VDAC8_1.c **** *
 125:Generated_Source\PSoC5/VDAC8_1.c **** * Return:
 126:Generated_Source\PSoC5/VDAC8_1.c **** *  void 
 127:Generated_Source\PSoC5/VDAC8_1.c **** *
 128:Generated_Source\PSoC5/VDAC8_1.c **** * Global variables:
 129:Generated_Source\PSoC5/VDAC8_1.c **** *  VDAC8_1_initVar: Is modified when this function is called for the 
 130:Generated_Source\PSoC5/VDAC8_1.c **** *  first time. Is used to ensure that initialization happens only once.
 131:Generated_Source\PSoC5/VDAC8_1.c **** *
 132:Generated_Source\PSoC5/VDAC8_1.c **** *******************************************************************************/
 133:Generated_Source\PSoC5/VDAC8_1.c **** void VDAC8_1_Start(void)  
 134:Generated_Source\PSoC5/VDAC8_1.c **** {
 135:Generated_Source\PSoC5/VDAC8_1.c ****     /* Hardware initiazation only needs to occure the first time */
 136:Generated_Source\PSoC5/VDAC8_1.c ****     if(VDAC8_1_initVar == 0u)
 137:Generated_Source\PSoC5/VDAC8_1.c ****     { 
 138:Generated_Source\PSoC5/VDAC8_1.c ****         VDAC8_1_Init();
 139:Generated_Source\PSoC5/VDAC8_1.c ****         VDAC8_1_initVar = 1u;
 140:Generated_Source\PSoC5/VDAC8_1.c ****     }
 141:Generated_Source\PSoC5/VDAC8_1.c **** 
 142:Generated_Source\PSoC5/VDAC8_1.c ****     /* Enable power to DAC */
 143:Generated_Source\PSoC5/VDAC8_1.c ****     VDAC8_1_Enable();
 144:Generated_Source\PSoC5/VDAC8_1.c **** 
 145:Generated_Source\PSoC5/VDAC8_1.c ****     /* Set default value */
 146:Generated_Source\PSoC5/VDAC8_1.c ****     VDAC8_1_SetValue(VDAC8_1_DEFAULT_DATA); 
 147:Generated_Source\PSoC5/VDAC8_1.c **** }
 148:Generated_Source\PSoC5/VDAC8_1.c **** 
 149:Generated_Source\PSoC5/VDAC8_1.c **** 
 150:Generated_Source\PSoC5/VDAC8_1.c **** /*******************************************************************************
 151:Generated_Source\PSoC5/VDAC8_1.c **** * Function Name: VDAC8_1_Stop
 152:Generated_Source\PSoC5/VDAC8_1.c **** ********************************************************************************
 153:Generated_Source\PSoC5/VDAC8_1.c **** *
 154:Generated_Source\PSoC5/VDAC8_1.c **** * Summary:
 155:Generated_Source\PSoC5/VDAC8_1.c **** *  Powers down DAC to lowest power state.
 156:Generated_Source\PSoC5/VDAC8_1.c **** *
 157:Generated_Source\PSoC5/VDAC8_1.c **** * Parameters:
 158:Generated_Source\PSoC5/VDAC8_1.c **** *  void
 159:Generated_Source\PSoC5/VDAC8_1.c **** *
 160:Generated_Source\PSoC5/VDAC8_1.c **** * Return:
 161:Generated_Source\PSoC5/VDAC8_1.c **** *  void
 162:Generated_Source\PSoC5/VDAC8_1.c **** *
 163:Generated_Source\PSoC5/VDAC8_1.c **** * Theory:
 164:Generated_Source\PSoC5/VDAC8_1.c **** *
 165:Generated_Source\PSoC5/VDAC8_1.c **** * Side Effects:
 166:Generated_Source\PSoC5/VDAC8_1.c **** *
 167:Generated_Source\PSoC5/VDAC8_1.c **** *******************************************************************************/
 168:Generated_Source\PSoC5/VDAC8_1.c **** void VDAC8_1_Stop(void) 
 169:Generated_Source\PSoC5/VDAC8_1.c **** {
  59              		.loc 1 169 0
ARM GAS  C:\Users\shiyu\AppData\Local\Temp\ccRH1cXb.s 			page 5


  60              		.cfi_startproc
  61              		@ args = 0, pretend = 0, frame = 0
  62              		@ frame_needed = 0, uses_anonymous_args = 0
  63              		@ link register save eliminated.
 170:Generated_Source\PSoC5/VDAC8_1.c ****     /* Disble power to DAC */
 171:Generated_Source\PSoC5/VDAC8_1.c ****     VDAC8_1_PWRMGR &= (uint8)(~VDAC8_1_ACT_PWR_EN);
  64              		.loc 1 171 0
  65 0000 054A     		ldr	r2, .L5
  66 0002 1378     		ldrb	r3, [r2]	@ zero_extendqisi2
  67 0004 03F0FE03 		and	r3, r3, #254
  68 0008 1370     		strb	r3, [r2]
 172:Generated_Source\PSoC5/VDAC8_1.c ****     VDAC8_1_STBY_PWRMGR &= (uint8)(~VDAC8_1_STBY_PWR_EN);
  69              		.loc 1 172 0
  70 000a 1032     		adds	r2, r2, #16
  71 000c 1378     		ldrb	r3, [r2]	@ zero_extendqisi2
  72 000e 03F0FE03 		and	r3, r3, #254
  73 0012 1370     		strb	r3, [r2]
  74 0014 7047     		bx	lr
  75              	.L6:
  76 0016 00BF     		.align	2
  77              	.L5:
  78 0018 A8430040 		.word	1073759144
  79              		.cfi_endproc
  80              	.LFE3:
  81              		.size	VDAC8_1_Stop, .-VDAC8_1_Stop
  82              		.section	.text.VDAC8_1_SetSpeed,"ax",%progbits
  83              		.align	2
  84              		.global	VDAC8_1_SetSpeed
  85              		.thumb
  86              		.thumb_func
  87              		.type	VDAC8_1_SetSpeed, %function
  88              	VDAC8_1_SetSpeed:
  89              	.LFB4:
 173:Generated_Source\PSoC5/VDAC8_1.c **** 
 174:Generated_Source\PSoC5/VDAC8_1.c ****     /* This is a work around for PSoC5A  ,
 175:Generated_Source\PSoC5/VDAC8_1.c ****     this sets VDAC to current mode with output off */
 176:Generated_Source\PSoC5/VDAC8_1.c ****     #if (CY_PSOC5A)
 177:Generated_Source\PSoC5/VDAC8_1.c ****         VDAC8_1_backup.data_value = VDAC8_1_CR0;
 178:Generated_Source\PSoC5/VDAC8_1.c ****         VDAC8_1_CR0 = VDAC8_1_CUR_MODE_OUT_OFF;
 179:Generated_Source\PSoC5/VDAC8_1.c ****         VDAC8_1_restoreVal = 1u;
 180:Generated_Source\PSoC5/VDAC8_1.c ****     #endif /* CY_PSOC5A */
 181:Generated_Source\PSoC5/VDAC8_1.c **** }
 182:Generated_Source\PSoC5/VDAC8_1.c **** 
 183:Generated_Source\PSoC5/VDAC8_1.c **** 
 184:Generated_Source\PSoC5/VDAC8_1.c **** /*******************************************************************************
 185:Generated_Source\PSoC5/VDAC8_1.c **** * Function Name: VDAC8_1_SetSpeed
 186:Generated_Source\PSoC5/VDAC8_1.c **** ********************************************************************************
 187:Generated_Source\PSoC5/VDAC8_1.c **** *
 188:Generated_Source\PSoC5/VDAC8_1.c **** * Summary:
 189:Generated_Source\PSoC5/VDAC8_1.c **** *  Set DAC speed
 190:Generated_Source\PSoC5/VDAC8_1.c **** *
 191:Generated_Source\PSoC5/VDAC8_1.c **** * Parameters:
 192:Generated_Source\PSoC5/VDAC8_1.c **** *  power: Sets speed value
 193:Generated_Source\PSoC5/VDAC8_1.c **** *
 194:Generated_Source\PSoC5/VDAC8_1.c **** * Return:
 195:Generated_Source\PSoC5/VDAC8_1.c **** *  void
 196:Generated_Source\PSoC5/VDAC8_1.c **** *
ARM GAS  C:\Users\shiyu\AppData\Local\Temp\ccRH1cXb.s 			page 6


 197:Generated_Source\PSoC5/VDAC8_1.c **** * Theory:
 198:Generated_Source\PSoC5/VDAC8_1.c **** *
 199:Generated_Source\PSoC5/VDAC8_1.c **** * Side Effects:
 200:Generated_Source\PSoC5/VDAC8_1.c **** *
 201:Generated_Source\PSoC5/VDAC8_1.c **** *******************************************************************************/
 202:Generated_Source\PSoC5/VDAC8_1.c **** void VDAC8_1_SetSpeed(uint8 speed) 
 203:Generated_Source\PSoC5/VDAC8_1.c **** {
  90              		.loc 1 203 0
  91              		.cfi_startproc
  92              		@ args = 0, pretend = 0, frame = 0
  93              		@ frame_needed = 0, uses_anonymous_args = 0
  94              		@ link register save eliminated.
  95              	.LVL0:
 204:Generated_Source\PSoC5/VDAC8_1.c ****     /* Clear power mask then write in new value */
 205:Generated_Source\PSoC5/VDAC8_1.c ****     VDAC8_1_CR0 &= (uint8)(~VDAC8_1_HS_MASK);
  96              		.loc 1 205 0
  97 0000 054B     		ldr	r3, .L8
  98 0002 1A78     		ldrb	r2, [r3]	@ zero_extendqisi2
  99 0004 02F0FD02 		and	r2, r2, #253
 100 0008 1A70     		strb	r2, [r3]
 206:Generated_Source\PSoC5/VDAC8_1.c ****     VDAC8_1_CR0 |=  (speed & VDAC8_1_HS_MASK);
 101              		.loc 1 206 0
 102 000a 1A78     		ldrb	r2, [r3]	@ zero_extendqisi2
 103 000c 00F00200 		and	r0, r0, #2
 104              	.LVL1:
 105 0010 1043     		orrs	r0, r0, r2
 106 0012 1870     		strb	r0, [r3]
 107 0014 7047     		bx	lr
 108              	.L9:
 109 0016 00BF     		.align	2
 110              	.L8:
 111 0018 20580040 		.word	1073764384
 112              		.cfi_endproc
 113              	.LFE4:
 114              		.size	VDAC8_1_SetSpeed, .-VDAC8_1_SetSpeed
 115              		.section	.text.VDAC8_1_SetValue,"ax",%progbits
 116              		.align	2
 117              		.global	VDAC8_1_SetValue
 118              		.thumb
 119              		.thumb_func
 120              		.type	VDAC8_1_SetValue, %function
 121              	VDAC8_1_SetValue:
 122              	.LFB6:
 207:Generated_Source\PSoC5/VDAC8_1.c **** }
 208:Generated_Source\PSoC5/VDAC8_1.c **** 
 209:Generated_Source\PSoC5/VDAC8_1.c **** 
 210:Generated_Source\PSoC5/VDAC8_1.c **** /*******************************************************************************
 211:Generated_Source\PSoC5/VDAC8_1.c **** * Function Name: VDAC8_1_SetRange
 212:Generated_Source\PSoC5/VDAC8_1.c **** ********************************************************************************
 213:Generated_Source\PSoC5/VDAC8_1.c **** *
 214:Generated_Source\PSoC5/VDAC8_1.c **** * Summary:
 215:Generated_Source\PSoC5/VDAC8_1.c **** *  Set one of three current ranges.
 216:Generated_Source\PSoC5/VDAC8_1.c **** *
 217:Generated_Source\PSoC5/VDAC8_1.c **** * Parameters:
 218:Generated_Source\PSoC5/VDAC8_1.c **** *  Range: Sets one of Three valid ranges.
 219:Generated_Source\PSoC5/VDAC8_1.c **** *
 220:Generated_Source\PSoC5/VDAC8_1.c **** * Return:
ARM GAS  C:\Users\shiyu\AppData\Local\Temp\ccRH1cXb.s 			page 7


 221:Generated_Source\PSoC5/VDAC8_1.c **** *  void 
 222:Generated_Source\PSoC5/VDAC8_1.c **** *
 223:Generated_Source\PSoC5/VDAC8_1.c **** * Theory:
 224:Generated_Source\PSoC5/VDAC8_1.c **** *
 225:Generated_Source\PSoC5/VDAC8_1.c **** * Side Effects:
 226:Generated_Source\PSoC5/VDAC8_1.c **** *
 227:Generated_Source\PSoC5/VDAC8_1.c **** *******************************************************************************/
 228:Generated_Source\PSoC5/VDAC8_1.c **** void VDAC8_1_SetRange(uint8 range) 
 229:Generated_Source\PSoC5/VDAC8_1.c **** {
 230:Generated_Source\PSoC5/VDAC8_1.c ****     VDAC8_1_CR0 &= (uint8)(~VDAC8_1_RANGE_MASK);      /* Clear existing mode */
 231:Generated_Source\PSoC5/VDAC8_1.c ****     VDAC8_1_CR0 |= (range & VDAC8_1_RANGE_MASK);      /*  Set Range  */
 232:Generated_Source\PSoC5/VDAC8_1.c ****     VDAC8_1_DacTrim();
 233:Generated_Source\PSoC5/VDAC8_1.c **** }
 234:Generated_Source\PSoC5/VDAC8_1.c **** 
 235:Generated_Source\PSoC5/VDAC8_1.c **** 
 236:Generated_Source\PSoC5/VDAC8_1.c **** /*******************************************************************************
 237:Generated_Source\PSoC5/VDAC8_1.c **** * Function Name: VDAC8_1_SetValue
 238:Generated_Source\PSoC5/VDAC8_1.c **** ********************************************************************************
 239:Generated_Source\PSoC5/VDAC8_1.c **** *
 240:Generated_Source\PSoC5/VDAC8_1.c **** * Summary:
 241:Generated_Source\PSoC5/VDAC8_1.c **** *  Set 8-bit DAC value
 242:Generated_Source\PSoC5/VDAC8_1.c **** *
 243:Generated_Source\PSoC5/VDAC8_1.c **** * Parameters:  
 244:Generated_Source\PSoC5/VDAC8_1.c **** *  value:  Sets DAC value between 0 and 255.
 245:Generated_Source\PSoC5/VDAC8_1.c **** *
 246:Generated_Source\PSoC5/VDAC8_1.c **** * Return: 
 247:Generated_Source\PSoC5/VDAC8_1.c **** *  void 
 248:Generated_Source\PSoC5/VDAC8_1.c **** *
 249:Generated_Source\PSoC5/VDAC8_1.c **** * Theory: 
 250:Generated_Source\PSoC5/VDAC8_1.c **** *
 251:Generated_Source\PSoC5/VDAC8_1.c **** * Side Effects:
 252:Generated_Source\PSoC5/VDAC8_1.c **** *
 253:Generated_Source\PSoC5/VDAC8_1.c **** *******************************************************************************/
 254:Generated_Source\PSoC5/VDAC8_1.c **** void VDAC8_1_SetValue(uint8 value) 
 255:Generated_Source\PSoC5/VDAC8_1.c **** {
 123              		.loc 1 255 0
 124              		.cfi_startproc
 125              		@ args = 0, pretend = 0, frame = 0
 126              		@ frame_needed = 0, uses_anonymous_args = 0
 127              		@ link register save eliminated.
 128              	.LVL2:
 256:Generated_Source\PSoC5/VDAC8_1.c ****     #if (CY_PSOC5A)
 257:Generated_Source\PSoC5/VDAC8_1.c ****         uint8 VDAC8_1_intrStatus = CyEnterCriticalSection();
 258:Generated_Source\PSoC5/VDAC8_1.c ****     #endif /* CY_PSOC5A */
 259:Generated_Source\PSoC5/VDAC8_1.c **** 
 260:Generated_Source\PSoC5/VDAC8_1.c ****     VDAC8_1_Data = value;                /*  Set Value  */
 129              		.loc 1 260 0
 130 0000 014B     		ldr	r3, .L11
 131 0002 1870     		strb	r0, [r3]
 132 0004 7047     		bx	lr
 133              	.L12:
 134 0006 00BF     		.align	2
 135              	.L11:
 136 0008 805B0040 		.word	1073765248
 137              		.cfi_endproc
 138              	.LFE6:
 139              		.size	VDAC8_1_SetValue, .-VDAC8_1_SetValue
ARM GAS  C:\Users\shiyu\AppData\Local\Temp\ccRH1cXb.s 			page 8


 140              		.section	.text.VDAC8_1_DacTrim,"ax",%progbits
 141              		.align	2
 142              		.global	VDAC8_1_DacTrim
 143              		.thumb
 144              		.thumb_func
 145              		.type	VDAC8_1_DacTrim, %function
 146              	VDAC8_1_DacTrim:
 147              	.LFB7:
 261:Generated_Source\PSoC5/VDAC8_1.c **** 
 262:Generated_Source\PSoC5/VDAC8_1.c ****     /* PSOC5A requires a double write */
 263:Generated_Source\PSoC5/VDAC8_1.c ****     /* Exit Critical Section */
 264:Generated_Source\PSoC5/VDAC8_1.c ****     #if (CY_PSOC5A)
 265:Generated_Source\PSoC5/VDAC8_1.c ****         VDAC8_1_Data = value;
 266:Generated_Source\PSoC5/VDAC8_1.c ****         CyExitCriticalSection(VDAC8_1_intrStatus);
 267:Generated_Source\PSoC5/VDAC8_1.c ****     #endif /* CY_PSOC5A */
 268:Generated_Source\PSoC5/VDAC8_1.c **** }
 269:Generated_Source\PSoC5/VDAC8_1.c **** 
 270:Generated_Source\PSoC5/VDAC8_1.c **** 
 271:Generated_Source\PSoC5/VDAC8_1.c **** /*******************************************************************************
 272:Generated_Source\PSoC5/VDAC8_1.c **** * Function Name: VDAC8_1_DacTrim
 273:Generated_Source\PSoC5/VDAC8_1.c **** ********************************************************************************
 274:Generated_Source\PSoC5/VDAC8_1.c **** *
 275:Generated_Source\PSoC5/VDAC8_1.c **** * Summary:
 276:Generated_Source\PSoC5/VDAC8_1.c **** *  Set the trim value for the given range.
 277:Generated_Source\PSoC5/VDAC8_1.c **** *
 278:Generated_Source\PSoC5/VDAC8_1.c **** * Parameters:
 279:Generated_Source\PSoC5/VDAC8_1.c **** *  range:  1V or 4V range.  See constants.
 280:Generated_Source\PSoC5/VDAC8_1.c **** *
 281:Generated_Source\PSoC5/VDAC8_1.c **** * Return:
 282:Generated_Source\PSoC5/VDAC8_1.c **** *  void
 283:Generated_Source\PSoC5/VDAC8_1.c **** *
 284:Generated_Source\PSoC5/VDAC8_1.c **** * Theory: 
 285:Generated_Source\PSoC5/VDAC8_1.c **** *
 286:Generated_Source\PSoC5/VDAC8_1.c **** * Side Effects:
 287:Generated_Source\PSoC5/VDAC8_1.c **** *
 288:Generated_Source\PSoC5/VDAC8_1.c **** *******************************************************************************/
 289:Generated_Source\PSoC5/VDAC8_1.c **** void VDAC8_1_DacTrim(void) 
 290:Generated_Source\PSoC5/VDAC8_1.c **** {
 148              		.loc 1 290 0
 149              		.cfi_startproc
 150              		@ args = 0, pretend = 0, frame = 0
 151              		@ frame_needed = 0, uses_anonymous_args = 0
 152              		@ link register save eliminated.
 291:Generated_Source\PSoC5/VDAC8_1.c ****     uint8 mode;
 292:Generated_Source\PSoC5/VDAC8_1.c **** 
 293:Generated_Source\PSoC5/VDAC8_1.c ****     mode = (uint8)((VDAC8_1_CR0 & VDAC8_1_RANGE_MASK) >> 2) + VDAC8_1_TRIM_M7_1V_RNG_OFFSET;
 153              		.loc 1 293 0
 154 0000 064B     		ldr	r3, .L14
 155 0002 1B78     		ldrb	r3, [r3]	@ zero_extendqisi2
 156 0004 C3F38103 		ubfx	r3, r3, #2, #2
 157              	.LVL3:
 294:Generated_Source\PSoC5/VDAC8_1.c ****     VDAC8_1_TR = CY_GET_XTND_REG8((uint8 *)(VDAC8_1_DAC_TRIM_BASE + mode));
 158              		.loc 1 294 0
 159 0008 03F19243 		add	r3, r3, #1224736768
 160              	.LVL4:
 161 000c 0633     		adds	r3, r3, #6
 162              	.LVL5:
ARM GAS  C:\Users\shiyu\AppData\Local\Temp\ccRH1cXb.s 			page 9


 163 000e 93F82031 		ldrb	r3, [r3, #288]	@ zero_extendqisi2
 164              	.LVL6:
 165 0012 DBB2     		uxtb	r3, r3
 166 0014 024A     		ldr	r2, .L14+4
 167 0016 1370     		strb	r3, [r2]
 168 0018 7047     		bx	lr
 169              	.L15:
 170 001a 00BF     		.align	2
 171              	.L14:
 172 001c 20580040 		.word	1073764384
 173 0020 08460040 		.word	1073759752
 174              		.cfi_endproc
 175              	.LFE7:
 176              		.size	VDAC8_1_DacTrim, .-VDAC8_1_DacTrim
 177              		.section	.text.VDAC8_1_SetRange,"ax",%progbits
 178              		.align	2
 179              		.global	VDAC8_1_SetRange
 180              		.thumb
 181              		.thumb_func
 182              		.type	VDAC8_1_SetRange, %function
 183              	VDAC8_1_SetRange:
 184              	.LFB5:
 229:Generated_Source\PSoC5/VDAC8_1.c ****     VDAC8_1_CR0 &= (uint8)(~VDAC8_1_RANGE_MASK);      /* Clear existing mode */
 185              		.loc 1 229 0
 186              		.cfi_startproc
 187              		@ args = 0, pretend = 0, frame = 0
 188              		@ frame_needed = 0, uses_anonymous_args = 0
 189              	.LVL7:
 190 0000 08B5     		push	{r3, lr}
 191              		.cfi_def_cfa_offset 8
 192              		.cfi_offset 3, -8
 193              		.cfi_offset 14, -4
 230:Generated_Source\PSoC5/VDAC8_1.c ****     VDAC8_1_CR0 |= (range & VDAC8_1_RANGE_MASK);      /*  Set Range  */
 194              		.loc 1 230 0
 195 0002 064B     		ldr	r3, .L18
 196 0004 1A78     		ldrb	r2, [r3]	@ zero_extendqisi2
 197 0006 02F0F302 		and	r2, r2, #243
 198 000a 1A70     		strb	r2, [r3]
 231:Generated_Source\PSoC5/VDAC8_1.c ****     VDAC8_1_DacTrim();
 199              		.loc 1 231 0
 200 000c 1A78     		ldrb	r2, [r3]	@ zero_extendqisi2
 201 000e 00F00C00 		and	r0, r0, #12
 202              	.LVL8:
 203 0012 1043     		orrs	r0, r0, r2
 204 0014 1870     		strb	r0, [r3]
 232:Generated_Source\PSoC5/VDAC8_1.c **** }
 205              		.loc 1 232 0
 206 0016 FFF7FEFF 		bl	VDAC8_1_DacTrim
 207              	.LVL9:
 208 001a 08BD     		pop	{r3, pc}
 209              	.L19:
 210              		.align	2
 211              	.L18:
 212 001c 20580040 		.word	1073764384
 213              		.cfi_endproc
 214              	.LFE5:
 215              		.size	VDAC8_1_SetRange, .-VDAC8_1_SetRange
ARM GAS  C:\Users\shiyu\AppData\Local\Temp\ccRH1cXb.s 			page 10


 216              		.section	.text.VDAC8_1_Init,"ax",%progbits
 217              		.align	2
 218              		.global	VDAC8_1_Init
 219              		.thumb
 220              		.thumb_func
 221              		.type	VDAC8_1_Init, %function
 222              	VDAC8_1_Init:
 223              	.LFB0:
  56:Generated_Source\PSoC5/VDAC8_1.c ****     VDAC8_1_CR0 = (VDAC8_1_MODE_V );
 224              		.loc 1 56 0
 225              		.cfi_startproc
 226              		@ args = 0, pretend = 0, frame = 0
 227              		@ frame_needed = 0, uses_anonymous_args = 0
 228 0000 10B5     		push	{r4, lr}
 229              		.cfi_def_cfa_offset 8
 230              		.cfi_offset 4, -8
 231              		.cfi_offset 14, -4
  57:Generated_Source\PSoC5/VDAC8_1.c **** 
 232              		.loc 1 57 0
 233 0002 0024     		movs	r4, #0
 234 0004 054B     		ldr	r3, .L22
 235 0006 1C70     		strb	r4, [r3]
  63:Generated_Source\PSoC5/VDAC8_1.c ****     #endif /* (VDAC8_1_DEFAULT_DATA_SRC != 0 ) */
 236              		.loc 1 63 0
 237 0008 0133     		adds	r3, r3, #1
 238 000a 1C70     		strb	r4, [r3]
  72:Generated_Source\PSoC5/VDAC8_1.c **** 
 239              		.loc 1 72 0
 240 000c 2046     		mov	r0, r4
 241 000e FFF7FEFF 		bl	VDAC8_1_SetRange
 242              	.LVL10:
  75:Generated_Source\PSoC5/VDAC8_1.c **** }
 243              		.loc 1 75 0
 244 0012 2046     		mov	r0, r4
 245 0014 FFF7FEFF 		bl	VDAC8_1_SetSpeed
 246              	.LVL11:
 247 0018 10BD     		pop	{r4, pc}
 248              	.L23:
 249 001a 00BF     		.align	2
 250              	.L22:
 251 001c 20580040 		.word	1073764384
 252              		.cfi_endproc
 253              	.LFE0:
 254              		.size	VDAC8_1_Init, .-VDAC8_1_Init
 255              		.section	.text.VDAC8_1_Start,"ax",%progbits
 256              		.align	2
 257              		.global	VDAC8_1_Start
 258              		.thumb
 259              		.thumb_func
 260              		.type	VDAC8_1_Start, %function
 261              	VDAC8_1_Start:
 262              	.LFB2:
 134:Generated_Source\PSoC5/VDAC8_1.c ****     /* Hardware initiazation only needs to occure the first time */
 263              		.loc 1 134 0
 264              		.cfi_startproc
 265              		@ args = 0, pretend = 0, frame = 0
 266              		@ frame_needed = 0, uses_anonymous_args = 0
ARM GAS  C:\Users\shiyu\AppData\Local\Temp\ccRH1cXb.s 			page 11


 267 0000 08B5     		push	{r3, lr}
 268              		.cfi_def_cfa_offset 8
 269              		.cfi_offset 3, -8
 270              		.cfi_offset 14, -4
 136:Generated_Source\PSoC5/VDAC8_1.c ****     { 
 271              		.loc 1 136 0
 272 0002 074B     		ldr	r3, .L27
 273 0004 1B78     		ldrb	r3, [r3]	@ zero_extendqisi2
 274 0006 23B9     		cbnz	r3, .L25
 138:Generated_Source\PSoC5/VDAC8_1.c ****         VDAC8_1_initVar = 1u;
 275              		.loc 1 138 0
 276 0008 FFF7FEFF 		bl	VDAC8_1_Init
 277              	.LVL12:
 139:Generated_Source\PSoC5/VDAC8_1.c ****     }
 278              		.loc 1 139 0
 279 000c 0122     		movs	r2, #1
 280 000e 044B     		ldr	r3, .L27
 281 0010 1A70     		strb	r2, [r3]
 282              	.L25:
 143:Generated_Source\PSoC5/VDAC8_1.c **** 
 283              		.loc 1 143 0
 284 0012 FFF7FEFF 		bl	VDAC8_1_Enable
 285              	.LVL13:
 146:Generated_Source\PSoC5/VDAC8_1.c **** }
 286              		.loc 1 146 0
 287 0016 0020     		movs	r0, #0
 288 0018 FFF7FEFF 		bl	VDAC8_1_SetValue
 289              	.LVL14:
 290 001c 08BD     		pop	{r3, pc}
 291              	.L28:
 292 001e 00BF     		.align	2
 293              	.L27:
 294 0020 00000000 		.word	.LANCHOR0
 295              		.cfi_endproc
 296              	.LFE2:
 297              		.size	VDAC8_1_Start, .-VDAC8_1_Start
 298              		.global	VDAC8_1_initVar
 299              		.bss
 300              		.set	.LANCHOR0,. + 0
 301              		.type	VDAC8_1_initVar, %object
 302              		.size	VDAC8_1_initVar, 1
 303              	VDAC8_1_initVar:
 304 0000 00       		.space	1
 305              		.text
 306              	.Letext0:
 307              		.file 2 "Generated_Source\\PSoC5\\cytypes.h"
 308              		.section	.debug_info,"",%progbits
 309              	.Ldebug_info0:
 310 0000 DA010000 		.4byte	0x1da
 311 0004 0400     		.2byte	0x4
 312 0006 00000000 		.4byte	.Ldebug_abbrev0
 313 000a 04       		.byte	0x4
 314 000b 01       		.uleb128 0x1
 315 000c B6000000 		.4byte	.LASF25
 316 0010 0C       		.byte	0xc
 317 0011 21020000 		.4byte	.LASF26
 318 0015 3A000000 		.4byte	.LASF27
ARM GAS  C:\Users\shiyu\AppData\Local\Temp\ccRH1cXb.s 			page 12


 319 0019 00000000 		.4byte	.Ldebug_ranges0+0
 320 001d 00000000 		.4byte	0
 321 0021 00000000 		.4byte	.Ldebug_line0
 322 0025 02       		.uleb128 0x2
 323 0026 01       		.byte	0x1
 324 0027 06       		.byte	0x6
 325 0028 42020000 		.4byte	.LASF0
 326 002c 02       		.uleb128 0x2
 327 002d 01       		.byte	0x1
 328 002e 08       		.byte	0x8
 329 002f A8000000 		.4byte	.LASF1
 330 0033 02       		.uleb128 0x2
 331 0034 02       		.byte	0x2
 332 0035 05       		.byte	0x5
 333 0036 08020000 		.4byte	.LASF2
 334 003a 02       		.uleb128 0x2
 335 003b 02       		.byte	0x2
 336 003c 07       		.byte	0x7
 337 003d 6A010000 		.4byte	.LASF3
 338 0041 02       		.uleb128 0x2
 339 0042 04       		.byte	0x4
 340 0043 05       		.byte	0x5
 341 0044 18020000 		.4byte	.LASF4
 342 0048 02       		.uleb128 0x2
 343 0049 04       		.byte	0x4
 344 004a 07       		.byte	0x7
 345 004b 58010000 		.4byte	.LASF5
 346 004f 02       		.uleb128 0x2
 347 0050 08       		.byte	0x8
 348 0051 05       		.byte	0x5
 349 0052 D8010000 		.4byte	.LASF6
 350 0056 02       		.uleb128 0x2
 351 0057 08       		.byte	0x8
 352 0058 07       		.byte	0x7
 353 0059 A5010000 		.4byte	.LASF7
 354 005d 03       		.uleb128 0x3
 355 005e 04       		.byte	0x4
 356 005f 05       		.byte	0x5
 357 0060 696E7400 		.ascii	"int\000"
 358 0064 02       		.uleb128 0x2
 359 0065 04       		.byte	0x4
 360 0066 07       		.byte	0x7
 361 0067 98010000 		.4byte	.LASF8
 362 006b 04       		.uleb128 0x4
 363 006c 12020000 		.4byte	.LASF12
 364 0070 02       		.byte	0x2
 365 0071 C2       		.byte	0xc2
 366 0072 2C000000 		.4byte	0x2c
 367 0076 02       		.uleb128 0x2
 368 0077 04       		.byte	0x4
 369 0078 04       		.byte	0x4
 370 0079 1D000000 		.4byte	.LASF9
 371 007d 02       		.uleb128 0x2
 372 007e 08       		.byte	0x8
 373 007f 04       		.byte	0x4
 374 0080 91010000 		.4byte	.LASF10
 375 0084 02       		.uleb128 0x2
ARM GAS  C:\Users\shiyu\AppData\Local\Temp\ccRH1cXb.s 			page 13


 376 0085 01       		.byte	0x1
 377 0086 08       		.byte	0x8
 378 0087 F3010000 		.4byte	.LASF11
 379 008b 05       		.uleb128 0x5
 380 008c 44010000 		.4byte	.LASF13
 381 0090 02       		.byte	0x2
 382 0091 6C01     		.2byte	0x16c
 383 0093 97000000 		.4byte	0x97
 384 0097 06       		.uleb128 0x6
 385 0098 6B000000 		.4byte	0x6b
 386 009c 07       		.uleb128 0x7
 387 009d 49010000 		.4byte	.LASF14
 388 00a1 01       		.byte	0x1
 389 00a2 60       		.byte	0x60
 390 00a3 00000000 		.4byte	.LFB1
 391 00a7 1C000000 		.4byte	.LFE1-.LFB1
 392 00ab 01       		.uleb128 0x1
 393 00ac 9C       		.byte	0x9c
 394 00ad 07       		.uleb128 0x7
 395 00ae 10000000 		.4byte	.LASF15
 396 00b2 01       		.byte	0x1
 397 00b3 A8       		.byte	0xa8
 398 00b4 00000000 		.4byte	.LFB3
 399 00b8 1C000000 		.4byte	.LFE3-.LFB3
 400 00bc 01       		.uleb128 0x1
 401 00bd 9C       		.byte	0x9c
 402 00be 08       		.uleb128 0x8
 403 00bf 29000000 		.4byte	.LASF16
 404 00c3 01       		.byte	0x1
 405 00c4 CA       		.byte	0xca
 406 00c5 00000000 		.4byte	.LFB4
 407 00c9 1C000000 		.4byte	.LFE4-.LFB4
 408 00cd 01       		.uleb128 0x1
 409 00ce 9C       		.byte	0x9c
 410 00cf E3000000 		.4byte	0xe3
 411 00d3 09       		.uleb128 0x9
 412 00d4 D2010000 		.4byte	.LASF18
 413 00d8 01       		.byte	0x1
 414 00d9 CA       		.byte	0xca
 415 00da 6B000000 		.4byte	0x6b
 416 00de 00000000 		.4byte	.LLST0
 417 00e2 00       		.byte	0
 418 00e3 08       		.uleb128 0x8
 419 00e4 BC010000 		.4byte	.LASF17
 420 00e8 01       		.byte	0x1
 421 00e9 FE       		.byte	0xfe
 422 00ea 00000000 		.4byte	.LFB6
 423 00ee 0C000000 		.4byte	.LFE6-.LFB6
 424 00f2 01       		.uleb128 0x1
 425 00f3 9C       		.byte	0x9c
 426 00f4 06010000 		.4byte	0x106
 427 00f8 0A       		.uleb128 0xa
 428 00f9 23000000 		.4byte	.LASF19
 429 00fd 01       		.byte	0x1
 430 00fe FE       		.byte	0xfe
 431 00ff 6B000000 		.4byte	0x6b
 432 0103 01       		.uleb128 0x1
ARM GAS  C:\Users\shiyu\AppData\Local\Temp\ccRH1cXb.s 			page 14


 433 0104 50       		.byte	0x50
 434 0105 00       		.byte	0
 435 0106 0B       		.uleb128 0xb
 436 0107 00000000 		.4byte	.LASF20
 437 010b 01       		.byte	0x1
 438 010c 2101     		.2byte	0x121
 439 010e 00000000 		.4byte	.LFB7
 440 0112 24000000 		.4byte	.LFE7-.LFB7
 441 0116 01       		.uleb128 0x1
 442 0117 9C       		.byte	0x9c
 443 0118 2D010000 		.4byte	0x12d
 444 011c 0C       		.uleb128 0xc
 445 011d CD010000 		.4byte	.LASF28
 446 0121 01       		.byte	0x1
 447 0122 2301     		.2byte	0x123
 448 0124 6B000000 		.4byte	0x6b
 449 0128 21000000 		.4byte	.LLST1
 450 012c 00       		.byte	0
 451 012d 08       		.uleb128 0x8
 452 012e 4E020000 		.4byte	.LASF21
 453 0132 01       		.byte	0x1
 454 0133 E4       		.byte	0xe4
 455 0134 00000000 		.4byte	.LFB5
 456 0138 20000000 		.4byte	.LFE5-.LFB5
 457 013c 01       		.uleb128 0x1
 458 013d 9C       		.byte	0x9c
 459 013e 5B010000 		.4byte	0x15b
 460 0142 09       		.uleb128 0x9
 461 0143 7D010000 		.4byte	.LASF22
 462 0147 01       		.byte	0x1
 463 0148 E4       		.byte	0xe4
 464 0149 6B000000 		.4byte	0x6b
 465 014d 58000000 		.4byte	.LLST2
 466 0151 0D       		.uleb128 0xd
 467 0152 1A000000 		.4byte	.LVL9
 468 0156 06010000 		.4byte	0x106
 469 015a 00       		.byte	0
 470 015b 08       		.uleb128 0x8
 471 015c E6010000 		.4byte	.LASF23
 472 0160 01       		.byte	0x1
 473 0161 37       		.byte	0x37
 474 0162 00000000 		.4byte	.LFB0
 475 0166 20000000 		.4byte	.LFE0-.LFB0
 476 016a 01       		.uleb128 0x1
 477 016b 9C       		.byte	0x9c
 478 016c 95010000 		.4byte	0x195
 479 0170 0E       		.uleb128 0xe
 480 0171 12000000 		.4byte	.LVL10
 481 0175 2D010000 		.4byte	0x12d
 482 0179 84010000 		.4byte	0x184
 483 017d 0F       		.uleb128 0xf
 484 017e 01       		.uleb128 0x1
 485 017f 50       		.byte	0x50
 486 0180 02       		.uleb128 0x2
 487 0181 74       		.byte	0x74
 488 0182 00       		.sleb128 0
 489 0183 00       		.byte	0
ARM GAS  C:\Users\shiyu\AppData\Local\Temp\ccRH1cXb.s 			page 15


 490 0184 10       		.uleb128 0x10
 491 0185 18000000 		.4byte	.LVL11
 492 0189 BE000000 		.4byte	0xbe
 493 018d 0F       		.uleb128 0xf
 494 018e 01       		.uleb128 0x1
 495 018f 50       		.byte	0x50
 496 0190 02       		.uleb128 0x2
 497 0191 74       		.byte	0x74
 498 0192 00       		.sleb128 0
 499 0193 00       		.byte	0
 500 0194 00       		.byte	0
 501 0195 08       		.uleb128 0x8
 502 0196 83010000 		.4byte	.LASF24
 503 019a 01       		.byte	0x1
 504 019b 85       		.byte	0x85
 505 019c 00000000 		.4byte	.LFB2
 506 01a0 24000000 		.4byte	.LFE2-.LFB2
 507 01a4 01       		.uleb128 0x1
 508 01a5 9C       		.byte	0x9c
 509 01a6 CC010000 		.4byte	0x1cc
 510 01aa 0D       		.uleb128 0xd
 511 01ab 0C000000 		.4byte	.LVL12
 512 01af 5B010000 		.4byte	0x15b
 513 01b3 0D       		.uleb128 0xd
 514 01b4 16000000 		.4byte	.LVL13
 515 01b8 9C000000 		.4byte	0x9c
 516 01bc 10       		.uleb128 0x10
 517 01bd 1C000000 		.4byte	.LVL14
 518 01c1 E3000000 		.4byte	0xe3
 519 01c5 0F       		.uleb128 0xf
 520 01c6 01       		.uleb128 0x1
 521 01c7 50       		.byte	0x50
 522 01c8 01       		.uleb128 0x1
 523 01c9 30       		.byte	0x30
 524 01ca 00       		.byte	0
 525 01cb 00       		.byte	0
 526 01cc 11       		.uleb128 0x11
 527 01cd F8010000 		.4byte	.LASF29
 528 01d1 01       		.byte	0x1
 529 01d2 1B       		.byte	0x1b
 530 01d3 6B000000 		.4byte	0x6b
 531 01d7 05       		.uleb128 0x5
 532 01d8 03       		.byte	0x3
 533 01d9 00000000 		.4byte	VDAC8_1_initVar
 534 01dd 00       		.byte	0
 535              		.section	.debug_abbrev,"",%progbits
 536              	.Ldebug_abbrev0:
 537 0000 01       		.uleb128 0x1
 538 0001 11       		.uleb128 0x11
 539 0002 01       		.byte	0x1
 540 0003 25       		.uleb128 0x25
 541 0004 0E       		.uleb128 0xe
 542 0005 13       		.uleb128 0x13
 543 0006 0B       		.uleb128 0xb
 544 0007 03       		.uleb128 0x3
 545 0008 0E       		.uleb128 0xe
 546 0009 1B       		.uleb128 0x1b
ARM GAS  C:\Users\shiyu\AppData\Local\Temp\ccRH1cXb.s 			page 16


 547 000a 0E       		.uleb128 0xe
 548 000b 55       		.uleb128 0x55
 549 000c 17       		.uleb128 0x17
 550 000d 11       		.uleb128 0x11
 551 000e 01       		.uleb128 0x1
 552 000f 10       		.uleb128 0x10
 553 0010 17       		.uleb128 0x17
 554 0011 00       		.byte	0
 555 0012 00       		.byte	0
 556 0013 02       		.uleb128 0x2
 557 0014 24       		.uleb128 0x24
 558 0015 00       		.byte	0
 559 0016 0B       		.uleb128 0xb
 560 0017 0B       		.uleb128 0xb
 561 0018 3E       		.uleb128 0x3e
 562 0019 0B       		.uleb128 0xb
 563 001a 03       		.uleb128 0x3
 564 001b 0E       		.uleb128 0xe
 565 001c 00       		.byte	0
 566 001d 00       		.byte	0
 567 001e 03       		.uleb128 0x3
 568 001f 24       		.uleb128 0x24
 569 0020 00       		.byte	0
 570 0021 0B       		.uleb128 0xb
 571 0022 0B       		.uleb128 0xb
 572 0023 3E       		.uleb128 0x3e
 573 0024 0B       		.uleb128 0xb
 574 0025 03       		.uleb128 0x3
 575 0026 08       		.uleb128 0x8
 576 0027 00       		.byte	0
 577 0028 00       		.byte	0
 578 0029 04       		.uleb128 0x4
 579 002a 16       		.uleb128 0x16
 580 002b 00       		.byte	0
 581 002c 03       		.uleb128 0x3
 582 002d 0E       		.uleb128 0xe
 583 002e 3A       		.uleb128 0x3a
 584 002f 0B       		.uleb128 0xb
 585 0030 3B       		.uleb128 0x3b
 586 0031 0B       		.uleb128 0xb
 587 0032 49       		.uleb128 0x49
 588 0033 13       		.uleb128 0x13
 589 0034 00       		.byte	0
 590 0035 00       		.byte	0
 591 0036 05       		.uleb128 0x5
 592 0037 16       		.uleb128 0x16
 593 0038 00       		.byte	0
 594 0039 03       		.uleb128 0x3
 595 003a 0E       		.uleb128 0xe
 596 003b 3A       		.uleb128 0x3a
 597 003c 0B       		.uleb128 0xb
 598 003d 3B       		.uleb128 0x3b
 599 003e 05       		.uleb128 0x5
 600 003f 49       		.uleb128 0x49
 601 0040 13       		.uleb128 0x13
 602 0041 00       		.byte	0
 603 0042 00       		.byte	0
ARM GAS  C:\Users\shiyu\AppData\Local\Temp\ccRH1cXb.s 			page 17


 604 0043 06       		.uleb128 0x6
 605 0044 35       		.uleb128 0x35
 606 0045 00       		.byte	0
 607 0046 49       		.uleb128 0x49
 608 0047 13       		.uleb128 0x13
 609 0048 00       		.byte	0
 610 0049 00       		.byte	0
 611 004a 07       		.uleb128 0x7
 612 004b 2E       		.uleb128 0x2e
 613 004c 00       		.byte	0
 614 004d 3F       		.uleb128 0x3f
 615 004e 19       		.uleb128 0x19
 616 004f 03       		.uleb128 0x3
 617 0050 0E       		.uleb128 0xe
 618 0051 3A       		.uleb128 0x3a
 619 0052 0B       		.uleb128 0xb
 620 0053 3B       		.uleb128 0x3b
 621 0054 0B       		.uleb128 0xb
 622 0055 27       		.uleb128 0x27
 623 0056 19       		.uleb128 0x19
 624 0057 11       		.uleb128 0x11
 625 0058 01       		.uleb128 0x1
 626 0059 12       		.uleb128 0x12
 627 005a 06       		.uleb128 0x6
 628 005b 40       		.uleb128 0x40
 629 005c 18       		.uleb128 0x18
 630 005d 9742     		.uleb128 0x2117
 631 005f 19       		.uleb128 0x19
 632 0060 00       		.byte	0
 633 0061 00       		.byte	0
 634 0062 08       		.uleb128 0x8
 635 0063 2E       		.uleb128 0x2e
 636 0064 01       		.byte	0x1
 637 0065 3F       		.uleb128 0x3f
 638 0066 19       		.uleb128 0x19
 639 0067 03       		.uleb128 0x3
 640 0068 0E       		.uleb128 0xe
 641 0069 3A       		.uleb128 0x3a
 642 006a 0B       		.uleb128 0xb
 643 006b 3B       		.uleb128 0x3b
 644 006c 0B       		.uleb128 0xb
 645 006d 27       		.uleb128 0x27
 646 006e 19       		.uleb128 0x19
 647 006f 11       		.uleb128 0x11
 648 0070 01       		.uleb128 0x1
 649 0071 12       		.uleb128 0x12
 650 0072 06       		.uleb128 0x6
 651 0073 40       		.uleb128 0x40
 652 0074 18       		.uleb128 0x18
 653 0075 9742     		.uleb128 0x2117
 654 0077 19       		.uleb128 0x19
 655 0078 01       		.uleb128 0x1
 656 0079 13       		.uleb128 0x13
 657 007a 00       		.byte	0
 658 007b 00       		.byte	0
 659 007c 09       		.uleb128 0x9
 660 007d 05       		.uleb128 0x5
ARM GAS  C:\Users\shiyu\AppData\Local\Temp\ccRH1cXb.s 			page 18


 661 007e 00       		.byte	0
 662 007f 03       		.uleb128 0x3
 663 0080 0E       		.uleb128 0xe
 664 0081 3A       		.uleb128 0x3a
 665 0082 0B       		.uleb128 0xb
 666 0083 3B       		.uleb128 0x3b
 667 0084 0B       		.uleb128 0xb
 668 0085 49       		.uleb128 0x49
 669 0086 13       		.uleb128 0x13
 670 0087 02       		.uleb128 0x2
 671 0088 17       		.uleb128 0x17
 672 0089 00       		.byte	0
 673 008a 00       		.byte	0
 674 008b 0A       		.uleb128 0xa
 675 008c 05       		.uleb128 0x5
 676 008d 00       		.byte	0
 677 008e 03       		.uleb128 0x3
 678 008f 0E       		.uleb128 0xe
 679 0090 3A       		.uleb128 0x3a
 680 0091 0B       		.uleb128 0xb
 681 0092 3B       		.uleb128 0x3b
 682 0093 0B       		.uleb128 0xb
 683 0094 49       		.uleb128 0x49
 684 0095 13       		.uleb128 0x13
 685 0096 02       		.uleb128 0x2
 686 0097 18       		.uleb128 0x18
 687 0098 00       		.byte	0
 688 0099 00       		.byte	0
 689 009a 0B       		.uleb128 0xb
 690 009b 2E       		.uleb128 0x2e
 691 009c 01       		.byte	0x1
 692 009d 3F       		.uleb128 0x3f
 693 009e 19       		.uleb128 0x19
 694 009f 03       		.uleb128 0x3
 695 00a0 0E       		.uleb128 0xe
 696 00a1 3A       		.uleb128 0x3a
 697 00a2 0B       		.uleb128 0xb
 698 00a3 3B       		.uleb128 0x3b
 699 00a4 05       		.uleb128 0x5
 700 00a5 27       		.uleb128 0x27
 701 00a6 19       		.uleb128 0x19
 702 00a7 11       		.uleb128 0x11
 703 00a8 01       		.uleb128 0x1
 704 00a9 12       		.uleb128 0x12
 705 00aa 06       		.uleb128 0x6
 706 00ab 40       		.uleb128 0x40
 707 00ac 18       		.uleb128 0x18
 708 00ad 9742     		.uleb128 0x2117
 709 00af 19       		.uleb128 0x19
 710 00b0 01       		.uleb128 0x1
 711 00b1 13       		.uleb128 0x13
 712 00b2 00       		.byte	0
 713 00b3 00       		.byte	0
 714 00b4 0C       		.uleb128 0xc
 715 00b5 34       		.uleb128 0x34
 716 00b6 00       		.byte	0
 717 00b7 03       		.uleb128 0x3
ARM GAS  C:\Users\shiyu\AppData\Local\Temp\ccRH1cXb.s 			page 19


 718 00b8 0E       		.uleb128 0xe
 719 00b9 3A       		.uleb128 0x3a
 720 00ba 0B       		.uleb128 0xb
 721 00bb 3B       		.uleb128 0x3b
 722 00bc 05       		.uleb128 0x5
 723 00bd 49       		.uleb128 0x49
 724 00be 13       		.uleb128 0x13
 725 00bf 02       		.uleb128 0x2
 726 00c0 17       		.uleb128 0x17
 727 00c1 00       		.byte	0
 728 00c2 00       		.byte	0
 729 00c3 0D       		.uleb128 0xd
 730 00c4 898201   		.uleb128 0x4109
 731 00c7 00       		.byte	0
 732 00c8 11       		.uleb128 0x11
 733 00c9 01       		.uleb128 0x1
 734 00ca 31       		.uleb128 0x31
 735 00cb 13       		.uleb128 0x13
 736 00cc 00       		.byte	0
 737 00cd 00       		.byte	0
 738 00ce 0E       		.uleb128 0xe
 739 00cf 898201   		.uleb128 0x4109
 740 00d2 01       		.byte	0x1
 741 00d3 11       		.uleb128 0x11
 742 00d4 01       		.uleb128 0x1
 743 00d5 31       		.uleb128 0x31
 744 00d6 13       		.uleb128 0x13
 745 00d7 01       		.uleb128 0x1
 746 00d8 13       		.uleb128 0x13
 747 00d9 00       		.byte	0
 748 00da 00       		.byte	0
 749 00db 0F       		.uleb128 0xf
 750 00dc 8A8201   		.uleb128 0x410a
 751 00df 00       		.byte	0
 752 00e0 02       		.uleb128 0x2
 753 00e1 18       		.uleb128 0x18
 754 00e2 9142     		.uleb128 0x2111
 755 00e4 18       		.uleb128 0x18
 756 00e5 00       		.byte	0
 757 00e6 00       		.byte	0
 758 00e7 10       		.uleb128 0x10
 759 00e8 898201   		.uleb128 0x4109
 760 00eb 01       		.byte	0x1
 761 00ec 11       		.uleb128 0x11
 762 00ed 01       		.uleb128 0x1
 763 00ee 31       		.uleb128 0x31
 764 00ef 13       		.uleb128 0x13
 765 00f0 00       		.byte	0
 766 00f1 00       		.byte	0
 767 00f2 11       		.uleb128 0x11
 768 00f3 34       		.uleb128 0x34
 769 00f4 00       		.byte	0
 770 00f5 03       		.uleb128 0x3
 771 00f6 0E       		.uleb128 0xe
 772 00f7 3A       		.uleb128 0x3a
 773 00f8 0B       		.uleb128 0xb
 774 00f9 3B       		.uleb128 0x3b
ARM GAS  C:\Users\shiyu\AppData\Local\Temp\ccRH1cXb.s 			page 20


 775 00fa 0B       		.uleb128 0xb
 776 00fb 49       		.uleb128 0x49
 777 00fc 13       		.uleb128 0x13
 778 00fd 3F       		.uleb128 0x3f
 779 00fe 19       		.uleb128 0x19
 780 00ff 02       		.uleb128 0x2
 781 0100 18       		.uleb128 0x18
 782 0101 00       		.byte	0
 783 0102 00       		.byte	0
 784 0103 00       		.byte	0
 785              		.section	.debug_loc,"",%progbits
 786              	.Ldebug_loc0:
 787              	.LLST0:
 788 0000 00000000 		.4byte	.LVL0
 789 0004 10000000 		.4byte	.LVL1
 790 0008 0100     		.2byte	0x1
 791 000a 50       		.byte	0x50
 792 000b 10000000 		.4byte	.LVL1
 793 000f 1C000000 		.4byte	.LFE4
 794 0013 0400     		.2byte	0x4
 795 0015 F3       		.byte	0xf3
 796 0016 01       		.uleb128 0x1
 797 0017 50       		.byte	0x50
 798 0018 9F       		.byte	0x9f
 799 0019 00000000 		.4byte	0
 800 001d 00000000 		.4byte	0
 801              	.LLST1:
 802 0021 08000000 		.4byte	.LVL3
 803 0025 0C000000 		.4byte	.LVL4
 804 0029 0300     		.2byte	0x3
 805 002b 73       		.byte	0x73
 806 002c 06       		.sleb128 6
 807 002d 9F       		.byte	0x9f
 808 002e 0C000000 		.4byte	.LVL4
 809 0032 0E000000 		.4byte	.LVL5
 810 0036 0700     		.2byte	0x7
 811 0038 73       		.byte	0x73
 812 0039 868080B8 		.sleb128 -1224736762
 812      7B
 813 003e 9F       		.byte	0x9f
 814 003f 0E000000 		.4byte	.LVL5
 815 0043 12000000 		.4byte	.LVL6
 816 0047 0700     		.2byte	0x7
 817 0049 73       		.byte	0x73
 818 004a 808080B8 		.sleb128 -1224736768
 818      7B
 819 004f 9F       		.byte	0x9f
 820 0050 00000000 		.4byte	0
 821 0054 00000000 		.4byte	0
 822              	.LLST2:
 823 0058 00000000 		.4byte	.LVL7
 824 005c 12000000 		.4byte	.LVL8
 825 0060 0100     		.2byte	0x1
 826 0062 50       		.byte	0x50
 827 0063 12000000 		.4byte	.LVL8
 828 0067 20000000 		.4byte	.LFE5
 829 006b 0400     		.2byte	0x4
ARM GAS  C:\Users\shiyu\AppData\Local\Temp\ccRH1cXb.s 			page 21


 830 006d F3       		.byte	0xf3
 831 006e 01       		.uleb128 0x1
 832 006f 50       		.byte	0x50
 833 0070 9F       		.byte	0x9f
 834 0071 00000000 		.4byte	0
 835 0075 00000000 		.4byte	0
 836              		.section	.debug_aranges,"",%progbits
 837 0000 54000000 		.4byte	0x54
 838 0004 0200     		.2byte	0x2
 839 0006 00000000 		.4byte	.Ldebug_info0
 840 000a 04       		.byte	0x4
 841 000b 00       		.byte	0
 842 000c 0000     		.2byte	0
 843 000e 0000     		.2byte	0
 844 0010 00000000 		.4byte	.LFB1
 845 0014 1C000000 		.4byte	.LFE1-.LFB1
 846 0018 00000000 		.4byte	.LFB3
 847 001c 1C000000 		.4byte	.LFE3-.LFB3
 848 0020 00000000 		.4byte	.LFB4
 849 0024 1C000000 		.4byte	.LFE4-.LFB4
 850 0028 00000000 		.4byte	.LFB6
 851 002c 0C000000 		.4byte	.LFE6-.LFB6
 852 0030 00000000 		.4byte	.LFB7
 853 0034 24000000 		.4byte	.LFE7-.LFB7
 854 0038 00000000 		.4byte	.LFB5
 855 003c 20000000 		.4byte	.LFE5-.LFB5
 856 0040 00000000 		.4byte	.LFB0
 857 0044 20000000 		.4byte	.LFE0-.LFB0
 858 0048 00000000 		.4byte	.LFB2
 859 004c 24000000 		.4byte	.LFE2-.LFB2
 860 0050 00000000 		.4byte	0
 861 0054 00000000 		.4byte	0
 862              		.section	.debug_ranges,"",%progbits
 863              	.Ldebug_ranges0:
 864 0000 00000000 		.4byte	.LFB1
 865 0004 1C000000 		.4byte	.LFE1
 866 0008 00000000 		.4byte	.LFB3
 867 000c 1C000000 		.4byte	.LFE3
 868 0010 00000000 		.4byte	.LFB4
 869 0014 1C000000 		.4byte	.LFE4
 870 0018 00000000 		.4byte	.LFB6
 871 001c 0C000000 		.4byte	.LFE6
 872 0020 00000000 		.4byte	.LFB7
 873 0024 24000000 		.4byte	.LFE7
 874 0028 00000000 		.4byte	.LFB5
 875 002c 20000000 		.4byte	.LFE5
 876 0030 00000000 		.4byte	.LFB0
 877 0034 20000000 		.4byte	.LFE0
 878 0038 00000000 		.4byte	.LFB2
 879 003c 24000000 		.4byte	.LFE2
 880 0040 00000000 		.4byte	0
 881 0044 00000000 		.4byte	0
 882              		.section	.debug_line,"",%progbits
 883              	.Ldebug_line0:
 884 0000 E0000000 		.section	.debug_str,"MS",%progbits,1
 884      02004400 
 884      00000201 
ARM GAS  C:\Users\shiyu\AppData\Local\Temp\ccRH1cXb.s 			page 22


 884      FB0E0D00 
 884      01010101 
 885              	.LASF20:
 886 0000 56444143 		.ascii	"VDAC8_1_DacTrim\000"
 886      385F315F 
 886      44616354 
 886      72696D00 
 887              	.LASF15:
 888 0010 56444143 		.ascii	"VDAC8_1_Stop\000"
 888      385F315F 
 888      53746F70 
 888      00
 889              	.LASF9:
 890 001d 666C6F61 		.ascii	"float\000"
 890      7400
 891              	.LASF19:
 892 0023 76616C75 		.ascii	"value\000"
 892      6500
 893              	.LASF16:
 894 0029 56444143 		.ascii	"VDAC8_1_SetSpeed\000"
 894      385F315F 
 894      53657453 
 894      70656564 
 894      00
 895              	.LASF27:
 896 003a 433A5C55 		.ascii	"C:\\Users\\shiyu\\Documents\\GitHub\\MUR\\MCU_PSOC\\"
 896      73657273 
 896      5C736869 
 896      79755C44 
 896      6F63756D 
 897 0067 4272616E 		.ascii	"Branches\\17_SEP\\Try_MUX_read_directly_can_AMUX\\S"
 897      63686573 
 897      5C31375F 
 897      5345505C 
 897      5472795F 
 898 0097 41522045 		.ascii	"AR Example.cydsn\000"
 898      78616D70 
 898      6C652E63 
 898      7964736E 
 898      00
 899              	.LASF1:
 900 00a8 756E7369 		.ascii	"unsigned char\000"
 900      676E6564 
 900      20636861 
 900      7200
 901              	.LASF25:
 902 00b6 474E5520 		.ascii	"GNU C11 5.4.1 20160609 (release) [ARM/embedded-5-br"
 902      43313120 
 902      352E342E 
 902      31203230 
 902      31363036 
 903 00e9 616E6368 		.ascii	"anch revision 237715] -mcpu=cortex-m3 -mthumb -g -O"
 903      20726576 
 903      6973696F 
 903      6E203233 
 903      37373135 
 904 011c 67202D66 		.ascii	"g -ffunction-sections -ffat-lto-objects\000"
ARM GAS  C:\Users\shiyu\AppData\Local\Temp\ccRH1cXb.s 			page 23


 904      66756E63 
 904      74696F6E 
 904      2D736563 
 904      74696F6E 
 905              	.LASF13:
 906 0144 72656738 		.ascii	"reg8\000"
 906      00
 907              	.LASF14:
 908 0149 56444143 		.ascii	"VDAC8_1_Enable\000"
 908      385F315F 
 908      456E6162 
 908      6C6500
 909              	.LASF5:
 910 0158 6C6F6E67 		.ascii	"long unsigned int\000"
 910      20756E73 
 910      69676E65 
 910      6420696E 
 910      7400
 911              	.LASF3:
 912 016a 73686F72 		.ascii	"short unsigned int\000"
 912      7420756E 
 912      7369676E 
 912      65642069 
 912      6E7400
 913              	.LASF22:
 914 017d 72616E67 		.ascii	"range\000"
 914      6500
 915              	.LASF24:
 916 0183 56444143 		.ascii	"VDAC8_1_Start\000"
 916      385F315F 
 916      53746172 
 916      7400
 917              	.LASF10:
 918 0191 646F7562 		.ascii	"double\000"
 918      6C6500
 919              	.LASF8:
 920 0198 756E7369 		.ascii	"unsigned int\000"
 920      676E6564 
 920      20696E74 
 920      00
 921              	.LASF7:
 922 01a5 6C6F6E67 		.ascii	"long long unsigned int\000"
 922      206C6F6E 
 922      6720756E 
 922      7369676E 
 922      65642069 
 923              	.LASF17:
 924 01bc 56444143 		.ascii	"VDAC8_1_SetValue\000"
 924      385F315F 
 924      53657456 
 924      616C7565 
 924      00
 925              	.LASF28:
 926 01cd 6D6F6465 		.ascii	"mode\000"
 926      00
 927              	.LASF18:
 928 01d2 73706565 		.ascii	"speed\000"
ARM GAS  C:\Users\shiyu\AppData\Local\Temp\ccRH1cXb.s 			page 24


 928      6400
 929              	.LASF6:
 930 01d8 6C6F6E67 		.ascii	"long long int\000"
 930      206C6F6E 
 930      6720696E 
 930      7400
 931              	.LASF23:
 932 01e6 56444143 		.ascii	"VDAC8_1_Init\000"
 932      385F315F 
 932      496E6974 
 932      00
 933              	.LASF11:
 934 01f3 63686172 		.ascii	"char\000"
 934      00
 935              	.LASF29:
 936 01f8 56444143 		.ascii	"VDAC8_1_initVar\000"
 936      385F315F 
 936      696E6974 
 936      56617200 
 937              	.LASF2:
 938 0208 73686F72 		.ascii	"short int\000"
 938      7420696E 
 938      7400
 939              	.LASF12:
 940 0212 75696E74 		.ascii	"uint8\000"
 940      3800
 941              	.LASF4:
 942 0218 6C6F6E67 		.ascii	"long int\000"
 942      20696E74 
 942      00
 943              	.LASF26:
 944 0221 47656E65 		.ascii	"Generated_Source\\PSoC5\\VDAC8_1.c\000"
 944      72617465 
 944      645F536F 
 944      75726365 
 944      5C50536F 
 945              	.LASF0:
 946 0242 7369676E 		.ascii	"signed char\000"
 946      65642063 
 946      68617200 
 947              	.LASF21:
 948 024e 56444143 		.ascii	"VDAC8_1_SetRange\000"
 948      385F315F 
 948      53657452 
 948      616E6765 
 948      00
 949              		.ident	"GCC: (GNU Tools for ARM Embedded Processors) 5.4.1 20160609 (release) [ARM/embedded-5-bran
