ARM GAS  C:\Users\Digi-Key\AppData\Local\Temp\cc6xBIHg.s 			page 1


   1              		.syntax unified
   2              		.cpu cortex-m3
   3              		.fpu softvfp
   4              		.eabi_attribute 20, 1
   5              		.eabi_attribute 21, 1
   6              		.eabi_attribute 23, 3
   7              		.eabi_attribute 24, 1
   8              		.eabi_attribute 25, 1
   9              		.eabi_attribute 26, 1
  10              		.eabi_attribute 30, 1
  11              		.eabi_attribute 34, 1
  12              		.eabi_attribute 18, 4
  13              		.thumb
  14              		.file	"cymetadata.c"
  15              		.text
  16              	.Ltext0:
  17              		.cfi_sections	.debug_frame
  18              		.global	cy_metadata
  19              		.global	cy_meta_flashprotect
  20              		.global	cy_meta_wonvl
  21              		.global	cy_meta_custnvl
  22              		.global	cy_meta_configecc
  23              		.section	.cyconfigecc,"a",%progbits
  24              		.align	2
  25              		.type	cy_meta_configecc, %object
  26              		.size	cy_meta_configecc, 840
  27              	cy_meta_configecc:
  28 0000 01       		.byte	1
  29 0001 5B       		.byte	91
  30 0002 00       		.byte	0
  31 0003 40       		.byte	64
  32 0004 03       		.byte	3
  33 0005 65       		.byte	101
  34 0006 00       		.byte	0
  35 0007 40       		.byte	64
  36 0008 02       		.byte	2
  37 0009 15       		.byte	21
  38 000a 01       		.byte	1
  39 000b 40       		.byte	64
  40 000c 6E       		.byte	110
  41 000d 18       		.byte	24
  42 000e 01       		.byte	1
  43 000f 40       		.byte	64
  44 0010 39       		.byte	57
  45 0011 19       		.byte	25
  46 0012 01       		.byte	1
  47 0013 40       		.byte	64
  48 0014 17       		.byte	23
  49 0015 1A       		.byte	26
  50 0016 01       		.byte	1
  51 0017 40       		.byte	64
  52 0018 4C       		.byte	76
  53 0019 1B       		.byte	27
  54 001a 01       		.byte	1
  55 001b 40       		.byte	64
  56 001c 02       		.byte	2
  57 001d 40       		.byte	64
ARM GAS  C:\Users\Digi-Key\AppData\Local\Temp\cc6xBIHg.s 			page 2


  58 001e 01       		.byte	1
  59 001f 40       		.byte	64
  60 0020 01       		.byte	1
  61 0021 41       		.byte	65
  62 0022 01       		.byte	1
  63 0023 40       		.byte	64
  64 0024 01       		.byte	1
  65 0025 42       		.byte	66
  66 0026 01       		.byte	1
  67 0027 40       		.byte	64
  68 0028 01       		.byte	1
  69 0029 43       		.byte	67
  70 002a 01       		.byte	1
  71 002b 40       		.byte	64
  72 002c 03       		.byte	3
  73 002d 48       		.byte	72
  74 002e 01       		.byte	1
  75 002f 40       		.byte	64
  76 0030 03       		.byte	3
  77 0031 49       		.byte	73
  78 0032 01       		.byte	1
  79 0033 40       		.byte	64
  80 0034 04       		.byte	4
  81 0035 4C       		.byte	76
  82 0036 01       		.byte	1
  83 0037 40       		.byte	64
  84 0038 0D       		.byte	13
  85 0039 4D       		.byte	77
  86 003a 01       		.byte	1
  87 003b 40       		.byte	64
  88 003c 02       		.byte	2
  89 003d 50       		.byte	80
  90 003e 01       		.byte	1
  91 003f 40       		.byte	64
  92 0040 01       		.byte	1
  93 0041 51       		.byte	81
  94 0042 01       		.byte	1
  95 0043 40       		.byte	64
  96 0044 2F       		.byte	47
  97 0045 84       		.byte	-124
  98 0046 88       		.byte	-120
  99 0047 0F       		.byte	15
 100 0048 8A       		.byte	-118
 101 0049 72       		.byte	114
 102 004a 8B       		.byte	-117
 103 004b 38       		.byte	56
 104 004c E8       		.byte	-24
 105 004d 10       		.byte	16
 106 004e EE       		.byte	-18
 107 004f 08       		.byte	8
 108 0050 02       		.byte	2
 109 0051 20       		.byte	32
 110 0052 06       		.byte	6
 111 0053 03       		.byte	3
 112 0054 08       		.byte	8
 113 0055 DC       		.byte	-36
 114 0056 0A       		.byte	10
ARM GAS  C:\Users\Digi-Key\AppData\Local\Temp\cc6xBIHg.s 			page 3


 115 0057 22       		.byte	34
 116 0058 0C       		.byte	12
 117 0059 10       		.byte	16
 118 005a 0D       		.byte	13
 119 005b 03       		.byte	3
 120 005c 0E       		.byte	14
 121 005d AC       		.byte	-84
 122 005e 0F       		.byte	15
 123 005f 44       		.byte	68
 124 0060 13       		.byte	19
 125 0061 55       		.byte	85
 126 0062 14       		.byte	20
 127 0063 09       		.byte	9
 128 0064 15       		.byte	21
 129 0065 80       		.byte	-128
 130 0066 16       		.byte	22
 131 0067 D0       		.byte	-48
 132 0068 18       		.byte	24
 133 0069 14       		.byte	20
 134 006a 19       		.byte	25
 135 006b 2A       		.byte	42
 136 006c 1B       		.byte	27
 137 006d 44       		.byte	68
 138 006e 1D       		.byte	29
 139 006f 73       		.byte	115
 140 0070 1F       		.byte	31
 141 0071 0C       		.byte	12
 142 0072 24       		.byte	36
 143 0073 10       		.byte	16
 144 0074 25       		.byte	37
 145 0075 73       		.byte	115
 146 0076 26       		.byte	38
 147 0077 40       		.byte	64
 148 0078 27       		.byte	39
 149 0079 04       		.byte	4
 150 007a 28       		.byte	40
 151 007b 0C       		.byte	12
 152 007c 2A       		.byte	42
 153 007d 71       		.byte	113
 154 007e 2B       		.byte	43
 155 007f 08       		.byte	8
 156 0080 31       		.byte	49
 157 0081 40       		.byte	64
 158 0082 32       		.byte	50
 159 0083 1F       		.byte	31
 160 0084 33       		.byte	51
 161 0085 80       		.byte	-128
 162 0086 34       		.byte	52
 163 0087 E0       		.byte	-32
 164 0088 35       		.byte	53
 165 0089 30       		.byte	48
 166 008a 37       		.byte	55
 167 008b 0F       		.byte	15
 168 008c 39       		.byte	57
 169 008d 20       		.byte	32
 170 008e 3A       		.byte	58
 171 008f 20       		.byte	32
ARM GAS  C:\Users\Digi-Key\AppData\Local\Temp\cc6xBIHg.s 			page 4


 172 0090 3B       		.byte	59
 173 0091 80       		.byte	-128
 174 0092 3F       		.byte	63
 175 0093 15       		.byte	21
 176 0094 40       		.byte	64
 177 0095 45       		.byte	69
 178 0096 41       		.byte	65
 179 0097 02       		.byte	2
 180 0098 45       		.byte	69
 181 0099 0B       		.byte	11
 182 009a 46       		.byte	70
 183 009b 0C       		.byte	12
 184 009c 47       		.byte	71
 185 009d 0E       		.byte	14
 186 009e 48       		.byte	72
 187 009f 15       		.byte	21
 188 00a0 49       		.byte	73
 189 00a1 FF       		.byte	-1
 190 00a2 4A       		.byte	74
 191 00a3 FF       		.byte	-1
 192 00a4 4B       		.byte	75
 193 00a5 FF       		.byte	-1
 194 00a6 4E       		.byte	78
 195 00a7 F0       		.byte	-16
 196 00a8 4F       		.byte	79
 197 00a9 44       		.byte	68
 198 00aa 50       		.byte	80
 199 00ab 0C       		.byte	12
 200 00ac 54       		.byte	84
 201 00ad 01       		.byte	1
 202 00ae 58       		.byte	88
 203 00af 04       		.byte	4
 204 00b0 59       		.byte	89
 205 00b1 04       		.byte	4
 206 00b2 5A       		.byte	90
 207 00b3 04       		.byte	4
 208 00b4 5B       		.byte	91
 209 00b5 04       		.byte	4
 210 00b6 5C       		.byte	92
 211 00b7 11       		.byte	17
 212 00b8 5D       		.byte	93
 213 00b9 11       		.byte	17
 214 00ba 5F       		.byte	95
 215 00bb 01       		.byte	1
 216 00bc 66       		.byte	102
 217 00bd C0       		.byte	-64
 218 00be 6A       		.byte	106
 219 00bf 40       		.byte	64
 220 00c0 6B       		.byte	107
 221 00c1 02       		.byte	2
 222 00c2 80       		.byte	-128
 223 00c3 80       		.byte	-128
 224 00c4 82       		.byte	-126
 225 00c5 40       		.byte	64
 226 00c6 85       		.byte	-123
 227 00c7 01       		.byte	1
 228 00c8 86       		.byte	-122
ARM GAS  C:\Users\Digi-Key\AppData\Local\Temp\cc6xBIHg.s 			page 5


 229 00c9 08       		.byte	8
 230 00ca 87       		.byte	-121
 231 00cb 06       		.byte	6
 232 00cc 8A       		.byte	-118
 233 00cd 0C       		.byte	12
 234 00ce 8C       		.byte	-116
 235 00cf 11       		.byte	17
 236 00d0 8D       		.byte	-115
 237 00d1 04       		.byte	4
 238 00d2 8E       		.byte	-114
 239 00d3 06       		.byte	6
 240 00d4 8F       		.byte	-113
 241 00d5 01       		.byte	1
 242 00d6 91       		.byte	-111
 243 00d7 02       		.byte	2
 244 00d8 93       		.byte	-109
 245 00d9 09       		.byte	9
 246 00da 94       		.byte	-108
 247 00db 11       		.byte	17
 248 00dc 95       		.byte	-107
 249 00dd 17       		.byte	23
 250 00de 96       		.byte	-106
 251 00df 0E       		.byte	14
 252 00e0 98       		.byte	-104
 253 00e1 0C       		.byte	12
 254 00e2 99       		.byte	-103
 255 00e3 17       		.byte	23
 256 00e4 9A       		.byte	-102
 257 00e5 13       		.byte	19
 258 00e6 9D       		.byte	-99
 259 00e7 10       		.byte	16
 260 00e8 A0       		.byte	-96
 261 00e9 20       		.byte	32
 262 00ea A2       		.byte	-94
 263 00eb 03       		.byte	3
 264 00ec A4       		.byte	-92
 265 00ed C0       		.byte	-64
 266 00ee A8       		.byte	-88
 267 00ef C0       		.byte	-64
 268 00f0 AC       		.byte	-84
 269 00f1 40       		.byte	64
 270 00f2 AE       		.byte	-82
 271 00f3 80       		.byte	-128
 272 00f4 B0       		.byte	-80
 273 00f5 C0       		.byte	-64
 274 00f6 B1       		.byte	-79
 275 00f7 10       		.byte	16
 276 00f8 B2       		.byte	-78
 277 00f9 30       		.byte	48
 278 00fa B3       		.byte	-77
 279 00fb 07       		.byte	7
 280 00fc B4       		.byte	-76
 281 00fd 0F       		.byte	15
 282 00fe B5       		.byte	-75
 283 00ff 08       		.byte	8
 284 0100 B8       		.byte	-72
 285 0101 08       		.byte	8
ARM GAS  C:\Users\Digi-Key\AppData\Local\Temp\cc6xBIHg.s 			page 6


 286 0102 BA       		.byte	-70
 287 0103 20       		.byte	32
 288 0104 C0       		.byte	-64
 289 0105 02       		.byte	2
 290 0106 C6       		.byte	-58
 291 0107 40       		.byte	64
 292 0108 C9       		.byte	-55
 293 0109 FF       		.byte	-1
 294 010a CA       		.byte	-54
 295 010b 07       		.byte	7
 296 010c CB       		.byte	-53
 297 010d FF       		.byte	-1
 298 010e CC       		.byte	-52
 299 010f 40       		.byte	64
 300 0110 CD       		.byte	-51
 301 0111 20       		.byte	32
 302 0112 CE       		.byte	-50
 303 0113 F0       		.byte	-16
 304 0114 CF       		.byte	-49
 305 0115 05       		.byte	5
 306 0116 D0       		.byte	-48
 307 0117 08       		.byte	8
 308 0118 D8       		.byte	-40
 309 0119 04       		.byte	4
 310 011a D9       		.byte	-39
 311 011b 04       		.byte	4
 312 011c DA       		.byte	-38
 313 011d 04       		.byte	4
 314 011e DC       		.byte	-36
 315 011f 11       		.byte	17
 316 0120 DD       		.byte	-35
 317 0121 01       		.byte	1
 318 0122 DF       		.byte	-33
 319 0123 01       		.byte	1
 320 0124 E0       		.byte	-32
 321 0125 40       		.byte	64
 322 0126 E1       		.byte	-31
 323 0127 A8       		.byte	-88
 324 0128 E2       		.byte	-30
 325 0129 40       		.byte	64
 326 012a E3       		.byte	-29
 327 012b 20       		.byte	32
 328 012c 01       		.byte	1
 329 012d 02       		.byte	2
 330 012e 02       		.byte	2
 331 012f 10       		.byte	16
 332 0130 03       		.byte	3
 333 0131 09       		.byte	9
 334 0132 05       		.byte	5
 335 0133 15       		.byte	21
 336 0134 07       		.byte	7
 337 0135 01       		.byte	1
 338 0136 0A       		.byte	10
 339 0137 04       		.byte	4
 340 0138 0B       		.byte	11
 341 0139 20       		.byte	32
 342 013a 0E       		.byte	14
ARM GAS  C:\Users\Digi-Key\AppData\Local\Temp\cc6xBIHg.s 			page 7


 343 013b 10       		.byte	16
 344 013c 0F       		.byte	15
 345 013d 08       		.byte	8
 346 013e 10       		.byte	16
 347 013f 96       		.byte	-106
 348 0140 16       		.byte	22
 349 0141 18       		.byte	24
 350 0142 18       		.byte	24
 351 0143 40       		.byte	64
 352 0144 19       		.byte	25
 353 0145 12       		.byte	18
 354 0146 1A       		.byte	26
 355 0147 14       		.byte	20
 356 0148 1B       		.byte	27
 357 0149 08       		.byte	8
 358 014a 1D       		.byte	29
 359 014b 04       		.byte	4
 360 014c 1F       		.byte	31
 361 014d 10       		.byte	16
 362 014e 20       		.byte	32
 363 014f 20       		.byte	32
 364 0150 21       		.byte	33
 365 0151 04       		.byte	4
 366 0152 22       		.byte	34
 367 0153 10       		.byte	16
 368 0154 23       		.byte	35
 369 0155 40       		.byte	64
 370 0156 24       		.byte	36
 371 0157 24       		.byte	36
 372 0158 26       		.byte	38
 373 0159 80       		.byte	-128
 374 015a 27       		.byte	39
 375 015b 81       		.byte	-127
 376 015c 2E       		.byte	46
 377 015d 08       		.byte	8
 378 015e 2F       		.byte	47
 379 015f 18       		.byte	24
 380 0160 30       		.byte	48
 381 0161 16       		.byte	22
 382 0162 32       		.byte	50
 383 0163 40       		.byte	64
 384 0164 33       		.byte	51
 385 0165 14       		.byte	20
 386 0166 35       		.byte	53
 387 0167 15       		.byte	21
 388 0168 36       		.byte	54
 389 0169 82       		.byte	-126
 390 016a 38       		.byte	56
 391 016b 40       		.byte	64
 392 016c 39       		.byte	57
 393 016d 08       		.byte	8
 394 016e 3F       		.byte	63
 395 016f 80       		.byte	-128
 396 0170 40       		.byte	64
 397 0171 04       		.byte	4
 398 0172 46       		.byte	70
 399 0173 08       		.byte	8
ARM GAS  C:\Users\Digi-Key\AppData\Local\Temp\cc6xBIHg.s 			page 8


 400 0174 47       		.byte	71
 401 0175 01       		.byte	1
 402 0176 48       		.byte	72
 403 0177 80       		.byte	-128
 404 0178 49       		.byte	73
 405 0179 01       		.byte	1
 406 017a 4E       		.byte	78
 407 017b 02       		.byte	2
 408 017c 4F       		.byte	79
 409 017d 08       		.byte	8
 410 017e 52       		.byte	82
 411 017f 10       		.byte	16
 412 0180 55       		.byte	85
 413 0181 08       		.byte	8
 414 0182 56       		.byte	86
 415 0183 40       		.byte	64
 416 0184 57       		.byte	87
 417 0185 40       		.byte	64
 418 0186 5C       		.byte	92
 419 0187 01       		.byte	1
 420 0188 5E       		.byte	94
 421 0189 08       		.byte	8
 422 018a 5F       		.byte	95
 423 018b 90       		.byte	-112
 424 018c C0       		.byte	-64
 425 018d FF       		.byte	-1
 426 018e C2       		.byte	-62
 427 018f 66       		.byte	102
 428 0190 C4       		.byte	-60
 429 0191 6F       		.byte	111
 430 0192 CA       		.byte	-54
 431 0193 60       		.byte	96
 432 0194 CC       		.byte	-52
 433 0195 FF       		.byte	-1
 434 0196 CE       		.byte	-50
 435 0197 1A       		.byte	26
 436 0198 D0       		.byte	-48
 437 0199 A4       		.byte	-92
 438 019a D2       		.byte	-46
 439 019b 10       		.byte	16
 440 019c D6       		.byte	-42
 441 019d F0       		.byte	-16
 442 019e 82       		.byte	-126
 443 019f 04       		.byte	4
 444 01a0 86       		.byte	-122
 445 01a1 01       		.byte	1
 446 01a2 88       		.byte	-120
 447 01a3 01       		.byte	1
 448 01a4 8C       		.byte	-116
 449 01a5 01       		.byte	1
 450 01a6 92       		.byte	-110
 451 01a7 02       		.byte	2
 452 01a8 94       		.byte	-108
 453 01a9 08       		.byte	8
 454 01aa 9A       		.byte	-102
 455 01ab 04       		.byte	4
 456 01ac AA       		.byte	-86
ARM GAS  C:\Users\Digi-Key\AppData\Local\Temp\cc6xBIHg.s 			page 9


 457 01ad 02       		.byte	2
 458 01ae AE       		.byte	-82
 459 01af 01       		.byte	1
 460 01b0 B0       		.byte	-80
 461 01b1 01       		.byte	1
 462 01b2 B2       		.byte	-78
 463 01b3 02       		.byte	2
 464 01b4 B4       		.byte	-76
 465 01b5 08       		.byte	8
 466 01b6 B6       		.byte	-74
 467 01b7 04       		.byte	4
 468 01b8 B8       		.byte	-72
 469 01b9 02       		.byte	2
 470 01ba BB       		.byte	-69
 471 01bb 80       		.byte	-128
 472 01bc BE       		.byte	-66
 473 01bd 54       		.byte	84
 474 01be D4       		.byte	-44
 475 01bf 18       		.byte	24
 476 01c0 D8       		.byte	-40
 477 01c1 04       		.byte	4
 478 01c2 D9       		.byte	-39
 479 01c3 04       		.byte	4
 480 01c4 DB       		.byte	-37
 481 01c5 04       		.byte	4
 482 01c6 DC       		.byte	-36
 483 01c7 11       		.byte	17
 484 01c8 DD       		.byte	-35
 485 01c9 10       		.byte	16
 486 01ca DF       		.byte	-33
 487 01cb 01       		.byte	1
 488 01cc 00       		.byte	0
 489 01cd 66       		.byte	102
 490 01ce 01       		.byte	1
 491 01cf 80       		.byte	-128
 492 01d0 02       		.byte	2
 493 01d1 04       		.byte	4
 494 01d2 04       		.byte	4
 495 01d3 02       		.byte	2
 496 01d4 05       		.byte	5
 497 01d5 14       		.byte	20
 498 01d6 07       		.byte	7
 499 01d7 01       		.byte	1
 500 01d8 09       		.byte	9
 501 01d9 42       		.byte	66
 502 01da 0A       		.byte	10
 503 01db 10       		.byte	16
 504 01dc 0D       		.byte	13
 505 01dd 08       		.byte	8
 506 01de 0E       		.byte	14
 507 01df 40       		.byte	64
 508 01e0 0F       		.byte	15
 509 01e1 04       		.byte	4
 510 01e2 10       		.byte	16
 511 01e3 82       		.byte	-126
 512 01e4 13       		.byte	19
 513 01e5 28       		.byte	40
ARM GAS  C:\Users\Digi-Key\AppData\Local\Temp\cc6xBIHg.s 			page 10


 514 01e6 15       		.byte	21
 515 01e7 20       		.byte	32
 516 01e8 17       		.byte	23
 517 01e9 80       		.byte	-128
 518 01ea 18       		.byte	24
 519 01eb 05       		.byte	5
 520 01ec 19       		.byte	25
 521 01ed 15       		.byte	21
 522 01ee 1A       		.byte	26
 523 01ef 10       		.byte	16
 524 01f0 1D       		.byte	29
 525 01f1 40       		.byte	64
 526 01f2 1E       		.byte	30
 527 01f3 48       		.byte	72
 528 01f4 1F       		.byte	31
 529 01f5 04       		.byte	4
 530 01f6 20       		.byte	32
 531 01f7 08       		.byte	8
 532 01f8 21       		.byte	33
 533 01f9 02       		.byte	2
 534 01fa 23       		.byte	35
 535 01fb 85       		.byte	-123
 536 01fc 25       		.byte	37
 537 01fd C0       		.byte	-64
 538 01fe 27       		.byte	39
 539 01ff 01       		.byte	1
 540 0200 29       		.byte	41
 541 0201 90       		.byte	-112
 542 0202 2A       		.byte	42
 543 0203 06       		.byte	6
 544 0204 31       		.byte	49
 545 0205 86       		.byte	-122
 546 0206 32       		.byte	50
 547 0207 10       		.byte	16
 548 0208 38       		.byte	56
 549 0209 28       		.byte	40
 550 020a 3A       		.byte	58
 551 020b 01       		.byte	1
 552 020c 3B       		.byte	59
 553 020d 40       		.byte	64
 554 020e 40       		.byte	64
 555 020f 05       		.byte	5
 556 0210 43       		.byte	67
 557 0211 01       		.byte	1
 558 0212 48       		.byte	72
 559 0213 05       		.byte	5
 560 0214 4B       		.byte	75
 561 0215 40       		.byte	64
 562 0216 50       		.byte	80
 563 0217 01       		.byte	1
 564 0218 51       		.byte	81
 565 0219 10       		.byte	16
 566 021a 59       		.byte	89
 567 021b 01       		.byte	1
 568 021c 5F       		.byte	95
 569 021d 01       		.byte	1
 570 021e 65       		.byte	101
ARM GAS  C:\Users\Digi-Key\AppData\Local\Temp\cc6xBIHg.s 			page 11


 571 021f 40       		.byte	64
 572 0220 67       		.byte	103
 573 0221 08       		.byte	8
 574 0222 6A       		.byte	106
 575 0223 80       		.byte	-128
 576 0224 6B       		.byte	107
 577 0225 14       		.byte	20
 578 0226 70       		.byte	112
 579 0227 94       		.byte	-108
 580 0228 72       		.byte	114
 581 0229 02       		.byte	2
 582 022a 73       		.byte	115
 583 022b 28       		.byte	40
 584 022c 88       		.byte	-120
 585 022d 02       		.byte	2
 586 022e 8E       		.byte	-114
 587 022f 01       		.byte	1
 588 0230 90       		.byte	-112
 589 0231 40       		.byte	64
 590 0232 92       		.byte	-110
 591 0233 20       		.byte	32
 592 0234 93       		.byte	-109
 593 0235 40       		.byte	64
 594 0236 96       		.byte	-106
 595 0237 80       		.byte	-128
 596 0238 9F       		.byte	-97
 597 0239 14       		.byte	20
 598 023a A0       		.byte	-96
 599 023b 10       		.byte	16
 600 023c A1       		.byte	-95
 601 023d 08       		.byte	8
 602 023e A4       		.byte	-92
 603 023f 02       		.byte	2
 604 0240 A6       		.byte	-90
 605 0241 04       		.byte	4
 606 0242 A8       		.byte	-88
 607 0243 01       		.byte	1
 608 0244 A9       		.byte	-87
 609 0245 08       		.byte	8
 610 0246 AE       		.byte	-82
 611 0247 40       		.byte	64
 612 0248 AF       		.byte	-81
 613 0249 10       		.byte	16
 614 024a B4       		.byte	-76
 615 024b 10       		.byte	16
 616 024c C0       		.byte	-64
 617 024d FF       		.byte	-1
 618 024e C2       		.byte	-62
 619 024f 7D       		.byte	125
 620 0250 C4       		.byte	-60
 621 0251 CF       		.byte	-49
 622 0252 CA       		.byte	-54
 623 0253 0F       		.byte	15
 624 0254 CC       		.byte	-52
 625 0255 0F       		.byte	15
 626 0256 CE       		.byte	-50
 627 0257 0F       		.byte	15
ARM GAS  C:\Users\Digi-Key\AppData\Local\Temp\cc6xBIHg.s 			page 12


 628 0258 D0       		.byte	-48
 629 0259 0D       		.byte	13
 630 025a D2       		.byte	-46
 631 025b 0C       		.byte	12
 632 025c D6       		.byte	-42
 633 025d 81       		.byte	-127
 634 025e D8       		.byte	-40
 635 025f 30       		.byte	48
 636 0260 E8       		.byte	-24
 637 0261 10       		.byte	16
 638 0262 EE       		.byte	-18
 639 0263 08       		.byte	8
 640 0264 33       		.byte	51
 641 0265 20       		.byte	32
 642 0266 CC       		.byte	-52
 643 0267 10       		.byte	16
 644 0268 A7       		.byte	-89
 645 0269 20       		.byte	32
 646 026a A7       		.byte	-89
 647 026b 20       		.byte	32
 648 026c A7       		.byte	-89
 649 026d 20       		.byte	32
 650 026e 24       		.byte	36
 651 026f 08       		.byte	8
 652 0270 A7       		.byte	-89
 653 0271 20       		.byte	32
 654 0272 C8       		.byte	-56
 655 0273 20       		.byte	32
 656 0274 AF       		.byte	-81
 657 0275 20       		.byte	32
 658 0276 B4       		.byte	-76
 659 0277 04       		.byte	4
 660 0278 EE       		.byte	-18
 661 0279 10       		.byte	16
 662 027a 1F       		.byte	31
 663 027b 80       		.byte	-128
 664 027c 34       		.byte	52
 665 027d 02       		.byte	2
 666 027e C6       		.byte	-58
 667 027f 01       		.byte	1
 668 0280 CC       		.byte	-52
 669 0281 01       		.byte	1
 670 0282 10       		.byte	16
 671 0283 80       		.byte	-128
 672 0284 75       		.byte	117
 673 0285 01       		.byte	1
 674 0286 88       		.byte	-120
 675 0287 80       		.byte	-128
 676 0288 8C       		.byte	-116
 677 0289 80       		.byte	-128
 678 028a 99       		.byte	-103
 679 028b 01       		.byte	1
 680 028c AF       		.byte	-81
 681 028d 80       		.byte	-128
 682 028e B4       		.byte	-76
 683 028f 02       		.byte	2
 684 0290 B5       		.byte	-75
ARM GAS  C:\Users\Digi-Key\AppData\Local\Temp\cc6xBIHg.s 			page 13


 685 0291 01       		.byte	1
 686 0292 C4       		.byte	-60
 687 0293 08       		.byte	8
 688 0294 DE       		.byte	-34
 689 0295 04       		.byte	4
 690 0296 E6       		.byte	-26
 691 0297 03       		.byte	3
 692 0298 E8       		.byte	-24
 693 0299 08       		.byte	8
 694 029a EC       		.byte	-20
 695 029b 02       		.byte	2
 696 029c 10       		.byte	16
 697 029d 02       		.byte	2
 698 029e 1C       		.byte	28
 699 029f 02       		.byte	2
 700 02a0 00       		.byte	0
 701 02a1 03       		.byte	3
 702 02a2 00       		.byte	0
 703 02a3 00       		.byte	0
 704 02a4 80       		.byte	-128
 705 02a5 80       		.byte	-128
 706 02a6 00       		.byte	0
 707 02a7 00       		.byte	0
 708 02a8 40       		.byte	64
 709 02a9 00       		.byte	0
 710 02aa 00       		.byte	0
 711 02ab 00       		.byte	0
 712 02ac 00       		.byte	0
 713 02ad 44       		.byte	68
 714 02ae 23       		.byte	35
 715 02af 00       		.byte	0
 716 02b0 33       		.byte	51
 717 02b1 18       		.byte	24
 718 02b2 0C       		.byte	12
 719 02b3 00       		.byte	0
 720 02b4 03       		.byte	3
 721 02b5 08       		.byte	8
 722 02b6 40       		.byte	64
 723 02b7 00       		.byte	0
 724 02b8 02       		.byte	2
 725 02b9 00       		.byte	0
 726 02ba 80       		.byte	-128
 727 02bb E3       		.byte	-29
 728 02bc 1C       		.byte	28
 729 02bd 3C       		.byte	60
 730 02be 23       		.byte	35
 731 02bf C2       		.byte	-62
 732 02c0 1F       		.byte	31
 733 02c1 1C       		.byte	28
 734 02c2 20       		.byte	32
 735 02c3 E1       		.byte	-31
 736 02c4 00       		.byte	0
 737 02c5 00       		.byte	0
 738 02c6 00       		.byte	0
 739 02c7 04       		.byte	4
 740 02c8 3F       		.byte	63
 741 02c9 FF       		.byte	-1
ARM GAS  C:\Users\Digi-Key\AppData\Local\Temp\cc6xBIHg.s 			page 14


 742 02ca 00       		.byte	0
 743 02cb 00       		.byte	0
 744 02cc 08       		.byte	8
 745 02cd 10       		.byte	16
 746 02ce 00       		.byte	0
 747 02cf 00       		.byte	0
 748 02d0 04       		.byte	4
 749 02d1 C0       		.byte	-64
 750 02d2 00       		.byte	0
 751 02d3 00       		.byte	0
 752 02d4 0C       		.byte	12
 753 02d5 E7       		.byte	-25
 754 02d6 00       		.byte	0
 755 02d7 18       		.byte	24
 756 02d8 01       		.byte	1
 757 02d9 80       		.byte	-128
 758 02da 80       		.byte	-128
 759 02db 00       		.byte	0
 760 02dc 10       		.byte	16
 761 02dd 1F       		.byte	31
 762 02de 2C       		.byte	44
 763 02df 00       		.byte	0
 764 02e0 0F       		.byte	15
 765 02e1 38       		.byte	56
 766 02e2 C0       		.byte	-64
 767 02e3 C0       		.byte	-64
 768 02e4 00       		.byte	0
 769 02e5 00       		.byte	0
 770 02e6 28       		.byte	40
 771 02e7 02       		.byte	2
 772 02e8 00       		.byte	0
 773 02e9 00       		.byte	0
 774 02ea 41       		.byte	65
 775 02eb 00       		.byte	0
 776 02ec 25       		.byte	37
 777 02ed 04       		.byte	4
 778 02ee 06       		.byte	6
 779 02ef 00       		.byte	0
 780 02f0 01       		.byte	1
 781 02f1 00       		.byte	0
 782 02f2 E0       		.byte	-32
 783 02f3 C0       		.byte	-64
 784 02f4 28       		.byte	40
 785 02f5 FF       		.byte	-1
 786 02f6 FF       		.byte	-1
 787 02f7 FF       		.byte	-1
 788 02f8 62       		.byte	98
 789 02f9 A0       		.byte	-96
 790 02fa F0       		.byte	-16
 791 02fb 41       		.byte	65
 792 02fc 0C       		.byte	12
 793 02fd 00       		.byte	0
 794 02fe 00       		.byte	0
 795 02ff 00       		.byte	0
 796 0300 00       		.byte	0
 797 0301 00       		.byte	0
 798 0302 02       		.byte	2
ARM GAS  C:\Users\Digi-Key\AppData\Local\Temp\cc6xBIHg.s 			page 15


 799 0303 13       		.byte	19
 800 0304 04       		.byte	4
 801 0305 04       		.byte	4
 802 0306 04       		.byte	4
 803 0307 04       		.byte	4
 804 0308 11       		.byte	17
 805 0309 11       		.byte	17
 806 030a 00       		.byte	0
 807 030b 01       		.byte	1
 808 030c 00       		.byte	0
 809 030d 00       		.byte	0
 810 030e 00       		.byte	0
 811 030f 00       		.byte	0
 812 0310 00       		.byte	0
 813 0311 00       		.byte	0
 814 0312 40       		.byte	64
 815 0313 02       		.byte	2
 816 0314 00       		.byte	0
 817 0315 10       		.byte	16
 818 0316 30       		.byte	48
 819 0317 10       		.byte	16
 820 0318 00       		.byte	0
 821 0319 10       		.byte	16
 822 031a 10       		.byte	16
 823 031b 12       		.byte	18
 824 031c 00       		.byte	0
 825 031d 00       		.byte	0
 826 031e 00       		.byte	0
 827 031f 00       		.byte	0
 828 0320 00       		.byte	0
 829 0321 00       		.byte	0
 830 0322 00       		.byte	0
 831 0323 00       		.byte	0
 832 0324 00       		.byte	0
 833 0325 00       		.byte	0
 834 0326 00       		.byte	0
 835 0327 00       		.byte	0
 836 0328 00       		.byte	0
 837 0329 00       		.byte	0
 838 032a 00       		.byte	0
 839 032b 00       		.byte	0
 840 032c 00       		.byte	0
 841 032d 00       		.byte	0
 842 032e 00       		.byte	0
 843 032f 00       		.byte	0
 844 0330 00       		.byte	0
 845 0331 00       		.byte	0
 846 0332 04       		.byte	4
 847 0333 00       		.byte	0
 848 0334 80       		.byte	-128
 849 0335 00       		.byte	0
 850 0336 40       		.byte	64
 851 0337 80       		.byte	-128
 852 0338 80       		.byte	-128
 853 0339 00       		.byte	0
 854 033a 80       		.byte	-128
 855 033b 00       		.byte	0
ARM GAS  C:\Users\Digi-Key\AppData\Local\Temp\cc6xBIHg.s 			page 16


 856 033c 00       		.byte	0
 857 033d 00       		.byte	0
 858 033e 00       		.byte	0
 859 033f 00       		.byte	0
 860 0340 00       		.byte	0
 861 0341 00       		.byte	0
 862 0342 00       		.byte	0
 863 0343 00       		.byte	0
 864 0344 00       		.byte	0
 865 0345 00       		.byte	0
 866 0346 08       		.byte	8
 867 0347 00       		.byte	0
 868              		.section	.cywolatch,"a",%progbits
 869              		.align	2
 870              		.type	cy_meta_wonvl, %object
 871              		.size	cy_meta_wonvl, 4
 872              	cy_meta_wonvl:
 873 0000 BC       		.byte	-68
 874 0001 90       		.byte	-112
 875 0002 AC       		.byte	-84
 876 0003 AF       		.byte	-81
 877              		.section	.cycustnvl,"a",%progbits
 878              		.align	2
 879              		.type	cy_meta_custnvl, %object
 880              		.size	cy_meta_custnvl, 4
 881              	cy_meta_custnvl:
 882 0000 00       		.byte	0
 883 0001 00       		.byte	0
 884 0002 40       		.byte	64
 885 0003 05       		.byte	5
 886              		.section	.cymeta,"a",%progbits
 887              		.align	2
 888              		.type	cy_metadata, %object
 889              		.size	cy_metadata, 12
 890              	cy_metadata:
 891 0000 00       		.byte	0
 892 0001 01       		.byte	1
 893 0002 2E       		.byte	46
 894 0003 16       		.byte	22
 895 0004 10       		.byte	16
 896 0005 69       		.byte	105
 897 0006 00       		.byte	0
 898 0007 01       		.byte	1
 899 0008 00       		.byte	0
 900 0009 00       		.byte	0
 901 000a 00       		.byte	0
 902 000b 00       		.byte	0
 903              		.section	.cyflashprotect,"a",%progbits
 904              		.align	2
 905              		.type	cy_meta_flashprotect, %object
 906              		.size	cy_meta_flashprotect, 256
 907              	cy_meta_flashprotect:
 908 0000 00000000 		.space	256
 908      00000000 
 908      00000000 
 908      00000000 
 908      00000000 
ARM GAS  C:\Users\Digi-Key\AppData\Local\Temp\cc6xBIHg.s 			page 17


 909              		.text
 910              	.Letext0:
 911              		.file 1 ".\\Generated_Source\\PSoC5\\cymetadata.c"
 912              		.file 2 ".\\Generated_Source\\PSoC5\\cytypes.h"
 913              		.section	.debug_info,"",%progbits
 914              	.Ldebug_info0:
 915 0000 36010000 		.4byte	0x136
 916 0004 0400     		.2byte	0x4
 917 0006 00000000 		.4byte	.Ldebug_abbrev0
 918 000a 04       		.byte	0x4
 919 000b 01       		.uleb128 0x1
 920 000c D8000000 		.4byte	.LASF18
 921 0010 01       		.byte	0x1
 922 0011 00000000 		.4byte	.LASF19
 923 0015 46000000 		.4byte	.LASF20
 924 0019 00000000 		.4byte	.Ldebug_line0
 925 001d 02       		.uleb128 0x2
 926 001e 01       		.byte	0x1
 927 001f 06       		.byte	0x6
 928 0020 E2010000 		.4byte	.LASF0
 929 0024 02       		.uleb128 0x2
 930 0025 01       		.byte	0x1
 931 0026 08       		.byte	0x8
 932 0027 38000000 		.4byte	.LASF1
 933 002b 02       		.uleb128 0x2
 934 002c 02       		.byte	0x2
 935 002d 05       		.byte	0x5
 936 002e C9010000 		.4byte	.LASF2
 937 0032 02       		.uleb128 0x2
 938 0033 02       		.byte	0x2
 939 0034 07       		.byte	0x7
 940 0035 9C000000 		.4byte	.LASF3
 941 0039 02       		.uleb128 0x2
 942 003a 04       		.byte	0x4
 943 003b 05       		.byte	0x5
 944 003c D9010000 		.4byte	.LASF4
 945 0040 02       		.uleb128 0x2
 946 0041 04       		.byte	0x4
 947 0042 07       		.byte	0x7
 948 0043 8A000000 		.4byte	.LASF5
 949 0047 02       		.uleb128 0x2
 950 0048 08       		.byte	0x8
 951 0049 05       		.byte	0x5
 952 004a B6010000 		.4byte	.LASF6
 953 004e 02       		.uleb128 0x2
 954 004f 08       		.byte	0x8
 955 0050 07       		.byte	0x7
 956 0051 73010000 		.4byte	.LASF7
 957 0055 03       		.uleb128 0x3
 958 0056 04       		.byte	0x4
 959 0057 05       		.byte	0x5
 960 0058 696E7400 		.ascii	"int\000"
 961 005c 02       		.uleb128 0x2
 962 005d 04       		.byte	0x4
 963 005e 07       		.byte	0x7
 964 005f 66010000 		.4byte	.LASF8
 965 0063 04       		.uleb128 0x4
ARM GAS  C:\Users\Digi-Key\AppData\Local\Temp\cc6xBIHg.s 			page 18


 966 0064 D3010000 		.4byte	.LASF21
 967 0068 02       		.byte	0x2
 968 0069 C2       		.byte	0xc2
 969 006a 24000000 		.4byte	0x24
 970 006e 02       		.uleb128 0x2
 971 006f 04       		.byte	0x4
 972 0070 04       		.byte	0x4
 973 0071 32000000 		.4byte	.LASF9
 974 0075 02       		.uleb128 0x2
 975 0076 08       		.byte	0x8
 976 0077 04       		.byte	0x4
 977 0078 AF000000 		.4byte	.LASF10
 978 007c 02       		.uleb128 0x2
 979 007d 01       		.byte	0x1
 980 007e 08       		.byte	0x8
 981 007f C4010000 		.4byte	.LASF11
 982 0083 05       		.uleb128 0x5
 983 0084 63000000 		.4byte	0x63
 984 0088 94000000 		.4byte	0x94
 985 008c 06       		.uleb128 0x6
 986 008d 94000000 		.4byte	0x94
 987 0091 4703     		.2byte	0x347
 988 0093 00       		.byte	0
 989 0094 02       		.uleb128 0x2
 990 0095 04       		.byte	0x4
 991 0096 07       		.byte	0x7
 992 0097 AD010000 		.4byte	.LASF12
 993 009b 07       		.uleb128 0x7
 994 009c C6000000 		.4byte	.LASF13
 995 00a0 01       		.byte	0x1
 996 00a1 1C       		.byte	0x1c
 997 00a2 AC000000 		.4byte	0xac
 998 00a6 05       		.uleb128 0x5
 999 00a7 03       		.byte	0x3
 1000 00a8 00000000 		.4byte	cy_meta_configecc
 1001 00ac 08       		.uleb128 0x8
 1002 00ad 83000000 		.4byte	0x83
 1003 00b1 05       		.uleb128 0x5
 1004 00b2 63000000 		.4byte	0x63
 1005 00b6 C1000000 		.4byte	0xc1
 1006 00ba 09       		.uleb128 0x9
 1007 00bb 94000000 		.4byte	0x94
 1008 00bf 03       		.byte	0x3
 1009 00c0 00       		.byte	0
 1010 00c1 07       		.uleb128 0x7
 1011 00c2 B6000000 		.4byte	.LASF14
 1012 00c6 01       		.byte	0x1
 1013 00c7 8F       		.byte	0x8f
 1014 00c8 D2000000 		.4byte	0xd2
 1015 00cc 05       		.uleb128 0x5
 1016 00cd 03       		.byte	0x3
 1017 00ce 00000000 		.4byte	cy_meta_custnvl
 1018 00d2 08       		.uleb128 0x8
 1019 00d3 B1000000 		.4byte	0xb1
 1020 00d7 07       		.uleb128 0x7
 1021 00d8 9F010000 		.4byte	.LASF15
 1022 00dc 01       		.byte	0x1
ARM GAS  C:\Users\Digi-Key\AppData\Local\Temp\cc6xBIHg.s 			page 19


 1023 00dd 9A       		.byte	0x9a
 1024 00de E8000000 		.4byte	0xe8
 1025 00e2 05       		.uleb128 0x5
 1026 00e3 03       		.byte	0x3
 1027 00e4 00000000 		.4byte	cy_meta_wonvl
 1028 00e8 08       		.uleb128 0x8
 1029 00e9 B1000000 		.4byte	0xb1
 1030 00ed 05       		.uleb128 0x5
 1031 00ee 63000000 		.4byte	0x63
 1032 00f2 FD000000 		.4byte	0xfd
 1033 00f6 09       		.uleb128 0x9
 1034 00f7 94000000 		.4byte	0x94
 1035 00fb FF       		.byte	0xff
 1036 00fc 00       		.byte	0
 1037 00fd 07       		.uleb128 0x7
 1038 00fe 8A010000 		.4byte	.LASF16
 1039 0102 01       		.byte	0x1
 1040 0103 A5       		.byte	0xa5
 1041 0104 0E010000 		.4byte	0x10e
 1042 0108 05       		.uleb128 0x5
 1043 0109 03       		.byte	0x3
 1044 010a 00000000 		.4byte	cy_meta_flashprotect
 1045 010e 08       		.uleb128 0x8
 1046 010f ED000000 		.4byte	0xed
 1047 0113 05       		.uleb128 0x5
 1048 0114 63000000 		.4byte	0x63
 1049 0118 23010000 		.4byte	0x123
 1050 011c 09       		.uleb128 0x9
 1051 011d 94000000 		.4byte	0x94
 1052 0121 0B       		.byte	0xb
 1053 0122 00       		.byte	0
 1054 0123 07       		.uleb128 0x7
 1055 0124 26000000 		.4byte	.LASF17
 1056 0128 01       		.byte	0x1
 1057 0129 CF       		.byte	0xcf
 1058 012a 34010000 		.4byte	0x134
 1059 012e 05       		.uleb128 0x5
 1060 012f 03       		.byte	0x3
 1061 0130 00000000 		.4byte	cy_metadata
 1062 0134 08       		.uleb128 0x8
 1063 0135 13010000 		.4byte	0x113
 1064 0139 00       		.byte	0
 1065              		.section	.debug_abbrev,"",%progbits
 1066              	.Ldebug_abbrev0:
 1067 0000 01       		.uleb128 0x1
 1068 0001 11       		.uleb128 0x11
 1069 0002 01       		.byte	0x1
 1070 0003 25       		.uleb128 0x25
 1071 0004 0E       		.uleb128 0xe
 1072 0005 13       		.uleb128 0x13
 1073 0006 0B       		.uleb128 0xb
 1074 0007 03       		.uleb128 0x3
 1075 0008 0E       		.uleb128 0xe
 1076 0009 1B       		.uleb128 0x1b
 1077 000a 0E       		.uleb128 0xe
 1078 000b 10       		.uleb128 0x10
 1079 000c 17       		.uleb128 0x17
ARM GAS  C:\Users\Digi-Key\AppData\Local\Temp\cc6xBIHg.s 			page 20


 1080 000d 00       		.byte	0
 1081 000e 00       		.byte	0
 1082 000f 02       		.uleb128 0x2
 1083 0010 24       		.uleb128 0x24
 1084 0011 00       		.byte	0
 1085 0012 0B       		.uleb128 0xb
 1086 0013 0B       		.uleb128 0xb
 1087 0014 3E       		.uleb128 0x3e
 1088 0015 0B       		.uleb128 0xb
 1089 0016 03       		.uleb128 0x3
 1090 0017 0E       		.uleb128 0xe
 1091 0018 00       		.byte	0
 1092 0019 00       		.byte	0
 1093 001a 03       		.uleb128 0x3
 1094 001b 24       		.uleb128 0x24
 1095 001c 00       		.byte	0
 1096 001d 0B       		.uleb128 0xb
 1097 001e 0B       		.uleb128 0xb
 1098 001f 3E       		.uleb128 0x3e
 1099 0020 0B       		.uleb128 0xb
 1100 0021 03       		.uleb128 0x3
 1101 0022 08       		.uleb128 0x8
 1102 0023 00       		.byte	0
 1103 0024 00       		.byte	0
 1104 0025 04       		.uleb128 0x4
 1105 0026 16       		.uleb128 0x16
 1106 0027 00       		.byte	0
 1107 0028 03       		.uleb128 0x3
 1108 0029 0E       		.uleb128 0xe
 1109 002a 3A       		.uleb128 0x3a
 1110 002b 0B       		.uleb128 0xb
 1111 002c 3B       		.uleb128 0x3b
 1112 002d 0B       		.uleb128 0xb
 1113 002e 49       		.uleb128 0x49
 1114 002f 13       		.uleb128 0x13
 1115 0030 00       		.byte	0
 1116 0031 00       		.byte	0
 1117 0032 05       		.uleb128 0x5
 1118 0033 01       		.uleb128 0x1
 1119 0034 01       		.byte	0x1
 1120 0035 49       		.uleb128 0x49
 1121 0036 13       		.uleb128 0x13
 1122 0037 01       		.uleb128 0x1
 1123 0038 13       		.uleb128 0x13
 1124 0039 00       		.byte	0
 1125 003a 00       		.byte	0
 1126 003b 06       		.uleb128 0x6
 1127 003c 21       		.uleb128 0x21
 1128 003d 00       		.byte	0
 1129 003e 49       		.uleb128 0x49
 1130 003f 13       		.uleb128 0x13
 1131 0040 2F       		.uleb128 0x2f
 1132 0041 05       		.uleb128 0x5
 1133 0042 00       		.byte	0
 1134 0043 00       		.byte	0
 1135 0044 07       		.uleb128 0x7
 1136 0045 34       		.uleb128 0x34
ARM GAS  C:\Users\Digi-Key\AppData\Local\Temp\cc6xBIHg.s 			page 21


 1137 0046 00       		.byte	0
 1138 0047 03       		.uleb128 0x3
 1139 0048 0E       		.uleb128 0xe
 1140 0049 3A       		.uleb128 0x3a
 1141 004a 0B       		.uleb128 0xb
 1142 004b 3B       		.uleb128 0x3b
 1143 004c 0B       		.uleb128 0xb
 1144 004d 49       		.uleb128 0x49
 1145 004e 13       		.uleb128 0x13
 1146 004f 3F       		.uleb128 0x3f
 1147 0050 19       		.uleb128 0x19
 1148 0051 02       		.uleb128 0x2
 1149 0052 18       		.uleb128 0x18
 1150 0053 00       		.byte	0
 1151 0054 00       		.byte	0
 1152 0055 08       		.uleb128 0x8
 1153 0056 26       		.uleb128 0x26
 1154 0057 00       		.byte	0
 1155 0058 49       		.uleb128 0x49
 1156 0059 13       		.uleb128 0x13
 1157 005a 00       		.byte	0
 1158 005b 00       		.byte	0
 1159 005c 09       		.uleb128 0x9
 1160 005d 21       		.uleb128 0x21
 1161 005e 00       		.byte	0
 1162 005f 49       		.uleb128 0x49
 1163 0060 13       		.uleb128 0x13
 1164 0061 2F       		.uleb128 0x2f
 1165 0062 0B       		.uleb128 0xb
 1166 0063 00       		.byte	0
 1167 0064 00       		.byte	0
 1168 0065 00       		.byte	0
 1169              		.section	.debug_aranges,"",%progbits
 1170 0000 14000000 		.4byte	0x14
 1171 0004 0200     		.2byte	0x2
 1172 0006 00000000 		.4byte	.Ldebug_info0
 1173 000a 04       		.byte	0x4
 1174 000b 00       		.byte	0
 1175 000c 0000     		.2byte	0
 1176 000e 0000     		.2byte	0
 1177 0010 00000000 		.4byte	0
 1178 0014 00000000 		.4byte	0
 1179              		.section	.debug_line,"",%progbits
 1180              	.Ldebug_line0:
 1181 0000 4F000000 		.section	.debug_str,"MS",%progbits,1
 1181      02004900 
 1181      00000201 
 1181      FB0E0D00 
 1181      01010101 
 1182              	.LASF19:
 1183 0000 2E5C4765 		.ascii	".\\Generated_Source\\PSoC5\\cymetadata.c\000"
 1183      6E657261 
 1183      7465645F 
 1183      536F7572 
 1183      63655C50 
 1184              	.LASF17:
 1185 0026 63795F6D 		.ascii	"cy_metadata\000"
ARM GAS  C:\Users\Digi-Key\AppData\Local\Temp\cc6xBIHg.s 			page 22


 1185      65746164 
 1185      61746100 
 1186              	.LASF9:
 1187 0032 666C6F61 		.ascii	"float\000"
 1187      7400
 1188              	.LASF1:
 1189 0038 756E7369 		.ascii	"unsigned char\000"
 1189      676E6564 
 1189      20636861 
 1189      7200
 1190              	.LASF20:
 1191 0046 433A5C55 		.ascii	"C:\\Users\\Digi-Key\\Documents\\PSoC Creator\\Desig"
 1191      73657273 
 1191      5C446967 
 1191      692D4B65 
 1191      795C446F 
 1192 0074 6E31325C 		.ascii	"n12\\SAR Example.cydsn\000"
 1192      53415220 
 1192      4578616D 
 1192      706C652E 
 1192      63796473 
 1193              	.LASF5:
 1194 008a 6C6F6E67 		.ascii	"long unsigned int\000"
 1194      20756E73 
 1194      69676E65 
 1194      6420696E 
 1194      7400
 1195              	.LASF3:
 1196 009c 73686F72 		.ascii	"short unsigned int\000"
 1196      7420756E 
 1196      7369676E 
 1196      65642069 
 1196      6E7400
 1197              	.LASF10:
 1198 00af 646F7562 		.ascii	"double\000"
 1198      6C6500
 1199              	.LASF14:
 1200 00b6 63795F6D 		.ascii	"cy_meta_custnvl\000"
 1200      6574615F 
 1200      63757374 
 1200      6E766C00 
 1201              	.LASF13:
 1202 00c6 63795F6D 		.ascii	"cy_meta_configecc\000"
 1202      6574615F 
 1202      636F6E66 
 1202      69676563 
 1202      6300
 1203              	.LASF18:
 1204 00d8 474E5520 		.ascii	"GNU C 4.9.3 20150303 (release) [ARM/embedded-4_9-br"
 1204      4320342E 
 1204      392E3320 
 1204      32303135 
 1204      30333033 
 1205 010b 616E6368 		.ascii	"anch revision 221220] -mcpu=cortex-m3 -mthumb -g -O"
 1205      20726576 
 1205      6973696F 
 1205      6E203232 
ARM GAS  C:\Users\Digi-Key\AppData\Local\Temp\cc6xBIHg.s 			page 23


 1205      31323230 
 1206 013e 67202D66 		.ascii	"g -ffunction-sections -ffat-lto-objects\000"
 1206      66756E63 
 1206      74696F6E 
 1206      2D736563 
 1206      74696F6E 
 1207              	.LASF8:
 1208 0166 756E7369 		.ascii	"unsigned int\000"
 1208      676E6564 
 1208      20696E74 
 1208      00
 1209              	.LASF7:
 1210 0173 6C6F6E67 		.ascii	"long long unsigned int\000"
 1210      206C6F6E 
 1210      6720756E 
 1210      7369676E 
 1210      65642069 
 1211              	.LASF16:
 1212 018a 63795F6D 		.ascii	"cy_meta_flashprotect\000"
 1212      6574615F 
 1212      666C6173 
 1212      6870726F 
 1212      74656374 
 1213              	.LASF15:
 1214 019f 63795F6D 		.ascii	"cy_meta_wonvl\000"
 1214      6574615F 
 1214      776F6E76 
 1214      6C00
 1215              	.LASF12:
 1216 01ad 73697A65 		.ascii	"sizetype\000"
 1216      74797065 
 1216      00
 1217              	.LASF6:
 1218 01b6 6C6F6E67 		.ascii	"long long int\000"
 1218      206C6F6E 
 1218      6720696E 
 1218      7400
 1219              	.LASF11:
 1220 01c4 63686172 		.ascii	"char\000"
 1220      00
 1221              	.LASF2:
 1222 01c9 73686F72 		.ascii	"short int\000"
 1222      7420696E 
 1222      7400
 1223              	.LASF21:
 1224 01d3 75696E74 		.ascii	"uint8\000"
 1224      3800
 1225              	.LASF4:
 1226 01d9 6C6F6E67 		.ascii	"long int\000"
 1226      20696E74 
 1226      00
 1227              	.LASF0:
 1228 01e2 7369676E 		.ascii	"signed char\000"
 1228      65642063 
 1228      68617200 
 1229              		.ident	"GCC: (GNU Tools for ARM Embedded Processors) 4.9.3 20150303 (release) [ARM/embedded-4_9-br
