ARM GAS  C:\Users\Digi-Key\AppData\Local\Temp\ccXTpWkZ.s 			page 1


   1              		.syntax unified
   2              		.cpu cortex-m3
   3              		.fpu softvfp
   4              		.eabi_attribute 20, 1
   5              		.eabi_attribute 21, 1
   6              		.eabi_attribute 23, 3
   7              		.eabi_attribute 24, 1
   8              		.eabi_attribute 25, 1
   9              		.eabi_attribute 26, 1
  10              		.eabi_attribute 30, 1
  11              		.eabi_attribute 34, 1
  12              		.eabi_attribute 18, 4
  13              		.thumb
  14              		.file	"main.c"
  15              		.text
  16              	.Ltext0:
  17              		.cfi_sections	.debug_frame
  18              		.global	__aeabi_f2d
  19              		.section	.text.main,"ax",%progbits
  20              		.align	2
  21              		.global	main
  22              		.thumb
  23              		.thumb_func
  24              		.type	main, %function
  25              	main:
  26              	.LFB63:
  27              		.file 1 ".\\main.c"
   1:.\main.c      **** /* ========================================
   2:.\main.c      ****  *
   3:.\main.c      ****  * Copyright YOUR COMPANY, THE YEAR
   4:.\main.c      ****  * All Rights Reserved
   5:.\main.c      ****  * UNPUBLISHED, LICENSED SOFTWARE.
   6:.\main.c      ****  *
   7:.\main.c      ****  * CONFIDENTIAL AND PROPRIETARY INFORMATION
   8:.\main.c      ****  * WHICH IS THE PROPERTY OF your company.
   9:.\main.c      ****  *
  10:.\main.c      ****  * ========================================
  11:.\main.c      **** */
  12:.\main.c      **** #include <project.h>
  13:.\main.c      **** #include <stdio.h>
  14:.\main.c      **** #include <math.h> 
  15:.\main.c      **** 
  16:.\main.c      **** 
  17:.\main.c      **** int main()
  18:.\main.c      **** {
  28              		.loc 1 18 0
  29              		.cfi_startproc
  30              		@ args = 0, pretend = 0, frame = 56
  31              		@ frame_needed = 0, uses_anonymous_args = 0
  32 0000 00B5     		push	{lr}
  33              		.cfi_def_cfa_offset 4
  34              		.cfi_offset 14, -4
  35 0002 8FB0     		sub	sp, sp, #60
  36              		.cfi_def_cfa_offset 64
  19:.\main.c      ****     CyGlobalIntEnable; /* Enable global interrupts. */
  37              		.loc 1 19 0
  38              	@ 19 ".\main.c" 1
ARM GAS  C:\Users\Digi-Key\AppData\Local\Temp\ccXTpWkZ.s 			page 2


  39 0004 62B6     		CPSIE   i
  40              	@ 0 "" 2
  20:.\main.c      ****     
  21:.\main.c      ****     /* Start Components*/ 
  22:.\main.c      ****     ADC_Start(); 
  41              		.loc 1 22 0
  42              		.thumb
  43 0006 FFF7FEFF 		bl	ADC_Start
  44              	.LVL0:
  23:.\main.c      ****     UART_1_Start();
  45              		.loc 1 23 0
  46 000a FFF7FEFF 		bl	UART_1_Start
  47              	.LVL1:
  48              	.L2:
  24:.\main.c      ****     
  25:.\main.c      ****     float voltage = 0; //voltage reading 
  26:.\main.c      ****     uint16 counts = 0; // ADC Counts 
  27:.\main.c      ****     char outputstring[50]; //String used to output value to UART 
  28:.\main.c      ****    
  29:.\main.c      **** 
  30:.\main.c      ****     for(;;)
  31:.\main.c      ****     {
  32:.\main.c      ****         ADC_StartConvert(); 
  49              		.loc 1 32 0 discriminator 1
  50 000e FFF7FEFF 		bl	ADC_StartConvert
  51              	.LVL2:
  33:.\main.c      ****         
  34:.\main.c      ****         counts = ADC_GetResult16(); //read ADC 
  52              		.loc 1 34 0 discriminator 1
  53 0012 FFF7FEFF 		bl	ADC_GetResult16
  54              	.LVL3:
  35:.\main.c      ****         
  36:.\main.c      ****         voltage = ADC_CountsTo_Volts(counts); 
  55              		.loc 1 36 0 discriminator 1
  56 0016 FFF7FEFF 		bl	ADC_CountsTo_Volts
  57              	.LVL4:
  37:.\main.c      ****         
  38:.\main.c      ****         
  39:.\main.c      ****         sprintf(outputstring, "%6.3f", voltage); // convert voltage to string 
  58              		.loc 1 39 0 discriminator 1
  59 001a FFF7FEFF 		bl	__aeabi_f2d
  60              	.LVL5:
  61 001e 0246     		mov	r2, r0
  62 0020 0B46     		mov	r3, r1
  63 0022 01A8     		add	r0, sp, #4
  64 0024 0649     		ldr	r1, .L4
  65 0026 FFF7FEFF 		bl	sprintf
  66              	.LVL6:
  40:.\main.c      ****         
  41:.\main.c      ****         UART_1_PutString(outputstring);  // print value to UART 
  67              		.loc 1 41 0 discriminator 1
  68 002a 01A8     		add	r0, sp, #4
  69 002c FFF7FEFF 		bl	UART_1_PutString
  70              	.LVL7:
  42:.\main.c      ****         UART_1_PutString("\r\n"); 
  71              		.loc 1 42 0 discriminator 1
  72 0030 0448     		ldr	r0, .L4+4
ARM GAS  C:\Users\Digi-Key\AppData\Local\Temp\ccXTpWkZ.s 			page 3


  73 0032 FFF7FEFF 		bl	UART_1_PutString
  74              	.LVL8:
  43:.\main.c      ****         
  44:.\main.c      ****        
  45:.\main.c      ****         CyDelay(300);        
  75              		.loc 1 45 0 discriminator 1
  76 0036 4FF49670 		mov	r0, #300
  77 003a FFF7FEFF 		bl	CyDelay
  78              	.LVL9:
  46:.\main.c      ****         
  47:.\main.c      ****     }
  79              		.loc 1 47 0 discriminator 1
  80 003e E6E7     		b	.L2
  81              	.L5:
  82              		.align	2
  83              	.L4:
  84 0040 00000000 		.word	.LC0
  85 0044 08000000 		.word	.LC1
  86              		.cfi_endproc
  87              	.LFE63:
  88              		.size	main, .-main
  89              		.section	.rodata.str1.4,"aMS",%progbits,1
  90              		.align	2
  91              	.LC0:
  92 0000 25362E33 		.ascii	"%6.3f\000"
  92      6600
  93 0006 0000     		.space	2
  94              	.LC1:
  95 0008 0D0A00   		.ascii	"\015\012\000"
  96 000b 00       		.text
  97              	.Letext0:
  98              		.file 2 "c:\\program files (x86)\\cypress\\psoc creator\\3.3\\psoc creator\\import\\gnu\\arm\\4.9.
  99              		.file 3 "c:\\program files (x86)\\cypress\\psoc creator\\3.3\\psoc creator\\import\\gnu\\arm\\4.9.
 100              		.file 4 "Generated_Source\\PSoC5/cytypes.h"
 101              		.file 5 "Generated_Source\\PSoC5/ADC.h"
 102              		.file 6 "Generated_Source\\PSoC5/UART_1.h"
 103              		.file 7 "c:\\program files (x86)\\cypress\\psoc creator\\3.3\\psoc creator\\import\\gnu\\arm\\4.9.
 104              		.file 8 "Generated_Source\\PSoC5/core_cm3.h"
 105              		.file 9 "Generated_Source\\PSoC5/CyLib.h"
 106              		.section	.debug_info,"",%progbits
 107              	.Ldebug_info0:
 108 0000 4F020000 		.4byte	0x24f
 109 0004 0400     		.2byte	0x4
 110 0006 00000000 		.4byte	.Ldebug_abbrev0
 111 000a 04       		.byte	0x4
 112 000b 01       		.uleb128 0x1
 113 000c 02010000 		.4byte	.LASF29
 114 0010 01       		.byte	0x1
 115 0011 30000000 		.4byte	.LASF30
 116 0015 A4000000 		.4byte	.LASF31
 117 0019 00000000 		.4byte	.Ldebug_ranges0+0
 118 001d 00000000 		.4byte	0
 119 0021 00000000 		.4byte	.Ldebug_line0
 120 0025 02       		.uleb128 0x2
 121 0026 01       		.byte	0x1
 122 0027 06       		.byte	0x6
 123 0028 27020000 		.4byte	.LASF0
ARM GAS  C:\Users\Digi-Key\AppData\Local\Temp\ccXTpWkZ.s 			page 4


 124 002c 02       		.uleb128 0x2
 125 002d 01       		.byte	0x1
 126 002e 08       		.byte	0x8
 127 002f 3F000000 		.4byte	.LASF1
 128 0033 02       		.uleb128 0x2
 129 0034 02       		.byte	0x2
 130 0035 05       		.byte	0x5
 131 0036 FC010000 		.4byte	.LASF2
 132 003a 02       		.uleb128 0x2
 133 003b 02       		.byte	0x2
 134 003c 07       		.byte	0x7
 135 003d 7C000000 		.4byte	.LASF3
 136 0041 03       		.uleb128 0x3
 137 0042 0D000000 		.4byte	.LASF9
 138 0046 02       		.byte	0x2
 139 0047 3F       		.byte	0x3f
 140 0048 4C000000 		.4byte	0x4c
 141 004c 02       		.uleb128 0x2
 142 004d 04       		.byte	0x4
 143 004e 05       		.byte	0x5
 144 004f 17000000 		.4byte	.LASF4
 145 0053 02       		.uleb128 0x2
 146 0054 04       		.byte	0x4
 147 0055 07       		.byte	0x7
 148 0056 6A000000 		.4byte	.LASF5
 149 005a 02       		.uleb128 0x2
 150 005b 08       		.byte	0x8
 151 005c 05       		.byte	0x5
 152 005d E9010000 		.4byte	.LASF6
 153 0061 02       		.uleb128 0x2
 154 0062 08       		.byte	0x8
 155 0063 07       		.byte	0x7
 156 0064 A4010000 		.4byte	.LASF7
 157 0068 04       		.uleb128 0x4
 158 0069 04       		.byte	0x4
 159 006a 05       		.byte	0x5
 160 006b 696E7400 		.ascii	"int\000"
 161 006f 02       		.uleb128 0x2
 162 0070 04       		.byte	0x4
 163 0071 07       		.byte	0x7
 164 0072 90010000 		.4byte	.LASF8
 165 0076 03       		.uleb128 0x3
 166 0077 C5010000 		.4byte	.LASF10
 167 007b 03       		.byte	0x3
 168 007c 2C       		.byte	0x2c
 169 007d 41000000 		.4byte	0x41
 170 0081 03       		.uleb128 0x3
 171 0082 F4000000 		.4byte	.LASF11
 172 0086 04       		.byte	0x4
 173 0087 C3       		.byte	0xc3
 174 0088 3A000000 		.4byte	0x3a
 175 008c 03       		.uleb128 0x3
 176 008d FB000000 		.4byte	.LASF12
 177 0091 04       		.byte	0x4
 178 0092 C4       		.byte	0xc4
 179 0093 53000000 		.4byte	0x53
 180 0097 03       		.uleb128 0x3
ARM GAS  C:\Users\Digi-Key\AppData\Local\Temp\ccXTpWkZ.s 			page 5


 181 0098 64000000 		.4byte	.LASF13
 182 009c 04       		.byte	0x4
 183 009d C6       		.byte	0xc6
 184 009e 33000000 		.4byte	0x33
 185 00a2 03       		.uleb128 0x3
 186 00a3 13020000 		.4byte	.LASF14
 187 00a7 04       		.byte	0x4
 188 00a8 C8       		.byte	0xc8
 189 00a9 AD000000 		.4byte	0xad
 190 00ad 02       		.uleb128 0x2
 191 00ae 04       		.byte	0x4
 192 00af 04       		.byte	0x4
 193 00b0 39000000 		.4byte	.LASF15
 194 00b4 02       		.uleb128 0x2
 195 00b5 08       		.byte	0x8
 196 00b6 04       		.byte	0x4
 197 00b7 E8000000 		.4byte	.LASF16
 198 00bb 03       		.uleb128 0x3
 199 00bc 5E000000 		.4byte	.LASF17
 200 00c0 04       		.byte	0x4
 201 00c1 D3       		.byte	0xd3
 202 00c2 C6000000 		.4byte	0xc6
 203 00c6 02       		.uleb128 0x2
 204 00c7 01       		.byte	0x1
 205 00c8 08       		.byte	0x8
 206 00c9 F7010000 		.4byte	.LASF18
 207 00cd 02       		.uleb128 0x2
 208 00ce 04       		.byte	0x4
 209 00cf 07       		.byte	0x7
 210 00d0 CD010000 		.4byte	.LASF19
 211 00d4 05       		.uleb128 0x5
 212 00d5 04       		.byte	0x4
 213 00d6 C6000000 		.4byte	0xc6
 214 00da 05       		.uleb128 0x5
 215 00db 04       		.byte	0x4
 216 00dc E0000000 		.4byte	0xe0
 217 00e0 06       		.uleb128 0x6
 218 00e1 C6000000 		.4byte	0xc6
 219 00e5 02       		.uleb128 0x2
 220 00e6 08       		.byte	0x8
 221 00e7 04       		.byte	0x4
 222 00e8 1B020000 		.4byte	.LASF20
 223 00ec 07       		.uleb128 0x7
 224 00ed EF000000 		.4byte	.LASF32
 225 00f1 01       		.byte	0x1
 226 00f2 11       		.byte	0x11
 227 00f3 68000000 		.4byte	0x68
 228 00f7 00000000 		.4byte	.LFB63
 229 00fb 48000000 		.4byte	.LFE63-.LFB63
 230 00ff 01       		.uleb128 0x1
 231 0100 9C       		.byte	0x9c
 232 0101 B8010000 		.4byte	0x1b8
 233 0105 08       		.uleb128 0x8
 234 0106 8F000000 		.4byte	.LASF21
 235 010a 01       		.byte	0x1
 236 010b 19       		.byte	0x19
 237 010c AD000000 		.4byte	0xad
ARM GAS  C:\Users\Digi-Key\AppData\Local\Temp\ccXTpWkZ.s 			page 6


 238 0110 00000000 		.4byte	.LLST0
 239 0114 08       		.uleb128 0x8
 240 0115 9D010000 		.4byte	.LASF22
 241 0119 01       		.byte	0x1
 242 011a 1A       		.byte	0x1a
 243 011b 81000000 		.4byte	0x81
 244 011f 13000000 		.4byte	.LLST1
 245 0123 09       		.uleb128 0x9
 246 0124 06020000 		.4byte	.LASF23
 247 0128 01       		.byte	0x1
 248 0129 1B       		.byte	0x1b
 249 012a B8010000 		.4byte	0x1b8
 250 012e 02       		.uleb128 0x2
 251 012f 91       		.byte	0x91
 252 0130 44       		.sleb128 -60
 253 0131 0A       		.uleb128 0xa
 254 0132 0A000000 		.4byte	.LVL0
 255 0136 D9010000 		.4byte	0x1d9
 256 013a 0A       		.uleb128 0xa
 257 013b 0E000000 		.4byte	.LVL1
 258 013f E0010000 		.4byte	0x1e0
 259 0143 0A       		.uleb128 0xa
 260 0144 12000000 		.4byte	.LVL2
 261 0148 E7010000 		.4byte	0x1e7
 262 014c 0A       		.uleb128 0xa
 263 014d 16000000 		.4byte	.LVL3
 264 0151 EE010000 		.4byte	0x1ee
 265 0155 0A       		.uleb128 0xa
 266 0156 1A000000 		.4byte	.LVL4
 267 015a F9010000 		.4byte	0x1f9
 268 015e 0B       		.uleb128 0xb
 269 015f 2A000000 		.4byte	.LVL6
 270 0163 0E020000 		.4byte	0x20e
 271 0167 7B010000 		.4byte	0x17b
 272 016b 0C       		.uleb128 0xc
 273 016c 01       		.uleb128 0x1
 274 016d 51       		.byte	0x51
 275 016e 05       		.uleb128 0x5
 276 016f 03       		.byte	0x3
 277 0170 00000000 		.4byte	.LC0
 278 0174 0C       		.uleb128 0xc
 279 0175 01       		.uleb128 0x1
 280 0176 50       		.byte	0x50
 281 0177 02       		.uleb128 0x2
 282 0178 91       		.byte	0x91
 283 0179 44       		.sleb128 -60
 284 017a 00       		.byte	0
 285 017b 0B       		.uleb128 0xb
 286 017c 30000000 		.4byte	.LVL7
 287 0180 29020000 		.4byte	0x229
 288 0184 8F010000 		.4byte	0x18f
 289 0188 0C       		.uleb128 0xc
 290 0189 01       		.uleb128 0x1
 291 018a 50       		.byte	0x50
 292 018b 02       		.uleb128 0x2
 293 018c 91       		.byte	0x91
 294 018d 44       		.sleb128 -60
ARM GAS  C:\Users\Digi-Key\AppData\Local\Temp\ccXTpWkZ.s 			page 7


 295 018e 00       		.byte	0
 296 018f 0B       		.uleb128 0xb
 297 0190 36000000 		.4byte	.LVL8
 298 0194 29020000 		.4byte	0x229
 299 0198 A6010000 		.4byte	0x1a6
 300 019c 0C       		.uleb128 0xc
 301 019d 01       		.uleb128 0x1
 302 019e 50       		.byte	0x50
 303 019f 05       		.uleb128 0x5
 304 01a0 03       		.byte	0x3
 305 01a1 08000000 		.4byte	.LC1
 306 01a5 00       		.byte	0
 307 01a6 0D       		.uleb128 0xd
 308 01a7 3E000000 		.4byte	.LVL9
 309 01ab 45020000 		.4byte	0x245
 310 01af 0C       		.uleb128 0xc
 311 01b0 01       		.uleb128 0x1
 312 01b1 50       		.byte	0x50
 313 01b2 03       		.uleb128 0x3
 314 01b3 0A       		.byte	0xa
 315 01b4 2C01     		.2byte	0x12c
 316 01b6 00       		.byte	0
 317 01b7 00       		.byte	0
 318 01b8 0E       		.uleb128 0xe
 319 01b9 C6000000 		.4byte	0xc6
 320 01bd C8010000 		.4byte	0x1c8
 321 01c1 0F       		.uleb128 0xf
 322 01c2 CD000000 		.4byte	0xcd
 323 01c6 31       		.byte	0x31
 324 01c7 00       		.byte	0
 325 01c8 10       		.uleb128 0x10
 326 01c9 97000000 		.4byte	.LASF33
 327 01cd 08       		.byte	0x8
 328 01ce 2A06     		.2byte	0x62a
 329 01d0 D4010000 		.4byte	0x1d4
 330 01d4 11       		.uleb128 0x11
 331 01d5 76000000 		.4byte	0x76
 332 01d9 12       		.uleb128 0x12
 333 01da BB010000 		.4byte	.LASF24
 334 01de 05       		.byte	0x5
 335 01df 34       		.byte	0x34
 336 01e0 12       		.uleb128 0x12
 337 01e1 00000000 		.4byte	.LASF25
 338 01e5 06       		.byte	0x6
 339 01e6 54       		.byte	0x54
 340 01e7 12       		.uleb128 0x12
 341 01e8 4D000000 		.4byte	.LASF26
 342 01ec 05       		.byte	0x5
 343 01ed D1       		.byte	0xd1
 344 01ee 13       		.uleb128 0x13
 345 01ef 20000000 		.4byte	.LASF34
 346 01f3 05       		.byte	0x5
 347 01f4 3B       		.byte	0x3b
 348 01f5 97000000 		.4byte	0x97
 349 01f9 14       		.uleb128 0x14
 350 01fa D6010000 		.4byte	.LASF27
 351 01fe 05       		.byte	0x5
ARM GAS  C:\Users\Digi-Key\AppData\Local\Temp\ccXTpWkZ.s 			page 8


 352 01ff 41       		.byte	0x41
 353 0200 A2000000 		.4byte	0xa2
 354 0204 0E020000 		.4byte	0x20e
 355 0208 15       		.uleb128 0x15
 356 0209 97000000 		.4byte	0x97
 357 020d 00       		.byte	0
 358 020e 14       		.uleb128 0x14
 359 020f 44020000 		.4byte	.LASF28
 360 0213 07       		.byte	0x7
 361 0214 DE       		.byte	0xde
 362 0215 68000000 		.4byte	0x68
 363 0219 29020000 		.4byte	0x229
 364 021d 15       		.uleb128 0x15
 365 021e D4000000 		.4byte	0xd4
 366 0222 15       		.uleb128 0x15
 367 0223 DA000000 		.4byte	0xda
 368 0227 16       		.uleb128 0x16
 369 0228 00       		.byte	0
 370 0229 17       		.uleb128 0x17
 371 022a 33020000 		.4byte	.LASF35
 372 022e 06       		.byte	0x6
 373 022f 8B       		.byte	0x8b
 374 0230 3A020000 		.4byte	0x23a
 375 0234 15       		.uleb128 0x15
 376 0235 3A020000 		.4byte	0x23a
 377 0239 00       		.byte	0
 378 023a 05       		.uleb128 0x5
 379 023b 04       		.byte	0x4
 380 023c 40020000 		.4byte	0x240
 381 0240 06       		.uleb128 0x6
 382 0241 BB000000 		.4byte	0xbb
 383 0245 18       		.uleb128 0x18
 384 0246 4C020000 		.4byte	.LASF36
 385 024a 09       		.byte	0x9
 386 024b 77       		.byte	0x77
 387 024c 15       		.uleb128 0x15
 388 024d 8C000000 		.4byte	0x8c
 389 0251 00       		.byte	0
 390 0252 00       		.byte	0
 391              		.section	.debug_abbrev,"",%progbits
 392              	.Ldebug_abbrev0:
 393 0000 01       		.uleb128 0x1
 394 0001 11       		.uleb128 0x11
 395 0002 01       		.byte	0x1
 396 0003 25       		.uleb128 0x25
 397 0004 0E       		.uleb128 0xe
 398 0005 13       		.uleb128 0x13
 399 0006 0B       		.uleb128 0xb
 400 0007 03       		.uleb128 0x3
 401 0008 0E       		.uleb128 0xe
 402 0009 1B       		.uleb128 0x1b
 403 000a 0E       		.uleb128 0xe
 404 000b 55       		.uleb128 0x55
 405 000c 17       		.uleb128 0x17
 406 000d 11       		.uleb128 0x11
 407 000e 01       		.uleb128 0x1
 408 000f 10       		.uleb128 0x10
ARM GAS  C:\Users\Digi-Key\AppData\Local\Temp\ccXTpWkZ.s 			page 9


 409 0010 17       		.uleb128 0x17
 410 0011 00       		.byte	0
 411 0012 00       		.byte	0
 412 0013 02       		.uleb128 0x2
 413 0014 24       		.uleb128 0x24
 414 0015 00       		.byte	0
 415 0016 0B       		.uleb128 0xb
 416 0017 0B       		.uleb128 0xb
 417 0018 3E       		.uleb128 0x3e
 418 0019 0B       		.uleb128 0xb
 419 001a 03       		.uleb128 0x3
 420 001b 0E       		.uleb128 0xe
 421 001c 00       		.byte	0
 422 001d 00       		.byte	0
 423 001e 03       		.uleb128 0x3
 424 001f 16       		.uleb128 0x16
 425 0020 00       		.byte	0
 426 0021 03       		.uleb128 0x3
 427 0022 0E       		.uleb128 0xe
 428 0023 3A       		.uleb128 0x3a
 429 0024 0B       		.uleb128 0xb
 430 0025 3B       		.uleb128 0x3b
 431 0026 0B       		.uleb128 0xb
 432 0027 49       		.uleb128 0x49
 433 0028 13       		.uleb128 0x13
 434 0029 00       		.byte	0
 435 002a 00       		.byte	0
 436 002b 04       		.uleb128 0x4
 437 002c 24       		.uleb128 0x24
 438 002d 00       		.byte	0
 439 002e 0B       		.uleb128 0xb
 440 002f 0B       		.uleb128 0xb
 441 0030 3E       		.uleb128 0x3e
 442 0031 0B       		.uleb128 0xb
 443 0032 03       		.uleb128 0x3
 444 0033 08       		.uleb128 0x8
 445 0034 00       		.byte	0
 446 0035 00       		.byte	0
 447 0036 05       		.uleb128 0x5
 448 0037 0F       		.uleb128 0xf
 449 0038 00       		.byte	0
 450 0039 0B       		.uleb128 0xb
 451 003a 0B       		.uleb128 0xb
 452 003b 49       		.uleb128 0x49
 453 003c 13       		.uleb128 0x13
 454 003d 00       		.byte	0
 455 003e 00       		.byte	0
 456 003f 06       		.uleb128 0x6
 457 0040 26       		.uleb128 0x26
 458 0041 00       		.byte	0
 459 0042 49       		.uleb128 0x49
 460 0043 13       		.uleb128 0x13
 461 0044 00       		.byte	0
 462 0045 00       		.byte	0
 463 0046 07       		.uleb128 0x7
 464 0047 2E       		.uleb128 0x2e
 465 0048 01       		.byte	0x1
ARM GAS  C:\Users\Digi-Key\AppData\Local\Temp\ccXTpWkZ.s 			page 10


 466 0049 3F       		.uleb128 0x3f
 467 004a 19       		.uleb128 0x19
 468 004b 03       		.uleb128 0x3
 469 004c 0E       		.uleb128 0xe
 470 004d 3A       		.uleb128 0x3a
 471 004e 0B       		.uleb128 0xb
 472 004f 3B       		.uleb128 0x3b
 473 0050 0B       		.uleb128 0xb
 474 0051 49       		.uleb128 0x49
 475 0052 13       		.uleb128 0x13
 476 0053 11       		.uleb128 0x11
 477 0054 01       		.uleb128 0x1
 478 0055 12       		.uleb128 0x12
 479 0056 06       		.uleb128 0x6
 480 0057 40       		.uleb128 0x40
 481 0058 18       		.uleb128 0x18
 482 0059 9642     		.uleb128 0x2116
 483 005b 19       		.uleb128 0x19
 484 005c 01       		.uleb128 0x1
 485 005d 13       		.uleb128 0x13
 486 005e 00       		.byte	0
 487 005f 00       		.byte	0
 488 0060 08       		.uleb128 0x8
 489 0061 34       		.uleb128 0x34
 490 0062 00       		.byte	0
 491 0063 03       		.uleb128 0x3
 492 0064 0E       		.uleb128 0xe
 493 0065 3A       		.uleb128 0x3a
 494 0066 0B       		.uleb128 0xb
 495 0067 3B       		.uleb128 0x3b
 496 0068 0B       		.uleb128 0xb
 497 0069 49       		.uleb128 0x49
 498 006a 13       		.uleb128 0x13
 499 006b 02       		.uleb128 0x2
 500 006c 17       		.uleb128 0x17
 501 006d 00       		.byte	0
 502 006e 00       		.byte	0
 503 006f 09       		.uleb128 0x9
 504 0070 34       		.uleb128 0x34
 505 0071 00       		.byte	0
 506 0072 03       		.uleb128 0x3
 507 0073 0E       		.uleb128 0xe
 508 0074 3A       		.uleb128 0x3a
 509 0075 0B       		.uleb128 0xb
 510 0076 3B       		.uleb128 0x3b
 511 0077 0B       		.uleb128 0xb
 512 0078 49       		.uleb128 0x49
 513 0079 13       		.uleb128 0x13
 514 007a 02       		.uleb128 0x2
 515 007b 18       		.uleb128 0x18
 516 007c 00       		.byte	0
 517 007d 00       		.byte	0
 518 007e 0A       		.uleb128 0xa
 519 007f 898201   		.uleb128 0x4109
 520 0082 00       		.byte	0
 521 0083 11       		.uleb128 0x11
 522 0084 01       		.uleb128 0x1
ARM GAS  C:\Users\Digi-Key\AppData\Local\Temp\ccXTpWkZ.s 			page 11


 523 0085 31       		.uleb128 0x31
 524 0086 13       		.uleb128 0x13
 525 0087 00       		.byte	0
 526 0088 00       		.byte	0
 527 0089 0B       		.uleb128 0xb
 528 008a 898201   		.uleb128 0x4109
 529 008d 01       		.byte	0x1
 530 008e 11       		.uleb128 0x11
 531 008f 01       		.uleb128 0x1
 532 0090 31       		.uleb128 0x31
 533 0091 13       		.uleb128 0x13
 534 0092 01       		.uleb128 0x1
 535 0093 13       		.uleb128 0x13
 536 0094 00       		.byte	0
 537 0095 00       		.byte	0
 538 0096 0C       		.uleb128 0xc
 539 0097 8A8201   		.uleb128 0x410a
 540 009a 00       		.byte	0
 541 009b 02       		.uleb128 0x2
 542 009c 18       		.uleb128 0x18
 543 009d 9142     		.uleb128 0x2111
 544 009f 18       		.uleb128 0x18
 545 00a0 00       		.byte	0
 546 00a1 00       		.byte	0
 547 00a2 0D       		.uleb128 0xd
 548 00a3 898201   		.uleb128 0x4109
 549 00a6 01       		.byte	0x1
 550 00a7 11       		.uleb128 0x11
 551 00a8 01       		.uleb128 0x1
 552 00a9 31       		.uleb128 0x31
 553 00aa 13       		.uleb128 0x13
 554 00ab 00       		.byte	0
 555 00ac 00       		.byte	0
 556 00ad 0E       		.uleb128 0xe
 557 00ae 01       		.uleb128 0x1
 558 00af 01       		.byte	0x1
 559 00b0 49       		.uleb128 0x49
 560 00b1 13       		.uleb128 0x13
 561 00b2 01       		.uleb128 0x1
 562 00b3 13       		.uleb128 0x13
 563 00b4 00       		.byte	0
 564 00b5 00       		.byte	0
 565 00b6 0F       		.uleb128 0xf
 566 00b7 21       		.uleb128 0x21
 567 00b8 00       		.byte	0
 568 00b9 49       		.uleb128 0x49
 569 00ba 13       		.uleb128 0x13
 570 00bb 2F       		.uleb128 0x2f
 571 00bc 0B       		.uleb128 0xb
 572 00bd 00       		.byte	0
 573 00be 00       		.byte	0
 574 00bf 10       		.uleb128 0x10
 575 00c0 34       		.uleb128 0x34
 576 00c1 00       		.byte	0
 577 00c2 03       		.uleb128 0x3
 578 00c3 0E       		.uleb128 0xe
 579 00c4 3A       		.uleb128 0x3a
ARM GAS  C:\Users\Digi-Key\AppData\Local\Temp\ccXTpWkZ.s 			page 12


 580 00c5 0B       		.uleb128 0xb
 581 00c6 3B       		.uleb128 0x3b
 582 00c7 05       		.uleb128 0x5
 583 00c8 49       		.uleb128 0x49
 584 00c9 13       		.uleb128 0x13
 585 00ca 3F       		.uleb128 0x3f
 586 00cb 19       		.uleb128 0x19
 587 00cc 3C       		.uleb128 0x3c
 588 00cd 19       		.uleb128 0x19
 589 00ce 00       		.byte	0
 590 00cf 00       		.byte	0
 591 00d0 11       		.uleb128 0x11
 592 00d1 35       		.uleb128 0x35
 593 00d2 00       		.byte	0
 594 00d3 49       		.uleb128 0x49
 595 00d4 13       		.uleb128 0x13
 596 00d5 00       		.byte	0
 597 00d6 00       		.byte	0
 598 00d7 12       		.uleb128 0x12
 599 00d8 2E       		.uleb128 0x2e
 600 00d9 00       		.byte	0
 601 00da 3F       		.uleb128 0x3f
 602 00db 19       		.uleb128 0x19
 603 00dc 03       		.uleb128 0x3
 604 00dd 0E       		.uleb128 0xe
 605 00de 3A       		.uleb128 0x3a
 606 00df 0B       		.uleb128 0xb
 607 00e0 3B       		.uleb128 0x3b
 608 00e1 0B       		.uleb128 0xb
 609 00e2 27       		.uleb128 0x27
 610 00e3 19       		.uleb128 0x19
 611 00e4 3C       		.uleb128 0x3c
 612 00e5 19       		.uleb128 0x19
 613 00e6 00       		.byte	0
 614 00e7 00       		.byte	0
 615 00e8 13       		.uleb128 0x13
 616 00e9 2E       		.uleb128 0x2e
 617 00ea 00       		.byte	0
 618 00eb 3F       		.uleb128 0x3f
 619 00ec 19       		.uleb128 0x19
 620 00ed 03       		.uleb128 0x3
 621 00ee 0E       		.uleb128 0xe
 622 00ef 3A       		.uleb128 0x3a
 623 00f0 0B       		.uleb128 0xb
 624 00f1 3B       		.uleb128 0x3b
 625 00f2 0B       		.uleb128 0xb
 626 00f3 27       		.uleb128 0x27
 627 00f4 19       		.uleb128 0x19
 628 00f5 49       		.uleb128 0x49
 629 00f6 13       		.uleb128 0x13
 630 00f7 3C       		.uleb128 0x3c
 631 00f8 19       		.uleb128 0x19
 632 00f9 00       		.byte	0
 633 00fa 00       		.byte	0
 634 00fb 14       		.uleb128 0x14
 635 00fc 2E       		.uleb128 0x2e
 636 00fd 01       		.byte	0x1
ARM GAS  C:\Users\Digi-Key\AppData\Local\Temp\ccXTpWkZ.s 			page 13


 637 00fe 3F       		.uleb128 0x3f
 638 00ff 19       		.uleb128 0x19
 639 0100 03       		.uleb128 0x3
 640 0101 0E       		.uleb128 0xe
 641 0102 3A       		.uleb128 0x3a
 642 0103 0B       		.uleb128 0xb
 643 0104 3B       		.uleb128 0x3b
 644 0105 0B       		.uleb128 0xb
 645 0106 27       		.uleb128 0x27
 646 0107 19       		.uleb128 0x19
 647 0108 49       		.uleb128 0x49
 648 0109 13       		.uleb128 0x13
 649 010a 3C       		.uleb128 0x3c
 650 010b 19       		.uleb128 0x19
 651 010c 01       		.uleb128 0x1
 652 010d 13       		.uleb128 0x13
 653 010e 00       		.byte	0
 654 010f 00       		.byte	0
 655 0110 15       		.uleb128 0x15
 656 0111 05       		.uleb128 0x5
 657 0112 00       		.byte	0
 658 0113 49       		.uleb128 0x49
 659 0114 13       		.uleb128 0x13
 660 0115 00       		.byte	0
 661 0116 00       		.byte	0
 662 0117 16       		.uleb128 0x16
 663 0118 18       		.uleb128 0x18
 664 0119 00       		.byte	0
 665 011a 00       		.byte	0
 666 011b 00       		.byte	0
 667 011c 17       		.uleb128 0x17
 668 011d 2E       		.uleb128 0x2e
 669 011e 01       		.byte	0x1
 670 011f 3F       		.uleb128 0x3f
 671 0120 19       		.uleb128 0x19
 672 0121 03       		.uleb128 0x3
 673 0122 0E       		.uleb128 0xe
 674 0123 3A       		.uleb128 0x3a
 675 0124 0B       		.uleb128 0xb
 676 0125 3B       		.uleb128 0x3b
 677 0126 0B       		.uleb128 0xb
 678 0127 27       		.uleb128 0x27
 679 0128 19       		.uleb128 0x19
 680 0129 3C       		.uleb128 0x3c
 681 012a 19       		.uleb128 0x19
 682 012b 01       		.uleb128 0x1
 683 012c 13       		.uleb128 0x13
 684 012d 00       		.byte	0
 685 012e 00       		.byte	0
 686 012f 18       		.uleb128 0x18
 687 0130 2E       		.uleb128 0x2e
 688 0131 01       		.byte	0x1
 689 0132 3F       		.uleb128 0x3f
 690 0133 19       		.uleb128 0x19
 691 0134 03       		.uleb128 0x3
 692 0135 0E       		.uleb128 0xe
 693 0136 3A       		.uleb128 0x3a
ARM GAS  C:\Users\Digi-Key\AppData\Local\Temp\ccXTpWkZ.s 			page 14


 694 0137 0B       		.uleb128 0xb
 695 0138 3B       		.uleb128 0x3b
 696 0139 0B       		.uleb128 0xb
 697 013a 27       		.uleb128 0x27
 698 013b 19       		.uleb128 0x19
 699 013c 3C       		.uleb128 0x3c
 700 013d 19       		.uleb128 0x19
 701 013e 00       		.byte	0
 702 013f 00       		.byte	0
 703 0140 00       		.byte	0
 704              		.section	.debug_loc,"",%progbits
 705              	.Ldebug_loc0:
 706              	.LLST0:
 707 0000 1A000000 		.4byte	.LVL4
 708 0004 1D000000 		.4byte	.LVL5-1
 709 0008 0100     		.2byte	0x1
 710 000a 50       		.byte	0x50
 711 000b 00000000 		.4byte	0
 712 000f 00000000 		.4byte	0
 713              	.LLST1:
 714 0013 16000000 		.4byte	.LVL3
 715 0017 19000000 		.4byte	.LVL4-1
 716 001b 0100     		.2byte	0x1
 717 001d 50       		.byte	0x50
 718 001e 00000000 		.4byte	0
 719 0022 00000000 		.4byte	0
 720              		.section	.debug_aranges,"",%progbits
 721 0000 1C000000 		.4byte	0x1c
 722 0004 0200     		.2byte	0x2
 723 0006 00000000 		.4byte	.Ldebug_info0
 724 000a 04       		.byte	0x4
 725 000b 00       		.byte	0
 726 000c 0000     		.2byte	0
 727 000e 0000     		.2byte	0
 728 0010 00000000 		.4byte	.LFB63
 729 0014 48000000 		.4byte	.LFE63-.LFB63
 730 0018 00000000 		.4byte	0
 731 001c 00000000 		.4byte	0
 732              		.section	.debug_ranges,"",%progbits
 733              	.Ldebug_ranges0:
 734 0000 00000000 		.4byte	.LFB63
 735 0004 48000000 		.4byte	.LFE63
 736 0008 00000000 		.4byte	0
 737 000c 00000000 		.4byte	0
 738              		.section	.debug_line,"",%progbits
 739              	.Ldebug_line0:
 740 0000 B6010000 		.section	.debug_str,"MS",%progbits,1
 740      02007401 
 740      00000201 
 740      FB0E0D00 
 740      01010101 
 741              	.LASF25:
 742 0000 55415254 		.ascii	"UART_1_Start\000"
 742      5F315F53 
 742      74617274 
 742      00
 743              	.LASF9:
ARM GAS  C:\Users\Digi-Key\AppData\Local\Temp\ccXTpWkZ.s 			page 15


 744 000d 5F5F696E 		.ascii	"__int32_t\000"
 744      7433325F 
 744      7400
 745              	.LASF4:
 746 0017 6C6F6E67 		.ascii	"long int\000"
 746      20696E74 
 746      00
 747              	.LASF34:
 748 0020 4144435F 		.ascii	"ADC_GetResult16\000"
 748      47657452 
 748      6573756C 
 748      74313600 
 749              	.LASF30:
 750 0030 2E5C6D61 		.ascii	".\\main.c\000"
 750      696E2E63 
 750      00
 751              	.LASF15:
 752 0039 666C6F61 		.ascii	"float\000"
 752      7400
 753              	.LASF1:
 754 003f 756E7369 		.ascii	"unsigned char\000"
 754      676E6564 
 754      20636861 
 754      7200
 755              	.LASF26:
 756 004d 4144435F 		.ascii	"ADC_StartConvert\000"
 756      53746172 
 756      74436F6E 
 756      76657274 
 756      00
 757              	.LASF17:
 758 005e 63686172 		.ascii	"char8\000"
 758      3800
 759              	.LASF13:
 760 0064 696E7431 		.ascii	"int16\000"
 760      3600
 761              	.LASF5:
 762 006a 6C6F6E67 		.ascii	"long unsigned int\000"
 762      20756E73 
 762      69676E65 
 762      6420696E 
 762      7400
 763              	.LASF3:
 764 007c 73686F72 		.ascii	"short unsigned int\000"
 764      7420756E 
 764      7369676E 
 764      65642069 
 764      6E7400
 765              	.LASF21:
 766 008f 766F6C74 		.ascii	"voltage\000"
 766      61676500 
 767              	.LASF33:
 768 0097 49544D5F 		.ascii	"ITM_RxBuffer\000"
 768      52784275 
 768      66666572 
 768      00
 769              	.LASF31:
ARM GAS  C:\Users\Digi-Key\AppData\Local\Temp\ccXTpWkZ.s 			page 16


 770 00a4 433A5C55 		.ascii	"C:\\Users\\Digi-Key\\Documents\\PSoC Creator\\Desig"
 770      73657273 
 770      5C446967 
 770      692D4B65 
 770      795C446F 
 771 00d2 6E31325C 		.ascii	"n12\\SAR Example.cydsn\000"
 771      53415220 
 771      4578616D 
 771      706C652E 
 771      63796473 
 772              	.LASF16:
 773 00e8 646F7562 		.ascii	"double\000"
 773      6C6500
 774              	.LASF32:
 775 00ef 6D61696E 		.ascii	"main\000"
 775      00
 776              	.LASF11:
 777 00f4 75696E74 		.ascii	"uint16\000"
 777      313600
 778              	.LASF12:
 779 00fb 75696E74 		.ascii	"uint32\000"
 779      333200
 780              	.LASF29:
 781 0102 474E5520 		.ascii	"GNU C 4.9.3 20150303 (release) [ARM/embedded-4_9-br"
 781      4320342E 
 781      392E3320 
 781      32303135 
 781      30333033 
 782 0135 616E6368 		.ascii	"anch revision 221220] -mcpu=cortex-m3 -mthumb -g -O"
 782      20726576 
 782      6973696F 
 782      6E203232 
 782      31323230 
 783 0168 67202D66 		.ascii	"g -ffunction-sections -ffat-lto-objects\000"
 783      66756E63 
 783      74696F6E 
 783      2D736563 
 783      74696F6E 
 784              	.LASF8:
 785 0190 756E7369 		.ascii	"unsigned int\000"
 785      676E6564 
 785      20696E74 
 785      00
 786              	.LASF22:
 787 019d 636F756E 		.ascii	"counts\000"
 787      747300
 788              	.LASF7:
 789 01a4 6C6F6E67 		.ascii	"long long unsigned int\000"
 789      206C6F6E 
 789      6720756E 
 789      7369676E 
 789      65642069 
 790              	.LASF24:
 791 01bb 4144435F 		.ascii	"ADC_Start\000"
 791      53746172 
 791      7400
 792              	.LASF10:
ARM GAS  C:\Users\Digi-Key\AppData\Local\Temp\ccXTpWkZ.s 			page 17


 793 01c5 696E7433 		.ascii	"int32_t\000"
 793      325F7400 
 794              	.LASF19:
 795 01cd 73697A65 		.ascii	"sizetype\000"
 795      74797065 
 795      00
 796              	.LASF27:
 797 01d6 4144435F 		.ascii	"ADC_CountsTo_Volts\000"
 797      436F756E 
 797      7473546F 
 797      5F566F6C 
 797      747300
 798              	.LASF6:
 799 01e9 6C6F6E67 		.ascii	"long long int\000"
 799      206C6F6E 
 799      6720696E 
 799      7400
 800              	.LASF18:
 801 01f7 63686172 		.ascii	"char\000"
 801      00
 802              	.LASF2:
 803 01fc 73686F72 		.ascii	"short int\000"
 803      7420696E 
 803      7400
 804              	.LASF23:
 805 0206 6F757470 		.ascii	"outputstring\000"
 805      75747374 
 805      72696E67 
 805      00
 806              	.LASF14:
 807 0213 666C6F61 		.ascii	"float32\000"
 807      74333200 
 808              	.LASF20:
 809 021b 6C6F6E67 		.ascii	"long double\000"
 809      20646F75 
 809      626C6500 
 810              	.LASF0:
 811 0227 7369676E 		.ascii	"signed char\000"
 811      65642063 
 811      68617200 
 812              	.LASF35:
 813 0233 55415254 		.ascii	"UART_1_PutString\000"
 813      5F315F50 
 813      75745374 
 813      72696E67 
 813      00
 814              	.LASF28:
 815 0244 73707269 		.ascii	"sprintf\000"
 815      6E746600 
 816              	.LASF36:
 817 024c 43794465 		.ascii	"CyDelay\000"
 817      6C617900 
 818              		.ident	"GCC: (GNU Tools for ARM Embedded Processors) 4.9.3 20150303 (release) [ARM/embedded-4_9-br
